v ATLAS
# This file was created by ATLAS version 5.14.0.R on Tue Mar 05 01:39:48 2013.
#SSF 2.0 generic
##############################################################################
#                    Copyright © 1984 - 2008                                 #
#                    Silvaco Data Systems, Inc. All rights reserved          #
#                                                                            #
# This file format and the following Key are copyright SILVACO Data Systems. #
# You may not use, this format or key without reproducing this message in    #
# full and obtaining express written permission from SILVACO Data Systems.   #
#                                                                            #
# To obtain such permission please contact: Silvaco Data Systems             #
#                                           support@silvaco.com              #
#                                                                            #
# KEY=SVC86hn7562asdx                       PROD=345                         #
##############################################################################
y 3 700 711 15
z 0 1e+041 300
f 4 gate source drain substrate 
p 15 61 2 601 20 3 602 21 4 603 22 5 604 23 502 503 
d 2.0000000e-012 0.000000000e+000 0.000000000e+000 -4.720962339e-005 0.000000000e+000 0.000000000e+000 -6.627832359e-005 5.000000000e+000 5.000000000e+000 3.160332969e-004 0.000000000e+000 0.000000000e+000 -2.025453704e-004  1.49765e-016 7.54101e-015 
d 3.0000000e-012 0.000000000e+000 0.000000000e+000 -2.693716970e-005 0.000000000e+000 0.000000000e+000 -4.870150051e-005 5.000000000e+000 5.000000000e+000 2.632483516e-004 0.000000000e+000 0.000000000e+000 -1.876096734e-004  9.20191e-022 7.54101e-015 
d 4.0000000e-012 0.000000000e+000 0.000000000e+000 -1.333533041e-005 0.000000000e+000 0.000000000e+000 -3.260966007e-005 5.000000000e+000 5.000000000e+000 2.183936072e-004 0.000000000e+000 0.000000000e+000 -1.724486111e-004  1.89665e-030 7.54101e-015 
d 5.0000000e-012 0.000000000e+000 0.000000000e+000 -4.473813018e-006 0.000000000e+000 0.000000000e+000 -1.938874468e-005 5.000000000e+000 5.000000000e+000 1.830716990e-004 0.000000000e+000 0.000000000e+000 -1.592090507e-004  1.31142e-042 7.54101e-015 
d 6.0000000e-012 0.000000000e+000 0.000000000e+000 1.224707286e-006 0.000000000e+000 0.000000000e+000 -8.956694344e-006 5.000000000e+000 5.000000000e+000 1.552850810e-004 0.000000000e+000 0.000000000e+000 -1.475530888e-004  3.04187e-058 7.54101e-015 
d 7.0000000e-012 0.000000000e+000 0.000000000e+000 4.782079092e-006 0.000000000e+000 0.000000000e+000 -1.018018578e-006 5.000000000e+000 5.000000000e+000 1.332476030e-004 0.000000000e+000 0.000000000e+000 -1.370122284e-004  2.36692e-077 7.54101e-015 
d 8.0000000e-012 0.000000000e+000 0.000000000e+000 6.880093654e-006 0.000000000e+000 0.000000000e+000 4.763768140e-006 5.000000000e+000 5.000000000e+000 1.156693451e-004 0.000000000e+000 0.000000000e+000 -1.273131855e-004  6.17833e-100 7.54101e-015 
d 9.0000000e-012 0.000000000e+000 0.000000000e+000 7.998716266e-006 0.000000000e+000 0.000000000e+000 8.753418092e-006 5.000000000e+000 5.000000000e+000 1.015719509e-004 0.000000000e+000 0.000000000e+000 -1.183242817e-004  5.41006e-126 7.54101e-015 
d 1.0000000e-011 0.000000000e+000 0.000000000e+000 8.465886817e-006 0.000000000e+000 0.000000000e+000 1.133006451e-005 5.000000000e+000 5.000000000e+000 9.018380169e-005 0.000000000e+000 0.000000000e+000 -1.099797523e-004  1.5892e-155 7.54101e-015 
d 1.1000000e-011 0.000000000e+000 0.000000000e+000 8.510494053e-006 0.000000000e+000 0.000000000e+000 1.283481157e-005 5.000000000e+000 5.000000000e+000 8.089513745e-005 0.000000000e+000 0.000000000e+000 -1.022404332e-004  1.56602e-188 7.54101e-015 
d 1.2000000e-011 0.000000000e+000 0.000000000e+000 8.287077898e-006 0.000000000e+000 0.000000000e+000 1.355393032e-005 5.000000000e+000 5.000000000e+000 7.323373915e-005 0.000000000e+000 0.000000000e+000 -9.507471445e-005  5.17679e-225 7.54101e-015 
d 1.3000000e-011 0.000000000e+000 0.000000000e+000 7.899756106e-006 0.000000000e+000 0.000000000e+000 1.371644145e-005 5.000000000e+000 5.000000000e+000 6.683815254e-005 0.000000000e+000 0.000000000e+000 -8.845435093e-005  5.74074e-265 7.54101e-015 
d 1.4000000e-011 0.000000000e+000 0.000000000e+000 7.418481202e-006 0.000000000e+000 0.000000000e+000 1.349975526e-005 5.000000000e+000 5.000000000e+000 6.143412439e-005 0.000000000e+000 0.000000000e+000 -8.235268810e-005  2.1356e-308 7.54101e-015 
d 1.5000000e-011 0.000000000e+000 0.000000000e+000 6.890444757e-006 0.000000000e+000 0.000000000e+000 1.303848102e-005 5.000000000e+000 5.000000000e+000 5.681478716e-005 0.000000000e+000 0.000000000e+000 -7.674397469e-005  0 7.54101e-015 
d 1.6000000e-011 0.000000000e+000 0.000000000e+000 6.347132492e-006 0.000000000e+000 0.000000000e+000 1.243206345e-005 5.000000000e+000 5.000000000e+000 5.282333344e-005 0.000000000e+000 0.000000000e+000 -7.160250051e-005  0 7.54101e-015 
d 1.7000000e-011 0.000000000e+000 0.000000000e+000 5.809325521e-006 0.000000000e+000 0.000000000e+000 1.175128498e-005 5.000000000e+000 5.000000000e+000 4.934046696e-005 0.000000000e+000 0.000000000e+000 -6.690176985e-005  0 7.54101e-015 
d 1.8000000e-011 0.000000000e+000 0.000000000e+000 5.291054315e-006 0.000000000e+000 0.000000000e+000 1.104812109e-005 5.000000000e+000 5.000000000e+000 4.627446897e-005 0.000000000e+000 0.000000000e+000 -6.261451110e-005  0 7.54101e-015 
d 1.9000000e-011 0.000000000e+000 0.000000000e+000 4.800686895e-006 0.000000000e+000 0.000000000e+000 1.035663197e-005 5.000000000e+000 5.000000000e+000 4.355404224e-005 0.000000000e+000 0.000000000e+000 -5.871209930e-005  0 7.54101e-015 
d 2.0000000e-011 0.000000000e+000 0.000000000e+000 4.343174923e-006 0.000000000e+000 0.000000000e+000 9.698697147e-006 5.000000000e+000 5.000000000e+000 4.112333677e-005 0.000000000e+000 0.000000000e+000 -5.516575291e-005  0 7.54101e-015 
d 2.1000000e-011 0.000000000e+000 0.000000000e+000 3.920960795e-006 0.000000000e+000 0.000000000e+000 9.087691787e-006 5.000000000e+000 5.000000000e+000 3.893788336e-005 0.000000000e+000 0.000000000e+000 -5.194688042e-005  0 7.54101e-015 
d 2.2000000e-011 0.000000000e+000 0.000000000e+000 3.534744432e-006 0.000000000e+000 0.000000000e+000 8.530753111e-006 5.000000000e+000 5.000000000e+000 3.696189919e-005 0.000000000e+000 0.000000000e+000 -4.902754359e-005  0 7.54101e-015 
d 2.3000000e-011 0.000000000e+000 0.000000000e+000 3.183932567e-006 0.000000000e+000 0.000000000e+000 8.030271723e-006 5.000000000e+000 5.000000000e+000 3.516627206e-005 0.000000000e+000 0.000000000e+000 -4.638067224e-005  0 7.54101e-015 
d 2.4000000e-011 0.000000000e+000 0.000000000e+000 2.867205664e-006 0.000000000e+000 0.000000000e+000 7.586350098e-006 5.000000000e+000 5.000000000e+000 3.352690589e-005 0.000000000e+000 0.000000000e+000 -4.398057769e-005  0 7.54101e-015 
d 2.5000000e-011 0.000000000e+000 0.000000000e+000 2.582566235e-006 0.000000000e+000 0.000000000e+000 7.196666207e-006 5.000000000e+000 5.000000000e+000 3.202369547e-005 0.000000000e+000 0.000000000e+000 -4.180303678e-005  0 7.54101e-015 
d 2.6000000e-011 0.000000000e+000 0.000000000e+000 2.327792565e-006 0.000000000e+000 0.000000000e+000 6.857692804e-006 5.000000000e+000 5.000000000e+000 3.063990862e-005 0.000000000e+000 0.000000000e+000 -3.982549995e-005  0 7.54101e-015 
d 2.7000000e-011 0.000000000e+000 0.000000000e+000 2.100459328e-006 0.000000000e+000 0.000000000e+000 6.565183935e-006 5.000000000e+000 5.000000000e+000 2.936132698e-005 0.000000000e+000 0.000000000e+000 -3.802707926e-005  0 7.54101e-015 
d 2.8000000e-011 0.000000000e+000 0.000000000e+000 1.898099744e-006 0.000000000e+000 0.000000000e+000 6.314603812e-006 5.000000000e+000 5.000000000e+000 2.817585344e-005 0.000000000e+000 0.000000000e+000 -3.638873951e-005  0 7.54101e-015 
d 2.9000000e-011 0.000000000e+000 0.000000000e+000 1.718340934e-006 0.000000000e+000 0.000000000e+000 6.101494699e-006 5.000000000e+000 5.000000000e+000 2.707324100e-005 0.000000000e+000 0.000000000e+000 -3.489330907e-005  0 7.54101e-015 
d 3.0000000e-011 0.000000000e+000 0.000000000e+000 1.558868794e-006 0.000000000e+000 0.000000000e+000 5.921480117e-006 5.000000000e+000 5.000000000e+000 2.604459302e-005 0.000000000e+000 0.000000000e+000 -3.352521081e-005  0 7.54101e-015 
d 3.1000000e-011 0.000000000e+000 0.000000000e+000 1.417500454e-006 0.000000000e+000 0.000000000e+000 5.770399686e-006 5.000000000e+000 5.000000000e+000 2.508223322e-005 0.000000000e+000 0.000000000e+000 -3.227049828e-005  0 7.54101e-015 
d 3.2000000e-011 0.000000000e+000 0.000000000e+000 1.292225666e-006 0.000000000e+000 0.000000000e+000 5.644405760e-006 5.000000000e+000 5.000000000e+000 2.417950740e-005 0.000000000e+000 0.000000000e+000 -3.111673142e-005  0 7.54101e-015 
d 3.3000000e-011 0.000000000e+000 0.000000000e+000 1.181134403e-006 0.000000000e+000 0.000000000e+000 5.539764364e-006 5.000000000e+000 5.000000000e+000 2.333047842e-005 0.000000000e+000 0.000000000e+000 -3.005272556e-005  0 7.54101e-015 
d 3.4000000e-011 0.000000000e+000 0.000000000e+000 1.083126961e-006 0.000000000e+000 0.000000000e+000 5.455351210e-006 5.000000000e+000 5.000000000e+000 2.253125442e-005 0.000000000e+000 0.000000000e+000 -2.906974588e-005  0 7.54101e-015 
d 3.5000000e-011 0.000000000e+000 0.000000000e+000 9.958288551e-007 0.000000000e+000 0.000000000e+000 5.385793412e-006 5.000000000e+000 5.000000000e+000 2.177595004e-005 0.000000000e+000 0.000000000e+000 -2.815757165e-005  0 7.54101e-015 
d 3.6000000e-011 0.000000000e+000 0.000000000e+000 9.183323694e-007 0.000000000e+000 0.000000000e+000 5.329662039e-006 5.000000000e+000 5.000000000e+000 2.106129313e-005 0.000000000e+000 0.000000000e+000 -2.730929343e-005  0 7.54101e-015 
d 3.7000000e-011 0.000000000e+000 0.000000000e+000 8.494229610e-007 0.000000000e+000 0.000000000e+000 5.284859336e-006 5.000000000e+000 5.000000000e+000 2.038392064e-005 0.000000000e+000 0.000000000e+000 -2.651820376e-005  0 7.54101e-015 
d 3.8000000e-011 0.000000000e+000 0.000000000e+000 7.878714040e-007 0.000000000e+000 0.000000000e+000 5.248109726e-006 5.000000000e+000 5.000000000e+000 1.974001456e-005 0.000000000e+000 0.000000000e+000 -2.577803053e-005  0 7.54101e-015 
d 3.9000000e-011 0.000000000e+000 0.000000000e+000 7.332845042e-007 0.000000000e+000 0.000000000e+000 5.221986113e-006 5.000000000e+000 5.000000000e+000 1.912939892e-005 0.000000000e+000 0.000000000e+000 -2.508490037e-005  0 7.54101e-015 
d 4.0000000e-011 0.000000000e+000 0.000000000e+000 6.840250671e-007 0.000000000e+000 0.000000000e+000 5.199629228e-006 5.000000000e+000 5.000000000e+000 1.854656072e-005 0.000000000e+000 0.000000000e+000 -2.443247295e-005  0 7.54101e-015 
d 4.1000132e-011 0.000000000e+000 0.000000000e+000 6.402919861e-007 0.000000000e+000 0.000000000e+000 5.185468925e-006 5.000000000e+000 5.000000000e+000 1.799249075e-005 0.000000000e+000 0.000000000e+000 -2.381837144e-005  0 7.54101e-015 
d 4.2046097e-011 0.000000000e+000 0.000000000e+000 5.992526778e-007 0.000000000e+000 0.000000000e+000 5.174636929e-006 5.000000000e+000 5.000000000e+000 1.743935709e-005 0.000000000e+000 0.000000000e+000 -2.321335002e-005  0 7.54101e-015 
d 4.3144361e-011 0.000000000e+000 0.000000000e+000 5.609281263e-007 0.000000000e+000 0.000000000e+000 5.168043878e-006 5.000000000e+000 5.000000000e+000 1.688679828e-005 0.000000000e+000 0.000000000e+000 -2.261586171e-005  0 7.54101e-015 
d 4.4297538e-011 0.000000000e+000 0.000000000e+000 5.251302062e-007 0.000000000e+000 0.000000000e+000 5.164797424e-006 5.000000000e+000 5.000000000e+000 1.633583120e-005 0.000000000e+000 0.000000000e+000 -2.202584207e-005  0 7.54101e-015 
d 4.5450715e-011 0.000000000e+000 0.000000000e+000 4.927959003e-007 0.000000000e+000 0.000000000e+000 5.161814593e-006 5.000000000e+000 5.000000000e+000 1.581175535e-005 0.000000000e+000 0.000000000e+000 -2.146873568e-005  0 7.54101e-015 
d 4.6603892e-011 0.000000000e+000 0.000000000e+000 4.638875258e-007 0.000000000e+000 0.000000000e+000 5.161553613e-006 5.000000000e+000 5.000000000e+000 1.531412178e-005 0.000000000e+000 0.000000000e+000 -2.094184486e-005  0 7.54101e-015 
d 4.7798818e-011 0.000000000e+000 0.000000000e+000 4.369427933e-007 0.000000000e+000 0.000000000e+000 5.162703818e-006 5.000000000e+000 5.000000000e+000 1.482353392e-005 0.000000000e+000 0.000000000e+000 -2.042540038e-005  0 7.54101e-015 
d 4.9053491e-011 0.000000000e+000 0.000000000e+000 4.117529726e-007 0.000000000e+000 0.000000000e+000 5.166346790e-006 5.000000000e+000 5.000000000e+000 1.433499042e-005 0.000000000e+000 0.000000000e+000 -1.991309194e-005  0 7.54101e-015 
d 5.0370897e-011 0.000000000e+000 0.000000000e+000 3.878810369e-007 0.000000000e+000 0.000000000e+000 5.169086731e-006 5.000000000e+000 5.000000000e+000 1.384790956e-005 0.000000000e+000 0.000000000e+000 -1.940493654e-005  0 7.54101e-015 
d 5.1754174e-011 0.000000000e+000 0.000000000e+000 3.653266002e-007 0.000000000e+000 0.000000000e+000 5.171929263e-006 5.000000000e+000 5.000000000e+000 1.336411010e-005 0.000000000e+000 0.000000000e+000 -1.890141010e-005  0 7.54101e-015 
d 5.3206614e-011 0.000000000e+000 0.000000000e+000 3.440799734e-007 0.000000000e+000 0.000000000e+000 5.174233470e-006 5.000000000e+000 5.000000000e+000 1.288440342e-005 0.000000000e+000 0.000000000e+000 -1.840286529e-005  0 7.54101e-015 
d 5.4731676e-011 0.000000000e+000 0.000000000e+000 3.238093769e-007 0.000000000e+000 0.000000000e+000 5.174720370e-006 5.000000000e+000 5.000000000e+000 1.240927070e-005 0.000000000e+000 0.000000000e+000 -1.790956641e-005  0 7.54101e-015 
d 5.6332992e-011 0.000000000e+000 0.000000000e+000 3.050146040e-007 0.000000000e+000 0.000000000e+000 5.175918451e-006 5.000000000e+000 5.000000000e+000 1.194113034e-005 0.000000000e+000 0.000000000e+000 -1.742216367e-005  0 7.54101e-015 
d 5.8014372e-011 0.000000000e+000 0.000000000e+000 2.868553163e-007 0.000000000e+000 0.000000000e+000 5.173448991e-006 5.000000000e+000 5.000000000e+000 1.147865243e-005 0.000000000e+000 0.000000000e+000 -1.694047355e-005  0 7.54101e-015 
d 5.9779822e-011 0.000000000e+000 0.000000000e+000 2.698781802e-007 0.000000000e+000 0.000000000e+000 5.169924372e-006 5.000000000e+000 5.000000000e+000 1.102438123e-005 0.000000000e+000 0.000000000e+000 -1.646550000e-005  0 7.54101e-015 
d 6.1633545e-011 0.000000000e+000 0.000000000e+000 2.539305238e-007 0.000000000e+000 0.000000000e+000 5.164602519e-006 5.000000000e+000 5.000000000e+000 1.057900276e-005 0.000000000e+000 0.000000000e+000 -1.599753627e-005  0 7.54101e-015 
d 6.3567825e-011 0.000000000e+000 0.000000000e+000 2.387378868e-007 0.000000000e+000 0.000000000e+000 5.155631564e-006 5.000000000e+000 5.000000000e+000 1.014491370e-005 0.000000000e+000 0.000000000e+000 -1.553928393e-005  0 7.54101e-015 
d 6.5508713e-011 0.000000000e+000 0.000000000e+000 2.249250851e-007 0.000000000e+000 0.000000000e+000 5.143845827e-006 5.000000000e+000 5.000000000e+000 9.738208733e-006 0.000000000e+000 0.000000000e+000 -1.510699532e-005  0 7.54101e-015 
d 6.7455357e-011 0.000000000e+000 0.000000000e+000 2.122591319e-007 0.000000000e+000 0.000000000e+000 5.129508028e-006 5.000000000e+000 5.000000000e+000 9.356926062e-006 0.000000000e+000 0.000000000e+000 -1.469869600e-005  0 7.54101e-015 
d 6.9410315e-011 0.000000000e+000 0.000000000e+000 2.006324371e-007 0.000000000e+000 0.000000000e+000 5.112809858e-006 5.000000000e+000 5.000000000e+000 8.998710725e-006 0.000000000e+000 0.000000000e+000 -1.431215564e-005  0 7.54101e-015 
d 7.1370406e-011 0.000000000e+000 0.000000000e+000 1.899430736e-007 0.000000000e+000 0.000000000e+000 5.093924584e-006 5.000000000e+000 5.000000000e+000 8.662489297e-006 0.000000000e+000 0.000000000e+000 -1.394635894e-005  0 7.54101e-015 
d 7.3335309e-011 0.000000000e+000 0.000000000e+000 1.801054020e-007 0.000000000e+000 0.000000000e+000 5.072977384e-006 5.000000000e+000 5.000000000e+000 8.346759297e-006 0.000000000e+000 0.000000000e+000 -1.359984332e-005  0 7.54101e-015 
d 7.5305500e-011 0.000000000e+000 0.000000000e+000 1.710384080e-007 0.000000000e+000 0.000000000e+000 5.050086151e-006 5.000000000e+000 5.000000000e+000 8.050013584e-006 0.000000000e+000 0.000000000e+000 -1.327113860e-005  0 7.54101e-015 
d 7.7281712e-011 0.000000000e+000 0.000000000e+000 1.626718896e-007 0.000000000e+000 0.000000000e+000 5.025353299e-006 5.000000000e+000 5.000000000e+000 7.770832714e-006 0.000000000e+000 0.000000000e+000 -1.295885766e-005  0 7.54101e-015 
d 7.9264595e-011 0.000000000e+000 0.000000000e+000 1.549446496e-007 0.000000000e+000 0.000000000e+000 4.998871074e-006 5.000000000e+000 5.000000000e+000 7.507922310e-006 0.000000000e+000 0.000000000e+000 -1.266173713e-005  0 7.54101e-015 
d 8.1254721e-011 0.000000000e+000 0.000000000e+000 1.478033779e-007 0.000000000e+000 0.000000000e+000 4.970724477e-006 5.000000000e+000 5.000000000e+000 7.260099507e-006 0.000000000e+000 0.000000000e+000 -1.237862578e-005  0 7.54101e-015 
d 8.3252372e-011 0.000000000e+000 0.000000000e+000 1.411732448e-007 0.000000000e+000 0.000000000e+000 4.940950603e-006 5.000000000e+000 5.000000000e+000 7.026263911e-006 0.000000000e+000 0.000000000e+000 -1.210841823e-005  0 7.54101e-015 
d 8.5258023e-011 0.000000000e+000 0.000000000e+000 1.350845878e-007 0.000000000e+000 0.000000000e+000 4.909740050e-006 5.000000000e+000 5.000000000e+000 6.805503917e-006 0.000000000e+000 0.000000000e+000 -1.185034449e-005  0 7.54101e-015 
d 8.7272116e-011 0.000000000e+000 0.000000000e+000 1.294415941e-007 0.000000000e+000 0.000000000e+000 4.877069853e-006 5.000000000e+000 5.000000000e+000 6.596839281e-006 0.000000000e+000 0.000000000e+000 -1.160336668e-005  0 7.54101e-015 
d 8.9295057e-011 0.000000000e+000 0.000000000e+000 1.242124976e-007 0.000000000e+000 0.000000000e+000 4.843021777e-006 5.000000000e+000 5.000000000e+000 6.399410654e-006 0.000000000e+000 0.000000000e+000 -1.136665805e-005  0 7.54101e-015 
d 9.1328210e-011 0.000000000e+000 0.000000000e+000 1.193656686e-007 0.000000000e+000 0.000000000e+000 4.807636492e-006 5.000000000e+000 5.000000000e+000 6.212348975e-006 0.000000000e+000 0.000000000e+000 -1.113936211e-005  0 7.54101e-015 
d 9.3370928e-011 0.000000000e+000 0.000000000e+000 1.148750822e-007 0.000000000e+000 0.000000000e+000 4.770986873e-006 5.000000000e+000 5.000000000e+000 6.035021175e-006 0.000000000e+000 0.000000000e+000 -1.092088839e-005  0 7.54101e-015 
d 9.5424062e-011 0.000000000e+000 0.000000000e+000 1.107102260e-007 0.000000000e+000 0.000000000e+000 4.733114697e-006 5.000000000e+000 5.000000000e+000 5.866708248e-006 0.000000000e+000 0.000000000e+000 -1.071053856e-005  0 7.54101e-015 
d 9.7487170e-011 0.000000000e+000 0.000000000e+000 1.068508026e-007 0.000000000e+000 0.000000000e+000 4.694092355e-006 5.000000000e+000 5.000000000e+000 5.706848876e-006 0.000000000e+000 0.000000000e+000 -1.050779661e-005  0 7.54101e-015 
d 9.9560450e-011 0.000000000e+000 0.000000000e+000 1.032748539e-007 0.000000000e+000 0.000000000e+000 4.653988438e-006 5.000000000e+000 5.000000000e+000 5.554879862e-006 0.000000000e+000 0.000000000e+000 -1.031213054e-005  0 7.54101e-015 
d 1.0164407e-010 0.000000000e+000 0.000000000e+000 9.994873678e-008 0.000000000e+000 0.000000000e+000 4.612815549e-006 5.000000000e+000 5.000000000e+000 5.410253056e-006 0.000000000e+000 0.000000000e+000 -1.012301791e-005  0 7.54101e-015 
d 1.0373817e-010 0.000000000e+000 0.000000000e+000 9.687514162e-008 0.000000000e+000 0.000000000e+000 4.570662933e-006 5.000000000e+000 5.000000000e+000 5.272480612e-006 0.000000000e+000 0.000000000e+000 -9.940019243e-006  0 7.54101e-015 
d 1.0584289e-010 0.000000000e+000 0.000000000e+000 9.402110167e-008 0.000000000e+000 0.000000000e+000 4.527573229e-006 5.000000000e+000 5.000000000e+000 5.141105085e-006 0.000000000e+000 0.000000000e+000 -9.762697626e-006  0 7.54101e-015 
d 1.0795830e-010 0.000000000e+000 0.000000000e+000 9.136954921e-008 0.000000000e+000 0.000000000e+000 4.483594347e-006 5.000000000e+000 5.000000000e+000 5.015696942e-006 0.000000000e+000 0.000000000e+000 -9.590658614e-006  0 7.54101e-015 
d 1.1008450e-010 0.000000000e+000 0.000000000e+000 8.890535592e-008 0.000000000e+000 0.000000000e+000 4.438776363e-006 5.000000000e+000 5.000000000e+000 4.895858809e-006 0.000000000e+000 0.000000000e+000 -9.423537985e-006  0 7.54101e-015 
d 1.1222154e-010 0.000000000e+000 0.000000000e+000 8.661345033e-008 0.000000000e+000 0.000000000e+000 4.393169563e-006 5.000000000e+000 5.000000000e+000 4.781222643e-006 0.000000000e+000 0.000000000e+000 -9.261002555e-006  0 7.54101e-015 
d 1.1436947e-010 0.000000000e+000 0.000000000e+000 8.448007887e-008 0.000000000e+000 0.000000000e+000 4.346823210e-006 5.000000000e+000 5.000000000e+000 4.671446167e-006 0.000000000e+000 0.000000000e+000 -9.102745505e-006  0 7.54101e-015 
d 1.1652832e-010 0.000000000e+000 0.000000000e+000 8.249261479e-008 0.000000000e+000 0.000000000e+000 4.299787380e-006 5.000000000e+000 5.000000000e+000 4.566211714e-006 0.000000000e+000 0.000000000e+000 -8.948486179e-006  0 7.54101e-015 
d 1.1869867e-010 0.000000000e+000 0.000000000e+000 8.063848277e-008 0.000000000e+000 0.000000000e+000 4.252105511e-006 5.000000000e+000 5.000000000e+000 4.465191007e-006 0.000000000e+000 0.000000000e+000 -8.797930307e-006  0 7.54101e-015 
d 1.2088018e-010 0.000000000e+000 0.000000000e+000 7.890753752e-008 0.000000000e+000 0.000000000e+000 4.203825576e-006 5.000000000e+000 5.000000000e+000 4.368135266e-006 0.000000000e+000 0.000000000e+000 -8.650862003e-006  0 7.54101e-015 
d 1.2307257e-010 0.000000000e+000 0.000000000e+000 7.728909321e-008 0.000000000e+000 0.000000000e+000 4.155023962e-006 5.000000000e+000 5.000000000e+000 4.274787201e-006 0.000000000e+000 0.000000000e+000 -8.507084714e-006  0 7.54101e-015 
d 1.2527581e-010 0.000000000e+000 0.000000000e+000 7.577603250e-008 0.000000000e+000 0.000000000e+000 4.105685332e-006 5.000000000e+000 5.000000000e+000 4.184948171e-006 0.000000000e+000 0.000000000e+000 -8.366393214e-006  0 7.54101e-015 
d 1.2748988e-010 0.000000000e+000 0.000000000e+000 7.435720314e-008 0.000000000e+000 0.000000000e+000 4.055885668e-006 5.000000000e+000 5.000000000e+000 4.098375080e-006 0.000000000e+000 0.000000000e+000 -8.228607352e-006  0 7.54101e-015 
d 1.2971533e-010 0.000000000e+000 0.000000000e+000 7.302399428e-008 0.000000000e+000 0.000000000e+000 4.005684886e-006 5.000000000e+000 5.000000000e+000 4.014826826e-006 0.000000000e+000 0.000000000e+000 -8.093530864e-006  0 7.54101e-015 
d 1.3195275e-010 0.000000000e+000 0.000000000e+000 7.176993238e-008 0.000000000e+000 0.000000000e+000 3.955128047e-006 5.000000000e+000 5.000000000e+000 3.934094590e-006 0.000000000e+000 0.000000000e+000 -7.960978850e-006  0 7.54101e-015 
d 1.3420111e-010 0.000000000e+000 0.000000000e+000 7.058660303e-008 0.000000000e+000 0.000000000e+000 3.904255143e-006 5.000000000e+000 5.000000000e+000 3.856037647e-006 0.000000000e+000 0.000000000e+000 -7.830870114e-006  0 7.54101e-015 
d 1.3645998e-010 0.000000000e+000 0.000000000e+000 6.947067735e-008 0.000000000e+000 0.000000000e+000 3.853115104e-006 5.000000000e+000 5.000000000e+000 3.780512212e-006 0.000000000e+000 0.000000000e+000 -7.703097960e-006  0 7.54101e-015 
d 1.3873047e-010 0.000000000e+000 0.000000000e+000 6.841526181e-008 0.000000000e+000 0.000000000e+000 3.801739889e-006 5.000000000e+000 5.000000000e+000 3.707328827e-006 0.000000000e+000 0.000000000e+000 -7.577483722e-006  0 7.54101e-015 
d 1.4101306e-010 0.000000000e+000 0.000000000e+000 6.741464455e-008 0.000000000e+000 0.000000000e+000 3.750154372e-006 5.000000000e+000 5.000000000e+000 3.636325705e-006 0.000000000e+000 0.000000000e+000 -7.453899041e-006  0 7.54101e-015 
d 1.4330581e-010 0.000000000e+000 0.000000000e+000 6.646393716e-008 0.000000000e+000 0.000000000e+000 3.698441957e-006 5.000000000e+000 5.000000000e+000 3.567435640e-006 0.000000000e+000 0.000000000e+000 -7.332346358e-006  0 7.54101e-015 
d 1.4560987e-010 0.000000000e+000 0.000000000e+000 6.555998892e-008 0.000000000e+000 0.000000000e+000 3.646622878e-006 5.000000000e+000 5.000000000e+000 3.500497258e-006 0.000000000e+000 0.000000000e+000 -7.212677988e-006  0 7.54101e-015 
d 1.4792384e-010 0.000000000e+000 0.000000000e+000 6.469401514e-008 0.000000000e+000 0.000000000e+000 3.594755021e-006 5.000000000e+000 5.000000000e+000 3.435432422e-006 0.000000000e+000 0.000000000e+000 -7.094881586e-006  0 7.54101e-015 
d 1.5024830e-010 0.000000000e+000 0.000000000e+000 6.386697993e-008 0.000000000e+000 0.000000000e+000 3.542852484e-006 5.000000000e+000 5.000000000e+000 3.372119987e-006 0.000000000e+000 0.000000000e+000 -6.978855131e-006  0 7.54101e-015 
d 1.5258269e-010 0.000000000e+000 0.000000000e+000 6.307406146e-008 0.000000000e+000 0.000000000e+000 3.490993293e-006 5.000000000e+000 5.000000000e+000 3.310470900e-006 0.000000000e+000 0.000000000e+000 -6.864556617e-006  0 7.54101e-015 
d 1.5492656e-010 0.000000000e+000 0.000000000e+000 6.231042508e-008 0.000000000e+000 0.000000000e+000 3.439227433e-006 5.000000000e+000 5.000000000e+000 3.250406207e-006 0.000000000e+000 0.000000000e+000 -6.751944069e-006  0 7.54101e-015 
d 1.5727993e-010 0.000000000e+000 0.000000000e+000 6.157494948e-008 0.000000000e+000 0.000000000e+000 3.387544709e-006 5.000000000e+000 5.000000000e+000 3.191834994e-006 0.000000000e+000 0.000000000e+000 -6.640960037e-006  0 7.54101e-015 
d 1.5964261e-010 0.000000000e+000 0.000000000e+000 6.086445925e-008 0.000000000e+000 0.000000000e+000 3.336009573e-006 5.000000000e+000 5.000000000e+000 3.134681363e-006 0.000000000e+000 0.000000000e+000 -6.531560413e-006  0 7.54101e-015 
d 1.6201438e-010 0.000000000e+000 0.000000000e+000 6.017650320e-008 0.000000000e+000 0.000000000e+000 3.284651039e-006 5.000000000e+000 5.000000000e+000 3.078874943e-006 0.000000000e+000 0.000000000e+000 -6.423707436e-006  0 7.54101e-015 
d 1.6439535e-010 0.000000000e+000 0.000000000e+000 5.950889956e-008 0.000000000e+000 0.000000000e+000 3.233496227e-006 5.000000000e+000 5.000000000e+000 3.024342899e-006 0.000000000e+000 0.000000000e+000 -6.317353118e-006  0 7.54101e-015 
d 1.6679194e-010 0.000000000e+000 0.000000000e+000 5.886138480e-008 0.000000000e+000 0.000000000e+000 3.182448341e-006 5.000000000e+000 5.000000000e+000 2.970874796e-006 0.000000000e+000 0.000000000e+000 -6.212189813e-006  0 7.54101e-015 
d 1.6919208e-010 0.000000000e+000 0.000000000e+000 5.822766415e-008 0.000000000e+000 0.000000000e+000 3.131763978e-006 5.000000000e+000 5.000000000e+000 2.918684720e-006 0.000000000e+000 0.000000000e+000 -6.108693910e-006  0 7.54101e-015 
d 1.7159501e-010 0.000000000e+000 0.000000000e+000 5.760719784e-008 0.000000000e+000 0.000000000e+000 3.081489385e-006 5.000000000e+000 5.000000000e+000 2.867743574e-006 0.000000000e+000 0.000000000e+000 -6.006848504e-006  0 7.54101e-015 
d 1.7400100e-010 0.000000000e+000 0.000000000e+000 5.699997251e-008 0.000000000e+000 0.000000000e+000 3.031638435e-006 5.000000000e+000 5.000000000e+000 2.817959554e-006 0.000000000e+000 0.000000000e+000 -5.906601430e-006  0 7.54101e-015 
d 1.7641053e-010 0.000000000e+000 0.000000000e+000 5.640535980e-008 0.000000000e+000 0.000000000e+000 2.982220579e-006 5.000000000e+000 5.000000000e+000 2.769268579e-006 0.000000000e+000 0.000000000e+000 -5.807898483e-006  0 7.54101e-015 
d 1.7882306e-010 0.000000000e+000 0.000000000e+000 5.582204667e-008 0.000000000e+000 0.000000000e+000 2.933265312e-006 5.000000000e+000 5.000000000e+000 2.721633796e-006 0.000000000e+000 0.000000000e+000 -5.710726223e-006  0 7.54101e-015 
d 1.8123854e-010 0.000000000e+000 0.000000000e+000 5.524908960e-008 0.000000000e+000 0.000000000e+000 2.884789358e-006 5.000000000e+000 5.000000000e+000 2.675008776e-006 0.000000000e+000 0.000000000e+000 -5.615054060e-006  0 7.54101e-015 
d 1.8365745e-010 0.000000000e+000 0.000000000e+000 5.468576828e-008 0.000000000e+000 0.000000000e+000 2.836798037e-006 5.000000000e+000 5.000000000e+000 2.629340180e-006 0.000000000e+000 0.000000000e+000 -5.520833613e-006  0 7.54101e-015 
d 1.8607926e-010 0.000000000e+000 0.000000000e+000 5.413103165e-008 0.000000000e+000 0.000000000e+000 2.789313196e-006 5.000000000e+000 5.000000000e+000 2.584599051e-006 0.000000000e+000 0.000000000e+000 -5.428057585e-006  0 7.54101e-015 
d 1.8850525e-010 0.000000000e+000 0.000000000e+000 5.358418114e-008 0.000000000e+000 0.000000000e+000 2.742334562e-006 5.000000000e+000 5.000000000e+000 2.540726869e-006 0.000000000e+000 0.000000000e+000 -5.336652944e-006  0 7.54101e-015 
d 1.9093404e-010 0.000000000e+000 0.000000000e+000 5.304478385e-008 0.000000000e+000 0.000000000e+000 2.695851630e-006 5.000000000e+000 5.000000000e+000 2.497708456e-006 0.000000000e+000 0.000000000e+000 -5.246646131e-006  0 7.54101e-015 
d 1.9336561e-010 0.000000000e+000 0.000000000e+000 5.251155260e-008 0.000000000e+000 0.000000000e+000 2.649952218e-006 5.000000000e+000 5.000000000e+000 2.455520132e-006 0.000000000e+000 0.000000000e+000 -5.158013318e-006  0 7.54101e-015 
d 1.9580772e-010 0.000000000e+000 0.000000000e+000 5.198624406e-008 0.000000000e+000 0.000000000e+000 2.604434480e-006 5.000000000e+000 5.000000000e+000 2.413994088e-006 0.000000000e+000 0.000000000e+000 -5.070466520e-006  0 7.54101e-015 
d 1.9825263e-010 0.000000000e+000 0.000000000e+000 5.146468277e-008 0.000000000e+000 0.000000000e+000 2.559505174e-006 5.000000000e+000 5.000000000e+000 2.373246299e-006 0.000000000e+000 0.000000000e+000 -4.984257759e-006  0 7.54101e-015 
d 2.0069983e-010 0.000000000e+000 0.000000000e+000 5.094748622e-008 0.000000000e+000 0.000000000e+000 2.515182563e-006 5.000000000e+000 5.000000000e+000 2.333251125e-006 0.000000000e+000 0.000000000e+000 -4.899381353e-006  0 7.54101e-015 
d 2.0314998e-010 0.000000000e+000 0.000000000e+000 5.043894484e-008 0.000000000e+000 0.000000000e+000 2.470859109e-006 5.000000000e+000 5.000000000e+000 2.293971280e-006 0.000000000e+000 0.000000000e+000 -4.815806701e-006  0 7.54101e-015 
d 2.0560284e-010 0.000000000e+000 0.000000000e+000 4.992557869e-008 0.000000000e+000 0.000000000e+000 2.428163645e-006 5.000000000e+000 5.000000000e+000 2.255405353e-006 0.000000000e+000 0.000000000e+000 -4.733494892e-006  0 7.54101e-015 
d 2.0805813e-010 0.000000000e+000 0.000000000e+000 4.942148277e-008 0.000000000e+000 0.000000000e+000 2.385502520e-006 5.000000000e+000 5.000000000e+000 2.217516749e-006 0.000000000e+000 0.000000000e+000 -4.652460582e-006  0 7.54101e-015 
d 2.1051956e-010 0.000000000e+000 0.000000000e+000 4.892124635e-008 0.000000000e+000 0.000000000e+000 2.343399827e-006 5.000000000e+000 5.000000000e+000 2.180233650e-006 0.000000000e+000 0.000000000e+000 -4.572564876e-006  0 7.54101e-015 
d 2.1298745e-010 0.000000000e+000 0.000000000e+000 4.842473379e-008 0.000000000e+000 0.000000000e+000 2.301815242e-006 5.000000000e+000 5.000000000e+000 2.143536491e-006 0.000000000e+000 0.000000000e+000 -4.493785451e-006  0 7.54101e-015 
d 2.1545747e-010 0.000000000e+000 0.000000000e+000 4.793029976e-008 0.000000000e+000 0.000000000e+000 2.260823127e-006 5.000000000e+000 5.000000000e+000 2.107479364e-006 0.000000000e+000 0.000000000e+000 -4.416241931e-006  0 7.54101e-015 
d 2.1793050e-010 0.000000000e+000 0.000000000e+000 4.743872876e-008 0.000000000e+000 0.000000000e+000 2.220411367e-006 5.000000000e+000 5.000000000e+000 2.072029027e-006 0.000000000e+000 0.000000000e+000 -4.339889767e-006  0 7.54101e-015 
d 2.2041018e-010 0.000000000e+000 0.000000000e+000 4.695076482e-008 0.000000000e+000 0.000000000e+000 2.180542131e-006 5.000000000e+000 5.000000000e+000 2.037115650e-006 0.000000000e+000 0.000000000e+000 -4.264607151e-006  0 7.54101e-015 
d 2.2289447e-010 0.000000000e+000 0.000000000e+000 4.646537525e-008 0.000000000e+000 0.000000000e+000 2.141215384e-006 5.000000000e+000 5.000000000e+000 2.002751896e-006 0.000000000e+000 0.000000000e+000 -4.190442944e-006  0 7.54101e-015 
d 2.2546240e-010 0.000000000e+000 0.000000000e+000 4.600050949e-008 0.000000000e+000 0.000000000e+000 2.101339132e-006 5.000000000e+000 5.000000000e+000 1.967822937e-006 0.000000000e+000 0.000000000e+000 -4.115169871e-006  0 7.54101e-015 
d 2.2807783e-010 0.000000000e+000 0.000000000e+000 4.553108347e-008 0.000000000e+000 0.000000000e+000 2.061441966e-006 5.000000000e+000 5.000000000e+000 1.932910860e-006 0.000000000e+000 0.000000000e+000 -4.039888762e-006  0 7.54101e-015 
d 2.3077430e-010 0.000000000e+000 0.000000000e+000 4.506285430e-008 0.000000000e+000 0.000000000e+000 2.021084593e-006 5.000000000e+000 5.000000000e+000 1.897581354e-006 0.000000000e+000 0.000000000e+000 -3.963732361e-006  0 7.54101e-015 
d 2.3360559e-010 0.000000000e+000 0.000000000e+000 4.460828760e-008 0.000000000e+000 0.000000000e+000 1.979506216e-006 5.000000000e+000 5.000000000e+000 1.861118432e-006 0.000000000e+000 0.000000000e+000 -3.885382733e-006  0 7.54101e-015 
d 2.3653048e-010 0.000000000e+000 0.000000000e+000 4.411481614e-008 0.000000000e+000 0.000000000e+000 1.937583975e-006 5.000000000e+000 5.000000000e+000 1.824376063e-006 0.000000000e+000 0.000000000e+000 -3.806075469e-006  0 7.54101e-015 
d 2.3957489e-010 0.000000000e+000 0.000000000e+000 4.362077389e-008 0.000000000e+000 0.000000000e+000 1.894770773e-006 5.000000000e+000 5.000000000e+000 1.786876308e-006 0.000000000e+000 0.000000000e+000 -3.725267994e-006  0 7.54101e-015 
d 2.4277152e-010 0.000000000e+000 0.000000000e+000 4.311062871e-008 0.000000000e+000 0.000000000e+000 1.850840643e-006 5.000000000e+000 5.000000000e+000 1.748356401e-006 0.000000000e+000 0.000000000e+000 -3.642307796e-006  0 7.54101e-015 
d 2.4600325e-010 0.000000000e+000 0.000000000e+000 4.257203869e-008 0.000000000e+000 0.000000000e+000 1.807315501e-006 5.000000000e+000 5.000000000e+000 1.710351292e-006 0.000000000e+000 0.000000000e+000 -3.560233503e-006  0 7.54101e-015 
d 2.4925385e-010 0.000000000e+000 0.000000000e+000 4.201546070e-008 0.000000000e+000 0.000000000e+000 1.764428766e-006 5.000000000e+000 5.000000000e+000 1.672993180e-006 0.000000000e+000 0.000000000e+000 -3.479431731e-006  0 7.54101e-015 
d 2.5250683e-010 0.000000000e+000 0.000000000e+000 4.144604488e-008 0.000000000e+000 0.000000000e+000 1.722409837e-006 5.000000000e+000 5.000000000e+000 1.636433045e-006 0.000000000e+000 0.000000000e+000 -3.400283300e-006  0 7.54101e-015 
d 2.5580313e-010 0.000000000e+000 0.000000000e+000 4.087018312e-008 0.000000000e+000 0.000000000e+000 1.680805299e-006 5.000000000e+000 5.000000000e+000 1.600170537e-006 0.000000000e+000 0.000000000e+000 -3.321841765e-006  0 7.54101e-015 
d 2.5926076e-010 0.000000000e+000 0.000000000e+000 4.029156498e-008 0.000000000e+000 0.000000000e+000 1.638335033e-006 5.000000000e+000 5.000000000e+000 1.562930029e-006 0.000000000e+000 0.000000000e+000 -3.241554319e-006  0 7.54101e-015 
d 2.6289126e-010 0.000000000e+000 0.000000000e+000 3.969902222e-008 0.000000000e+000 0.000000000e+000 1.594953961e-006 5.000000000e+000 5.000000000e+000 1.524761283e-006 0.000000000e+000 0.000000000e+000 -3.159412357e-006  0 7.54101e-015 
d 2.6670329e-010 0.000000000e+000 0.000000000e+000 3.908712064e-008 0.000000000e+000 0.000000000e+000 1.550669726e-006 5.000000000e+000 5.000000000e+000 1.485709882e-006 0.000000000e+000 0.000000000e+000 -3.075465356e-006  0 7.54101e-015 
d 2.7070592e-010 0.000000000e+000 0.000000000e+000 3.845190400e-008 0.000000000e+000 0.000000000e+000 1.505511593e-006 5.000000000e+000 5.000000000e+000 1.445807476e-006 0.000000000e+000 0.000000000e+000 -2.989770277e-006  0 7.54101e-015 
d 2.7490868e-010 0.000000000e+000 0.000000000e+000 3.779058098e-008 0.000000000e+000 0.000000000e+000 1.459520941e-006 5.000000000e+000 5.000000000e+000 1.405087525e-006 0.000000000e+000 0.000000000e+000 -2.902398241e-006  0 7.54101e-015 
d 2.7932159e-010 0.000000000e+000 0.000000000e+000 3.710042714e-008 0.000000000e+000 0.000000000e+000 1.412752277e-006 5.000000000e+000 5.000000000e+000 1.363582567e-006 0.000000000e+000 0.000000000e+000 -2.813434653e-006  0 7.54101e-015 
d 2.8395513e-010 0.000000000e+000 0.000000000e+000 3.637940196e-008 0.000000000e+000 0.000000000e+000 1.365267590e-006 5.000000000e+000 5.000000000e+000 1.321333950e-006 0.000000000e+000 0.000000000e+000 -2.722980889e-006  0 7.54101e-015 
d 2.8882035e-010 0.000000000e+000 0.000000000e+000 3.562620862e-008 0.000000000e+000 0.000000000e+000 1.317136830e-006 5.000000000e+000 5.000000000e+000 1.278391243e-006 0.000000000e+000 0.000000000e+000 -2.631153963e-006  0 7.54101e-015 
d 2.9392884e-010 0.000000000e+000 0.000000000e+000 3.483957106e-008 0.000000000e+000 0.000000000e+000 1.268439850e-006 5.000000000e+000 5.000000000e+000 1.234806797e-006 0.000000000e+000 0.000000000e+000 -2.538086020e-006  0 7.54101e-015 
d 2.9929274e-010 0.000000000e+000 0.000000000e+000 3.401887163e-008 0.000000000e+000 0.000000000e+000 1.219263273e-006 5.000000000e+000 5.000000000e+000 1.190642626e-006 0.000000000e+000 0.000000000e+000 -2.443924688e-006  0 7.54101e-015 
d 3.0492485e-010 0.000000000e+000 0.000000000e+000 3.316378262e-008 0.000000000e+000 0.000000000e+000 1.169701703e-006 5.000000000e+000 5.000000000e+000 1.145966993e-006 0.000000000e+000 0.000000000e+000 -2.348832483e-006  0 7.54101e-015 
d 3.1083855e-010 0.000000000e+000 0.000000000e+000 3.227428350e-008 0.000000000e+000 0.000000000e+000 1.119856574e-006 5.000000000e+000 5.000000000e+000 1.100855849e-006 0.000000000e+000 0.000000000e+000 -2.252986427e-006  0 7.54101e-015 
d 3.1704794e-010 0.000000000e+000 0.000000000e+000 3.135064858e-008 0.000000000e+000 0.000000000e+000 1.069837665e-006 5.000000000e+000 5.000000000e+000 1.055391109e-006 0.000000000e+000 0.000000000e+000 -2.156577808e-006  0 7.54101e-015 
d 3.2356781e-010 0.000000000e+000 0.000000000e+000 3.039338687e-008 0.000000000e+000 0.000000000e+000 1.019799661e-006 5.000000000e+000 5.000000000e+000 1.009667054e-006 0.000000000e+000 0.000000000e+000 -2.059809491e-006  0 7.54101e-015 
d 3.3041366e-010 0.000000000e+000 0.000000000e+000 2.940383174e-008 0.000000000e+000 0.000000000e+000 9.697293665e-007 5.000000000e+000 5.000000000e+000 9.637694990e-007 0.000000000e+000 0.000000000e+000 -1.962902869e-006  0 7.54101e-015 
d 3.3760181e-010 0.000000000e+000 0.000000000e+000 2.838247665e-008 0.000000000e+000 0.000000000e+000 9.198917057e-007 5.000000000e+000 5.000000000e+000 9.178104936e-007 0.000000000e+000 0.000000000e+000 -1.866085000e-006  0 7.54101e-015 
d 3.4514936e-010 0.000000000e+000 0.000000000e+000 2.733008136e-008 0.000000000e+000 0.000000000e+000 8.703659483e-007 5.000000000e+000 5.000000000e+000 8.718953514e-007 0.000000000e+000 0.000000000e+000 -1.769591747e-006  0 7.54101e-015 
d 3.5307429e-010 0.000000000e+000 0.000000000e+000 2.624915052e-008 0.000000000e+000 0.000000000e+000 8.212852651e-007 5.000000000e+000 5.000000000e+000 8.261398137e-007 0.000000000e+000 0.000000000e+000 -1.673674626e-006  0 7.54101e-015 
d 3.6139547e-010 0.000000000e+000 0.000000000e+000 2.514319441e-008 0.000000000e+000 0.000000000e+000 7.727873907e-007 5.000000000e+000 5.000000000e+000 7.806645658e-007 0.000000000e+000 0.000000000e+000 -1.578595715e-006  0 7.54101e-015 
d 3.7013270e-010 0.000000000e+000 0.000000000e+000 2.401465260e-008 0.000000000e+000 0.000000000e+000 7.250082360e-007 5.000000000e+000 5.000000000e+000 7.355931898e-007 0.000000000e+000 0.000000000e+000 -1.484616757e-006  0 7.54101e-015 
d 3.7930680e-010 0.000000000e+000 0.000000000e+000 2.286612888e-008 0.000000000e+000 0.000000000e+000 6.780827534e-007 5.000000000e+000 5.000000000e+000 6.910525570e-007 0.000000000e+000 0.000000000e+000 -1.392002136e-006  0 7.54101e-015 
d 3.8893960e-010 0.000000000e+000 0.000000000e+000 2.170104699e-008 0.000000000e+000 0.000000000e+000 6.321463667e-007 5.000000000e+000 5.000000000e+000 6.471718075e-007 0.000000000e+000 0.000000000e+000 -1.301019147e-006  0 7.54101e-015 
d 3.9905404e-010 0.000000000e+000 0.000000000e+000 2.052303590e-008 0.000000000e+000 0.000000000e+000 5.873313509e-007 5.000000000e+000 5.000000000e+000 6.040800911e-007 0.000000000e+000 0.000000000e+000 -1.211933237e-006  0 7.54101e-015 
d 4.0967421e-010 0.000000000e+000 0.000000000e+000 1.933613342e-008 0.000000000e+000 0.000000000e+000 5.437599271e-007 5.000000000e+000 5.000000000e+000 5.619096361e-007 0.000000000e+000 0.000000000e+000 -1.125006647e-006  0 7.54101e-015 
d 4.2082538e-010 0.000000000e+000 0.000000000e+000 1.814492166e-008 0.000000000e+000 0.000000000e+000 5.015496807e-007 5.000000000e+000 5.000000000e+000 5.207910336e-007 0.000000000e+000 0.000000000e+000 -1.040485669e-006  0 7.54101e-015 
d 4.3253410e-010 0.000000000e+000 0.000000000e+000 1.695439849e-008 0.000000000e+000 0.000000000e+000 4.608290063e-007 5.000000000e+000 5.000000000e+000 4.808431778e-007 0.000000000e+000 0.000000000e+000 -9.586306772e-007  0 7.54101e-015 
d 4.4482827e-010 0.000000000e+000 0.000000000e+000 1.576991403e-008 0.000000000e+000 0.000000000e+000 4.216987848e-007 5.000000000e+000 5.000000000e+000 4.421887262e-007 0.000000000e+000 0.000000000e+000 -8.796601447e-007  0 7.54101e-015 
d 4.5729592e-010 0.000000000e+000 0.000000000e+000 1.462476268e-008 0.000000000e+000 0.000000000e+000 3.853514757e-007 5.000000000e+000 5.000000000e+000 4.061244239e-007 0.000000000e+000 0.000000000e+000 -8.061246164e-007  0 7.54101e-015 
d 4.6980271e-010 0.000000000e+000 0.000000000e+000 1.351409549e-008 0.000000000e+000 0.000000000e+000 3.518567591e-007 5.000000000e+000 5.000000000e+000 3.728081134e-007 0.000000000e+000 0.000000000e+000 -7.381864827e-007  0 7.54101e-015 
d 4.8235289e-010 0.000000000e+000 0.000000000e+000 1.246186836e-008 0.000000000e+000 0.000000000e+000 3.211686330e-007 5.000000000e+000 5.000000000e+000 3.420712075e-007 0.000000000e+000 0.000000000e+000 -6.757090821e-007  0 7.54101e-015 
d 4.9492828e-010 0.000000000e+000 0.000000000e+000 1.146475612e-008 0.000000000e+000 0.000000000e+000 2.930706976e-007 5.000000000e+000 5.000000000e+000 3.137613504e-007 0.000000000e+000 0.000000000e+000 -6.183047853e-007  0 7.54101e-015 
d 5.0753607e-010 0.000000000e+000 0.000000000e+000 1.052583120e-008 0.000000000e+000 0.000000000e+000 2.673525784e-007 5.000000000e+000 5.000000000e+000 2.876836205e-007 0.000000000e+000 0.000000000e+000 -5.655655272e-007  0 7.54101e-015 
d 5.2017241e-010 0.000000000e+000 0.000000000e+000 9.643538237e-009 0.000000000e+000 0.000000000e+000 2.438620928e-007 5.000000000e+000 5.000000000e+000 2.637195039e-007 0.000000000e+000 0.000000000e+000 -5.171923914e-007  0 7.54101e-015 
d 5.3283801e-010 0.000000000e+000 0.000000000e+000 8.818669783e-009 0.000000000e+000 0.000000000e+000 2.223508041e-007 5.000000000e+000 5.000000000e+000 2.416381770e-007 0.000000000e+000 0.000000000e+000 -4.728776317e-007  0 7.54101e-015 
d 5.4552940e-010 0.000000000e+000 0.000000000e+000 8.062145545e-009 0.000000000e+000 0.000000000e+000 2.025634313e-007 5.000000000e+000 5.000000000e+000 2.213403233e-007 0.000000000e+000 0.000000000e+000 -4.319668999e-007  0 7.54101e-015 
d 5.5825470e-010 0.000000000e+000 0.000000000e+000 7.339409770e-009 0.000000000e+000 0.000000000e+000 1.846135835e-007 5.000000000e+000 5.000000000e+000 2.026493473e-007 0.000000000e+000 0.000000000e+000 -3.946024316e-007  0 7.54101e-015 
d 5.7100157e-010 0.000000000e+000 0.000000000e+000 6.675059561e-009 0.000000000e+000 0.000000000e+000 1.681856919e-007 5.000000000e+000 5.000000000e+000 1.855051531e-007 0.000000000e+000 0.000000000e+000 -3.603660818e-007  0 7.54101e-015 
d 5.8378643e-010 0.000000000e+000 0.000000000e+000 6.059366850e-009 0.000000000e+000 0.000000000e+000 1.531612474e-007 5.000000000e+000 5.000000000e+000 1.697488782e-007 0.000000000e+000 0.000000000e+000 -3.289716798e-007  0 7.54101e-015 
d 5.9660024e-010 0.000000000e+000 0.000000000e+000 5.488828759e-009 0.000000000e+000 0.000000000e+000 1.394327089e-007 5.000000000e+000 5.000000000e+000 1.552827043e-007 0.000000000e+000 0.000000000e+000 -3.002047708e-007  0 7.54101e-015 
d 6.0944325e-010 0.000000000e+000 0.000000000e+000 4.960556041e-009 0.000000000e+000 0.000000000e+000 1.268932645e-007 5.000000000e+000 5.000000000e+000 1.420040281e-007 0.000000000e+000 0.000000000e+000 -2.738637208e-007  0 7.54101e-015 
d 6.2231512e-010 0.000000000e+000 0.000000000e+000 4.472608763e-009 0.000000000e+000 0.000000000e+000 1.154405080e-007 5.000000000e+000 5.000000000e+000 1.298198952e-007 0.000000000e+000 0.000000000e+000 -2.497329758e-007  0 7.54101e-015 
d 6.3521544e-010 0.000000000e+000 0.000000000e+000 4.021901759e-009 0.000000000e+000 0.000000000e+000 1.049848647e-007 5.000000000e+000 5.000000000e+000 1.186444619e-007 0.000000000e+000 0.000000000e+000 -2.276504134e-007  0 7.54101e-015 
d 6.4814355e-010 0.000000000e+000 0.000000000e+000 3.606432922e-009 0.000000000e+000 0.000000000e+000 9.544015351e-008 5.000000000e+000 5.000000000e+000 1.083976276e-007 0.000000000e+000 0.000000000e+000 -2.074431145e-007  0 7.54101e-015 
d 6.6109873e-010 0.000000000e+000 0.000000000e+000 3.223779602e-009 0.000000000e+000 0.000000000e+000 8.672903591e-008 5.000000000e+000 5.000000000e+000 9.900572422e-008 0.000000000e+000 0.000000000e+000 -1.889574414e-007  0 7.54101e-015 
d 6.7408014e-010 0.000000000e+000 0.000000000e+000 2.871734653e-009 0.000000000e+000 0.000000000e+000 7.878601818e-008 5.000000000e+000 5.000000000e+000 9.040144381e-008 0.000000000e+000 0.000000000e+000 -1.720520377e-007  0 7.54101e-015 
d 6.8708684e-010 0.000000000e+000 0.000000000e+000 2.548123047e-009 0.000000000e+000 0.000000000e+000 7.152978402e-008 5.000000000e+000 5.000000000e+000 8.251919890e-008 0.000000000e+000 0.000000000e+000 -1.565987600e-007  0 7.54101e-015 
d 7.0012307e-010 0.000000000e+000 0.000000000e+000 2.251234689e-009 0.000000000e+000 0.000000000e+000 6.491606779e-008 5.000000000e+000 5.000000000e+000 7.530070423e-008 0.000000000e+000 0.000000000e+000 -1.424689460e-007  0 7.54101e-015 
d 7.1319678e-010 0.000000000e+000 0.000000000e+000 1.979109227e-009 0.000000000e+000 0.000000000e+000 5.888162397e-008 5.000000000e+000 5.000000000e+000 6.868778479e-008 0.000000000e+000 0.000000000e+000 -1.295489359e-007  0 7.54101e-015 
d 7.2629153e-010 0.000000000e+000 0.000000000e+000 1.729439958e-009 0.000000000e+000 0.000000000e+000 5.338200623e-008 5.000000000e+000 5.000000000e+000 6.263899063e-008 0.000000000e+000 0.000000000e+000 -1.177484202e-007  0 7.54101e-015 
d 7.3940651e-010 0.000000000e+000 0.000000000e+000 1.500700540e-009 0.000000000e+000 0.000000000e+000 4.837175554e-008 5.000000000e+000 5.000000000e+000 5.710789904e-008 0.000000000e+000 0.000000000e+000 -1.069740798e-007  0 7.54101e-015 
d 7.5256100e-010 0.000000000e+000 0.000000000e+000 1.291906964e-009 0.000000000e+000 0.000000000e+000 4.380431146e-008 5.000000000e+000 5.000000000e+000 5.204482486e-008 0.000000000e+000 0.000000000e+000 -9.712987236e-008  0 7.54101e-015 
d 7.6573191e-010 0.000000000e+000 0.000000000e+000 1.100642986e-009 0.000000000e+000 0.000000000e+000 3.963101923e-008 5.000000000e+000 5.000000000e+000 4.741489944e-008 0.000000000e+000 0.000000000e+000 -8.814664031e-008  0 7.54101e-015 
d 7.7891883e-010 0.000000000e+000 0.000000000e+000 9.257864942e-010 0.000000000e+000 0.000000000e+000 3.584434290e-008 5.000000000e+000 5.000000000e+000 4.318968295e-008 0.000000000e+000 0.000000000e+000 -7.995319454e-008  0 7.54101e-015 
d 7.9212066e-010 0.000000000e+000 0.000000000e+000 7.662284581e-010 0.000000000e+000 0.000000000e+000 3.238769236e-008 5.000000000e+000 5.000000000e+000 3.932764636e-008 0.000000000e+000 0.000000000e+000 -7.248153366e-008  0 7.54101e-015 
d 8.0536336e-010 0.000000000e+000 0.000000000e+000 6.214051094e-010 0.000000000e+000 0.000000000e+000 2.924396100e-008 5.000000000e+000 5.000000000e+000 3.579503751e-008 0.000000000e+000 0.000000000e+000 -6.566261731e-008  0 7.54101e-015 
d 8.1861706e-010 0.000000000e+000 0.000000000e+000 4.890742103e-010 0.000000000e+000 0.000000000e+000 2.638254572e-008 5.000000000e+000 5.000000000e+000 3.257508767e-008 0.000000000e+000 0.000000000e+000 -5.944685949e-008  0 7.54101e-015 
d 8.3188159e-010 0.000000000e+000 0.000000000e+000 3.684176527e-010 0.000000000e+000 0.000000000e+000 2.377920130e-008 5.000000000e+000 5.000000000e+000 2.963571562e-008 0.000000000e+000 0.000000000e+000 -5.378339258e-008  0 7.54101e-015 
d 8.4515619e-010 0.000000000e+000 0.000000000e+000 2.586085089e-010 0.000000000e+000 0.000000000e+000 2.141159293e-008 5.000000000e+000 5.000000000e+000 2.695455035e-008 0.000000000e+000 0.000000000e+000 -4.862479475e-008  0 7.54101e-015 
d 8.5846610e-010 0.000000000e+000 0.000000000e+000 1.597751756e-010 0.000000000e+000 0.000000000e+000 1.929085385e-008 5.000000000e+000 5.000000000e+000 2.451935943e-008 0.000000000e+000 0.000000000e+000 -4.392307257e-008  0 7.54101e-015 
d 8.7178277e-010 0.000000000e+000 0.000000000e+000 6.924896009e-011 0.000000000e+000 0.000000000e+000 1.730188156e-008 5.000000000e+000 5.000000000e+000 2.227399095e-008 0.000000000e+000 0.000000000e+000 -3.964183535e-008  0 7.54101e-015 
d 8.8512136e-010 0.000000000e+000 0.000000000e+000 7.382231456e-012 0.000000000e+000 0.000000000e+000 1.556263108e-008 5.000000000e+000 5.000000000e+000 2.024948663e-008 0.000000000e+000 0.000000000e+000 -3.559762051e-008  0 7.54101e-015 
d 8.9846499e-010 0.000000000e+000 0.000000000e+000 -4.111381185e-011 0.000000000e+000 0.000000000e+000 1.400564288e-008 5.000000000e+000 5.000000000e+000 1.841307688e-008 0.000000000e+000 0.000000000e+000 -3.170329415e-008  0 7.54101e-015 
d 9.1181396e-010 0.000000000e+000 0.000000000e+000 -1.924462961e-010 0.000000000e+000 0.000000000e+000 1.235386098e-008 5.000000000e+000 5.000000000e+000 1.665991983e-008 0.000000000e+000 0.000000000e+000 -2.882136838e-008  0 7.54101e-015 
d 9.2519530e-010 0.000000000e+000 0.000000000e+000 -2.282847227e-010 0.000000000e+000 0.000000000e+000 1.105446597e-008 5.000000000e+000 5.000000000e+000 1.514259855e-008 0.000000000e+000 0.000000000e+000 -2.597027688e-008  0 7.54101e-015 
d 9.3859559e-010 0.000000000e+000 0.000000000e+000 -2.739337756e-010 0.000000000e+000 0.000000000e+000 9.873320971e-009 5.000000000e+000 5.000000000e+000 1.373664073e-008 0.000000000e+000 0.000000000e+000 -2.333305687e-008  0 7.54101e-015 
d 9.5200013e-010 0.000000000e+000 0.000000000e+000 -3.161307067e-010 0.000000000e+000 0.000000000e+000 8.782430947e-009 5.000000000e+000 5.000000000e+000 1.245517919e-008 0.000000000e+000 0.000000000e+000 -2.093350042e-008  0 7.54101e-015 
d 9.6540857e-010 0.000000000e+000 0.000000000e+000 -3.624361943e-010 0.000000000e+000 0.000000000e+000 7.786847788e-009 5.000000000e+000 5.000000000e+000 1.129150749e-008 0.000000000e+000 0.000000000e+000 -1.872786977e-008  0 7.54101e-015 
d 9.7882120e-010 0.000000000e+000 0.000000000e+000 -3.989281082e-010 0.000000000e+000 0.000000000e+000 6.875454356e-009 5.000000000e+000 5.000000000e+000 1.022714062e-008 0.000000000e+000 0.000000000e+000 -1.673588385e-008  0 7.54101e-015 
d 9.9224216e-010 0.000000000e+000 0.000000000e+000 -4.370446302e-010 0.000000000e+000 0.000000000e+000 6.054769533e-009 5.000000000e+000 5.000000000e+000 9.261761802e-009 0.000000000e+000 0.000000000e+000 -1.491149976e-008  0 7.54101e-015 
d 1.0061385e-009 0.000000000e+000 0.000000000e+000 -4.537804933e-010 0.000000000e+000 0.000000000e+000 5.329363639e-009 5.000000000e+000 5.000000000e+000 8.362239891e-009 0.000000000e+000 0.000000000e+000 -1.327369684e-008  0 7.54101e-015 
d 1.0207297e-009 0.000000000e+000 0.000000000e+000 -4.563488790e-010 0.000000000e+000 0.000000000e+000 4.683317993e-009 5.000000000e+000 5.000000000e+000 7.517815721e-009 0.000000000e+000 0.000000000e+000 -1.177848682e-008  0 7.54101e-015 
d 1.0360504e-009 0.000000000e+000 0.000000000e+000 -4.528913466e-010 0.000000000e+000 0.000000000e+000 4.090606644e-009 5.000000000e+000 5.000000000e+000 6.725181869e-009 0.000000000e+000 0.000000000e+000 -1.038993102e-008  0 7.54101e-015 
d 1.0521372e-009 0.000000000e+000 0.000000000e+000 -4.462656692e-010 0.000000000e+000 0.000000000e+000 3.539687281e-009 5.000000000e+000 5.000000000e+000 5.982828878e-009 0.000000000e+000 0.000000000e+000 -9.099132985e-009  0 7.54101e-015 
d 1.0690283e-009 0.000000000e+000 0.000000000e+000 -4.389704256e-010 0.000000000e+000 0.000000000e+000 3.029545837e-009 5.000000000e+000 5.000000000e+000 5.290564109e-009 0.000000000e+000 0.000000000e+000 -7.899935840e-009  0 7.54101e-015 
d 1.0867640e-009 0.000000000e+000 0.000000000e+000 -4.313475490e-010 0.000000000e+000 0.000000000e+000 2.558431306e-009 5.000000000e+000 5.000000000e+000 4.646784025e-009 0.000000000e+000 0.000000000e+000 -6.790196338e-009  0 7.54101e-015 
d 1.1053864e-009 0.000000000e+000 0.000000000e+000 -4.235677095e-010 0.000000000e+000 0.000000000e+000 2.116445734e-009 5.000000000e+000 5.000000000e+000 4.026781758e-009 0.000000000e+000 0.000000000e+000 -5.762370935e-009  0 7.54101e-015 
d 1.1249400e-009 0.000000000e+000 0.000000000e+000 -4.150481384e-010 0.000000000e+000 0.000000000e+000 1.737842461e-009 5.000000000e+000 5.000000000e+000 3.515745787e-009 0.000000000e+000 0.000000000e+000 -4.841171734e-009  0 7.54101e-015 
d 1.1454712e-009 0.000000000e+000 0.000000000e+000 -4.060594238e-010 0.000000000e+000 0.000000000e+000 1.385257463e-009 5.000000000e+000 5.000000000e+000 3.021392013e-009 0.000000000e+000 0.000000000e+000 -4.000252581e-009  0 7.54101e-015 
d 1.1670290e-009 0.000000000e+000 0.000000000e+000 -3.965569909e-010 0.000000000e+000 0.000000000e+000 1.070402862e-009 5.000000000e+000 5.000000000e+000 2.572562587e-009 0.000000000e+000 0.000000000e+000 -3.246114946e-009  0 7.54101e-015 
d 1.1896647e-009 0.000000000e+000 0.000000000e+000 -3.866117682e-010 0.000000000e+000 0.000000000e+000 7.922773874e-010 5.000000000e+000 5.000000000e+000 2.169170304e-009 0.000000000e+000 0.000000000e+000 -2.575465023e-009  0 7.54101e-015 
d 1.2134322e-009 0.000000000e+000 0.000000000e+000 -3.761706264e-010 0.000000000e+000 0.000000000e+000 5.491524532e-010 5.000000000e+000 5.000000000e+000 1.808807241e-009 0.000000000e+000 0.000000000e+000 -1.984044417e-009  0 7.54101e-015 
d 1.2383881e-009 0.000000000e+000 0.000000000e+000 -3.647327049e-010 0.000000000e+000 0.000000000e+000 3.344763428e-010 5.000000000e+000 5.000000000e+000 1.503651523e-009 0.000000000e+000 0.000000000e+000 -1.474078029e-009  0 7.54101e-015 
d 1.2645917e-009 0.000000000e+000 0.000000000e+000 -3.535555674e-010 0.000000000e+000 0.000000000e+000 1.546843007e-010 5.000000000e+000 5.000000000e+000 1.229087583e-009 0.000000000e+000 0.000000000e+000 -1.029703612e-009  0 7.54101e-015 
d 1.2921055e-009 0.000000000e+000 0.000000000e+000 -3.415373256e-010 0.000000000e+000 0.000000000e+000 2.726305587e-012 5.000000000e+000 5.000000000e+000 9.891887515e-010 0.000000000e+000 0.000000000e+000 -6.505071100e-010  0 7.54101e-015 
d 1.3209950e-009 0.000000000e+000 0.000000000e+000 -3.290960665e-010 0.000000000e+000 0.000000000e+000 -1.227265877e-010 5.000000000e+000 5.000000000e+000 7.809365484e-010 0.000000000e+000 0.000000000e+000 -3.309588231e-010  0 7.54101e-015 
d 1.3513290e-009 0.000000000e+000 0.000000000e+000 -3.163464745e-010 0.000000000e+000 0.000000000e+000 -2.232461764e-010 5.000000000e+000 5.000000000e+000 6.009663803e-010 0.000000000e+000 0.000000000e+000 -6.417399398e-011  0 7.54101e-015 
d 1.3831797e-009 0.000000000e+000 0.000000000e+000 -3.032656495e-010 0.000000000e+000 0.000000000e+000 -3.044131377e-010 5.000000000e+000 5.000000000e+000 4.600332495e-010 0.000000000e+000 0.000000000e+000 1.465183570e-010  0 7.54101e-015 
d 1.4166229e-009 0.000000000e+000 0.000000000e+000 -2.901867901e-010 0.000000000e+000 0.000000000e+000 -3.634711525e-010 5.000000000e+000 5.000000000e+000 3.244340139e-010 0.000000000e+000 0.000000000e+000 3.248777241e-010  0 7.54101e-015 
d 1.4517383e-009 0.000000000e+000 0.000000000e+000 -2.767640362e-010 0.000000000e+000 0.000000000e+000 -4.105907203e-010 5.000000000e+000 5.000000000e+000 2.403676253e-010 0.000000000e+000 0.000000000e+000 4.495971065e-010  0 7.54101e-015 
d 1.4886095e-009 0.000000000e+000 0.000000000e+000 -2.634357853e-010 0.000000000e+000 0.000000000e+000 -4.403485679e-010 5.000000000e+000 5.000000000e+000 1.616317423e-010 0.000000000e+000 0.000000000e+000 5.489589657e-010  0 7.54101e-015 
d 1.5273242e-009 0.000000000e+000 0.000000000e+000 -2.502253990e-010 0.000000000e+000 0.000000000e+000 -4.601396640e-010 5.000000000e+000 5.000000000e+000 9.365524793e-011 0.000000000e+000 0.000000000e+000 6.178885471e-010  0 7.54101e-015 
d 1.5679746e-009 0.000000000e+000 0.000000000e+000 -2.371503246e-010 0.000000000e+000 0.000000000e+000 -4.685761887e-010 5.000000000e+000 5.000000000e+000 4.301891868e-011 0.000000000e+000 0.000000000e+000 6.641750004e-010  0 7.54101e-015 
d 1.6106575e-009 0.000000000e+000 0.000000000e+000 -2.242919172e-010 0.000000000e+000 0.000000000e+000 -4.687144253e-010 5.000000000e+000 5.000000000e+000 3.923092762e-012 0.000000000e+000 0.000000000e+000 6.902944362e-010  0 7.54101e-015 
d 1.6554746e-009 0.000000000e+000 0.000000000e+000 -2.116865210e-010 0.000000000e+000 0.000000000e+000 -4.643283334e-010 5.000000000e+000 5.000000000e+000 -1.424671528e-011 0.000000000e+000 0.000000000e+000 7.026204982e-010  0 7.54101e-015 
d 1.7025326e-009 0.000000000e+000 0.000000000e+000 -1.995561565e-010 0.000000000e+000 0.000000000e+000 -4.510766332e-010 5.000000000e+000 5.000000000e+000 -4.364159204e-011 0.000000000e+000 0.000000000e+000 7.003574111e-010  0 7.54101e-015 
d 1.7519434e-009 0.000000000e+000 0.000000000e+000 -1.875635731e-010 0.000000000e+000 0.000000000e+000 -4.353744798e-010 5.000000000e+000 5.000000000e+000 -6.221197637e-011 0.000000000e+000 0.000000000e+000 6.858866803e-010  0 7.54101e-015 
d 1.8038248e-009 0.000000000e+000 0.000000000e+000 -1.763302148e-010 0.000000000e+000 0.000000000e+000 -4.208370877e-010 5.000000000e+000 5.000000000e+000 -7.129725080e-011 0.000000000e+000 0.000000000e+000 6.726262372e-010  0 7.54101e-015 
d 1.8583003e-009 0.000000000e+000 0.000000000e+000 -1.649931111e-010 0.000000000e+000 0.000000000e+000 -3.955160153e-010 5.000000000e+000 5.000000000e+000 -7.694742355e-011 0.000000000e+000 0.000000000e+000 6.416455027e-010  0 7.54101e-015 
d 1.9154995e-009 0.000000000e+000 0.000000000e+000 -1.545083384e-010 0.000000000e+000 0.000000000e+000 -3.685410097e-010 5.000000000e+000 5.000000000e+000 -7.845681872e-011 0.000000000e+000 0.000000000e+000 6.132871765e-010  0 7.54101e-015 
d 1.9755587e-009 0.000000000e+000 0.000000000e+000 -1.447005408e-010 0.000000000e+000 0.000000000e+000 -3.482316705e-010 5.000000000e+000 5.000000000e+000 -8.533583468e-011 0.000000000e+000 0.000000000e+000 5.909096569e-010  0 7.54101e-015 
d 2.0386208e-009 0.000000000e+000 0.000000000e+000 -1.350707348e-010 0.000000000e+000 0.000000000e+000 -3.356926185e-010 5.000000000e+000 5.000000000e+000 -9.130049143e-011 0.000000000e+000 0.000000000e+000 5.610396119e-010  0 7.54101e-015 
d 2.1048361e-009 0.000000000e+000 0.000000000e+000 -1.258525937e-010 0.000000000e+000 0.000000000e+000 -3.165305548e-010 5.000000000e+000 5.000000000e+000 -8.428155016e-011 0.000000000e+000 0.000000000e+000 5.265752418e-010  0 7.54101e-015 
d 2.1743621e-009 0.000000000e+000 0.000000000e+000 -1.171717664e-010 0.000000000e+000 0.000000000e+000 -2.979846208e-010 5.000000000e+000 5.000000000e+000 -7.901621672e-011 0.000000000e+000 0.000000000e+000 4.937758082e-010  0 7.54101e-015 
d 2.2473644e-009 0.000000000e+000 0.000000000e+000 -1.089175615e-010 0.000000000e+000 0.000000000e+000 -2.796577988e-010 5.000000000e+000 5.000000000e+000 -7.391083558e-011 0.000000000e+000 0.000000000e+000 4.627534329e-010  0 7.54101e-015 
d 2.3240168e-009 0.000000000e+000 0.000000000e+000 -1.010151660e-010 0.000000000e+000 0.000000000e+000 -2.490421309e-010 5.000000000e+000 5.000000000e+000 -6.934821783e-011 0.000000000e+000 0.000000000e+000 4.130690242e-010  0 7.54101e-015 
d 2.4045018e-009 0.000000000e+000 0.000000000e+000 -9.372214466e-011 0.000000000e+000 0.000000000e+000 -2.548368687e-010 5.000000000e+000 5.000000000e+000 -6.185637258e-011 0.000000000e+000 0.000000000e+000 4.160746266e-010  0 7.54101e-015 
d 2.4890111e-009 0.000000000e+000 0.000000000e+000 -8.657657182e-011 0.000000000e+000 0.000000000e+000 -2.190702666e-010 5.000000000e+000 5.000000000e+000 -5.861714547e-011 0.000000000e+000 0.000000000e+000 3.638079543e-010  0 7.54101e-015 
d 2.5777458e-009 0.000000000e+000 0.000000000e+000 -8.001419835e-011 0.000000000e+000 0.000000000e+000 -2.054400658e-010 5.000000000e+000 5.000000000e+000 -5.581534133e-011 0.000000000e+000 0.000000000e+000 3.354262525e-010  0 7.54101e-015 
d 2.6709173e-009 0.000000000e+000 0.000000000e+000 -7.394742134e-011 0.000000000e+000 0.000000000e+000 -2.054171572e-010 5.000000000e+000 5.000000000e+000 -6.241056141e-011 0.000000000e+000 0.000000000e+000 3.259484970e-010  0 7.54101e-015 
d 2.7687473e-009 0.000000000e+000 0.000000000e+000 -6.913844412e-011 0.000000000e+000 0.000000000e+000 -2.571532661e-010 5.000000000e+000 5.000000000e+000 -1.103284491e-010 0.000000000e+000 0.000000000e+000 3.760432468e-010  0 7.54101e-015 
d 2.8714689e-009 0.000000000e+000 0.000000000e+000 -6.199745965e-011 0.000000000e+000 0.000000000e+000 -1.579498991e-010 5.000000000e+000 5.000000000e+000 -4.370675046e-011 0.000000000e+000 0.000000000e+000 2.745048469e-010  0 7.54101e-015 
d 2.9793265e-009 0.000000000e+000 0.000000000e+000 -5.725898226e-011 0.000000000e+000 0.000000000e+000 -1.421818485e-010 5.000000000e+000 5.000000000e+000 -4.244431755e-011 0.000000000e+000 0.000000000e+000 2.465345358e-010  0 7.54101e-015 
d 3.0925769e-009 0.000000000e+000 0.000000000e+000 -5.229324330e-011 0.000000000e+000 0.000000000e+000 -1.301245703e-010 5.000000000e+000 5.000000000e+000 -3.685117152e-011 0.000000000e+000 0.000000000e+000 2.291702273e-010  0 7.54101e-015 
d 3.2114899e-009 0.000000000e+000 0.000000000e+000 -4.769730064e-011 0.000000000e+000 0.000000000e+000 -1.200099606e-010 5.000000000e+000 5.000000000e+000 -3.261684044e-011 0.000000000e+000 0.000000000e+000 2.120039189e-010  0 7.54101e-015 
d 3.3363486e-009 0.000000000e+000 0.000000000e+000 -4.345622739e-011 0.000000000e+000 0.000000000e+000 -1.091649393e-010 5.000000000e+000 5.000000000e+000 -2.975942304e-011 0.000000000e+000 0.000000000e+000 1.956613553e-010  0 7.54101e-015 
d 3.4674502e-009 0.000000000e+000 0.000000000e+000 -3.954740785e-011 0.000000000e+000 0.000000000e+000 -9.974088372e-011 5.000000000e+000 5.000000000e+000 -2.682932956e-011 0.000000000e+000 0.000000000e+000 1.798943221e-010  0 7.54101e-015 
d 3.6051068e-009 0.000000000e+000 0.000000000e+000 -3.591878743e-011 0.000000000e+000 0.000000000e+000 -9.085756736e-011 5.000000000e+000 5.000000000e+000 -2.439060531e-011 0.000000000e+000 0.000000000e+000 1.642650179e-010  0 7.54101e-015 
d 3.7496463e-009 0.000000000e+000 0.000000000e+000 -3.257186618e-011 0.000000000e+000 0.000000000e+000 -8.258860709e-011 5.000000000e+000 5.000000000e+000 -2.206022087e-011 0.000000000e+000 0.000000000e+000 1.494071545e-010  0 7.54101e-015 
d 3.9014127e-009 0.000000000e+000 0.000000000e+000 -2.943479714e-011 0.000000000e+000 0.000000000e+000 -7.437635607e-011 5.000000000e+000 5.000000000e+000 -1.853045749e-011 0.000000000e+000 0.000000000e+000 1.345413852e-010  0 7.54101e-015 
d 4.0607674e-009 0.000000000e+000 0.000000000e+000 -2.655516899e-011 0.000000000e+000 0.000000000e+000 -6.685386210e-011 5.000000000e+000 5.000000000e+000 -1.754744812e-011 0.000000000e+000 0.000000000e+000 1.215607038e-010  0 7.54101e-015 
d 4.2280899e-009 0.000000000e+000 0.000000000e+000 -2.389297855e-011 0.000000000e+000 0.000000000e+000 -6.011687613e-011 5.000000000e+000 5.000000000e+000 -1.585754648e-011 0.000000000e+000 0.000000000e+000 1.096895378e-010  0 7.54101e-015 
d 4.4037785e-009 0.000000000e+000 0.000000000e+000 -2.143956148e-011 0.000000000e+000 0.000000000e+000 -5.425987633e-011 5.000000000e+000 5.000000000e+000 -1.420384540e-011 0.000000000e+000 0.000000000e+000 9.873177599e-011  0 7.54101e-015 
d 4.5882515e-009 0.000000000e+000 0.000000000e+000 -1.918257243e-011 0.000000000e+000 0.000000000e+000 -4.835388268e-011 5.000000000e+000 5.000000000e+000 -1.237715517e-011 0.000000000e+000 0.000000000e+000 8.868048095e-011  0 7.54101e-015 
d 4.7819482e-009 0.000000000e+000 0.000000000e+000 -1.711231940e-011 0.000000000e+000 0.000000000e+000 -4.345791020e-011 5.000000000e+000 5.000000000e+000 -1.111729797e-011 0.000000000e+000 0.000000000e+000 7.949738204e-011  0 7.54101e-015 
d 4.9853297e-009 0.000000000e+000 0.000000000e+000 -1.898907800e-011 0.000000000e+000 0.000000000e+000 1.517770575e-010 5.000000000e+000 5.000000000e+000 3.631033743e-011 0.000000000e+000 0.000000000e+000 4.572033521e-010  0 7.54101e-015 
d 5.1988802e-009 0.000000000e+000 0.000000000e+000 -1.326178755e-011 0.000000000e+000 0.000000000e+000 -3.420291341e-011 5.000000000e+000 5.000000000e+000 -8.823021266e-012 0.000000000e+000 0.000000000e+000 6.245182577e-011  0 7.54101e-015 
d 5.4231083e-009 0.000000000e+000 0.000000000e+000 -1.240665499e-011 0.000000000e+000 0.000000000e+000 -3.530201763e-011 5.000000000e+000 5.000000000e+000 -1.010352676e-011 0.000000000e+000 0.000000000e+000 5.360807674e-011  0 7.54101e-015 
d 5.6585477e-009 0.000000000e+000 0.000000000e+000 -1.057589006e-011 0.000000000e+000 0.000000000e+000 -2.858928842e-011 5.000000000e+000 5.000000000e+000 -7.023704676e-012 0.000000000e+000 0.000000000e+000 4.717882316e-011  0 7.54101e-015 
d 5.9057591e-009 0.000000000e+000 0.000000000e+000 -9.281387077e-012 0.000000000e+000 0.000000000e+000 -5.479005835e-011 5.000000000e+000 5.000000000e+000 -1.046907051e-011 0.000000000e+000 0.000000000e+000 6.242467648e-011  0 7.54101e-015 
d 6.1653311e-009 0.000000000e+000 0.000000000e+000 -8.054544644e-012 0.000000000e+000 0.000000000e+000 -2.548436506e-011 5.000000000e+000 5.000000000e+000 -5.253114970e-012 0.000000000e+000 0.000000000e+000 5.084498583e-011  0 7.54101e-015 
d 6.4378817e-009 0.000000000e+000 0.000000000e+000 -6.980948797e-012 0.000000000e+000 0.000000000e+000 -1.835438880e-011 5.000000000e+000 5.000000000e+000 -4.459400968e-012 0.000000000e+000 0.000000000e+000 3.597367949e-011  0 7.54101e-015 
d 6.7240597e-009 0.000000000e+000 0.000000000e+000 -6.926162092e-012 0.000000000e+000 0.000000000e+000 9.052533409e-011 5.000000000e+000 5.000000000e+000 9.618600847e-012 0.000000000e+000 0.000000000e+000 1.407253071e-010  0 7.54101e-015 
d 7.0245467e-009 0.000000000e+000 0.000000000e+000 -5.169756484e-012 0.000000000e+000 0.000000000e+000 -1.269650117e-011 5.000000000e+000 5.000000000e+000 -2.653271150e-012 0.000000000e+000 0.000000000e+000 2.921493422e-011  0 7.54101e-015 
d 7.3400580e-009 0.000000000e+000 0.000000000e+000 -4.560505158e-012 0.000000000e+000 0.000000000e+000 -1.381216049e-011 5.000000000e+000 5.000000000e+000 -3.368806193e-012 0.000000000e+000 0.000000000e+000 2.530746841e-011  0 7.54101e-015 
d 7.6713449e-009 0.000000000e+000 0.000000000e+000 -3.838990660e-012 0.000000000e+000 0.000000000e+000 -2.859786107e-011 5.000000000e+000 5.000000000e+000 -4.766822947e-012 0.000000000e+000 0.000000000e+000 2.593033871e-011  0 7.54101e-015 
d 8.0191960e-009 0.000000000e+000 0.000000000e+000 -3.298061357e-012 0.000000000e+000 0.000000000e+000 -3.319139383e-011 5.000000000e+000 5.000000000e+000 -3.594623058e-012 0.000000000e+000 0.000000000e+000 3.410334874e-011  0 7.54101e-015 
d 8.3844398e-009 0.000000000e+000 0.000000000e+000 -2.809674199e-012 0.000000000e+000 0.000000000e+000 -2.444388435e-011 5.000000000e+000 5.000000000e+000 -2.310028921e-012 0.000000000e+000 0.000000000e+000 3.223575149e-011  0 7.54101e-015 
d 8.7679456e-009 0.000000000e+000 0.000000000e+000 -2.310969813e-012 0.000000000e+000 0.000000000e+000 -6.926824733e-012 5.000000000e+000 5.000000000e+000 -1.116365054e-012 0.000000000e+000 0.000000000e+000 1.173610603e-011  0 7.54101e-015 
d 9.1706268e-009 0.000000000e+000 0.000000000e+000 -1.966360112e-012 0.000000000e+000 0.000000000e+000 3.136999210e-011 5.000000000e+000 5.000000000e+000 1.360411966e-012 0.000000000e+000 0.000000000e+000 2.003821490e-011  0 7.54101e-015 
d 9.5934420e-009 0.000000000e+000 0.000000000e+000 -1.607301580e-012 0.000000000e+000 0.000000000e+000 -2.900607987e-012 5.000000000e+000 5.000000000e+000 -8.707588459e-013 0.000000000e+000 0.000000000e+000 1.628166677e-011  0 7.54101e-015 
d 1.0037398e-008 0.000000000e+000 0.000000000e+000 -1.386386641e-012 0.000000000e+000 0.000000000e+000 -5.051450072e-011 5.000000000e+000 5.000000000e+000 -3.545481317e-012 0.000000000e+000 0.000000000e+000 2.559445304e-011  0 7.54101e-015 
d 1.0503552e-008 0.000000000e+000 0.000000000e+000 -1.085892729e-012 0.000000000e+000 0.000000000e+000 -2.710234435e-012 5.000000000e+000 5.000000000e+000 -2.632545149e-013 0.000000000e+000 0.000000000e+000 1.316212070e-011  0 7.54101e-015 
d 1.0993013e-008 0.000000000e+000 0.000000000e+000 -7.242259493e-014 0.000000000e+000 0.000000000e+000 7.229548477e-012 5.000000000e+000 5.000000000e+000 7.761987826e-014 0.000000000e+000 0.000000000e+000 2.168184625e-010  0 7.54101e-015 
d 1.1506947e-008 0.000000000e+000 0.000000000e+000 -1.429576687e-012 0.000000000e+000 0.000000000e+000 5.537911494e-011 5.000000000e+000 5.000000000e+000 3.359538725e-012 0.000000000e+000 0.000000000e+000 2.832171334e-011  0 7.54101e-015 
d 1.2046579e-008 0.000000000e+000 0.000000000e+000 -1.275261961e-014 0.000000000e+000 0.000000000e+000 9.603581363e-012 5.000000000e+000 5.000000000e+000 2.948430321e-012 0.000000000e+000 0.000000000e+000 1.262602678e-010  0 7.54101e-015 
d 1.2613191e-008 0.000000000e+000 0.000000000e+000 -7.431014521e-013 0.000000000e+000 0.000000000e+000 -4.114355158e-012 5.000000000e+000 5.000000000e+000 -5.880118165e-013 0.000000000e+000 0.000000000e+000 1.009234454e-011  0 7.54101e-015 
d 1.3208135e-008 0.000000000e+000 0.000000000e+000 -1.169271148e-014 0.000000000e+000 0.000000000e+000 -3.941911227e-012 5.000000000e+000 5.000000000e+000 -4.778872803e-013 0.000000000e+000 0.000000000e+000 7.111420341e-011  0 7.54101e-015 
d 1.3832825e-008 0.000000000e+000 0.000000000e+000 -3.030133104e-014 0.000000000e+000 0.000000000e+000 -7.739055983e-012 5.000000000e+000 5.000000000e+000 -1.593366622e-012 0.000000000e+000 0.000000000e+000 1.123001538e-010  0 7.54101e-015 
d 1.4488750e-008 0.000000000e+000 0.000000000e+000 -3.083812667e-014 0.000000000e+000 0.000000000e+000 -4.110983234e-012 5.000000000e+000 5.000000000e+000 -5.333500964e-013 0.000000000e+000 0.000000000e+000 1.199276791e-010  0 7.54101e-015 
d 1.5177471e-008 0.000000000e+000 0.000000000e+000 -2.503402819e-014 0.000000000e+000 0.000000000e+000 5.007043998e-012 5.000000000e+000 5.000000000e+000 3.785849930e-013 0.000000000e+000 0.000000000e+000 1.072273084e-010  0 7.54101e-015 
d 1.5900628e-008 0.000000000e+000 0.000000000e+000 -1.279067959e-014 0.000000000e+000 0.000000000e+000 7.127767303e-012 5.000000000e+000 5.000000000e+000 1.267245100e-012 0.000000000e+000 0.000000000e+000 7.027935035e-011  0 7.54101e-015 
d 1.6659943e-008 0.000000000e+000 0.000000000e+000 -5.792679213e-015 0.000000000e+000 0.000000000e+000 5.062353564e-012 5.000000000e+000 5.000000000e+000 2.725114004e-012 0.000000000e+000 0.000000000e+000 3.397104540e-011  0 7.54101e-015 
d 1.7457224e-008 0.000000000e+000 0.000000000e+000 1.786644984e-016 0.000000000e+000 0.000000000e+000 -1.668828532e-013 5.000000000e+000 5.000000000e+000 1.250371210e-013 0.000000000e+000 0.000000000e+000 -2.055085105e-012  0 7.54101e-015 
d 1.8294368e-008 0.000000000e+000 0.000000000e+000 4.694699676e-015 0.000000000e+000 0.000000000e+000 -2.020237822e-012 5.000000000e+000 5.000000000e+000 -8.758569068e-013 0.000000000e+000 0.000000000e+000 -2.568248796e-011  0 7.54101e-015 
d 1.9173370e-008 0.000000000e+000 0.000000000e+000 8.870028543e-015 0.000000000e+000 0.000000000e+000 -7.068259286e-013 5.000000000e+000 5.000000000e+000 -3.664456430e-013 0.000000000e+000 0.000000000e+000 -3.916688703e-011  0 7.54101e-015 
d 2.0096322e-008 0.000000000e+000 0.000000000e+000 5.396552373e-015 0.000000000e+000 0.000000000e+000 6.504921306e-013 5.000000000e+000 5.000000000e+000 3.550157442e-013 0.000000000e+000 0.000000000e+000 -3.466031328e-011  0 7.54101e-015 
d 2.1065421e-008 0.000000000e+000 0.000000000e+000 4.163211871e-015 0.000000000e+000 0.000000000e+000 8.073084437e-013 5.000000000e+000 5.000000000e+000 6.713957112e-013 0.000000000e+000 0.000000000e+000 -2.460562832e-011  0 7.54101e-015 
d 2.2082976e-008 0.000000000e+000 0.000000000e+000 1.761480306e-015 0.000000000e+000 0.000000000e+000 -1.957555025e-013 5.000000000e+000 5.000000000e+000 2.056324603e-013 0.000000000e+000 0.000000000e+000 -1.164764710e-011  0 7.54101e-015 
d 2.3151408e-008 0.000000000e+000 0.000000000e+000 9.751145922e-018 0.000000000e+000 0.000000000e+000 -1.148720309e-013 5.000000000e+000 5.000000000e+000 1.236652589e-013 0.000000000e+000 0.000000000e+000 -3.736284603e-013  0 7.54101e-015 
d 2.4273261e-008 0.000000000e+000 0.000000000e+000 -9.176048316e-016 0.000000000e+000 0.000000000e+000 -2.610790724e-013 5.000000000e+000 5.000000000e+000 5.194893386e-014 0.000000000e+000 0.000000000e+000 7.022328254e-012  0 7.54101e-015 
d 2.5451208e-008 0.000000000e+000 0.000000000e+000 -2.468696269e-015 0.000000000e+000 0.000000000e+000 -4.314970107e-013 5.000000000e+000 5.000000000e+000 1.296601003e-013 0.000000000e+000 0.000000000e+000 1.130191170e-011  0 7.54101e-015 
d 2.6688051e-008 0.000000000e+000 0.000000000e+000 -9.234607318e-016 0.000000000e+000 0.000000000e+000 -1.707038170e-013 5.000000000e+000 5.000000000e+000 7.093820544e-014 0.000000000e+000 0.000000000e+000 8.991880195e-012  0 7.54101e-015 
d 2.7986737e-008 0.000000000e+000 0.000000000e+000 -6.256451844e-016 0.000000000e+000 0.000000000e+000 1.152714845e-014 5.000000000e+000 5.000000000e+000 2.081285085e-013 0.000000000e+000 0.000000000e+000 5.512916647e-012  0 7.54101e-015 
d 2.9350356e-008 0.000000000e+000 0.000000000e+000 -1.518160977e-016 0.000000000e+000 0.000000000e+000 -1.132372286e-014 5.000000000e+000 5.000000000e+000 1.824095284e-013 0.000000000e+000 0.000000000e+000 1.627217934e-012  0 7.54101e-015 
d 3.0782157e-008 0.000000000e+000 0.000000000e+000 1.535280783e-016 0.000000000e+000 0.000000000e+000 -7.142748170e-014 5.000000000e+000 5.000000000e+000 1.318041876e-013 0.000000000e+000 0.000000000e+000 -1.290787061e-012  0 7.54101e-015 
d 3.2285548e-008 0.000000000e+000 0.000000000e+000 4.078573289e-016 0.000000000e+000 0.000000000e+000 -6.937517462e-014 5.000000000e+000 5.000000000e+000 1.288478084e-013 0.000000000e+000 0.000000000e+000 -2.841117736e-012  0 7.54101e-015 
d 3.3864108e-008 0.000000000e+000 0.000000000e+000 2.638498003e-016 0.000000000e+000 0.000000000e+000 -9.432912415e-014 5.000000000e+000 5.000000000e+000 1.235274341e-013 0.000000000e+000 0.000000000e+000 -2.575679179e-012  0 7.54101e-015 
d 3.5521596e-008 0.000000000e+000 0.000000000e+000 1.622775293e-016 0.000000000e+000 0.000000000e+000 -1.342722319e-013 5.000000000e+000 5.000000000e+000 1.313448334e-013 0.000000000e+000 0.000000000e+000 -1.585581307e-012  0 7.54101e-015 
d 3.7261958e-008 0.000000000e+000 0.000000000e+000 2.900406377e-017 0.000000000e+000 0.000000000e+000 -1.519994988e-013 5.000000000e+000 5.000000000e+000 1.236608218e-013 0.000000000e+000 0.000000000e+000 -3.987427656e-013  0 7.54101e-015 
d 3.9089339e-008 0.000000000e+000 0.000000000e+000 -2.936573049e-017 0.000000000e+000 0.000000000e+000 -1.271601206e-013 5.000000000e+000 5.000000000e+000 1.221282980e-013 0.000000000e+000 0.000000000e+000 3.684147744e-013  0 7.54101e-015 
d 4.1008088e-008 0.000000000e+000 0.000000000e+000 -6.525056087e-017 0.000000000e+000 0.000000000e+000 -1.262866861e-013 5.000000000e+000 5.000000000e+000 1.166817459e-013 0.000000000e+000 0.000000000e+000 6.768481761e-013  0 7.54101e-015 
d 4.3022775e-008 0.000000000e+000 0.000000000e+000 -5.768294509e-017 0.000000000e+000 0.000000000e+000 -1.249995193e-013 5.000000000e+000 5.000000000e+000 1.174942603e-013 0.000000000e+000 0.000000000e+000 5.674008952e-013  0 7.54101e-015 
d 4.5138196e-008 0.000000000e+000 0.000000000e+000 -1.907425868e-017 0.000000000e+000 0.000000000e+000 -1.169503078e-013 5.000000000e+000 5.000000000e+000 1.259385943e-013 0.000000000e+000 0.000000000e+000 2.615301331e-013  0 7.54101e-015 
d 4.7359388e-008 0.000000000e+000 0.000000000e+000 1.762442117e-019 0.000000000e+000 0.000000000e+000 -1.208395215e-013 5.000000000e+000 5.000000000e+000 1.228116975e-013 0.000000000e+000 0.000000000e+000 -9.125516059e-015  0 7.54101e-015 
d 4.9691639e-008 0.000000000e+000 0.000000000e+000 1.096984443e-017 0.000000000e+000 0.000000000e+000 -1.187222099e-013 5.000000000e+000 5.000000000e+000 1.231222530e-013 0.000000000e+000 0.000000000e+000 -1.389962608e-013  0 7.54101e-015 
d 5.2140503e-008 0.000000000e+000 0.000000000e+000 9.704873292e-018 0.000000000e+000 0.000000000e+000 -1.184257576e-013 5.000000000e+000 5.000000000e+000 1.233186242e-013 0.000000000e+000 0.000000000e+000 -1.405730420e-013  0 7.54101e-015 
d 5.4711810e-008 0.000000000e+000 0.000000000e+000 4.728573684e-018 0.000000000e+000 0.000000000e+000 -1.206028851e-013 5.000000000e+000 5.000000000e+000 1.231478850e-013 0.000000000e+000 0.000000000e+000 -7.715688628e-014  0 7.54101e-015 
d 5.7411683e-008 0.000000000e+000 0.000000000e+000 3.542372255e-019 0.000000000e+000 0.000000000e+000 -1.218778759e-013 5.000000000e+000 5.000000000e+000 1.225475749e-013 0.000000000e+000 0.000000000e+000 -1.074021964e-014  0 7.54101e-015 
d 6.0246548e-008 0.000000000e+000 0.000000000e+000 -1.713262360e-018 0.000000000e+000 0.000000000e+000 -1.213085988e-013 5.000000000e+000 5.000000000e+000 1.226047848e-013 0.000000000e+000 0.000000000e+000 2.346399743e-014  0 7.54101e-015 
d 6.3223157e-008 0.000000000e+000 0.000000000e+000 -1.676003109e-018 0.000000000e+000 0.000000000e+000 -1.208867010e-013 5.000000000e+000 5.000000000e+000 1.226604612e-013 0.000000000e+000 0.000000000e+000 2.647684584e-014  0 7.54101e-015 
d 6.6348596e-008 0.000000000e+000 0.000000000e+000 -9.978319343e-019 0.000000000e+000 0.000000000e+000 -1.207456749e-013 5.000000000e+000 5.000000000e+000 1.227556616e-013 0.000000000e+000 0.000000000e+000 1.284914311e-014  0 7.54101e-015 
d 6.9630307e-008 0.000000000e+000 0.000000000e+000 -3.970793373e-020 0.000000000e+000 0.000000000e+000 -1.206201466e-013 5.000000000e+000 5.000000000e+000 1.228394035e-013 0.000000000e+000 0.000000000e+000 -8.378559485e-016  0 7.54101e-015 
d 7.3076104e-008 0.000000000e+000 0.000000000e+000 3.405397423e-019 0.000000000e+000 0.000000000e+000 -1.206212741e-013 5.000000000e+000 5.000000000e+000 1.228498638e-013 0.000000000e+000 0.000000000e+000 -7.275485157e-015  0 7.54101e-015 
d 7.6694190e-008 0.000000000e+000 0.000000000e+000 2.204037632e-019 0.000000000e+000 0.000000000e+000 -1.207205151e-013 5.000000000e+000 5.000000000e+000 1.228194270e-013 0.000000000e+000 0.000000000e+000 -6.936638791e-015  0 7.54101e-015 
d 8.0493180e-008 0.000000000e+000 0.000000000e+000 8.019189613e-020 0.000000000e+000 0.000000000e+000 -1.207558977e-013 5.000000000e+000 5.000000000e+000 1.228165051e-013 0.000000000e+000 0.000000000e+000 -4.063128413e-015  0 7.54101e-015 
d 8.4482119e-008 0.000000000e+000 0.000000000e+000 -5.438456816e-021 0.000000000e+000 0.000000000e+000 -1.207460747e-013 5.000000000e+000 5.000000000e+000 1.227988619e-013 0.000000000e+000 0.000000000e+000 -1.860767748e-015  0 7.54101e-015 
d 8.8670505e-008 0.000000000e+000 0.000000000e+000 -4.816919113e-020 0.000000000e+000 0.000000000e+000 -1.207592823e-013 5.000000000e+000 5.000000000e+000 1.227996108e-013 0.000000000e+000 0.000000000e+000 -1.096989941e-015  0 7.54101e-015 
d 9.3068311e-008 0.000000000e+000 0.000000000e+000 -2.216415193e-020 0.000000000e+000 0.000000000e+000 -1.207509933e-013 5.000000000e+000 5.000000000e+000 1.228059461e-013 0.000000000e+000 0.000000000e+000 -1.424836256e-015  0 7.54101e-015 
d 9.7686006e-008 0.000000000e+000 0.000000000e+000 -4.110701101e-021 0.000000000e+000 0.000000000e+000 -1.207449277e-013 5.000000000e+000 5.000000000e+000 1.228029006e-013 0.000000000e+000 0.000000000e+000 -1.918380603e-015  0 7.54101e-015 
d 1.0000000e-007 0.000000000e+000 0.000000000e+000 1.054686054e-020 0.000000000e+000 0.000000000e+000 -1.207401200e-013 5.000000000e+000 5.000000000e+000 1.227994408e-013 0.000000000e+000 0.000000000e+000 -2.213337456e-015  0 7.54101e-015 
