v ATLAS
# This file was created by ATLAS version 5.18.3.R on Sat Mar 02 22:50:39 2013.
#SSF 2.0 generic
##############################################################################
#                    Copyright © 1984 - 2012                                 #
#                    Silvaco Inc. All rights reserved                        #
#                                                                            #
# This file format and the following Key are copyright Silvaco Inc.          #
# You may not use, this format or key without reproducing this message in    #
# full and obtaining express written permission from Silvaco Inc.            #
#                                                                            #
# To obtain such permission please contact: Silvaco Inc.                     #
#                                           support@silvaco.com              #
#                                                                            #
# KEY=SVC86hn7562asdx                       PROD=345                         #
##############################################################################
y 3 700 711 15
z 13 0.08 300
f 3 "gate" "emitter" "collector" 
p 10 2 601 20 3 602 21 4 603 22 82 
d 1.000000000e+001 1.000000000e+001 0.000000000e+000 0.000000000e+000 0.000000000e+000 1.139360800e-016 0.000000000e+000 0.000000000e+000 -1.083489667e-018 3.000000000e+002 
d 1.000000000e+001 1.000000000e+001 0.000000000e+000 0.000000000e+000 0.000000000e+000 -1.994968354e-014 5.000000075e-002 5.000000075e-002 -1.258188815e-016 3.000000000e+002 
d 1.000000000e+001 1.000000000e+001 0.000000000e+000 0.000000000e+000 0.000000000e+000 -2.506469784e-014 1.050000028e-001 1.050000028e-001 2.445103789e-016 3.000000000e+002 
d 1.000000000e+001 1.000000000e+001 0.000000000e+000 0.000000000e+000 0.000000000e+000 -2.610382466e-013 1.655000063e-001 1.655000063e-001 2.513933481e-015 3.000000000e+002 
d 1.000000000e+001 1.000000000e+001 0.000000000e+000 0.000000000e+000 0.000000000e+000 -3.313253273e-012 2.320500116e-001 2.320500116e-001 3.211877235e-014 3.000000000e+002 
d 1.000000000e+001 1.000000000e+001 0.000000000e+000 0.000000000e+000 0.000000000e+000 3.074115218e-012 3.052550190e-001 3.052550190e-001 5.001196117e-013 3.000000000e+002 
d 1.000000000e+001 1.000000000e+001 0.000000000e+000 0.000000000e+000 0.000000000e+000 -5.132210308e-013 5.614116987e+000 3.170729851e-001 7.405751641e-013 3.000000000e+002 
d 1.000000000e+001 1.000000000e+001 0.000000000e+000 0.000000000e+000 0.000000000e+000 -1.515515918e-012 7.079009727e+000 3.309465917e-001 1.210588192e-012 3.000000000e+002 
d 1.000000000e+001 1.000000000e+001 0.000000000e+000 0.000000000e+000 0.000000000e+000 -8.276691020e-013 8.566901534e+000 3.436195365e-001 2.153634365e-012 3.000000000e+002 
d 1.000000000e+001 1.000000000e+001 0.000000000e+000 0.000000000e+000 0.000000000e+000 -4.784854717e-012 8.903987949e+000 3.599155146e-001 4.044858329e-012 3.000000000e+002 
d 1.000000000e+001 1.000000000e+001 0.000000000e+000 0.000000000e+000 0.000000000e+000 -6.538768236e-012 9.969179866e+000 3.774725004e-001 7.839016570e-012 3.000000000e+002 
d 1.000000000e+001 1.000000000e+001 0.000000000e+000 0.000000000e+000 0.000000000e+000 -1.013700025e-011 1.119829875e+001 3.954281357e-001 1.544829008e-011 3.000000000e+002 
d 1.000000000e+001 1.000000000e+001 0.000000000e+000 0.000000000e+000 0.000000000e+000 -3.072009511e-011 1.242186428e+001 4.135370422e-001 3.070399047e-011 3.000000000e+002 
d 1.000000000e+001 1.000000000e+001 0.000000000e+000 0.000000000e+000 0.000000000e+000 -6.127317106e-011 1.362467326e+001 4.317541916e-001 6.130892975e-011 3.000000000e+002 
d 1.000000000e+001 1.000000000e+001 0.000000000e+000 0.000000000e+000 0.000000000e+000 -1.226940924e-010 1.482900281e+001 4.500893365e-001 1.226914181e-010 3.000000000e+002 
d 1.000000000e+001 1.000000000e+001 0.000000000e+000 0.000000000e+000 0.000000000e+000 -2.457993090e-010 1.605071811e+001 4.685498045e-001 2.457775528e-010 3.000000000e+002 
d 1.000000000e+001 1.000000000e+001 0.000000000e+000 0.000000000e+000 0.000000000e+000 -4.925795408e-010 1.726568238e+001 4.871942468e-001 4.925495587e-010 3.000000000e+002 
d 1.000000000e+001 1.000000000e+001 0.000000000e+000 0.000000000e+000 0.000000000e+000 -9.872992029e-010 1.841639617e+001 5.061732374e-001 9.872202761e-010 3.000000000e+002 
d 1.000000000e+001 1.000000000e+001 0.000000000e+000 0.000000000e+000 0.000000000e+000 -1.978690464e-009 1.939323374e+001 5.257966283e-001 1.978702962e-009 3.000000000e+002 
d 1.000000000e+001 1.000000000e+001 0.000000000e+000 0.000000000e+000 0.000000000e+000 -3.965790896e-009 1.999445044e+001 5.466790704e-001 3.965819876e-009 3.000000000e+002 
d 1.000000000e+001 1.000000000e+001 0.000000000e+000 0.000000000e+000 0.000000000e+000 -7.948579636e-009 1.990197420e+001 5.695731025e-001 7.948569340e-009 3.000000000e+002 
d 1.000000000e+001 1.000000000e+001 0.000000000e+000 0.000000000e+000 0.000000000e+000 -1.593084678e-008 1.851881877e+001 5.977080564e-001 1.593084221e-008 3.000000000e+002 
d 1.000000000e+001 1.000000000e+001 0.000000000e+000 0.000000000e+000 0.000000000e+000 -3.193665104e-008 1.632430142e+001 6.349176163e-001 3.193663343e-008 3.000000000e+002 
d 1.000000000e+001 1.000000000e+001 0.000000000e+000 0.000000000e+000 0.000000000e+000 -6.405774091e-008 1.351097598e+001 6.883983491e-001 6.405772900e-008 3.000000000e+002 
d 1.000000000e+001 1.000000000e+001 0.000000000e+000 0.000000000e+000 0.000000000e+000 -1.286576141e-007 1.099966063e+001 7.678962011e-001 1.286575909e-007 3.000000000e+002 
d 1.000000000e+001 1.000000000e+001 0.000000000e+000 0.000000000e+000 0.000000000e+000 -2.592909259e-007 9.566464481e+000 8.805052219e-001 2.592909292e-007 3.000000594e+002 
d 1.000000000e+001 1.000000000e+001 0.000000000e+000 0.000000000e+000 0.000000000e+000 -3.920308610e-007 7.358456760e+000 9.608549881e-001 3.920308814e-007 3.000009136e+002 
d 1.000000000e+001 1.000000000e+001 0.000000000e+000 0.000000000e+000 0.000000000e+000 -6.618190929e-007 8.694106052e+000 1.073635563e+000 6.618191206e-007 3.000038566e+002 
d 1.000000000e+001 1.000000000e+001 0.000000000e+000 0.000000000e+000 0.000000000e+000 -9.361067756e-007 8.391716420e+000 1.153894174e+000 9.361067517e-007 3.000078229e+002 
d 1.000000000e+001 1.000000000e+001 0.000000000e+000 0.000000000e+000 0.000000000e+000 -1.492586596e-006 1.021303708e+001 1.268615498e+000 1.492586596e-006 3.000177671e+002 
d 1.000000000e+001 1.000000000e+001 0.000000000e+000 0.000000000e+000 0.000000000e+000 -2.056801653e-006 1.006925425e+001 1.352537373e+000 2.056801719e-006 3.000295993e+002 
d 1.000000000e+001 1.000000000e+001 0.000000000e+000 0.000000000e+000 0.000000000e+000 -3.198633015e-006 1.205651499e+001 1.477395712e+000 3.198632999e-006 3.000574325e+002 
d 1.000000000e+001 1.000000000e+001 0.000000000e+000 0.000000000e+000 0.000000000e+000 -5.514969381e-006 1.429311710e+001 1.655330908e+000 5.514968986e-006 3.001261706e+002 
d 1.000000000e+001 1.000000000e+001 0.000000000e+000 0.000000000e+000 0.000000000e+000 -1.022035156e-005 1.601223856e+001 1.915353499e+000 1.022035149e-005 3.003065042e+002 
d 1.000000000e+001 1.000000000e+001 0.000000000e+000 0.000000000e+000 0.000000000e+000 -1.978493539e-005 1.666644190e+001 2.328093189e+000 1.978493542e-005 3.008198051e+002 
d 1.000000000e+001 1.000000000e+001 0.000000000e+000 0.000000000e+000 0.000000000e+000 -3.917465187e-005 1.670610496e+001 3.065304845e+000 3.917465189e-005 3.024466723e+002 
d 1.000000000e+001 1.000000000e+001 0.000000000e+000 0.000000000e+000 0.000000000e+000 -1.101577043e-004 2.505039755e+001 7.086676847e+000 1.101577043e-004 3.206286351e+002 
d 1.000000000e+001 1.000000000e+001 0.000000000e+000 0.000000000e+000 0.000000000e+000 -1.235962225e-004 1.406727444e+001 1.005801411e+001 1.235962225e-004 3.355428477e+002 
d 1.000000000e+001 1.000000000e+001 0.000000000e+000 0.000000000e+000 0.000000000e+000 -1.274358431e-004 1.396500529e+001 1.161046127e+001 1.274358431e-004 3.436127153e+002 
d 1.000000000e+001 1.000000000e+001 0.000000000e+000 0.000000000e+000 0.000000000e+000 -1.337997112e-004 1.716153698e+001 1.474021915e+001 1.337997112e-004 3.610740702e+002 
d 1.000000000e+001 1.000000000e+001 0.000000000e+000 0.000000000e+000 0.000000000e+000 -1.401998678e-004 2.118875881e+001 1.786924106e+001 1.401998674e-004 3.811466073e+002 
d 1.000000000e+001 1.000000000e+001 0.000000000e+000 0.000000000e+000 0.000000000e+000 -1.482038291e-004 2.614495369e+001 2.094227825e+001 1.482038288e-004 4.056492979e+002 
d 1.000000000e+001 1.000000000e+001 0.000000000e+000 0.000000000e+000 0.000000000e+000 -1.533186905e-004 3.168243229e+001 2.241388941e+001 1.533186893e-004 4.203718731e+002 
d 1.000000000e+001 1.000000000e+001 0.000000000e+000 0.000000000e+000 0.000000000e+000 -1.619705827e-004 3.725335058e+001 2.427663001e+001 1.619705826e-004 4.440304799e+002 
d 1.000000000e+001 1.000000000e+001 0.000000000e+000 0.000000000e+000 0.000000000e+000 -1.675987523e-004 4.532217805e+001 2.515600394e+001 1.675987523e-004 4.586674107e+002 
d 1.000000000e+001 1.000000000e+001 0.000000000e+000 0.000000000e+000 0.000000000e+000 -1.744862375e-004 5.321250297e+001 2.589520112e+001 1.744862375e-004 4.751813763e+002 
d 1.000000000e+001 1.000000000e+001 0.000000000e+000 0.000000000e+000 0.000000000e+000 -1.967873729e-004 7.579245007e+001 2.534678986e+001 1.967873729e-004 5.033387267e+002 
d 1.000000000e+001 1.000000000e+001 0.000000000e+000 0.000000000e+000 0.000000000e+000 -2.119169672e-004 -1.504558903e+001 2.371182874e+001 2.119169669e-004 5.059954395e+002 
d 1.000000000e+001 1.000000000e+001 0.000000000e+000 0.000000000e+000 0.000000000e+000 -2.267541202e-004 -3.283822197e+000 2.201867165e+001 2.267541202e-004 5.042472051e+002 
d 1.000000000e+001 1.000000000e+001 0.000000000e+000 0.000000000e+000 0.000000000e+000 -2.923895628e-004 -9.101499658e+000 1.577977560e+001 2.923895628e-004 4.813194947e+002 
d 1.000000000e+001 1.000000000e+001 0.000000000e+000 0.000000000e+000 0.000000000e+000 -3.339353594e-004 2.975964293e-001 1.297116993e+001 3.339353594e-004 4.634271378e+002 
d 1.000000000e+001 1.000000000e+001 0.000000000e+000 0.000000000e+000 0.000000000e+000 -3.838349790e-004 5.970822893e-001 1.036857656e+001 3.838349790e-004 4.413397105e+002 
d 1.000000000e+001 1.000000000e+001 0.000000000e+000 0.000000000e+000 0.000000000e+000 -4.464663747e-004 7.697015394e-001 7.965021630e+000 4.464663747e-004 4.159438292e+002 
d 1.000000000e+001 1.000000000e+001 0.000000000e+000 0.000000000e+000 0.000000000e+000 -5.277327743e-004 5.771488461e-001 5.737049851e+000 5.277327742e-004 3.872246848e+002 
d 1.000000000e+001 1.000000000e+001 0.000000000e+000 0.000000000e+000 0.000000000e+000 -5.790492772e-004 1.685543109e+000 4.675345297e+000 5.790492772e-004 3.714396264e+002 
d 1.000000000e+001 1.000000000e+001 0.000000000e+000 0.000000000e+000 0.000000000e+000 -6.447462365e-004 1.382645598e+000 3.663473845e+000 6.447462364e-004 3.553933112e+002 
d 1.000000000e+001 1.000000000e+001 0.000000000e+000 0.000000000e+000 0.000000000e+000 -7.423359620e-004 8.349079324e-001 2.730226304e+000 7.423359620e-004 3.400562108e+002 
d 1.000000000e+001 1.000000000e+001 0.000000000e+000 0.000000000e+000 0.000000000e+000 -8.225537840e-004 6.880533852e-001 2.321357554e+000 8.225537840e-004 3.335858921e+002 
d 1.000000000e+001 1.000000000e+001 0.000000000e+000 0.000000000e+000 0.000000000e+000 -8.797328722e-004 2.486706005e-001 2.150608433e+000 8.797328722e-004 3.313602641e+002 
d 1.000000000e+001 1.000000000e+001 0.000000000e+000 0.000000000e+000 0.000000000e+000 -9.496609480e-004 -3.493463060e-001 2.017769656e+000 9.496609480e-004 3.301438619e+002 
d 1.000000000e+001 1.000000000e+001 0.000000000e+000 0.000000000e+000 0.000000000e+000 -1.033357656e-003 -1.210727835e+000 1.919924897e+000 1.033357656e-003 3.298240000e+002 
