v ATLAS
# This file was created by ATLAS version 5.18.3.R on Wed Feb 27 21:57:55 2013.
#SSF 2.0 generic
##############################################################################
#                    Copyright © 1984 - 2012                                 #
#                    Silvaco Inc. All rights reserved                        #
#                                                                            #
# This file format and the following Key are copyright Silvaco Inc.          #
# You may not use, this format or key without reproducing this message in    #
# full and obtaining express written permission from Silvaco Inc.            #
#                                                                            #
# To obtain such permission please contact: Silvaco Inc.                     #
#                                           support@silvaco.com              #
#                                                                            #
# KEY=SVC86hn7562asdx                       PROD=345                         #
##############################################################################
y 1 15
z 300
f 3 "emitter" "base" "collector" 
p 9 2 601 20 3 602 21 4 603 22 
d 0.000000000e+000 0.000000000e+000 -5.459702869e-014 2.367383422e-001 2.367383422e-001 2.324489486e-015 2.000000000e-001 2.000000000e-001 5.162054512e-014 
d 0.000000000e+000 0.000000000e+000 -5.721918404e-014 2.373820332e-001 2.373820332e-001 2.528323746e-015 4.000000000e-001 4.000000000e-001 5.420302484e-014 
d 0.000000000e+000 0.000000000e+000 -5.901973536e-014 2.376739711e-001 2.376739711e-001 3.504309355e-015 6.000000000e-001 6.000000000e-001 5.606297564e-014 
d 0.000000000e+000 0.000000000e+000 -6.085585191e-014 2.379047550e-001 2.379047550e-001 2.799324212e-015 8.000000000e-001 8.000000000e-001 5.782458211e-014 
d 0.000000000e+000 0.000000000e+000 -6.248056408e-014 2.380801294e-001 2.380801294e-001 2.986594528e-015 1.000000000e+000 1.000000000e+000 5.949953553e-014 
d 0.000000000e+000 0.000000000e+000 -6.424561788e-014 2.382541410e-001 2.382541410e-001 3.678486463e-015 1.200000000e+000 1.200000000e+000 6.121446713e-014 
d 0.000000000e+000 0.000000000e+000 -6.581147086e-014 2.383595988e-001 2.383595988e-001 2.876546544e-015 1.400000000e+000 1.400000000e+000 6.281603703e-014 
d 0.000000000e+000 0.000000000e+000 -6.752567749e-014 2.384810558e-001 2.384810558e-001 2.829855682e-015 1.600000000e+000 1.600000000e+000 6.450825461e-014 
d 0.000000000e+000 0.000000000e+000 -6.919915231e-014 2.385941335e-001 2.385941335e-001 2.689603801e-015 1.800000000e+000 1.800000000e+000 6.622695245e-014 
d 0.000000000e+000 0.000000000e+000 -7.087684193e-014 2.386761411e-001 2.386761411e-001 3.488416791e-015 2.000000000e+000 2.000000000e+000 6.790949042e-014 
d 0.000000000e+000 0.000000000e+000 -7.265424512e-014 2.387512156e-001 2.387512156e-001 3.030677615e-015 2.200000000e+000 2.200000000e+000 6.961782973e-014 
d 0.000000000e+000 0.000000000e+000 -7.450704523e-014 2.388492123e-001 2.388492123e-001 2.683206995e-015 2.400000000e+000 2.400000000e+000 7.144564652e-014 
d 0.000000000e+000 0.000000000e+000 -7.626518845e-014 2.389335218e-001 2.389335218e-001 2.706671275e-015 2.600000000e+000 2.600000000e+000 7.330368343e-014 
d 0.000000000e+000 0.000000000e+000 -7.810030251e-014 2.389779578e-001 2.389779578e-001 3.244784041e-015 2.800000000e+000 2.800000000e+000 7.511867441e-014 
d 0.000000000e+000 0.000000000e+000 -7.994118465e-014 2.390111180e-001 2.390111180e-001 3.672616875e-015 3.000000000e+000 3.000000000e+000 7.698480477e-014 
d 0.000000000e+000 0.000000000e+000 -8.197647383e-014 2.390513296e-001 2.390513296e-001 2.630039714e-015 3.200000000e+000 3.200000000e+000 7.894850794e-014 
d 0.000000000e+000 0.000000000e+000 -8.405317353e-014 2.391074428e-001 2.391074428e-001 2.833990643e-015 3.400000000e+000 3.400000000e+000 8.104753641e-014 
d 0.000000000e+000 0.000000000e+000 -8.629140270e-014 2.391770724e-001 2.391770724e-001 3.629450170e-015 3.600000000e+000 3.600000000e+000 8.328885454e-014 
d 0.000000000e+000 0.000000000e+000 -8.866431665e-014 2.392587764e-001 2.392587764e-001 3.021324426e-015 3.800000000e+000 3.800000000e+000 8.567331742e-014 
d 0.000000000e+000 0.000000000e+000 -9.124604514e-014 2.393597941e-001 2.393597941e-001 2.613702761e-015 4.000000000e+000 4.000000000e+000 8.822168760e-014 
d 0.000000000e+000 0.000000000e+000 -9.400981818e-014 2.394794743e-001 2.394794743e-001 3.268782471e-015 4.200000000e+000 4.200000000e+000 9.097367565e-014 
d 0.000000000e+000 0.000000000e+000 -9.680041440e-014 2.395996691e-001 2.395996691e-001 3.509467015e-015 4.400000000e+000 4.400000000e+000 9.384924695e-014 
d 0.000000000e+000 0.000000000e+000 -9.979074610e-014 2.397100891e-001 2.397100891e-001 2.804398699e-015 4.600000000e+000 4.600000000e+000 9.683431614e-014 
d 0.000000000e+000 0.000000000e+000 -1.029483854e-013 2.398226090e-001 2.398226090e-001 2.971554121e-015 4.800000000e+000 4.800000000e+000 9.997292769e-014 
d 0.000000000e+000 0.000000000e+000 -1.063951137e-013 2.399546012e-001 2.399546012e-001 2.951567855e-015 5.000000000e+000 5.000000000e+000 1.033460300e-013 
d 0.000000000e+000 0.000000000e+000 -1.162638343e-013 2.404606560e-001 2.404606560e-001 2.968429937e-015 5.500000000e+000 5.500000000e+000 1.132454457e-013 
d 0.000000000e+000 0.000000000e+000 -1.293660124e-013 2.413918191e-001 2.413918191e-001 2.671157070e-015 6.000000000e+000 6.000000000e+000 1.263712643e-013 
d 0.000000000e+000 0.000000000e+000 -1.486942433e-013 2.431075280e-001 2.431075280e-001 2.818376114e-015 6.500000000e+000 6.500000000e+000 1.457402404e-013 
d 0.000000000e+000 0.000000000e+000 -1.811000099e-013 2.462826283e-001 2.462826283e-001 2.895486929e-015 7.000000000e+000 7.000000000e+000 1.781174881e-013 
d 0.000000000e+000 0.000000000e+000 -2.440152986e-013 2.521725572e-001 2.521725572e-001 3.122990568e-015 7.500000000e+000 7.500000000e+000 2.410638950e-013 
d 0.000000000e+000 0.000000000e+000 -4.125707756e-013 2.643956224e-001 2.643956224e-001 3.380584339e-015 8.000000000e+000 8.000000000e+000 4.095725915e-013 
d 0.000000000e+000 0.000000000e+000 -1.562946194e-012 2.995974627e-001 2.995974627e-001 3.551828318e-015 8.500000000e+000 8.500000000e+000 1.559958722e-012 
d 0.000000000e+000 0.000000000e+000 -3.404675399e-012 3.210402402e-001 3.210402402e-001 3.165325500e-015 8.625000000e+000 8.625000000e+000 3.401650014e-012 
d 0.000000000e+000 0.000000000e+000 -1.062655572e-011 3.525638575e-001 3.525638575e-001 3.510899386e-015 8.750000000e+000 8.750000000e+000 1.062354838e-011 
d 0.000000000e+000 0.000000000e+000 -1.529661768e-010 4.261635741e-001 4.261635741e-001 2.887404499e-015 9.000000000e+000 9.000000000e+000 1.529631565e-010 
d 0.000000000e+000 0.000000000e+000 -1.992371865e-008 5.596452580e-001 5.596452580e-001 3.099392837e-015 9.500000000e+000 9.500000000e+000 1.992371564e-008 
