v ATLAS
# This file was created by ATLAS version 5.14.0.R on Sun Mar 03 23:55:55 2013.
#SSF 2.0 generic
##############################################################################
#                    Copyright © 1984 - 2008                                 #
#                    Silvaco Data Systems, Inc. All rights reserved          #
#                                                                            #
# This file format and the following Key are copyright SILVACO Data Systems. #
# You may not use, this format or key without reproducing this message in    #
# full and obtaining express written permission from SILVACO Data Systems.   #
#                                                                            #
# To obtain such permission please contact: Silvaco Data Systems             #
#                                           support@silvaco.com              #
#                                                                            #
# KEY=SVC86hn7562asdx                       PROD=345                         #
##############################################################################
y 3 700 711 15
z 0.938075 0.017 300
f 4 gate source drain substrate 
p 13 2 601 20 3 602 21 4 603 22 5 604 23 82 
d 1.000000000e+001 1.000000000e+001 0.000000000e+000 0.000000000e+000 0.000000000e+000 -1.528566672e-005 1.250000019e-002 1.250000019e-002 1.528566672e-005 0.000000000e+000 0.000000000e+000 0.000000000e+000 300.012 
d 1.000000000e+001 1.000000000e+001 0.000000000e+000 0.000000000e+000 0.000000000e+000 -3.058523072e-005 2.500000037e-002 2.500000037e-002 3.058523072e-005 0.000000000e+000 0.000000000e+000 0.000000000e+000 300.039 
d 1.000000000e+001 1.000000000e+001 0.000000000e+000 0.000000000e+000 0.000000000e+000 -6.116866708e-005 5.000000075e-002 5.000000075e-002 6.116866708e-005 0.000000000e+000 0.000000000e+000 0.000000000e+000 300.131 
d 1.000000000e+001 1.000000000e+001 0.000000000e+000 0.000000000e+000 0.000000000e+000 -1.219703897e-004 1.000000015e-001 1.000000015e-001 1.219703897e-004 0.000000000e+000 0.000000000e+000 0.000000000e+000 300.693 
d 1.000000000e+001 1.000000000e+001 0.000000000e+000 0.000000000e+000 0.000000000e+000 -2.395036614e-004 2.000000030e-001 2.000000030e-001 2.395036614e-004 0.000000000e+000 0.000000000e+000 0.000000000e+000 304.277 
d 1.000000000e+001 1.000000000e+001 0.000000000e+000 0.000000000e+000 0.000000000e+000 -2.678626914e-004 2.250000034e-001 2.250000034e-001 2.678626914e-004 0.000000000e+000 0.000000000e+000 0.000000000e+000 305.412 
d 1.000000000e+001 1.000000000e+001 0.000000000e+000 0.000000000e+000 0.000000000e+000 -2.956689802e-004 2.500000037e-001 2.500000037e-001 2.956689802e-004 0.000000000e+000 0.000000000e+000 0.000000000e+000 306.697 
d 1.000000000e+001 1.000000000e+001 0.000000000e+000 0.000000000e+000 0.000000000e+000 -3.225881294e-004 2.750000041e-001 2.750000041e-001 3.225881294e-004 0.000000000e+000 0.000000000e+000 0.000000000e+000 308.342 
d 1.000000000e+001 1.000000000e+001 0.000000000e+000 0.000000000e+000 0.000000000e+000 -3.360750803e-004 2.875000043e-001 2.875000043e-001 3.360750803e-004 0.000000000e+000 0.000000000e+000 0.000000000e+000 309.013 
d 1.000000000e+001 1.000000000e+001 0.000000000e+000 0.000000000e+000 0.000000000e+000 -3.493495762e-004 3.000000045e-001 3.000000045e-001 3.493495762e-004 0.000000000e+000 0.000000000e+000 0.000000000e+000 309.759 
d 1.000000000e+001 1.000000000e+001 0.000000000e+000 0.000000000e+000 0.000000000e+000 -3.750005759e-004 3.250000048e-001 3.250000048e-001 3.750005759e-004 0.000000000e+000 0.000000000e+000 0.000000000e+000 311.61 
d 1.000000000e+001 1.000000000e+001 0.000000000e+000 0.000000000e+000 0.000000000e+000 -4.001456974e-004 3.500000052e-001 3.500000052e-001 4.001456974e-004 0.000000000e+000 0.000000000e+000 0.000000000e+000 313.448 
d 1.000000000e+001 1.000000000e+001 0.000000000e+000 0.000000000e+000 0.000000000e+000 -4.246393023e-004 3.750000056e-001 3.750000056e-001 4.246393023e-004 0.000000000e+000 0.000000000e+000 0.000000000e+000 315.36 
d 1.000000000e+001 1.000000000e+001 0.000000000e+000 0.000000000e+000 0.000000000e+000 -4.365014350e-004 3.875000058e-001 3.875000058e-001 4.365014350e-004 0.000000000e+000 0.000000000e+000 0.000000000e+000 316.418 
d 1.000000000e+001 1.000000000e+001 0.000000000e+000 0.000000000e+000 0.000000000e+000 -4.482581488e-004 4.000000060e-001 4.000000060e-001 4.482581488e-004 0.000000000e+000 0.000000000e+000 0.000000000e+000 317.457 
d 1.000000000e+001 1.000000000e+001 0.000000000e+000 0.000000000e+000 0.000000000e+000 -4.714529615e-004 4.250000063e-001 4.250000063e-001 4.714529615e-004 0.000000000e+000 0.000000000e+000 0.000000000e+000 319.483 
d 1.000000000e+001 1.000000000e+001 0.000000000e+000 0.000000000e+000 0.000000000e+000 -4.938154156e-004 4.500000067e-001 4.500000067e-001 4.938154156e-004 0.000000000e+000 0.000000000e+000 0.000000000e+000 321.65 
d 1.000000000e+001 1.000000000e+001 0.000000000e+000 0.000000000e+000 0.000000000e+000 -5.154104188e-004 4.750000071e-001 4.750000071e-001 5.154104188e-004 0.000000000e+000 0.000000000e+000 0.000000000e+000 323.914 
d 1.000000000e+001 1.000000000e+001 0.000000000e+000 0.000000000e+000 0.000000000e+000 -5.257599777e-004 4.875000073e-001 4.875000073e-001 5.257599777e-004 0.000000000e+000 0.000000000e+000 0.000000000e+000 325.153 
d 1.000000000e+001 1.000000000e+001 0.000000000e+000 0.000000000e+000 0.000000000e+000 -5.360260968e-004 5.000000075e-001 5.000000075e-001 5.360260968e-004 0.000000000e+000 0.000000000e+000 0.000000000e+000 326.361 
d 1.000000000e+001 1.000000000e+001 0.000000000e+000 0.000000000e+000 0.000000000e+000 -5.461419378e-004 5.125000076e-001 5.125000076e-001 5.461419378e-004 0.000000000e+000 0.000000000e+000 0.000000000e+000 327.57 
d 1.000000000e+001 1.000000000e+001 0.000000000e+000 0.000000000e+000 0.000000000e+000 -5.560845587e-004 5.250000078e-001 5.250000078e-001 5.560845587e-004 0.000000000e+000 0.000000000e+000 0.000000000e+000 328.791 
d 1.000000000e+001 1.000000000e+001 0.000000000e+000 0.000000000e+000 0.000000000e+000 -5.756435720e-004 5.500000082e-001 5.500000082e-001 5.756435720e-004 0.000000000e+000 0.000000000e+000 0.000000000e+000 331.185 
d 1.000000000e+001 1.000000000e+001 0.000000000e+000 0.000000000e+000 0.000000000e+000 -5.943131646e-004 5.750000086e-001 5.750000086e-001 5.943131646e-004 0.000000000e+000 0.000000000e+000 0.000000000e+000 333.709 
d 1.000000000e+001 1.000000000e+001 0.000000000e+000 0.000000000e+000 0.000000000e+000 -6.116334465e-004 6.000000089e-001 6.000000089e-001 6.116334465e-004 0.000000000e+000 0.000000000e+000 0.000000000e+000 336.54 
d 1.000000000e+001 1.000000000e+001 0.000000000e+000 0.000000000e+000 0.000000000e+000 -6.292675627e-004 6.250000093e-001 6.250000093e-001 6.292675627e-004 0.000000000e+000 0.000000000e+000 0.000000000e+000 339.012 
d 1.000000000e+001 1.000000000e+001 0.000000000e+000 0.000000000e+000 0.000000000e+000 -6.452261946e-004 6.500000097e-001 6.500000097e-001 6.452261946e-004 0.000000000e+000 0.000000000e+000 0.000000000e+000 341.909 
d 1.000000000e+001 1.000000000e+001 0.000000000e+000 0.000000000e+000 0.000000000e+000 -6.534290986e-004 6.625000099e-001 6.625000099e-001 6.534290986e-004 0.000000000e+000 0.000000000e+000 0.000000000e+000 343.19 
d 1.000000000e+001 1.000000000e+001 0.000000000e+000 0.000000000e+000 0.000000000e+000 -6.613087056e-004 6.750000101e-001 6.750000101e-001 6.613087056e-004 0.000000000e+000 0.000000000e+000 0.000000000e+000 344.54 
d 1.000000000e+001 1.000000000e+001 0.000000000e+000 0.000000000e+000 0.000000000e+000 -6.767008898e-004 7.000000104e-001 7.000000104e-001 6.767008898e-004 0.000000000e+000 0.000000000e+000 0.000000000e+000 347.222 
d 1.000000000e+001 1.000000000e+001 0.000000000e+000 0.000000000e+000 0.000000000e+000 -6.905379179e-004 7.250000108e-001 7.250000108e-001 6.905379179e-004 0.000000000e+000 0.000000000e+000 0.000000000e+000 350.262 
d 1.000000000e+001 1.000000000e+001 0.000000000e+000 0.000000000e+000 0.000000000e+000 -7.049010965e-004 7.500000112e-001 7.500000112e-001 7.049010965e-004 0.000000000e+000 0.000000000e+000 0.000000000e+000 352.919 
d 1.000000000e+001 1.000000000e+001 0.000000000e+000 0.000000000e+000 0.000000000e+000 -7.175087622e-004 7.750000115e-001 7.750000115e-001 7.175087622e-004 0.000000000e+000 0.000000000e+000 0.000000000e+000 356 
d 1.000000000e+001 1.000000000e+001 0.000000000e+000 0.000000000e+000 0.000000000e+000 -7.306783732e-004 8.000000119e-001 8.000000119e-001 7.306783732e-004 0.000000000e+000 0.000000000e+000 0.000000000e+000 358.707 
d 1.000000000e+001 1.000000000e+001 0.000000000e+000 0.000000000e+000 0.000000000e+000 -7.428035625e-004 8.250000123e-001 8.250000123e-001 7.428035625e-004 0.000000000e+000 0.000000000e+000 0.000000000e+000 361.595 
d 1.000000000e+001 1.000000000e+001 0.000000000e+000 0.000000000e+000 0.000000000e+000 -7.542651959e-004 8.500000127e-001 8.500000127e-001 7.542651959e-004 0.000000000e+000 0.000000000e+000 0.000000000e+000 364.535 
d 1.000000000e+001 1.000000000e+001 0.000000000e+000 0.000000000e+000 0.000000000e+000 -7.651588841e-004 8.750000130e-001 8.750000130e-001 7.651588841e-004 0.000000000e+000 0.000000000e+000 0.000000000e+000 367.499 
d 1.000000000e+001 1.000000000e+001 0.000000000e+000 0.000000000e+000 0.000000000e+000 -7.755195699e-004 9.000000134e-001 9.000000134e-001 7.755195699e-004 0.000000000e+000 0.000000000e+000 0.000000000e+000 370.479 
d 1.000000000e+001 1.000000000e+001 0.000000000e+000 0.000000000e+000 0.000000000e+000 -7.853693571e-004 9.250000138e-001 9.250000138e-001 7.853693571e-004 0.000000000e+000 0.000000000e+000 0.000000000e+000 373.471 
d 1.000000000e+001 1.000000000e+001 0.000000000e+000 0.000000000e+000 0.000000000e+000 -7.947275040e-004 9.500000142e-001 9.500000142e-001 7.947275040e-004 0.000000000e+000 0.000000000e+000 0.000000000e+000 376.473 
d 1.000000000e+001 1.000000000e+001 0.000000000e+000 0.000000000e+000 0.000000000e+000 -8.036124614e-004 9.750000145e-001 9.750000145e-001 8.036124614e-004 0.000000000e+000 0.000000000e+000 0.000000000e+000 379.484 
d 1.000000000e+001 1.000000000e+001 0.000000000e+000 0.000000000e+000 0.000000000e+000 -8.120422466e-004 1.000000015e+000 1.000000015e+000 8.120422466e-004 0.000000000e+000 0.000000000e+000 0.000000000e+000 382.5 
d 1.000000000e+001 1.000000000e+001 0.000000000e+000 0.000000000e+000 0.000000000e+000 -8.200344861e-004 1.025000015e+000 1.025000015e+000 8.200344861e-004 0.000000000e+000 0.000000000e+000 0.000000000e+000 385.521 
d 1.000000000e+001 1.000000000e+001 0.000000000e+000 0.000000000e+000 0.000000000e+000 -8.276063904e-004 1.050000016e+000 1.050000016e+000 8.276063904e-004 0.000000000e+000 0.000000000e+000 0.000000000e+000 388.546 
d 1.000000000e+001 1.000000000e+001 0.000000000e+000 0.000000000e+000 0.000000000e+000 -8.347747193e-004 1.075000016e+000 1.075000016e+000 8.347747193e-004 0.000000000e+000 0.000000000e+000 0.000000000e+000 391.571 
d 1.000000000e+001 1.000000000e+001 0.000000000e+000 0.000000000e+000 0.000000000e+000 -8.415557572e-004 1.100000016e+000 1.100000016e+000 8.415557572e-004 0.000000000e+000 0.000000000e+000 0.000000000e+000 394.597 
d 1.000000000e+001 1.000000000e+001 0.000000000e+000 0.000000000e+000 0.000000000e+000 -8.479653039e-004 1.125000017e+000 1.125000017e+000 8.479653039e-004 0.000000000e+000 0.000000000e+000 0.000000000e+000 397.622 
d 1.000000000e+001 1.000000000e+001 0.000000000e+000 0.000000000e+000 0.000000000e+000 -8.540186774e-004 1.150000017e+000 1.150000017e+000 8.540186774e-004 0.000000000e+000 0.000000000e+000 0.000000000e+000 400.645 
d 1.000000000e+001 1.000000000e+001 0.000000000e+000 0.000000000e+000 0.000000000e+000 -8.654951672e-004 1.200000018e+000 1.200000018e+000 8.654951672e-004 0.000000000e+000 0.000000000e+000 0.000000000e+000 406.568 
d 1.000000000e+001 1.000000000e+001 0.000000000e+000 0.000000000e+000 0.000000000e+000 -8.702537060e-004 1.225000018e+000 1.225000018e+000 8.702537060e-004 0.000000000e+000 0.000000000e+000 0.000000000e+000 409.672 
d 1.000000000e+001 1.000000000e+001 0.000000000e+000 0.000000000e+000 0.000000000e+000 -8.749715960e-004 1.250000019e+000 1.250000019e+000 8.749715960e-004 0.000000000e+000 0.000000000e+000 0.000000000e+000 412.693 
d 1.000000000e+001 1.000000000e+001 0.000000000e+000 0.000000000e+000 0.000000000e+000 -8.794479587e-004 1.275000019e+000 1.275000019e+000 8.794479587e-004 0.000000000e+000 0.000000000e+000 0.000000000e+000 415.695 
d 1.000000000e+001 1.000000000e+001 0.000000000e+000 0.000000000e+000 0.000000000e+000 -8.836579190e-004 1.300000019e+000 1.300000019e+000 8.836579190e-004 0.000000000e+000 0.000000000e+000 0.000000000e+000 418.687 
d 1.000000000e+001 1.000000000e+001 0.000000000e+000 0.000000000e+000 0.000000000e+000 -8.876069910e-004 1.325000020e+000 1.325000020e+000 8.876069910e-004 0.000000000e+000 0.000000000e+000 0.000000000e+000 421.671 
d 1.000000000e+001 1.000000000e+001 0.000000000e+000 0.000000000e+000 0.000000000e+000 -8.913055439e-004 1.350000020e+000 1.350000020e+000 8.913055439e-004 0.000000000e+000 0.000000000e+000 0.000000000e+000 424.647 
d 1.000000000e+001 1.000000000e+001 0.000000000e+000 0.000000000e+000 0.000000000e+000 -8.983130958e-004 1.400000021e+000 1.400000021e+000 8.983130958e-004 0.000000000e+000 0.000000000e+000 0.000000000e+000 430.479 
d 1.000000000e+001 1.000000000e+001 0.000000000e+000 0.000000000e+000 0.000000000e+000 -9.086221706e-004 1.500000022e+000 1.500000022e+000 9.086221706e-004 0.000000000e+000 0.000000000e+000 0.000000000e+000 442.368 
d 1.000000000e+001 1.000000000e+001 0.000000000e+000 0.000000000e+000 0.000000000e+000 -9.110040391e-004 1.525000023e+000 1.525000023e+000 9.110040391e-004 0.000000000e+000 0.000000000e+000 0.000000000e+000 445.229 
d 1.000000000e+001 1.000000000e+001 0.000000000e+000 0.000000000e+000 0.000000000e+000 -9.130760563e-004 1.550000023e+000 1.550000023e+000 9.130760563e-004 0.000000000e+000 0.000000000e+000 0.000000000e+000 448.119 
d 1.000000000e+001 1.000000000e+001 0.000000000e+000 0.000000000e+000 0.000000000e+000 -9.169411604e-004 1.600000024e+000 1.600000024e+000 9.169411604e-004 0.000000000e+000 0.000000000e+000 0.000000000e+000 453.798 
d 1.000000000e+001 1.000000000e+001 0.000000000e+000 0.000000000e+000 0.000000000e+000 -9.226795786e-004 1.700000025e+000 1.700000025e+000 9.226795786e-004 0.000000000e+000 0.000000000e+000 0.000000000e+000 465.073 
d 1.000000000e+001 1.000000000e+001 0.000000000e+000 0.000000000e+000 0.000000000e+000 -9.259497707e-004 1.800000027e+000 1.800000027e+000 9.259497707e-004 0.000000000e+000 0.000000000e+000 0.000000000e+000 476.271 
d 1.000000000e+001 1.000000000e+001 0.000000000e+000 0.000000000e+000 0.000000000e+000 -9.266070275e-004 1.850000028e+000 1.850000028e+000 9.266070275e-004 0.000000000e+000 0.000000000e+000 0.000000000e+000 481.891 
d 1.000000000e+001 1.000000000e+001 0.000000000e+000 0.000000000e+000 0.000000000e+000 -9.271390194e-004 1.900000028e+000 1.900000028e+000 9.271390194e-004 0.000000000e+000 0.000000000e+000 0.000000000e+000 487.371 
d 1.000000000e+001 1.000000000e+001 0.000000000e+000 0.000000000e+000 0.000000000e+000 -9.274319527e-004 2.000000030e+000 2.000000030e+000 9.274319527e-004 0.000000000e+000 0.000000000e+000 0.000000000e+000 498.075 
d 1.000000000e+001 1.000000000e+001 0.000000000e+000 0.000000000e+000 0.000000000e+000 -9.261891965e-004 2.100000031e+000 2.100000031e+000 9.261891965e-004 0.000000000e+000 0.000000000e+000 0.000000000e+000 508.654 
d 1.000000000e+001 1.000000000e+001 0.000000000e+000 0.000000000e+000 0.000000000e+000 -9.238633511e-004 2.200000033e+000 2.200000033e+000 9.238633511e-004 0.000000000e+000 0.000000000e+000 0.000000000e+000 519.025 
d 1.000000000e+001 1.000000000e+001 0.000000000e+000 0.000000000e+000 0.000000000e+000 -9.206344627e-004 2.300000034e+000 2.300000034e+000 9.206344627e-004 0.000000000e+000 0.000000000e+000 0.000000000e+000 529.231 
d 1.000000000e+001 1.000000000e+001 0.000000000e+000 0.000000000e+000 0.000000000e+000 -9.175123865e-004 2.400000036e+000 2.400000036e+000 9.175123865e-004 0.000000000e+000 0.000000000e+000 0.000000000e+000 538.977 
d 1.000000000e+001 1.000000000e+001 0.000000000e+000 0.000000000e+000 0.000000000e+000 -9.128963304e-004 2.500000037e+000 2.500000037e+000 9.128963304e-004 0.000000000e+000 0.000000000e+000 0.000000000e+000 548.824 
d 1.000000000e+001 1.000000000e+001 0.000000000e+000 0.000000000e+000 0.000000000e+000 -9.076780779e-004 2.600000039e+000 2.600000039e+000 9.076780779e-004 0.000000000e+000 0.000000000e+000 0.000000000e+000 558.502 
d 1.000000000e+001 1.000000000e+001 0.000000000e+000 0.000000000e+000 0.000000000e+000 -9.020068697e-004 2.700000040e+000 2.700000040e+000 9.020068696e-004 0.000000000e+000 0.000000000e+000 0.000000000e+000 567.992 
d 1.000000000e+001 1.000000000e+001 0.000000000e+000 0.000000000e+000 0.000000000e+000 -8.959648707e-004 2.800000042e+000 2.800000042e+000 8.959648707e-004 0.000000000e+000 0.000000000e+000 0.000000000e+000 577.293 
d 1.000000000e+001 1.000000000e+001 0.000000000e+000 0.000000000e+000 0.000000000e+000 -8.896224913e-004 2.900000043e+000 2.900000043e+000 8.896224913e-004 0.000000000e+000 0.000000000e+000 0.000000000e+000 586.408 
d 1.000000000e+001 1.000000000e+001 0.000000000e+000 0.000000000e+000 0.000000000e+000 -8.830436691e-004 3.000000045e+000 3.000000045e+000 8.830436691e-004 0.000000000e+000 0.000000000e+000 0.000000000e+000 595.345 
d 1.000000000e+001 1.000000000e+001 0.000000000e+000 0.000000000e+000 0.000000000e+000 -8.762870374e-004 3.100000046e+000 3.100000046e+000 8.762870374e-004 0.000000000e+000 0.000000000e+000 0.000000000e+000 604.282 
d 1.000000000e+001 1.000000000e+001 0.000000000e+000 0.000000000e+000 0.000000000e+000 -8.694072018e-004 3.200000048e+000 3.200000048e+000 8.694072018e-004 0.000000000e+000 0.000000000e+000 0.000000000e+000 613.069 
d 1.000000000e+001 1.000000000e+001 0.000000000e+000 0.000000000e+000 0.000000000e+000 -8.624578535e-004 3.300000049e+000 3.300000049e+000 8.624578535e-004 0.000000000e+000 0.000000000e+000 0.000000000e+000 621.716 
d 1.000000000e+001 1.000000000e+001 0.000000000e+000 0.000000000e+000 0.000000000e+000 -8.555031468e-004 3.400000051e+000 3.400000051e+000 8.555031468e-004 0.000000000e+000 0.000000000e+000 0.000000000e+000 630.241 
d 1.000000000e+001 1.000000000e+001 0.000000000e+000 0.000000000e+000 0.000000000e+000 -8.494881241e-004 3.500000052e+000 3.500000052e+000 8.494881241e-004 0.000000000e+000 0.000000000e+000 0.000000000e+000 638.398 
