v ATLAS
# This file was created by ATLAS version 5.14.0.R on Sun Mar 03 23:36:50 2013.
#SSF 2.0 generic
##############################################################################
#                    Copyright © 1984 - 2008                                 #
#                    Silvaco Data Systems, Inc. All rights reserved          #
#                                                                            #
# This file format and the following Key are copyright SILVACO Data Systems. #
# You may not use, this format or key without reproducing this message in    #
# full and obtaining express written permission from SILVACO Data Systems.   #
#                                                                            #
# To obtain such permission please contact: Silvaco Data Systems             #
#                                           support@silvaco.com              #
#                                                                            #
# KEY=SVC86hn7562asdx                       PROD=345                         #
##############################################################################
y 3 700 711 15
z 0.938075 0.017 300
f 4 gate source drain substrate 
p 12 2 601 20 3 602 21 4 603 22 5 604 23 
d 1.000000000e+001 1.000000000e+001 0.000000000e+000 0.000000000e+000 0.000000000e+000 -1.221422536e-004 1.000000015e-001 1.000000015e-001 1.221422536e-004 0.000000000e+000 0.000000000e+000 0.000000000e+000 
d 1.000000000e+001 1.000000000e+001 0.000000000e+000 0.000000000e+000 0.000000000e+000 -2.423698468e-004 2.000000030e-001 2.000000030e-001 2.423698468e-004 0.000000000e+000 0.000000000e+000 0.000000000e+000 
d 1.000000000e+001 1.000000000e+001 0.000000000e+000 0.000000000e+000 0.000000000e+000 -3.590262751e-004 3.000000045e-001 3.000000045e-001 3.590262751e-004 0.000000000e+000 0.000000000e+000 0.000000000e+000 
d 1.000000000e+001 1.000000000e+001 0.000000000e+000 0.000000000e+000 0.000000000e+000 -4.708498015e-004 4.000000060e-001 4.000000060e-001 4.708498015e-004 0.000000000e+000 0.000000000e+000 0.000000000e+000 
d 1.000000000e+001 1.000000000e+001 0.000000000e+000 0.000000000e+000 0.000000000e+000 -5.768335656e-004 5.000000075e-001 5.000000075e-001 5.768335656e-004 0.000000000e+000 0.000000000e+000 0.000000000e+000 
d 1.000000000e+001 1.000000000e+001 0.000000000e+000 0.000000000e+000 0.000000000e+000 -6.761681656e-004 6.000000089e-001 6.000000089e-001 6.761681656e-004 0.000000000e+000 0.000000000e+000 0.000000000e+000 
d 1.000000000e+001 1.000000000e+001 0.000000000e+000 0.000000000e+000 0.000000000e+000 -7.682453880e-004 7.000000104e-001 7.000000104e-001 7.682453880e-004 0.000000000e+000 0.000000000e+000 0.000000000e+000 
d 1.000000000e+001 1.000000000e+001 0.000000000e+000 0.000000000e+000 0.000000000e+000 -8.526800214e-004 8.000000119e-001 8.000000119e-001 8.526800214e-004 0.000000000e+000 0.000000000e+000 0.000000000e+000 
d 1.000000000e+001 1.000000000e+001 0.000000000e+000 0.000000000e+000 0.000000000e+000 -9.293260251e-004 9.000000134e-001 9.000000134e-001 9.293260251e-004 0.000000000e+000 0.000000000e+000 0.000000000e+000 
d 1.000000000e+001 1.000000000e+001 0.000000000e+000 0.000000000e+000 0.000000000e+000 -9.982634487e-004 1.000000015e+000 1.000000015e+000 9.982634487e-004 0.000000000e+000 0.000000000e+000 0.000000000e+000 
d 1.000000000e+001 1.000000000e+001 0.000000000e+000 0.000000000e+000 0.000000000e+000 -1.059729582e-003 1.100000016e+000 1.100000016e+000 1.059729582e-003 0.000000000e+000 0.000000000e+000 0.000000000e+000 
d 1.000000000e+001 1.000000000e+001 0.000000000e+000 0.000000000e+000 0.000000000e+000 -1.114035166e-003 1.200000018e+000 1.200000018e+000 1.114035166e-003 0.000000000e+000 0.000000000e+000 0.000000000e+000 
d 1.000000000e+001 1.000000000e+001 0.000000000e+000 0.000000000e+000 0.000000000e+000 -1.161550772e-003 1.300000019e+000 1.300000019e+000 1.161550772e-003 0.000000000e+000 0.000000000e+000 0.000000000e+000 
d 1.000000000e+001 1.000000000e+001 0.000000000e+000 0.000000000e+000 0.000000000e+000 -1.202726066e-003 1.400000021e+000 1.400000021e+000 1.202726066e-003 0.000000000e+000 0.000000000e+000 0.000000000e+000 
d 1.000000000e+001 1.000000000e+001 0.000000000e+000 0.000000000e+000 0.000000000e+000 -1.238077419e-003 1.500000022e+000 1.500000022e+000 1.238077419e-003 0.000000000e+000 0.000000000e+000 0.000000000e+000 
d 1.000000000e+001 1.000000000e+001 0.000000000e+000 0.000000000e+000 0.000000000e+000 -1.268152414e-003 1.600000024e+000 1.600000024e+000 1.268152414e-003 0.000000000e+000 0.000000000e+000 0.000000000e+000 
d 1.000000000e+001 1.000000000e+001 0.000000000e+000 0.000000000e+000 0.000000000e+000 -1.293497196e-003 1.700000025e+000 1.700000025e+000 1.293497196e-003 0.000000000e+000 0.000000000e+000 0.000000000e+000 
d 1.000000000e+001 1.000000000e+001 0.000000000e+000 0.000000000e+000 0.000000000e+000 -1.314635861e-003 1.800000027e+000 1.800000027e+000 1.314635861e-003 0.000000000e+000 0.000000000e+000 0.000000000e+000 
d 1.000000000e+001 1.000000000e+001 0.000000000e+000 0.000000000e+000 0.000000000e+000 -1.332058808e-003 1.900000028e+000 1.900000028e+000 1.332058808e-003 0.000000000e+000 0.000000000e+000 0.000000000e+000 
d 1.000000000e+001 1.000000000e+001 0.000000000e+000 0.000000000e+000 0.000000000e+000 -1.346219518e-003 2.000000030e+000 2.000000030e+000 1.346219518e-003 0.000000000e+000 0.000000000e+000 0.000000000e+000 
d 1.000000000e+001 1.000000000e+001 0.000000000e+000 0.000000000e+000 0.000000000e+000 -1.357543714e-003 2.100000031e+000 2.100000031e+000 1.357543714e-003 0.000000000e+000 0.000000000e+000 0.000000000e+000 
d 1.000000000e+001 1.000000000e+001 0.000000000e+000 0.000000000e+000 0.000000000e+000 -1.366447314e-003 2.200000033e+000 2.200000033e+000 1.366447314e-003 0.000000000e+000 0.000000000e+000 0.000000000e+000 
d 1.000000000e+001 1.000000000e+001 0.000000000e+000 0.000000000e+000 0.000000000e+000 -1.373350655e-003 2.300000034e+000 2.300000034e+000 1.373350655e-003 0.000000000e+000 0.000000000e+000 0.000000000e+000 
d 1.000000000e+001 1.000000000e+001 0.000000000e+000 0.000000000e+000 0.000000000e+000 -1.378682804e-003 2.400000036e+000 2.400000036e+000 1.378682804e-003 0.000000000e+000 0.000000000e+000 0.000000000e+000 
d 1.000000000e+001 1.000000000e+001 0.000000000e+000 0.000000000e+000 0.000000000e+000 -1.382881386e-003 2.500000037e+000 2.500000037e+000 1.382881386e-003 0.000000000e+000 0.000000000e+000 0.000000000e+000 
d 1.000000000e+001 1.000000000e+001 0.000000000e+000 0.000000000e+000 0.000000000e+000 -1.386563145e-003 2.600000039e+000 2.600000039e+000 1.386563145e-003 0.000000000e+000 0.000000000e+000 0.000000000e+000 
d 1.000000000e+001 1.000000000e+001 0.000000000e+000 0.000000000e+000 0.000000000e+000 -1.391202432e-003 2.700000040e+000 2.700000040e+000 1.391202432e-003 0.000000000e+000 0.000000000e+000 0.000000000e+000 
d 1.000000000e+001 1.000000000e+001 0.000000000e+000 0.000000000e+000 0.000000000e+000 -1.398014909e-003 2.800000042e+000 2.800000042e+000 1.398014909e-003 0.000000000e+000 0.000000000e+000 0.000000000e+000 
d 1.000000000e+001 1.000000000e+001 0.000000000e+000 0.000000000e+000 0.000000000e+000 -1.407445828e-003 2.900000043e+000 2.900000043e+000 1.407445828e-003 0.000000000e+000 0.000000000e+000 0.000000000e+000 
d 1.000000000e+001 1.000000000e+001 0.000000000e+000 0.000000000e+000 0.000000000e+000 -1.420513536e-003 3.000000045e+000 3.000000045e+000 1.420513536e-003 0.000000000e+000 0.000000000e+000 0.000000000e+000 
d 1.000000000e+001 1.000000000e+001 0.000000000e+000 0.000000000e+000 0.000000000e+000 -1.437520841e-003 3.100000046e+000 3.100000046e+000 1.437520841e-003 0.000000000e+000 0.000000000e+000 0.000000000e+000 
d 1.000000000e+001 1.000000000e+001 0.000000000e+000 0.000000000e+000 0.000000000e+000 -1.457893739e-003 3.200000048e+000 3.200000048e+000 1.457893739e-003 0.000000000e+000 0.000000000e+000 0.000000000e+000 
d 1.000000000e+001 1.000000000e+001 0.000000000e+000 0.000000000e+000 0.000000000e+000 -1.480711092e-003 3.300000049e+000 3.300000049e+000 1.480711092e-003 0.000000000e+000 0.000000000e+000 0.000000000e+000 
d 1.000000000e+001 1.000000000e+001 0.000000000e+000 0.000000000e+000 0.000000000e+000 -1.504837166e-003 3.400000051e+000 3.400000051e+000 1.504837166e-003 0.000000000e+000 0.000000000e+000 0.000000000e+000 
d 1.000000000e+001 1.000000000e+001 0.000000000e+000 0.000000000e+000 0.000000000e+000 -1.529022113e-003 3.500000052e+000 3.500000052e+000 1.529022113e-003 0.000000000e+000 0.000000000e+000 0.000000000e+000 
