v ATLAS
# This file was created by ATLAS version 5.16.3.R on Tue Aug 13 13:07:30 2013.
#SSF 2.0 generic
##############################################################################
#                    Copyright © 1984 - 2010                                 #
#                    Silvaco Inc. All rights reserved                        #
#                                                                            #
# This file format and the following Key are copyright Silvaco Inc.          #
# You may not use, this format or key without reproducing this message in    #
# full and obtaining express written permission from Silvaco Inc.            #
#                                                                            #
# To obtain such permission please contact: Silvaco Inc.                     #
#                                           support@silvaco.com              #
#                                                                            #
# KEY=SVC86hn7562asdx                       PROD=345                         #
##############################################################################
Q 10000 1 "V[1]" 5 1201 7 1
Q 10001 1 "V[2]" 5 1201 7 2
X 1 r1
X 2 adiode_anode
X 3 adiode_cathode
X 4 v1
p 12 61 10000 10001 82 85 86 87 91 1301 1302 1303 1304
d  2.0000000000e-010 -1.2502018580e-012 0.0000000000e+000 3.0000000000e+002 0.0000000000e+000 0.0000000000e+000 0.0000000000e+000 0.0000000000e+000 1.2577969409e-012 1.2493052410e-012 1.2001194309e-011 -1.2000297692e-011
d  3.0000000000e-010 -1.5289081014e-012 0.0000000000e+000 3.0000000000e+002 0.0000000000e+000 0.0000000000e+000 0.0000000000e+000 0.0000000000e+000 1.5467166442e-012 1.5268057620e-012 1.1667022253e-011 -1.1664919914e-011
d  4.2000000000e-010 -2.6762268044e-011 0.0000000000e+000 3.0000000000e+002 0.0000000000e+000 0.0000000000e+000 0.0000000000e+000 0.0000000000e+000 2.6769368260e-011 2.6761482286e-011 3.7601684802e-011 -3.7600899044e-011
d  5.6400000000e-010 1.1526336432e-010 0.0000000000e+000 3.0000000000e+002 0.0000000000e+000 0.0000000000e+000 0.0000000000e+000 0.0000000000e+000 -1.1527415574e-010 -1.1526225177e-010 1.9559109559e-010 -1.9559220815e-010
d  7.3680000000e-010 -1.3770281338e-011 0.0000000000e+000 3.0000000000e+002 0.0000000000e+000 0.0000000000e+000 0.0000000000e+000 0.0000000000e+000 1.3775720363e-011 1.3769755576e-011 3.0908241832e-011 -3.0907716071e-011
d  9.4416000000e-010 5.8369803163e-011 0.0000000000e+000 3.0000000000e+002 0.0000000000e+000 0.0000000000e+000 0.0000000000e+000 0.0000000000e+000 -5.8370301583e-011 -5.8369757725e-011 1.2759406155e-010 -1.2759410699e-010
d  1.1929920000e-009 -1.1046582751e-011 0.0000000000e+000 3.0000000000e+002 0.0000000000e+000 0.0000000000e+000 0.0000000000e+000 0.0000000000e+000 1.1048712139e-011 1.1046398751e-011 2.0003166064e-011 -2.0002982064e-011
d  1.4915904000e-009 5.6998405894e-011 0.0000000000e+000 3.0000000000e+002 0.0000000000e+000 0.0000000000e+000 0.0000000000e+000 0.0000000000e+000 -5.7006431535e-011 -5.6997745747e-011 9.5748615340e-011 -9.5749275488e-011
d  1.8499084800e-009 -7.4132085283e-012 0.0000000000e+000 3.0000000000e+002 0.0000000000e+000 0.0000000000e+000 0.0000000000e+000 0.0000000000e+000 7.4139636292e-012 7.4131492029e-012 1.4140617301e-011 -1.4140557976e-011
d  2.2798901760e-009 -3.6268278859e-011 0.0000000000e+000 3.0000000000e+002 0.0000000000e+000 0.0000000000e+000 0.0000000000e+000 0.0000000000e+000 3.6265836415e-011 3.6268462608e-011 -3.5236041739e-011 3.5235857991e-011
d  2.7958682112e-009 -2.4897248773e-013 0.0000000000e+000 3.0000000000e+002 0.0000000000e+000 0.0000000000e+000 0.0000000000e+000 0.0000000000e+000 2.4629536038e-013 2.4916564890e-013 1.0902433490e-011 -1.0902626651e-011
d  3.4150418534e-009 -2.8379570131e-012 0.0000000000e+000 3.0000000000e+002 0.0000000000e+000 0.0000000000e+000 0.0000000000e+000 0.0000000000e+000 2.8331176832e-012 2.8382921139e-012 1.1187070074e-011 -1.1187405175e-011
d  4.1580502241e-009 -2.5471550169e-012 0.0000000000e+000 3.0000000000e+002 0.0000000000e+000 0.0000000000e+000 0.0000000000e+000 0.0000000000e+000 2.5467920194e-012 2.5471791335e-012 9.1390211704e-012 -9.1390452870e-012
d  5.0496602690e-009 -1.9373048191e-011 0.0000000000e+000 3.0000000000e+002 0.0000000000e+000 0.0000000000e+000 0.0000000000e+000 0.0000000000e+000 1.9375404221e-011 1.9372898191e-011 -1.4798391700e-011 1.4798541699e-011
d  6.1195923227e-009 -1.5199899849e-011 0.0000000000e+000 3.0000000000e+002 0.0000000000e+000 0.0000000000e+000 0.0000000000e+000 0.0000000000e+000 1.5199421589e-011 1.5199928966e-011 -1.4777966119e-011 1.4777937002e-011
d  7.4035107873e-009 -1.9730401678e-012 0.0000000000e+000 3.0000000000e+002 0.0000000000e+000 0.0000000000e+000 0.0000000000e+000 0.0000000000e+000 1.9716638457e-012 1.9731200512e-012 4.7958831583e-012 -4.7959630416e-012
d  8.9442129448e-009 1.1064792017e-011 0.0000000000e+000 3.0000000000e+002 0.0000000000e+000 0.0000000000e+000 0.0000000000e+000 0.0000000000e+000 -1.1064131399e-011 -1.1064828429e-011 1.8570693081e-011 -1.8570656669e-011
d  1.0793055534e-008 -1.0343315711e-012 0.0000000000e+000 3.0000000000e+002 0.0000000000e+000 0.0000000000e+000 0.0000000000e+000 0.0000000000e+000 1.0343346123e-012 1.0343314127e-012 3.6661882112e-012 -3.6661880527e-012
d  1.3011666640e-008 -7.9090223637e-012 0.0000000000e+000 3.0000000000e+002 0.0000000000e+000 0.0000000000e+000 0.0000000000e+000 0.0000000000e+000 7.9083208208e-012 7.9090567142e-012 -6.0666409300e-012 6.0666065795e-012
d  1.5673999969e-008 -8.9669497162e-013 0.0000000000e+000 3.0000000000e+002 0.0000000000e+000 0.0000000000e+000 0.0000000000e+000 0.0000000000e+000 8.9679216701e-013 8.9669052613e-013 2.3662116761e-012 -2.3662072306e-012
d  1.8868799962e-008 -7.0884627187e-013 0.0000000000e+000 3.0000000000e+002 0.0000000000e+000 0.0000000000e+000 0.0000000000e+000 0.0000000000e+000 7.0885042252e-013 7.0884609574e-013 2.0107432192e-012 -2.0107430430e-012
d  2.2702559955e-008 -4.2810497059e-012 0.0000000000e+000 3.0000000000e+002 0.0000000000e+000 0.0000000000e+000 0.0000000000e+000 0.0000000000e+000 4.2810317976e-012 4.2810504058e-012 -4.1660565321e-012 4.1660558322e-012
d  2.7303071946e-008 3.7726399086e-012 0.0000000000e+000 3.0000000000e+002 0.0000000000e+000 0.0000000000e+000 0.0000000000e+000 0.0000000000e+000 -3.7731624090e-012 -3.7726212418e-012 6.2870052660e-012 -6.2870239328e-012
d  3.2823686335e-008 -3.0570112008e-013 0.0000000000e+000 3.0000000000e+002 0.0000000000e+000 0.0000000000e+000 0.0000000000e+000 0.0000000000e+000 3.0574602383e-013 3.0569966503e-013 1.2683631502e-012 -1.2683616951e-012
d  3.9448423602e-008 -2.4546009869e-012 0.0000000000e+000 3.0000000000e+002 0.0000000000e+000 0.0000000000e+000 0.0000000000e+000 0.0000000000e+000 2.4545910742e-012 2.4546012760e-012 -2.3879167271e-012 2.3879164380e-012
d  4.7398108322e-008 1.6059174361e-012 0.0000000000e+000 3.0000000000e+002 0.0000000000e+000 0.0000000000e+000 0.0000000000e+000 0.0000000000e+000 -1.6060100972e-012 -1.6059150228e-012 3.4125376194e-012 -3.4125400327e-012
d  5.6937729986e-008 -1.7037656254e-012 0.0000000000e+000 3.0000000000e+002 0.0000000000e+000 0.0000000000e+000 0.0000000000e+000 0.0000000000e+000 1.7037532712e-012 1.7037659106e-012 -1.6570310119e-012 1.6570307267e-012
d  6.8385275984e-008 -2.0339745629e-013 0.0000000000e+000 3.0000000000e+002 0.0000000000e+000 0.0000000000e+000 0.0000000000e+000 0.0000000000e+000 2.0338341137e-013 2.0339774173e-013 5.5543334379e-013 -5.5543362923e-013
d  8.2122331180e-008 -2.6088571423e-013 0.0000000000e+000 3.0000000000e+002 0.0000000000e+000 0.0000000000e+000 0.0000000000e+000 0.0000000000e+000 2.6086890949e-013 2.6088601289e-013 3.0122911985e-013 -3.0122941851e-013
d  9.8606797417e-008 -1.0095655273e-012 0.0000000000e+000 3.0000000000e+002 0.0000000000e+000 0.0000000000e+000 0.0000000000e+000 0.0000000000e+000 1.0095686350e-012 1.0095654793e-012 -9.8269559607e-013 9.8269564407e-013
d  1.0000000000e-007 -6.0125949167e-012 0.0000000000e+000 3.0000000000e+002 0.0000000000e+000 0.0000000000e+000 0.0000000000e+000 0.0000000000e+000 6.0121590109e-012 6.0126170516e-012 -6.6123471915e-012 6.6123250566e-012
d  1.0167184310e-007 2.1290932918e-002 4.1796077503e-001 3.0000000000e+002 0.0000000000e+000 0.0000000000e+000 0.0000000000e+000 0.0000000000e+000 -2.1290948749e-002 -2.1290932069e-002 2.1290932075e-002 -2.1290932924e-002
d  1.0343317952e-007 3.4429625103e-002 8.5829488022e-001 3.0000000000e+002 0.0000000000e+000 0.0000000000e+000 0.0000000000e+000 0.0000000000e+000 -3.4429625103e-002 -3.4429625103e-002 3.4429625103e-002 -3.4429625103e-002
d  1.0465777861e-007 4.0208074736e-002 1.1644446517e+000 3.0000000000e+002 0.0000000000e+000 0.0000000000e+000 0.0000000000e+000 0.0000000000e+000 -4.0208074736e-002 -4.0208074736e-002 4.0208333895e-002 -4.0208333895e-002
d  1.0612729751e-007 4.4486656911e-002 1.5318243776e+000 3.0000000000e+002 0.0000000000e+000 0.0000000000e+000 0.0000000000e+000 0.0000000000e+000 -4.4486656920e-002 -4.4486656911e-002 4.4482525965e-002 -4.4482525965e-002
d  1.0789072019e-007 4.6779966933e-002 1.9726800486e+000 3.0000000000e+002 0.0000000000e+000 0.0000000000e+000 0.0000000000e+000 0.0000000000e+000 -4.6779968293e-002 -4.6779966864e-002 4.6780266447e-002 -4.6780266516e-002
d  1.1000682742e-007 4.4058136061e-002 2.5017068538e+000 3.0000000000e+002 0.0000000000e+000 0.0000000000e+000 0.0000000000e+000 0.0000000000e+000 -4.4058135669e-002 -4.4058136078e-002 4.4058289838e-002 -4.4058289821e-002
d  1.1254615608e-007 3.7829278830e-002 3.1365390200e+000 3.0000000000e+002 0.0000000000e+000 0.0000000000e+000 0.0000000000e+000 0.0000000000e+000 -3.7829278805e-002 -3.7829278831e-002 3.7829283691e-002 -3.7829283690e-002
d  1.1559335048e-007 3.4160688860e-002 3.8983376195e+000 3.0000000000e+002 0.0000000000e+000 0.0000000000e+000 0.0000000000e+000 0.0000000000e+000 -3.4160703107e-002 -3.4160688354e-002 3.4883622888e-002 -3.4883623395e-002
d  1.1855402225e-007 3.3486569945e-002 4.6385055624e+000 3.0000000000e+002 0.0000000000e+000 0.0000000000e+000 0.0000000000e+000 0.0000000000e+000 -3.3486569948e-002 -3.3486569945e-002 3.3354692960e-002 -3.3354692960e-002
d  1.2210682838e-007 2.9009724901e-002 5.5267070939e+000 3.0000000000e+002 0.0000000000e+000 0.0000000000e+000 0.0000000000e+000 0.0000000000e+000 -2.9009724736e-002 -2.9009724906e-002 2.9001412771e-002 -2.9001412766e-002
d  1.2616131878e-007 2.5344610233e-002 6.5403296960e+000 3.0000000000e+002 0.0000000000e+000 0.0000000000e+000 0.0000000000e+000 0.0000000000e+000 -2.5344610063e-002 -2.5344610237e-002 2.5344609266e-002 -2.5344609262e-002
d  1.3077689507e-007 2.4833979068e-002 7.6942237679e+000 3.0000000000e+002 0.0000000000e+000 0.0000000000e+000 0.0000000000e+000 0.0000000000e+000 -2.4833981148e-002 -2.4833979020e-002 2.5112432959e-002 -2.5112433007e-002
d  1.3556861355e-007 2.4385470770e-002 8.8921533887e+000 3.0000000000e+002 0.0000000000e+000 0.0000000000e+000 0.0000000000e+000 0.0000000000e+000 -2.4385470754e-002 -2.4385470770e-002 2.4321214717e-002 -2.4321214717e-002
d  1.4131867573e-007 2.0349088043e-002 1.0329668934e+001 3.0000000000e+002 0.0000000000e+000 0.0000000000e+000 0.0000000000e+000 0.0000000000e+000 -2.0349087814e-002 -2.0349088047e-002 2.0348536069e-002 -2.0348536065e-002
d  1.4746280292e-007 1.9806397544e-002 1.1865700729e+001 3.0000000000e+002 0.0000000000e+000 0.0000000000e+000 0.0000000000e+000 0.0000000000e+000 -1.9806397546e-002 -1.9806397544e-002 2.0098794775e-002 -2.0098794775e-002
d  1.5289194325e-007 2.0095985352e-002 1.3222985812e+001 3.0000000000e+002 0.0000000000e+000 0.0000000000e+000 0.0000000000e+000 0.0000000000e+000 -2.0095985354e-002 -2.0095985352e-002 2.0060620422e-002 -2.0060620422e-002
d  1.5940691164e-007 1.7939910924e-002 1.4851727911e+001 3.0000000000e+002 0.0000000000e+000 0.0000000000e+000 0.0000000000e+000 0.0000000000e+000 -1.7939909723e-002 -1.7939910940e-002 1.7930950882e-002 -1.7930950866e-002
d  1.6698279361e-007 1.6422793500e-002 1.6745698403e+001 3.0000000000e+002 0.0000000000e+000 0.0000000000e+000 0.0000000000e+000 0.0000000000e+000 -1.6422795211e-002 -1.6422793480e-002 1.6422793175e-002 -1.6422793194e-002
d  1.7536089237e-007 1.6659808307e-002 1.8840223092e+001 3.0000000000e+002 0.0000000000e+000 0.0000000000e+000 0.0000000000e+000 0.0000000000e+000 -1.6659808571e-002 -1.6659808304e-002 1.6754292876e-002 -1.6754292879e-002
d  1.8366640833e-007 1.5612292629e-002 2.0916602082e+001 3.0000000000e+002 0.0000000000e+000 0.0000000000e+000 0.0000000000e+000 0.0000000000e+000 -1.5612292629e-002 -1.5612292629e-002 1.5590461616e-002 -1.5590461616e-002
d  1.9363302748e-007 1.3927717026e-002 2.3408256871e+001 3.0000000000e+002 0.0000000000e+000 0.0000000000e+000 0.0000000000e+000 0.0000000000e+000 -1.3927716862e-002 -1.3927717027e-002 1.3927578900e-002 -1.3927578899e-002
d  2.0559297047e-007 1.4202276414e-002 2.6398242617e+001 3.0000000000e+002 0.0000000000e+000 0.0000000000e+000 0.0000000000e+000 0.0000000000e+000 -1.4202276415e-002 -1.4202276414e-002 1.4285338487e-002 -1.4285338487e-002
d  2.1526742456e-007 1.3161182501e-002 2.8816856139e+001 3.0000000000e+002 0.0000000000e+000 0.0000000000e+000 0.0000000000e+000 0.0000000000e+000 -1.3161182501e-002 -1.3161182501e-002 1.3145367151e-002 -1.3145367151e-002
d  2.2687676946e-007 1.2188086817e-002 3.1719192365e+001 3.0000000000e+002 0.0000000000e+000 0.0000000000e+000 0.0000000000e+000 0.0000000000e+000 -1.2188087247e-002 -1.2188086814e-002 1.2187765032e-002 -1.2187765035e-002
d  2.4080798335e-007 1.2395404442e-002 3.5201995837e+001 3.0000000000e+002 0.0000000000e+000 0.0000000000e+000 0.0000000000e+000 0.0000000000e+000 -1.2395404443e-002 -1.2395404442e-002 1.2442847131e-002 -1.2442847131e-002
d  2.5290183761e-007 1.1306845846e-002 3.8225459403e+001 3.0000000000e+002 0.0000000000e+000 0.0000000000e+000 0.0000000000e+000 0.0000000000e+000 -1.1306838459e-002 -1.1306845883e-002 1.1297133229e-002 -1.1297133192e-002
d  2.6603292732e-007 1.0847289523e-002 4.1508231829e+001 3.0000000000e+002 0.0000000000e+000 0.0000000000e+000 0.0000000000e+000 0.0000000000e+000 -1.0847289589e-002 -1.0847289523e-002 1.0847203543e-002 -1.0847203543e-002
d  2.8179023496e-007 1.0958438856e-002 4.5447558741e+001 3.0000000000e+002 0.0000000000e+000 0.0000000000e+000 0.0000000000e+000 0.0000000000e+000 -1.0958438857e-002 -1.0958438856e-002 1.0983800232e-002 -1.0983800232e-002
d  2.9710592234e-007 9.8656073493e-003 4.9276480586e+001 3.0000000000e+002 0.0000000000e+000 0.0000000000e+000 0.0000000000e+000 0.0000000000e+000 -9.8656075259e-003 -9.8656073487e-003 9.8599672119e-003 -9.8599672125e-003
d  3.1200622162e-007 9.7616104902e-003 5.3001555404e+001 3.0000000000e+002 0.0000000000e+000 0.0000000000e+000 0.0000000000e+000 0.0000000000e+000 -9.7616105039e-003 -9.7616104901e-003 9.7860712883e-003 -9.7860712884e-003
d  3.2772814074e-007 9.8020022590e-003 5.6932035185e+001 3.0000000000e+002 0.0000000000e+000 0.0000000000e+000 0.0000000000e+000 0.0000000000e+000 -9.8020022593e-003 -9.8020022590e-003 9.8079773645e-003 -9.8079773645e-003
d  3.4659444369e-007 8.7919893940e-003 6.1648610921e+001 3.0000000000e+002 0.0000000000e+000 0.0000000000e+000 0.0000000000e+000 0.0000000000e+000 -8.7919895361e-003 -8.7919893936e-003 8.7887133271e-003 -8.7887133275e-003
d  3.6360034739e-007 8.8395670740e-003 6.5900086847e+001 3.0000000000e+002 0.0000000000e+000 0.0000000000e+000 0.0000000000e+000 0.0000000000e+000 -8.8395670882e-003 -8.8395670739e-003 8.8713185310e-003 -8.8713185310e-003
d  3.7992913118e-007 8.8381932803e-003 6.9982282796e+001 3.0000000000e+002 0.0000000000e+000 0.0000000000e+000 0.0000000000e+000 0.0000000000e+000 -8.8381934231e-003 -8.8381932799e-003 8.8371570110e-003 -8.8371570115e-003
d  3.9952367174e-007 7.9732293214e-003 7.4880917935e+001 3.0000000000e+002 0.0000000000e+000 0.0000000000e+000 0.0000000000e+000 0.0000000000e+000 -7.9732295747e-003 -7.9732293207e-003 7.9712414733e-003 -7.9712414740e-003
d  4.1782555113e-007 8.0609265110e-003 7.9456387781e+001 3.0000000000e+002 0.0000000000e+000 0.0000000000e+000 0.0000000000e+000 0.0000000000e+000 -8.0609265112e-003 -8.0609265110e-003 8.0934799374e-003 -8.0934799375e-003
d  4.3495267227e-007 8.0712232963e-003 8.3738168066e+001 3.0000000000e+002 0.0000000000e+000 0.0000000000e+000 0.0000000000e+000 0.0000000000e+000 -8.0712249805e-003 -8.0712232918e-003 8.0682877984e-003 -8.0682878029e-003
d  4.5550521763e-007 7.3882711994e-003 8.8876304408e+001 3.0000000000e+002 0.0000000000e+000 0.0000000000e+000 0.0000000000e+000 0.0000000000e+000 -7.3882712275e-003 -7.3882711993e-003 7.3868055965e-003 -7.3868055966e-003
d  4.7560793163e-007 7.3672751020e-003 9.3901982907e+001 3.0000000000e+002 0.0000000000e+000 0.0000000000e+000 0.0000000000e+000 0.0000000000e+000 -7.3672751021e-003 -7.3672751020e-003 7.3851323662e-003 -7.3851323662e-003
d  4.9577055291e-007 7.4073705854e-003 9.8942638227e+001 3.0000000000e+002 0.0000000000e+000 0.0000000000e+000 0.0000000000e+000 0.0000000000e+000 -7.4073705865e-003 -7.4073705854e-003 7.4101276317e-003 -7.4101276317e-003
d  5.0000000000e-007 7.3410150370e-003 1.0000000000e+002 3.0000000000e+002 0.0000000000e+000 0.0000000000e+000 0.0000000000e+000 0.0000000000e+000 -7.3410150862e-003 -7.3410150367e-003 7.3403850389e-003 -7.3403850392e-003
d  5.0507533651e-007 -2.7677127236e-003 1.0000000000e+002 3.0000000000e+002 0.0000000000e+000 0.0000000000e+000 0.0000000000e+000 0.0000000000e+000 2.7677126774e-003 2.7677127240e-003 -2.7677127234e-003 2.7677127230e-003
d  5.0817305907e-007 -6.5038288268e-004 1.0000000000e+002 3.0000000000e+002 0.0000000000e+000 0.0000000000e+000 0.0000000000e+000 0.0000000000e+000 6.5038786697e-004 6.5038282706e-004 -6.5038282740e-004 6.5038288301e-004
d  5.0924501834e-007 -1.8500585077e-004 1.0000000000e+002 3.0000000000e+002 0.0000000000e+000 0.0000000000e+000 0.0000000000e+000 0.0000000000e+000 1.8500919229e-004 1.8500577012e-004 -1.8500577137e-004 1.8500585201e-004
d  5.1019901409e-007 -2.2309892426e-005 1.0000000000e+002 3.0000000000e+002 0.0000000000e+000 0.0000000000e+000 0.0000000000e+000 0.0000000000e+000 2.2310476973e-005 2.2309875346e-005 -2.2309884170e-005 2.2309901239e-005
d  5.1134380900e-007 1.7779620828e-005 1.0000000000e+002 3.0000000000e+002 0.0000000000e+000 0.0000000000e+000 0.0000000000e+000 0.0000000000e+000 -1.7779584415e-005 -1.7779621799e-005 1.7779623365e-005 -1.7779622403e-005
d  5.1271756289e-007 1.1904314985e-005 1.0000000000e+002 3.0000000000e+002 0.0000000000e+000 0.0000000000e+000 0.0000000000e+000 0.0000000000e+000 -1.1904313566e-005 -1.1904315019e-005 1.1904314167e-005 -1.1904314144e-005
d  5.1436606755e-007 2.8754787328e-006 1.0000000000e+002 3.0000000000e+002 0.0000000000e+000 0.0000000000e+000 0.0000000000e+000 0.0000000000e+000 -2.8754773369e-006 -2.8754787609e-006 2.8754807965e-006 -2.8754807779e-006
d  5.1634427315e-007 -2.3467076968e-007 1.0000000000e+002 3.0000000000e+002 0.0000000000e+000 0.0000000000e+000 0.0000000000e+000 0.0000000000e+000 2.3467126536e-007 2.3467076141e-007 -2.3466649127e-007 2.3466648957e-007
d  5.1871811987e-007 -3.4519344324e-007 1.0000000000e+002 3.0000000000e+002 0.0000000000e+000 0.0000000000e+000 0.0000000000e+000 0.0000000000e+000 3.4519366945e-007 3.4519343986e-007 -3.4518992090e-007 3.4518991421e-007
d  5.2156673593e-007 -6.3775392988e-008 1.0000000000e+002 3.0000000000e+002 0.0000000000e+000 0.0000000000e+000 0.0000000000e+000 0.0000000000e+000 6.3775513287e-008 6.3775391208e-008 -6.3772656244e-008 6.3772647829e-008
d  5.2498507520e-007 2.5300945942e-008 1.0000000000e+002 3.0000000000e+002 0.0000000000e+000 0.0000000000e+000 0.0000000000e+000 0.0000000000e+000 -2.5300847796e-008 -2.5300947078e-008 2.5303200974e-008 -2.5303209972e-008
d  5.2908708233e-007 2.5562995656e-008 1.0000000000e+002 3.0000000000e+002 0.0000000000e+000 0.0000000000e+000 0.0000000000e+000 0.0000000000e+000 -2.5562995111e-008 -2.5562995608e-008 2.5563952735e-008 -2.5563962724e-008
d  5.3400949089e-007 1.9853006791e-008 1.0000000000e+002 3.0000000000e+002 0.0000000000e+000 0.0000000000e+000 0.0000000000e+000 0.0000000000e+000 -1.9852984992e-008 -1.9853006981e-008 1.9852614797e-008 -1.9852624655e-008
d  5.3991638115e-007 1.8830375533e-008 1.0000000000e+002 3.0000000000e+002 0.0000000000e+000 0.0000000000e+000 0.0000000000e+000 0.0000000000e+000 -1.8830362411e-008 -1.8830375627e-008 1.8830723455e-008 -1.8830733306e-008
d  5.4700464947e-007 1.8939636643e-008 1.0000000000e+002 3.0000000000e+002 0.0000000000e+000 0.0000000000e+000 0.0000000000e+000 0.0000000000e+000 -1.8939632446e-008 -1.8939636817e-008 1.8939693205e-008 -1.8939703139e-008
d  5.5551057145e-007 1.8988720394e-008 1.0000000000e+002 3.0000000000e+002 0.0000000000e+000 0.0000000000e+000 0.0000000000e+000 0.0000000000e+000 -1.8988716639e-008 -1.8988720435e-008 1.8988545697e-008 -1.8988555672e-008
d  5.6571767783e-007 1.8986203940e-008 1.0000000000e+002 3.0000000000e+002 0.0000000000e+000 0.0000000000e+000 0.0000000000e+000 0.0000000000e+000 -1.8986209298e-008 -1.8986203957e-008 1.8986670384e-008 -1.8986680395e-008
d  5.7796620548e-007 1.8980225934e-008 1.0000000000e+002 3.0000000000e+002 0.0000000000e+000 0.0000000000e+000 0.0000000000e+000 0.0000000000e+000 -1.8980218579e-008 -1.8980225938e-008 1.8980849083e-008 -1.8980859051e-008
d  5.9266443866e-007 1.8971734618e-008 1.0000000000e+002 3.0000000000e+002 0.0000000000e+000 0.0000000000e+000 0.0000000000e+000 0.0000000000e+000 -1.8971740261e-008 -1.8971734589e-008 1.8972126764e-008 -1.8972136806e-008
d  6.1030231849e-007 1.8964810713e-008 1.0000000000e+002 3.0000000000e+002 0.0000000000e+000 0.0000000000e+000 0.0000000000e+000 0.0000000000e+000 -1.8964815032e-008 -1.8964810703e-008 1.8965034175e-008 -1.8965044229e-008
d  6.3146777427e-007 1.8957970788e-008 1.0000000000e+002 3.0000000000e+002 0.0000000000e+000 0.0000000000e+000 0.0000000000e+000 0.0000000000e+000 -1.8957975797e-008 -1.8957970790e-008 1.8958126839e-008 -1.8958136838e-008
d  6.5686632121e-007 1.8950877004e-008 1.0000000000e+002 3.0000000000e+002 0.0000000000e+000 0.0000000000e+000 0.0000000000e+000 0.0000000000e+000 -1.8950873683e-008 -1.8950877020e-008 1.8951142788e-008 -1.8951152814e-008
d  6.8734457754e-007 1.8944295392e-008 1.0000000000e+002 3.0000000000e+002 0.0000000000e+000 0.0000000000e+000 0.0000000000e+000 0.0000000000e+000 -1.8944296778e-008 -1.8944295403e-008 1.8944660211e-008 -1.8944670194e-008
d  7.2391848514e-007 1.8936754992e-008 1.0000000000e+002 3.0000000000e+002 0.0000000000e+000 0.0000000000e+000 0.0000000000e+000 0.0000000000e+000 -1.8936754374e-008 -1.8936754999e-008 1.8936901205e-008 -1.8936911206e-008
d  7.6780717425e-007 1.8929785821e-008 1.0000000000e+002 3.0000000000e+002 0.0000000000e+000 0.0000000000e+000 0.0000000000e+000 0.0000000000e+000 -1.8929787231e-008 -1.8929785821e-008 1.8929938363e-008 -1.8929948359e-008
d  8.2047360119e-007 1.8922964913e-008 1.0000000000e+002 3.0000000000e+002 0.0000000000e+000 0.0000000000e+000 0.0000000000e+000 0.0000000000e+000 -1.8922965108e-008 -1.8922964908e-008 1.8923067637e-008 -1.8923077633e-008
d  8.8367331352e-007 1.8916298556e-008 1.0000000000e+002 3.0000000000e+002 0.0000000000e+000 0.0000000000e+000 0.0000000000e+000 0.0000000000e+000 -1.8916297698e-008 -1.8916298561e-008 1.8916352649e-008 -1.8916362657e-008
d  9.5951296831e-007 1.8909890066e-008 1.0000000000e+002 3.0000000000e+002 0.0000000000e+000 0.0000000000e+000 0.0000000000e+000 0.0000000000e+000 -1.8909891087e-008 -1.8909890066e-008 1.8909964362e-008 -1.8909974357e-008
d  1.0505205541e-006 1.8903753119e-008 1.0000000000e+002 3.0000000000e+002 0.0000000000e+000 0.0000000000e+000 0.0000000000e+000 0.0000000000e+000 -1.8903752764e-008 -1.8903753123e-008 1.8903803530e-008 -1.8903813528e-008
d  1.1597296570e-006 1.8897907622e-008 1.0000000000e+002 3.0000000000e+002 0.0000000000e+000 0.0000000000e+000 0.0000000000e+000 0.0000000000e+000 -1.8897907856e-008 -1.8897907622e-008 1.8897945510e-008 -1.8897955520e-008
d  1.2907805804e-006 1.8892396959e-008 1.0000000000e+002 3.0000000000e+002 0.0000000000e+000 0.0000000000e+000 0.0000000000e+000 0.0000000000e+000 -1.8892397492e-008 -1.8892396956e-008 1.8892440920e-008 -1.8892450916e-008
d  1.4480416886e-006 1.8887194513e-008 1.0000000000e+002 3.0000000000e+002 0.0000000000e+000 0.0000000000e+000 0.0000000000e+000 0.0000000000e+000 -1.8887194851e-008 -1.8887194513e-008 1.8887225576e-008 -1.8887235581e-008
d  1.6367550184e-006 1.8882464127e-008 1.0000000000e+002 3.0000000000e+002 0.0000000000e+000 0.0000000000e+000 0.0000000000e+000 0.0000000000e+000 -1.8882464554e-008 -1.8882464127e-008 1.8882519725e-008 -1.8882529720e-008
d  1.8632110142e-006 1.8877782815e-008 1.0000000000e+002 3.0000000000e+002 0.0000000000e+000 0.0000000000e+000 0.0000000000e+000 0.0000000000e+000 -1.8877783047e-008 -1.8877782816e-008 1.8877774734e-008 -1.8877784735e-008
d  2.1349582091e-006 1.8873627697e-008 1.0000000000e+002 3.0000000000e+002 0.0000000000e+000 0.0000000000e+000 0.0000000000e+000 0.0000000000e+000 -1.8873627513e-008 -1.8873627700e-008 1.8873628659e-008 -1.8873638659e-008
d  2.4610548430e-006 1.8869838830e-008 1.0000000000e+002 3.0000000000e+002 0.0000000000e+000 0.0000000000e+000 0.0000000000e+000 0.0000000000e+000 -1.8869838946e-008 -1.8869838828e-008 1.8869855476e-008 -1.8869865477e-008
d  2.8523708037e-006 1.8866360053e-008 1.0000000000e+002 3.0000000000e+002 0.0000000000e+000 0.0000000000e+000 0.0000000000e+000 0.0000000000e+000 -1.8866359981e-008 -1.8866360051e-008 1.8866387163e-008 -1.8866397162e-008
d  3.3219499565e-006 1.8863065276e-008 1.0000000000e+002 3.0000000000e+002 0.0000000000e+000 0.0000000000e+000 0.0000000000e+000 0.0000000000e+000 -1.8863065271e-008 -1.8863065276e-008 1.8863078113e-008 -1.8863088112e-008
d  3.8854449399e-006 1.8860102161e-008 1.0000000000e+002 3.0000000000e+002 0.0000000000e+000 0.0000000000e+000 0.0000000000e+000 0.0000000000e+000 -1.8860102034e-008 -1.8860102162e-008 1.8860112242e-008 -1.8860122242e-008
d  4.5616389200e-006 1.8857401210e-008 1.0000000000e+002 3.0000000000e+002 0.0000000000e+000 0.0000000000e+000 0.0000000000e+000 0.0000000000e+000 -1.8857401243e-008 -1.8857401209e-008 1.8857406138e-008 -1.8857416137e-008
d  5.3730716961e-006 1.8855067776e-008 1.0000000000e+002 3.0000000000e+002 0.0000000000e+000 0.0000000000e+000 0.0000000000e+000 0.0000000000e+000 -1.8855067879e-008 -1.8855067776e-008 1.8855077998e-008 -1.8855087998e-008
d  6.3467910274e-006 1.8852963685e-008 1.0000000000e+002 3.0000000000e+002 0.0000000000e+000 0.0000000000e+000 0.0000000000e+000 0.0000000000e+000 -1.8852963642e-008 -1.8852963686e-008 1.8852968878e-008 -1.8852978878e-008
d  7.5152542250e-006 1.8851190681e-008 1.0000000000e+002 3.0000000000e+002 0.0000000000e+000 0.0000000000e+000 0.0000000000e+000 0.0000000000e+000 -1.8851190612e-008 -1.8851190682e-008 1.8851193700e-008 -1.8851203701e-008
d  8.9174100621e-006 1.8849704667e-008 1.0000000000e+002 3.0000000000e+002 0.0000000000e+000 0.0000000000e+000 0.0000000000e+000 0.0000000000e+000 -1.8849704631e-008 -1.8849704667e-008 1.8849710197e-008 -1.8849720197e-008
d  1.0000000000e-005 1.8848876814e-008 1.0000000000e+002 3.0000000000e+002 0.0000000000e+000 0.0000000000e+000 0.0000000000e+000 0.0000000000e+000 -1.8848876886e-008 -1.8848876814e-008 1.8848872410e-008 -1.8848882409e-008
d  1.0500000000e-005 4.7387153615e+000 1.0000000000e+002 3.0000000000e+002 1.6937504105e-005 1.6937504105e-005 3.0000000000e-001 2.0000000000e+001 -4.7387153585e+000 -4.7387153615e+000 4.7387153615e+000 -4.7387153615e+000
d  1.0718571999e-005 5.2292284929e+000 1.0000000000e+002 3.0000000000e+002 1.6937504105e-005 1.6937504105e-005 3.0000000000e-001 2.0000000000e+001 -5.2292284929e+000 -5.2292284929e+000 5.2292284929e+000 -5.2292284929e+000
d  1.0883350439e-005 5.5277022562e+000 1.0000000000e+002 3.0000000000e+002 1.6937504105e-005 1.6937504105e-005 3.0000000000e-001 2.0000000000e+001 -5.5277022811e+000 -5.5277022555e+000 5.5277022555e+000 -5.5277022562e+000
d  1.1066765729e-005 5.8367071110e+000 1.0000000000e+002 3.0000000000e+002 1.6937504105e-005 1.6937504105e-005 3.0000000000e-001 2.0000000000e+001 -5.8367071110e+000 -5.8367071110e+000 5.8367071110e+000 -5.8367071110e+000
d  1.1286864077e-005 6.1682642972e+000 1.0000000000e+002 3.0000000000e+002 1.6937504105e-005 1.6937504105e-005 3.0000000000e-001 2.0000000000e+001 -6.1682641778e+000 -6.1682643001e+000 6.1682643001e+000 -6.1682642972e+000
d  1.1550982096e-005 6.5154078547e+000 1.0000000000e+002 3.0000000000e+002 1.6937504105e-005 1.6937504105e-005 3.0000000000e-001 2.0000000000e+001 -6.5154077635e+000 -6.5154078571e+000 6.5154078571e+000 -6.5154078547e+000
d  1.1867923717e-005 6.8740038372e+000 1.0000000000e+002 3.0000000000e+002 1.6937504105e-005 1.6937504105e-005 3.0000000000e-001 2.0000000000e+001 -6.8740038372e+000 -6.8740038372e+000 6.8740038372e+000 -6.8740038372e+000
d  1.2248253664e-005 7.2434128426e+000 1.0000000000e+002 3.0000000000e+002 1.6937504105e-005 1.6937504105e-005 3.0000000000e-001 2.0000000000e+001 -7.2434128180e+000 -7.2434128435e+000 7.2434128435e+000 -7.2434128426e+000
d  1.2704649599e-005 7.6566499055e+000 1.0000000000e+002 3.0000000000e+002 1.6937504105e-005 1.6937504105e-005 3.0000000000e-001 2.0000000000e+001 -7.6566499055e+000 -7.6566499055e+000 7.6566499055e+000 -7.6566499055e+000
d  1.3252324722e-005 8.1242536744e+000 1.0000000000e+002 3.0000000000e+002 1.6937504105e-005 1.6937504105e-005 3.0000000000e-001 2.0000000000e+001 -8.1242536735e+000 -8.1242536744e+000 8.1242536744e+000 -8.1242536744e+000
d  1.3909534869e-005 8.6141751053e+000 1.0000000000e+002 3.0000000000e+002 1.6937504105e-005 1.6937504105e-005 3.0000000000e-001 2.0000000000e+001 -8.6141749025e+000 -8.6141751099e+000 8.6141751099e+000 -8.6141751053e+000
d  1.4698187045e-005 9.1138350634e+000 1.0000000000e+002 3.0000000000e+002 1.6937504105e-005 1.6937504105e-005 3.0000000000e-001 2.0000000000e+001 -9.1138349355e+000 -9.1138350667e+000 9.1138350667e+000 -9.1138350634e+000
d  1.5644569657e-005 9.6075231617e+000 1.0000000000e+002 3.0000000000e+002 1.6937504105e-005 1.6937504105e-005 3.0000000000e-001 2.0000000000e+001 -9.6075231615e+000 -9.6075231617e+000 9.6075231617e+000 -9.6075231617e+000
d  1.6780228791e-005 1.0087221076e+001 1.0000000000e+002 3.0000000000e+002 1.6937504105e-005 1.6937504105e-005 3.0000000000e-001 2.0000000000e+001 -1.0087221075e+001 -1.0087221076e+001 1.0087221076e+001 -1.0087221076e+001
d  1.8143019752e-005 1.0597055163e+001 1.0000000000e+002 3.0000000000e+002 1.6937504105e-005 1.6937504105e-005 3.0000000000e-001 2.0000000000e+001 -1.0597055162e+001 -1.0597055163e+001 1.0597055163e+001 -1.0597055163e+001
d  1.9778368905e-005 1.1096258398e+001 1.0000000000e+002 3.0000000000e+002 1.6937504105e-005 1.6937504105e-005 3.0000000000e-001 2.0000000000e+001 -1.1096257320e+001 -1.1096258419e+001 1.1096258419e+001 -1.1096258398e+001
d  2.1740787889e-005 1.1540423930e+001 1.0000000000e+002 3.0000000000e+002 1.6937504105e-005 1.6937504105e-005 3.0000000000e-001 2.0000000000e+001 -1.1540423925e+001 -1.1540423930e+001 1.1540423930e+001 -1.1540423930e+001
d  2.4095690669e-005 1.1913710428e+001 1.0000000000e+002 3.0000000000e+002 1.6937504105e-005 1.6937504105e-005 3.0000000000e-001 2.0000000000e+001 -1.1913710428e+001 -1.1913710428e+001 1.1913710428e+001 -1.1913710428e+001
d  2.6921574006e-005 1.2204846993e+001 1.0000000000e+002 3.0000000000e+002 1.6937504105e-005 1.6937504105e-005 3.0000000000e-001 2.0000000000e+001 -1.2204846993e+001 -1.2204846993e+001 1.2204846993e+001 -1.2204846993e+001
d  3.0312634010e-005 1.2410995199e+001 1.0000000000e+002 3.0000000000e+002 1.6937504105e-005 1.6937504105e-005 3.0000000000e-001 2.0000000000e+001 -1.2410995199e+001 -1.2410995199e+001 1.2410995199e+001 -1.2410995199e+001
d  3.4381906014e-005 1.2539734990e+001 1.0000000000e+002 3.0000000000e+002 1.6937504105e-005 1.6937504105e-005 3.0000000000e-001 2.0000000000e+001 -1.2539734990e+001 -1.2539734990e+001 1.2539734990e+001 -1.2539734990e+001
d  3.9265032420e-005 1.2607238405e+001 1.0000000000e+002 3.0000000000e+002 1.6937504105e-005 1.6937504105e-005 3.0000000000e-001 2.0000000000e+001 -1.2607238345e+001 -1.2607238406e+001 1.2607238406e+001 -1.2607238405e+001
d  4.5124784107e-005 1.2633854296e+001 1.0000000000e+002 3.0000000000e+002 1.6937504105e-005 1.6937504105e-005 3.0000000000e-001 2.0000000000e+001 -1.2633854294e+001 -1.2633854296e+001 1.2633854296e+001 -1.2633854296e+001
d  5.0500000000e-005 1.2637504173e+001 1.0000000000e+002 3.0000000000e+002 1.6937504105e-005 1.6937504105e-005 3.0000000000e-001 2.0000000000e+001 -1.2637504540e+001 -1.2637504167e+001 1.2637504167e+001 -1.2637504173e+001
d  5.1000000000e-005 8.4548709957e+000 1.0000000000e+002 3.0000000000e+002 0.0000000000e+000 0.0000000000e+000 0.0000000000e+000 0.0000000000e+000 -8.4548709901e+000 -8.4548709958e+000 8.4548709958e+000 -8.4548709957e+000
d  5.1089931834e-005 8.1825329918e+000 1.0000000000e+002 3.0000000000e+002 0.0000000000e+000 0.0000000000e+000 0.0000000000e+000 0.0000000000e+000 -8.1825329889e+000 -8.1825329919e+000 8.1825329919e+000 -8.1825329918e+000
d  5.1125747335e-005 8.0970043235e+000 1.0000000000e+002 3.0000000000e+002 0.0000000000e+000 0.0000000000e+000 0.0000000000e+000 0.0000000000e+000 -8.0970043235e+000 -8.0970043235e+000 8.0970043235e+000 -8.0970043235e+000
d  5.1168725937e-005 8.0050372924e+000 1.0000000000e+002 3.0000000000e+002 0.0000000000e+000 0.0000000000e+000 0.0000000000e+000 0.0000000000e+000 -8.0050372924e+000 -8.0050372924e+000 8.0050372958e+000 -8.0050372958e+000
d  5.1213900339e-005 7.9193676423e+000 1.0000000000e+002 3.0000000000e+002 0.0000000000e+000 0.0000000000e+000 0.0000000000e+000 0.0000000000e+000 -7.9193676423e+000 -7.9193676423e+000 7.9196122823e+000 -7.9196122823e+000
d  5.1260879429e-005 7.8418991797e+000 1.0000000000e+002 3.0000000000e+002 0.0000000000e+000 0.0000000000e+000 0.0000000000e+000 0.0000000000e+000 -7.8418991796e+000 -7.8418991798e+000 7.8419439608e+000 -7.8419439607e+000
d  5.1317254338e-005 7.7642352098e+000 1.0000000000e+002 3.0000000000e+002 0.0000000000e+000 0.0000000000e+000 0.0000000000e+000 0.0000000000e+000 -7.7642352079e+000 -7.7642352100e+000 7.7642071085e+000 -7.7642071083e+000
d  5.1384904228e-005 7.6909696043e+000 1.0000000000e+002 3.0000000000e+002 0.0000000000e+000 0.0000000000e+000 0.0000000000e+000 0.0000000000e+000 -7.6909696043e+000 -7.6909696043e+000 7.6909695727e+000 -7.6909695727e+000
d  5.1466084096e-005 7.6087857480e+000 1.0000000000e+002 3.0000000000e+002 0.0000000000e+000 0.0000000000e+000 0.0000000000e+000 0.0000000000e+000 -7.6087856758e+000 -7.6087857576e+000 7.6087857574e+000 -7.6087857478e+000
d  5.1563499938e-005 7.4697784020e+000 1.0000000000e+002 3.0000000000e+002 0.0000000000e+000 0.0000000000e+000 0.0000000000e+000 0.0000000000e+000 -7.4697784020e+000 -7.4697784020e+000 7.4697784020e+000 -7.4697784020e+000
d  5.1680398948e-005 7.2465494357e+000 1.0000000000e+002 3.0000000000e+002 0.0000000000e+000 0.0000000000e+000 0.0000000000e+000 0.0000000000e+000 -7.2465494357e+000 -7.2465494357e+000 7.2465495114e+000 -7.2465495114e+000
d  5.1820677760e-005 6.9722785695e+000 1.0000000000e+002 3.0000000000e+002 0.0000000000e+000 0.0000000000e+000 0.0000000000e+000 0.0000000000e+000 -6.9722785695e+000 -6.9722785695e+000 6.9722785539e+000 -6.9722785539e+000
d  5.1970482270e-005 6.7124094529e+000 1.0000000000e+002 3.0000000000e+002 0.0000000000e+000 0.0000000000e+000 0.0000000000e+000 0.0000000000e+000 -6.7124094433e+000 -6.7124094532e+000 6.7124094525e+000 -6.7124094522e+000
d  5.2114277043e-005 6.4907366502e+000 1.0000000000e+002 3.0000000000e+002 0.0000000000e+000 0.0000000000e+000 0.0000000000e+000 0.0000000000e+000 -6.4907366501e+000 -6.4907366502e+000 6.4907366502e+000 -6.4907366502e+000
d  5.2286830771e-005 6.2484304288e+000 1.0000000000e+002 3.0000000000e+002 0.0000000000e+000 0.0000000000e+000 0.0000000000e+000 0.0000000000e+000 -6.2484339438e+000 -6.2484303397e+000 6.2484303397e+000 -6.2484304288e+000
d  5.2493895244e-005 5.9833959715e+000 1.0000000000e+002 3.0000000000e+002 0.0000000000e+000 0.0000000000e+000 0.0000000000e+000 0.0000000000e+000 -5.9833959714e+000 -5.9833959715e+000 5.9833959715e+000 -5.9833959715e+000
d  5.2742372612e-005 5.6946390485e+000 1.0000000000e+002 3.0000000000e+002 0.0000000000e+000 0.0000000000e+000 0.0000000000e+000 0.0000000000e+000 -5.6946390482e+000 -5.6946390485e+000 5.6946390485e+000 -5.6946390485e+000
d  5.3040545454e-005 5.3828847880e+000 1.0000000000e+002 3.0000000000e+002 0.0000000000e+000 0.0000000000e+000 0.0000000000e+000 0.0000000000e+000 -5.3828847869e+000 -5.3828847880e+000 5.3828847880e+000 -5.3828847880e+000
d  5.3398352864e-005 5.0558248186e+000 1.0000000000e+002 3.0000000000e+002 0.0000000000e+000 0.0000000000e+000 0.0000000000e+000 0.0000000000e+000 -5.0558241082e+000 -5.0558248414e+000 5.0558248414e+000 -5.0558248186e+000
d  5.3827721756e-005 4.7669884184e+000 1.0000000000e+002 3.0000000000e+002 0.0000000000e+000 0.0000000000e+000 0.0000000000e+000 0.0000000000e+000 -4.7669884704e+000 -4.7669884149e+000 4.7669884149e+000 -4.7669884184e+000
d  5.4300904929e-005 4.4117249235e+000 1.0000000000e+002 3.0000000000e+002 0.0000000000e+000 0.0000000000e+000 0.0000000000e+000 0.0000000000e+000 -4.4117249235e+000 -4.4117249235e+000 4.4117249235e+000 -4.4117249235e+000
d  5.4584136184e-005 4.1570428617e+000 1.0000000000e+002 3.0000000000e+002 0.0000000000e+000 0.0000000000e+000 0.0000000000e+000 0.0000000000e+000 -4.1570428617e+000 -4.1570428617e+000 4.1570429367e+000 -4.1570429367e+000
d  5.4885639008e-005 3.9224459140e+000 1.0000000000e+002 3.0000000000e+002 0.0000000000e+000 0.0000000000e+000 0.0000000000e+000 0.0000000000e+000 -3.9224459131e+000 -3.9224459140e+000 3.9224458907e+000 -3.9224458906e+000
d  5.5143459363e-005 3.7419722303e+000 1.0000000000e+002 3.0000000000e+002 0.0000000000e+000 0.0000000000e+000 0.0000000000e+000 0.0000000000e+000 -3.7419722303e+000 -3.7419722303e+000 3.7419722301e+000 -3.7419722301e+000
d  5.5452843790e-005 3.5418738580e+000 1.0000000000e+002 3.0000000000e+002 0.0000000000e+000 0.0000000000e+000 0.0000000000e+000 0.0000000000e+000 -3.5418738579e+000 -3.5418738580e+000 3.5418738580e+000 -3.5418738580e+000
d  5.5824105102e-005 3.3216557230e+000 1.0000000000e+002 3.0000000000e+002 0.0000000000e+000 0.0000000000e+000 0.0000000000e+000 0.0000000000e+000 -3.3216557228e+000 -3.3216557230e+000 3.3216557230e+000 -3.3216557230e+000
d  5.6269618677e-005 3.0826764512e+000 1.0000000000e+002 3.0000000000e+002 0.0000000000e+000 0.0000000000e+000 0.0000000000e+000 0.0000000000e+000 -3.0826764506e+000 -3.0826764512e+000 3.0826764512e+000 -3.0826764512e+000
d  5.6804234967e-005 2.8307513007e+000 1.0000000000e+002 3.0000000000e+002 0.0000000000e+000 0.0000000000e+000 0.0000000000e+000 0.0000000000e+000 -2.8307507192e+000 -2.8307513112e+000 2.8307513112e+000 -2.8307513007e+000
d  5.7445774514e-005 2.5958982376e+000 1.0000000000e+002 3.0000000000e+002 0.0000000000e+000 0.0000000000e+000 0.0000000000e+000 0.0000000000e+000 -2.5958983106e+000 -2.5958982351e+000 2.5958982351e+000 -2.5958982376e+000
d  5.8115160865e-005 2.3274200803e+000 1.0000000000e+002 3.0000000000e+002 0.0000000000e+000 0.0000000000e+000 0.0000000000e+000 0.0000000000e+000 -2.3274200803e+000 -2.3274200803e+000 2.3274200803e+000 -2.3274200803e+000
d  5.8494986548e-005 2.1748755301e+000 1.0000000000e+002 3.0000000000e+002 0.0000000000e+000 0.0000000000e+000 0.0000000000e+000 0.0000000000e+000 -2.1748755238e+000 -2.1748755301e+000 2.1748755657e+000 -2.1748755656e+000
d  5.8950777367e-005 2.0149401972e+000 1.0000000000e+002 3.0000000000e+002 0.0000000000e+000 0.0000000000e+000 0.0000000000e+000 0.0000000000e+000 -2.0149401971e+000 -2.0149401972e+000 2.0149401855e+000 -2.0149401855e+000
d  5.9355549833e-005 1.8872077795e+000 1.0000000000e+002 3.0000000000e+002 0.0000000000e+000 0.0000000000e+000 0.0000000000e+000 0.0000000000e+000 -1.8872077794e+000 -1.8872077795e+000 1.8872077793e+000 -1.8872077793e+000
d  5.9841276792e-005 1.7474559913e+000 1.0000000000e+002 3.0000000000e+002 0.0000000000e+000 0.0000000000e+000 0.0000000000e+000 0.0000000000e+000 -1.7474559913e+000 -1.7474559913e+000 1.7474559913e+000 -1.7474559913e+000
d  6.0424149143e-005 1.5963236729e+000 1.0000000000e+002 3.0000000000e+002 0.0000000000e+000 0.0000000000e+000 0.0000000000e+000 0.0000000000e+000 -1.5963236728e+000 -1.5963236729e+000 1.5963236729e+000 -1.5963236729e+000
d  6.1123595963e-005 1.4355149956e+000 1.0000000000e+002 3.0000000000e+002 0.0000000000e+000 0.0000000000e+000 0.0000000000e+000 0.0000000000e+000 -1.4355149956e+000 -1.4355149956e+000 1.4355149956e+000 -1.4355149956e+000
d  6.1962932148e-005 1.2680815563e+000 1.0000000000e+002 3.0000000000e+002 0.0000000000e+000 0.0000000000e+000 0.0000000000e+000 0.0000000000e+000 -1.2680815456e+000 -1.2680815564e+000 1.2680815564e+000 -1.2680815563e+000
d  6.2970135570e-005 1.1006101673e+000 1.0000000000e+002 3.0000000000e+002 0.0000000000e+000 0.0000000000e+000 0.0000000000e+000 0.0000000000e+000 -1.1006101672e+000 -1.1006101673e+000 1.1006101673e+000 -1.1006101673e+000
d  6.4178779677e-005 9.3261626806e-001 1.0000000000e+002 3.0000000000e+002 0.0000000000e+000 0.0000000000e+000 0.0000000000e+000 0.0000000000e+000 -9.3261625721e-001 -9.3261626812e-001 9.3261626812e-001 -9.3261626806e-001
d  6.5476055801e-005 7.6681947243e-001 1.0000000000e+002 3.0000000000e+002 0.0000000000e+000 0.0000000000e+000 0.0000000000e+000 0.0000000000e+000 -7.6681947243e-001 -7.6681947243e-001 7.6681947243e-001 -7.6681947243e-001
d  6.6247147718e-005 6.8728909632e-001 1.0000000000e+002 3.0000000000e+002 0.0000000000e+000 0.0000000000e+000 0.0000000000e+000 0.0000000000e+000 -6.8728909632e-001 -6.8728909632e-001 6.8728909809e-001 -6.8728909809e-001
d  6.6899904008e-005 6.2763611353e-001 1.0000000000e+002 3.0000000000e+002 0.0000000000e+000 0.0000000000e+000 0.0000000000e+000 0.0000000000e+000 -6.2763612599e-001 -6.2763611350e-001 6.2763611299e-001 -6.2763611302e-001
d  6.7683211557e-005 5.6360957961e-001 1.0000000000e+002 3.0000000000e+002 0.0000000000e+000 0.0000000000e+000 0.0000000000e+000 0.0000000000e+000 -5.6360957961e-001 -5.6360957961e-001 5.6360957961e-001 -5.6360957961e-001
d  6.8623180614e-005 4.9616486038e-001 1.0000000000e+002 3.0000000000e+002 0.0000000000e+000 0.0000000000e+000 0.0000000000e+000 0.0000000000e+000 -4.9616486038e-001 -4.9616486038e-001 4.9616486038e-001 -4.9616486038e-001
d  6.9751143484e-005 4.2664894900e-001 1.0000000000e+002 3.0000000000e+002 0.0000000000e+000 0.0000000000e+000 0.0000000000e+000 0.0000000000e+000 -4.2664894900e-001 -4.2664894900e-001 4.2664894900e-001 -4.2664894900e-001
d  7.1104698927e-005 3.5678936724e-001 1.0000000000e+002 3.0000000000e+002 0.0000000000e+000 0.0000000000e+000 0.0000000000e+000 0.0000000000e+000 -3.5678936724e-001 -3.5678936724e-001 3.5678936724e-001 -3.5678936724e-001
d  7.2728965459e-005 2.8862569082e-001 1.0000000000e+002 3.0000000000e+002 0.0000000000e+000 0.0000000000e+000 0.0000000000e+000 0.0000000000e+000 -2.8862569082e-001 -2.8862569082e-001 2.8862569082e-001 -2.8862569082e-001
d  7.4641188274e-005 2.2545637383e-001 1.0000000000e+002 3.0000000000e+002 0.0000000000e+000 0.0000000000e+000 0.0000000000e+000 0.0000000000e+000 -2.2545637383e-001 -2.2545637383e-001 2.2545637383e-001 -2.2545637383e-001
d  7.6528569032e-005 1.7716812912e-001 1.0000000000e+002 3.0000000000e+002 0.0000000000e+000 0.0000000000e+000 0.0000000000e+000 0.0000000000e+000 -1.7716812912e-001 -1.7716812912e-001 1.7716812912e-001 -1.7716812912e-001
d  7.8382087039e-005 1.4019497653e-001 1.0000000000e+002 3.0000000000e+002 0.0000000000e+000 0.0000000000e+000 0.0000000000e+000 0.0000000000e+000 -1.4019497653e-001 -1.4019497653e-001 1.4019497653e-001 -1.4019497653e-001
d  8.0260394926e-005 1.1082978569e-001 1.0000000000e+002 3.0000000000e+002 0.0000000000e+000 0.0000000000e+000 0.0000000000e+000 0.0000000000e+000 -1.1082978569e-001 -1.1082978569e-001 1.1082978569e-001 -1.1082978569e-001
d  8.2200859869e-005 8.7078904342e-002 1.0000000000e+002 3.0000000000e+002 0.0000000000e+000 0.0000000000e+000 0.0000000000e+000 0.0000000000e+000 -8.7078904342e-002 -8.7078904342e-002 8.7078904342e-002 -8.7078904342e-002
d  8.4239416736e-005 6.7667825047e-002 1.0000000000e+002 3.0000000000e+002 0.0000000000e+000 0.0000000000e+000 0.0000000000e+000 0.0000000000e+000 -6.7667825046e-002 -6.7667825047e-002 6.7667825047e-002 -6.7667825047e-002
d  8.6400294747e-005 5.1834281793e-002 1.0000000000e+002 3.0000000000e+002 0.0000000000e+000 0.0000000000e+000 0.0000000000e+000 0.0000000000e+000 -5.1834281793e-002 -5.1834281793e-002 5.1834281793e-002 -5.1834281793e-002
d  8.8694409212e-005 3.9077530331e-002 1.0000000000e+002 3.0000000000e+002 0.0000000000e+000 0.0000000000e+000 0.0000000000e+000 0.0000000000e+000 -3.9077530331e-002 -3.9077530331e-002 3.9077530331e-002 -3.9077530331e-002
d  9.1096071652e-005 2.9085416859e-002 1.0000000000e+002 3.0000000000e+002 0.0000000000e+000 0.0000000000e+000 0.0000000000e+000 0.0000000000e+000 -2.9085416859e-002 -2.9085416859e-002 2.9085416859e-002 -2.9085416859e-002
d  9.3580036425e-005 2.1444044043e-002 1.0000000000e+002 3.0000000000e+002 0.0000000000e+000 0.0000000000e+000 0.0000000000e+000 0.0000000000e+000 -2.1444044043e-002 -2.1444044043e-002 2.1444044043e-002 -2.1444044043e-002
d  9.6166311860e-005 1.5627345748e-002 1.0000000000e+002 3.0000000000e+002 0.0000000000e+000 0.0000000000e+000 0.0000000000e+000 0.0000000000e+000 -1.5627345748e-002 -1.5627345748e-002 1.5627345748e-002 -1.5627345748e-002
d  9.8799172690e-005 1.1341227032e-002 1.0000000000e+002 3.0000000000e+002 0.0000000000e+000 0.0000000000e+000 0.0000000000e+000 0.0000000000e+000 -1.1341227032e-002 -1.1341227032e-002 1.1341227032e-002 -1.1341227032e-002
d  1.0000000000e-004 9.8314813674e-003 1.0000000000e+002 3.0000000000e+002 0.0000000000e+000 0.0000000000e+000 0.0000000000e+000 0.0000000000e+000 -9.8314802716e-003 -9.8314813676e-003 9.8314813676e-003 -9.8314813674e-003
