v ATLAS
# This file was created by ATLAS version 5.18.3.R on Wed Feb 27 22:19:17 2013.
#SSF 2.0 generic
##############################################################################
#                    Copyright © 1984 - 2012                                 #
#                    Silvaco Inc. All rights reserved                        #
#                                                                            #
# This file format and the following Key are copyright Silvaco Inc.          #
# You may not use, this format or key without reproducing this message in    #
# full and obtaining express written permission from Silvaco Inc.            #
#                                                                            #
# To obtain such permission please contact: Silvaco Inc.                     #
#                                           support@silvaco.com              #
#                                                                            #
# KEY=SVC86hn7562asdx                       PROD=345                         #
##############################################################################
y 3 700 711 15
z 0.291441 0.0113125 300
f 4 "gate" "source" "drain" "substrate" 
p 12 2 601 20 3 602 21 4 603 22 5 604 23 
d 3.300000000e+000 3.300000000e+000 0.000000000e+000 0.000000000e+000 0.000000000e+000 2.674783527e-017 0.000000000e+000 0.000000000e+000 2.681310573e-017 0.000000000e+000 0.000000000e+000 -2.600619964e-020 
d 3.300000000e+000 3.300000000e+000 0.000000000e+000 0.000000000e+000 0.000000000e+000 -8.138983484e-006 1.250000000e-002 1.250000000e-002 8.138983484e-006 0.000000000e+000 0.000000000e+000 -1.078628298e-017 
d 3.300000000e+000 3.300000000e+000 0.000000000e+000 0.000000000e+000 0.000000000e+000 -1.624275413e-005 2.500000000e-002 2.500000000e-002 1.624275413e-005 0.000000000e+000 0.000000000e+000 -2.005888661e-017 
d 3.300000000e+000 3.300000000e+000 0.000000000e+000 0.000000000e+000 0.000000000e+000 -3.233639211e-005 5.000000000e-002 5.000000000e-002 3.233639211e-005 0.000000000e+000 0.000000000e+000 -3.595830826e-017 
d 3.300000000e+000 3.300000000e+000 0.000000000e+000 0.000000000e+000 0.000000000e+000 -6.401043025e-005 1.000000000e-001 1.000000000e-001 6.401043025e-005 0.000000000e+000 0.000000000e+000 -6.171016214e-017 
d 3.300000000e+000 3.300000000e+000 0.000000000e+000 0.000000000e+000 0.000000000e+000 -1.248519413e-004 2.000000000e-001 2.000000000e-001 1.248519413e-004 0.000000000e+000 0.000000000e+000 -1.029872588e-016 
d 3.300000000e+000 3.300000000e+000 0.000000000e+000 0.000000000e+000 0.000000000e+000 -1.815236194e-004 3.000000000e-001 3.000000000e-001 1.815236194e-004 0.000000000e+000 0.000000000e+000 -1.426478213e-016 
d 3.300000000e+000 3.300000000e+000 0.000000000e+000 0.000000000e+000 0.000000000e+000 -2.331168861e-004 4.000000000e-001 4.000000000e-001 2.331168861e-004 0.000000000e+000 0.000000000e+000 -1.970345277e-016 
d 3.300000000e+000 3.300000000e+000 0.000000000e+000 0.000000000e+000 0.000000000e+000 -2.788854211e-004 5.000000000e-001 5.000000000e-001 2.788854211e-004 0.000000000e+000 0.000000000e+000 -2.695716237e-016 
d 3.300000000e+000 3.300000000e+000 0.000000000e+000 0.000000000e+000 0.000000000e+000 -3.183189258e-004 6.000000000e-001 6.000000000e-001 3.183189258e-004 0.000000000e+000 0.000000000e+000 -3.359631040e-016 
d 3.300000000e+000 3.300000000e+000 0.000000000e+000 0.000000000e+000 0.000000000e+000 -3.511902020e-004 7.000000000e-001 7.000000000e-001 3.511902020e-004 0.000000000e+000 0.000000000e+000 -3.917756563e-016 
d 3.300000000e+000 3.300000000e+000 0.000000000e+000 0.000000000e+000 0.000000000e+000 -3.776256072e-004 8.000000000e-001 8.000000000e-001 3.776256072e-004 0.000000000e+000 0.000000000e+000 -4.424815412e-016 
d 3.300000000e+000 3.300000000e+000 0.000000000e+000 0.000000000e+000 0.000000000e+000 -3.981760205e-004 9.000000000e-001 9.000000000e-001 3.981760205e-004 0.000000000e+000 0.000000000e+000 -4.872185655e-016 
d 3.300000000e+000 3.300000000e+000 0.000000000e+000 0.000000000e+000 0.000000000e+000 -4.138408546e-004 1.000000000e+000 1.000000000e+000 4.138408546e-004 0.000000000e+000 0.000000000e+000 -5.224588392e-016 
d 3.300000000e+000 3.300000000e+000 0.000000000e+000 0.000000000e+000 0.000000000e+000 -4.258865776e-004 1.100000000e+000 1.100000000e+000 4.258865776e-004 0.000000000e+000 0.000000000e+000 -5.481484881e-016 
d 3.300000000e+000 3.300000000e+000 0.000000000e+000 0.000000000e+000 0.000000000e+000 -4.354688977e-004 1.200000000e+000 1.200000000e+000 4.354688977e-004 0.000000000e+000 0.000000000e+000 -5.682439644e-016 
d 3.300000000e+000 3.300000000e+000 0.000000000e+000 0.000000000e+000 0.000000000e+000 -4.434051811e-004 1.300000000e+000 1.300000000e+000 4.434051811e-004 0.000000000e+000 0.000000000e+000 -5.848821149e-016 
d 3.300000000e+000 3.300000000e+000 0.000000000e+000 0.000000000e+000 0.000000000e+000 -4.501985509e-004 1.400000000e+000 1.400000000e+000 4.501985509e-004 0.000000000e+000 0.000000000e+000 -5.995244323e-016 
d 3.300000000e+000 3.300000000e+000 0.000000000e+000 0.000000000e+000 0.000000000e+000 -4.561492913e-004 1.500000000e+000 1.500000000e+000 4.561492913e-004 0.000000000e+000 0.000000000e+000 -6.128410792e-016 
d 3.300000000e+000 3.300000000e+000 0.000000000e+000 0.000000000e+000 0.000000000e+000 -4.614448821e-004 1.600000000e+000 1.600000000e+000 4.614448821e-004 0.000000000e+000 0.000000000e+000 -6.251139650e-016 
d 3.300000000e+000 3.300000000e+000 0.000000000e+000 0.000000000e+000 0.000000000e+000 -4.662129143e-004 1.700000000e+000 1.700000000e+000 4.662129143e-004 0.000000000e+000 0.000000000e+000 -6.364692914e-016 
d 3.300000000e+000 3.300000000e+000 0.000000000e+000 0.000000000e+000 0.000000000e+000 -4.705482618e-004 1.800000000e+000 1.800000000e+000 4.705482618e-004 0.000000000e+000 0.000000000e+000 -6.467149525e-016 
d 3.300000000e+000 3.300000000e+000 0.000000000e+000 0.000000000e+000 0.000000000e+000 -4.745252677e-004 1.900000000e+000 1.900000000e+000 4.745252678e-004 0.000000000e+000 0.000000000e+000 -6.576711963e-016 
d 3.300000000e+000 3.300000000e+000 0.000000000e+000 0.000000000e+000 0.000000000e+000 -4.782024568e-004 2.000000000e+000 2.000000000e+000 4.782024568e-004 0.000000000e+000 0.000000000e+000 -6.677695511e-016 
d 3.300000000e+000 3.300000000e+000 0.000000000e+000 0.000000000e+000 0.000000000e+000 -4.816250335e-004 2.100000000e+000 2.100000000e+000 4.816250335e-004 0.000000000e+000 0.000000000e+000 -6.771728531e-016 
d 3.300000000e+000 3.300000000e+000 0.000000000e+000 0.000000000e+000 0.000000000e+000 -4.848274728e-004 2.200000000e+000 2.200000000e+000 4.848274728e-004 0.000000000e+000 0.000000000e+000 -6.866827676e-016 
d 3.300000000e+000 3.300000000e+000 0.000000000e+000 0.000000000e+000 0.000000000e+000 -4.878361959e-004 2.300000000e+000 2.300000000e+000 4.878361959e-004 0.000000000e+000 0.000000000e+000 -6.977736524e-016 
d 3.300000000e+000 3.300000000e+000 0.000000000e+000 0.000000000e+000 0.000000000e+000 -4.906718291e-004 2.400000000e+000 2.400000000e+000 4.906718291e-004 0.000000000e+000 0.000000000e+000 -7.122199940e-016 
d 3.300000000e+000 3.300000000e+000 0.000000000e+000 0.000000000e+000 0.000000000e+000 -4.933508630e-004 2.500000000e+000 2.500000000e+000 4.933508630e-004 0.000000000e+000 0.000000000e+000 -7.337837576e-016 
d 3.300000000e+000 3.300000000e+000 0.000000000e+000 0.000000000e+000 0.000000000e+000 -4.958867983e-004 2.600000000e+000 2.600000000e+000 4.958867983e-004 0.000000000e+000 0.000000000e+000 -7.634465848e-016 
d 3.300000000e+000 3.300000000e+000 0.000000000e+000 0.000000000e+000 0.000000000e+000 -4.982909450e-004 2.700000000e+000 2.700000000e+000 4.982909450e-004 0.000000000e+000 0.000000000e+000 -7.953159093e-016 
d 3.300000000e+000 3.300000000e+000 0.000000000e+000 0.000000000e+000 0.000000000e+000 -5.005730201e-004 2.800000000e+000 2.800000000e+000 5.005730201e-004 0.000000000e+000 0.000000000e+000 -8.230714359e-016 
d 3.300000000e+000 3.300000000e+000 0.000000000e+000 0.000000000e+000 0.000000000e+000 -5.027416298e-004 2.900000000e+000 2.900000000e+000 5.027416298e-004 0.000000000e+000 0.000000000e+000 -8.454517366e-016 
d 3.300000000e+000 3.300000000e+000 0.000000000e+000 0.000000000e+000 0.000000000e+000 -5.048042023e-004 3.000000000e+000 3.000000000e+000 5.048042023e-004 0.000000000e+000 0.000000000e+000 -8.639339878e-016 
d 3.300000000e+000 3.300000000e+000 0.000000000e+000 0.000000000e+000 0.000000000e+000 -5.067687826e-004 3.100000000e+000 3.100000000e+000 5.067687826e-004 0.000000000e+000 0.000000000e+000 -8.796650369e-016 
d 3.300000000e+000 3.300000000e+000 0.000000000e+000 0.000000000e+000 0.000000000e+000 -5.086431233e-004 3.200000000e+000 3.200000000e+000 5.086431233e-004 0.000000000e+000 0.000000000e+000 -8.932637550e-016 
d 3.300000000e+000 3.300000000e+000 0.000000000e+000 0.000000000e+000 0.000000000e+000 -5.104350154e-004 3.300000000e+000 3.300000000e+000 5.104350154e-004 0.000000000e+000 0.000000000e+000 -9.052771151e-016 
