v ATLAS
# This file was created by ATLAS version 5.18.3.R on Wed Feb 27 22:19:10 2013.
#SSF 2.0 generic
##############################################################################
#                    Copyright © 1984 - 2012                                 #
#                    Silvaco Inc. All rights reserved                        #
#                                                                            #
# This file format and the following Key are copyright Silvaco Inc.          #
# You may not use, this format or key without reproducing this message in    #
# full and obtaining express written permission from Silvaco Inc.            #
#                                                                            #
# To obtain such permission please contact: Silvaco Inc.                     #
#                                           support@silvaco.com              #
#                                                                            #
# KEY=SVC86hn7562asdx                       PROD=345                         #
##############################################################################
y 3 700 711 15
z 0.291441 0.0113125 300
f 4 "gate" "source" "drain" "substrate" 
p 12 2 601 20 3 602 21 4 603 22 5 604 23 
d 2.200000000e+000 2.200000000e+000 0.000000000e+000 0.000000000e+000 0.000000000e+000 2.673478117e-016 0.000000000e+000 0.000000000e+000 1.872348469e-016 0.000000000e+000 0.000000000e+000 2.753597609e-020 
d 2.200000000e+000 2.200000000e+000 0.000000000e+000 0.000000000e+000 0.000000000e+000 -5.898247519e-006 1.250000000e-002 1.250000000e-002 5.898247520e-006 0.000000000e+000 0.000000000e+000 -1.057010208e-017 
d 2.200000000e+000 2.200000000e+000 0.000000000e+000 0.000000000e+000 0.000000000e+000 -1.175197504e-005 2.500000000e-002 2.500000000e-002 1.175197504e-005 0.000000000e+000 0.000000000e+000 -1.972704698e-017 
d 2.200000000e+000 2.200000000e+000 0.000000000e+000 0.000000000e+000 0.000000000e+000 -2.331683421e-005 5.000000000e-002 5.000000000e-002 2.331683421e-005 0.000000000e+000 0.000000000e+000 -3.525762119e-017 
d 2.200000000e+000 2.200000000e+000 0.000000000e+000 0.000000000e+000 0.000000000e+000 -4.581357779e-005 1.000000000e-001 1.000000000e-001 4.581357779e-005 0.000000000e+000 0.000000000e+000 -6.041909456e-017 
d 2.200000000e+000 2.200000000e+000 0.000000000e+000 0.000000000e+000 0.000000000e+000 -8.779220393e-005 2.000000000e-001 2.000000000e-001 8.779220394e-005 0.000000000e+000 0.000000000e+000 -1.014655171e-016 
d 2.200000000e+000 2.200000000e+000 0.000000000e+000 0.000000000e+000 0.000000000e+000 -1.249151503e-004 3.000000000e-001 3.000000000e-001 1.249151503e-004 0.000000000e+000 0.000000000e+000 -1.414940019e-016 
d 2.200000000e+000 2.200000000e+000 0.000000000e+000 0.000000000e+000 0.000000000e+000 -1.563820763e-004 4.000000000e-001 4.000000000e-001 1.563820763e-004 0.000000000e+000 0.000000000e+000 -1.958537808e-016 
d 2.200000000e+000 2.200000000e+000 0.000000000e+000 0.000000000e+000 0.000000000e+000 -1.817313824e-004 5.000000000e-001 5.000000000e-001 1.817313824e-004 0.000000000e+000 0.000000000e+000 -2.682934391e-016 
d 2.200000000e+000 2.200000000e+000 0.000000000e+000 0.000000000e+000 0.000000000e+000 -2.009679085e-004 6.000000000e-001 6.000000000e-001 2.009679085e-004 0.000000000e+000 0.000000000e+000 -3.338068585e-016 
d 2.200000000e+000 2.200000000e+000 0.000000000e+000 0.000000000e+000 0.000000000e+000 -2.147250838e-004 7.000000000e-001 7.000000000e-001 2.147250838e-004 0.000000000e+000 0.000000000e+000 -3.880128703e-016 
d 2.200000000e+000 2.200000000e+000 0.000000000e+000 0.000000000e+000 0.000000000e+000 -2.243144430e-004 8.000000000e-001 8.000000000e-001 2.243144430e-004 0.000000000e+000 0.000000000e+000 -4.366214016e-016 
d 2.200000000e+000 2.200000000e+000 0.000000000e+000 0.000000000e+000 0.000000000e+000 -2.312739522e-004 9.000000000e-001 9.000000000e-001 2.312739522e-004 0.000000000e+000 0.000000000e+000 -4.791267602e-016 
d 2.200000000e+000 2.200000000e+000 0.000000000e+000 0.000000000e+000 0.000000000e+000 -2.367090013e-004 1.000000000e+000 1.000000000e+000 2.367090013e-004 0.000000000e+000 0.000000000e+000 -5.127712906e-016 
d 2.200000000e+000 2.200000000e+000 0.000000000e+000 0.000000000e+000 0.000000000e+000 -2.412139513e-004 1.100000000e+000 1.100000000e+000 2.412139513e-004 0.000000000e+000 0.000000000e+000 -5.371249139e-016 
d 2.200000000e+000 2.200000000e+000 0.000000000e+000 0.000000000e+000 0.000000000e+000 -2.450998598e-004 1.200000000e+000 1.200000000e+000 2.450998598e-004 0.000000000e+000 0.000000000e+000 -5.557190914e-016 
d 2.200000000e+000 2.200000000e+000 0.000000000e+000 0.000000000e+000 0.000000000e+000 -2.485398360e-004 1.300000000e+000 1.300000000e+000 2.485398360e-004 0.000000000e+000 0.000000000e+000 -5.666293269e-016 
d 2.200000000e+000 2.200000000e+000 0.000000000e+000 0.000000000e+000 0.000000000e+000 -2.516345055e-004 1.400000000e+000 1.400000000e+000 2.516345055e-004 0.000000000e+000 0.000000000e+000 -5.856681934e-016 
d 2.200000000e+000 2.200000000e+000 0.000000000e+000 0.000000000e+000 0.000000000e+000 -2.544467951e-004 1.500000000e+000 1.500000000e+000 2.544467951e-004 0.000000000e+000 0.000000000e+000 -5.988422997e-016 
d 2.200000000e+000 2.200000000e+000 0.000000000e+000 0.000000000e+000 0.000000000e+000 -2.570205112e-004 1.600000000e+000 1.600000000e+000 2.570205112e-004 0.000000000e+000 0.000000000e+000 -6.112794579e-016 
d 2.200000000e+000 2.200000000e+000 0.000000000e+000 0.000000000e+000 0.000000000e+000 -2.593900556e-004 1.700000000e+000 1.700000000e+000 2.593900556e-004 0.000000000e+000 0.000000000e+000 -6.229971407e-016 
d 2.200000000e+000 2.200000000e+000 0.000000000e+000 0.000000000e+000 0.000000000e+000 -2.615856328e-004 1.800000000e+000 1.800000000e+000 2.615856328e-004 0.000000000e+000 0.000000000e+000 -6.337221564e-016 
d 2.200000000e+000 2.200000000e+000 0.000000000e+000 0.000000000e+000 0.000000000e+000 -2.636348318e-004 1.900000000e+000 1.900000000e+000 2.636348318e-004 0.000000000e+000 0.000000000e+000 -6.450726136e-016 
d 2.200000000e+000 2.200000000e+000 0.000000000e+000 0.000000000e+000 0.000000000e+000 -2.655614485e-004 2.000000000e+000 2.000000000e+000 2.655614485e-004 0.000000000e+000 0.000000000e+000 -6.558539156e-016 
d 2.200000000e+000 2.200000000e+000 0.000000000e+000 0.000000000e+000 0.000000000e+000 -2.673838951e-004 2.100000000e+000 2.100000000e+000 2.673838951e-004 0.000000000e+000 0.000000000e+000 -6.657950530e-016 
d 2.200000000e+000 2.200000000e+000 0.000000000e+000 0.000000000e+000 0.000000000e+000 -2.691162346e-004 2.200000000e+000 2.200000000e+000 2.691162345e-004 0.000000000e+000 0.000000000e+000 -6.757860091e-016 
d 2.200000000e+000 2.200000000e+000 0.000000000e+000 0.000000000e+000 0.000000000e+000 -2.707690005e-004 2.300000000e+000 2.300000000e+000 2.707690005e-004 0.000000000e+000 0.000000000e+000 -6.871853813e-016 
d 2.200000000e+000 2.200000000e+000 0.000000000e+000 0.000000000e+000 0.000000000e+000 -2.723500651e-004 2.400000000e+000 2.400000000e+000 2.723500651e-004 0.000000000e+000 0.000000000e+000 -7.023050182e-016 
d 2.200000000e+000 2.200000000e+000 0.000000000e+000 0.000000000e+000 0.000000000e+000 -2.738659754e-004 2.500000000e+000 2.500000000e+000 2.738659754e-004 0.000000000e+000 0.000000000e+000 -7.247830742e-016 
d 2.200000000e+000 2.200000000e+000 0.000000000e+000 0.000000000e+000 0.000000000e+000 -2.753218231e-004 2.600000000e+000 2.600000000e+000 2.753218231e-004 0.000000000e+000 0.000000000e+000 -7.557528418e-016 
d 2.200000000e+000 2.200000000e+000 0.000000000e+000 0.000000000e+000 0.000000000e+000 -2.767218133e-004 2.700000000e+000 2.700000000e+000 2.767218133e-004 0.000000000e+000 0.000000000e+000 -7.889730670e-016 
d 2.200000000e+000 2.200000000e+000 0.000000000e+000 0.000000000e+000 0.000000000e+000 -2.780693661e-004 2.800000000e+000 2.800000000e+000 2.780693661e-004 0.000000000e+000 0.000000000e+000 -8.175602921e-016 
d 2.200000000e+000 2.200000000e+000 0.000000000e+000 0.000000000e+000 0.000000000e+000 -2.793672235e-004 2.900000000e+000 2.900000000e+000 2.793672235e-004 0.000000000e+000 0.000000000e+000 -8.400531973e-016 
d 2.200000000e+000 2.200000000e+000 0.000000000e+000 0.000000000e+000 0.000000000e+000 -2.806176855e-004 3.000000000e+000 3.000000000e+000 2.806176855e-004 0.000000000e+000 0.000000000e+000 -8.581188546e-016 
d 2.200000000e+000 2.200000000e+000 0.000000000e+000 0.000000000e+000 0.000000000e+000 -2.818228907e-004 3.100000000e+000 3.100000000e+000 2.818228907e-004 0.000000000e+000 0.000000000e+000 -8.733850714e-016 
d 2.200000000e+000 2.200000000e+000 0.000000000e+000 0.000000000e+000 0.000000000e+000 -2.829852589e-004 3.200000000e+000 3.200000000e+000 2.829852589e-004 0.000000000e+000 0.000000000e+000 -8.867792224e-016 
d 2.200000000e+000 2.200000000e+000 0.000000000e+000 0.000000000e+000 0.000000000e+000 -2.841078765e-004 3.300000000e+000 3.300000000e+000 2.841078765e-004 0.000000000e+000 0.000000000e+000 -8.988449144e-016 
