v ATLAS
# This file was created by ATLAS version 5.18.3.R on Wed Feb 27 22:19:03 2013.
#SSF 2.0 generic
##############################################################################
#                    Copyright © 1984 - 2012                                 #
#                    Silvaco Inc. All rights reserved                        #
#                                                                            #
# This file format and the following Key are copyright Silvaco Inc.          #
# You may not use, this format or key without reproducing this message in    #
# full and obtaining express written permission from Silvaco Inc.            #
#                                                                            #
# To obtain such permission please contact: Silvaco Inc.                     #
#                                           support@silvaco.com              #
#                                                                            #
# KEY=SVC86hn7562asdx                       PROD=345                         #
##############################################################################
y 3 700 711 15
z 0.291441 0.0113125 300
f 4 "gate" "source" "drain" "substrate" 
p 12 2 601 20 3 602 21 4 603 22 5 604 23 
d 1.100000000e+000 1.100000000e+000 0.000000000e+000 0.000000000e+000 0.000000000e+000 2.674391904e-016 0.000000000e+000 0.000000000e+000 2.406652469e-016 0.000000000e+000 0.000000000e+000 -2.600619964e-020 
d 1.100000000e+000 1.100000000e+000 0.000000000e+000 0.000000000e+000 0.000000000e+000 -2.592658911e-006 1.250000000e-002 1.250000000e-002 2.592658911e-006 0.000000000e+000 0.000000000e+000 -1.013443542e-017 
d 1.100000000e+000 1.100000000e+000 0.000000000e+000 0.000000000e+000 0.000000000e+000 -5.117825146e-006 2.500000000e-002 2.500000000e-002 5.117825146e-006 0.000000000e+000 0.000000000e+000 -1.884225873e-017 
d 1.100000000e+000 1.100000000e+000 0.000000000e+000 0.000000000e+000 0.000000000e+000 -9.957895216e-006 5.000000000e-002 5.000000000e-002 9.957895216e-006 0.000000000e+000 0.000000000e+000 -3.344656009e-017 
d 1.100000000e+000 1.100000000e+000 0.000000000e+000 0.000000000e+000 0.000000000e+000 -1.874787196e-005 1.000000000e-001 1.000000000e-001 1.874787196e-005 0.000000000e+000 0.000000000e+000 -5.687336591e-017 
d 1.100000000e+000 1.100000000e+000 0.000000000e+000 0.000000000e+000 0.000000000e+000 -3.249188152e-005 2.000000000e-001 2.000000000e-001 3.249188152e-005 0.000000000e+000 0.000000000e+000 -9.586222976e-017 
d 1.100000000e+000 1.100000000e+000 0.000000000e+000 0.000000000e+000 0.000000000e+000 -4.111976963e-005 3.000000000e-001 3.000000000e-001 4.111976963e-005 0.000000000e+000 0.000000000e+000 -1.351073061e-016 
d 1.100000000e+000 1.100000000e+000 0.000000000e+000 0.000000000e+000 0.000000000e+000 -4.583058110e-005 4.000000000e-001 4.000000000e-001 4.583058110e-005 0.000000000e+000 0.000000000e+000 -1.889153198e-016 
d 1.100000000e+000 1.100000000e+000 0.000000000e+000 0.000000000e+000 0.000000000e+000 -4.862840942e-005 5.000000000e-001 5.000000000e-001 4.862840941e-005 0.000000000e+000 0.000000000e+000 -2.599241232e-016 
d 1.100000000e+000 1.100000000e+000 0.000000000e+000 0.000000000e+000 0.000000000e+000 -5.068606370e-005 6.000000000e-001 6.000000000e-001 5.068606370e-005 0.000000000e+000 0.000000000e+000 -3.232131785e-016 
d 1.100000000e+000 1.100000000e+000 0.000000000e+000 0.000000000e+000 0.000000000e+000 -5.239325091e-005 7.000000000e-001 7.000000000e-001 5.239325091e-005 0.000000000e+000 0.000000000e+000 -3.752806348e-016 
d 1.100000000e+000 1.100000000e+000 0.000000000e+000 0.000000000e+000 0.000000000e+000 -5.388227549e-005 8.000000000e-001 8.000000000e-001 5.388227549e-005 0.000000000e+000 0.000000000e+000 -4.226647976e-016 
d 1.100000000e+000 1.100000000e+000 0.000000000e+000 0.000000000e+000 0.000000000e+000 -5.521489412e-005 9.000000000e-001 9.000000000e-001 5.521489412e-005 0.000000000e+000 0.000000000e+000 -4.641763073e-016 
d 1.100000000e+000 1.100000000e+000 0.000000000e+000 0.000000000e+000 0.000000000e+000 -5.643325792e-005 1.000000000e+000 1.000000000e+000 5.643325792e-005 0.000000000e+000 0.000000000e+000 -4.966494216e-016 
d 1.100000000e+000 1.100000000e+000 0.000000000e+000 0.000000000e+000 0.000000000e+000 -5.756556596e-005 1.100000000e+000 1.100000000e+000 5.756556597e-005 0.000000000e+000 0.000000000e+000 -5.200666664e-016 
d 1.100000000e+000 1.100000000e+000 0.000000000e+000 0.000000000e+000 0.000000000e+000 -5.862816394e-005 1.200000000e+000 1.200000000e+000 5.862816393e-005 0.000000000e+000 0.000000000e+000 -5.357405420e-016 
d 1.100000000e+000 1.100000000e+000 0.000000000e+000 0.000000000e+000 0.000000000e+000 -5.963115476e-005 1.300000000e+000 1.300000000e+000 5.963115476e-005 0.000000000e+000 0.000000000e+000 -5.478053492e-016 
d 1.100000000e+000 1.100000000e+000 0.000000000e+000 0.000000000e+000 0.000000000e+000 -6.058130703e-005 1.400000000e+000 1.400000000e+000 6.058130703e-005 0.000000000e+000 0.000000000e+000 -5.660957827e-016 
d 1.100000000e+000 1.100000000e+000 0.000000000e+000 0.000000000e+000 0.000000000e+000 -6.148368080e-005 1.500000000e+000 1.500000000e+000 6.148368080e-005 0.000000000e+000 0.000000000e+000 -5.788681269e-016 
d 1.100000000e+000 1.100000000e+000 0.000000000e+000 0.000000000e+000 0.000000000e+000 -6.234291121e-005 1.600000000e+000 1.600000000e+000 6.234291121e-005 0.000000000e+000 0.000000000e+000 -5.912168366e-016 
d 1.100000000e+000 1.100000000e+000 0.000000000e+000 0.000000000e+000 0.000000000e+000 -6.316489904e-005 1.700000000e+000 1.700000000e+000 6.316489903e-005 0.000000000e+000 0.000000000e+000 -6.031844695e-016 
d 1.100000000e+000 1.100000000e+000 0.000000000e+000 0.000000000e+000 0.000000000e+000 -6.395708068e-005 1.800000000e+000 1.800000000e+000 6.395708069e-005 0.000000000e+000 0.000000000e+000 -6.132179203e-016 
d 1.100000000e+000 1.100000000e+000 0.000000000e+000 0.000000000e+000 0.000000000e+000 -6.472620904e-005 1.900000000e+000 1.900000000e+000 6.472620904e-005 0.000000000e+000 0.000000000e+000 -6.232551228e-016 
d 1.100000000e+000 1.100000000e+000 0.000000000e+000 0.000000000e+000 0.000000000e+000 -6.547690701e-005 2.000000000e+000 2.000000000e+000 6.547690702e-005 0.000000000e+000 0.000000000e+000 -6.329798754e-016 
d 1.100000000e+000 1.100000000e+000 0.000000000e+000 0.000000000e+000 0.000000000e+000 -6.621205617e-005 2.100000000e+000 2.100000000e+000 6.621205617e-005 0.000000000e+000 0.000000000e+000 -6.427893721e-016 
d 1.100000000e+000 1.100000000e+000 0.000000000e+000 0.000000000e+000 0.000000000e+000 -6.693354740e-005 2.200000000e+000 2.200000000e+000 6.693354740e-005 0.000000000e+000 0.000000000e+000 -6.530024791e-016 
d 1.100000000e+000 1.100000000e+000 0.000000000e+000 0.000000000e+000 0.000000000e+000 -6.764272808e-005 2.300000000e+000 2.300000000e+000 6.764272809e-005 0.000000000e+000 0.000000000e+000 -6.644716410e-016 
d 1.100000000e+000 1.100000000e+000 0.000000000e+000 0.000000000e+000 0.000000000e+000 -6.834060057e-005 2.400000000e+000 2.400000000e+000 6.834060057e-005 0.000000000e+000 0.000000000e+000 -6.792992239e-016 
d 1.100000000e+000 1.100000000e+000 0.000000000e+000 0.000000000e+000 0.000000000e+000 -6.902789760e-005 2.500000000e+000 2.500000000e+000 6.902789760e-005 0.000000000e+000 0.000000000e+000 -7.008827976e-016 
d 1.100000000e+000 1.100000000e+000 0.000000000e+000 0.000000000e+000 0.000000000e+000 -6.970509572e-005 2.600000000e+000 2.600000000e+000 6.970509572e-005 0.000000000e+000 0.000000000e+000 -7.308120358e-016 
d 1.100000000e+000 1.100000000e+000 0.000000000e+000 0.000000000e+000 0.000000000e+000 -7.037242517e-005 2.700000000e+000 2.700000000e+000 7.037242517e-005 0.000000000e+000 0.000000000e+000 -7.633479626e-016 
d 1.100000000e+000 1.100000000e+000 0.000000000e+000 0.000000000e+000 0.000000000e+000 -7.102982264e-005 2.800000000e+000 2.800000000e+000 7.102982264e-005 0.000000000e+000 0.000000000e+000 -7.917359270e-016 
d 1.100000000e+000 1.100000000e+000 0.000000000e+000 0.000000000e+000 0.000000000e+000 -7.167689913e-005 2.900000000e+000 2.900000000e+000 7.167689914e-005 0.000000000e+000 0.000000000e+000 -8.140824971e-016 
d 1.100000000e+000 1.100000000e+000 0.000000000e+000 0.000000000e+000 0.000000000e+000 -7.231296559e-005 3.000000000e+000 3.000000000e+000 7.231296560e-005 0.000000000e+000 0.000000000e+000 -8.316625088e-016 
d 1.100000000e+000 1.100000000e+000 0.000000000e+000 0.000000000e+000 0.000000000e+000 -7.293721795e-005 3.100000000e+000 3.100000000e+000 7.293721795e-005 0.000000000e+000 0.000000000e+000 -8.465880950e-016 
d 1.100000000e+000 1.100000000e+000 0.000000000e+000 0.000000000e+000 0.000000000e+000 -7.354929406e-005 3.200000000e+000 3.200000000e+000 7.354929406e-005 0.000000000e+000 0.000000000e+000 -8.598725007e-016 
d 1.100000000e+000 1.100000000e+000 0.000000000e+000 0.000000000e+000 0.000000000e+000 -7.415008605e-005 3.300000000e+000 3.300000000e+000 7.415008607e-005 0.000000000e+000 0.000000000e+000 -8.717369587e-016 
