v ATLAS
# This file was created by ATLAS version 5.18.3.R on Sun Jul 21 23:58:20 2013.
#SSF 2.0 generic
##############################################################################
#                    Copyright © 1984 - 2012                                 #
#                    Silvaco Inc. All rights reserved                        #
#                                                                            #
# This file format and the following Key are copyright Silvaco Inc.          #
# You may not use, this format or key without reproducing this message in    #
# full and obtaining express written permission from Silvaco Inc.            #
#                                                                            #
# To obtain such permission please contact: Silvaco Inc.                     #
#                                           support@silvaco.com              #
#                                                                            #
# KEY=SVC86hn7562asdx                       PROD=345                         #
##############################################################################
y 1 15
z 300
f 2 "anode" "cathode" 
o 1 alphan_junc
o 2 alphap_junc
o 3 Field_junc
o 4 Generation_junc
o 5 N_junc
o 6 P_junc
o 7 R_junc
o 8 Jn_junc
o 9 Jp_junc
o 10 lat.temp
o 11 total_heat
o 12 joule_heat
p 19 2 601 20 3 602 21 82 3000 3001 3002 3003 3004 3005 3006 3007 3008 3009 3010 3011 
d 0.000000000e+000 0.000000000e+000 -1.511676879e-015 1.000000000e-001 1.000000000e-001 1.513125956e-015 3.000000000e+002 0.000000000e+000 0.000000000e+000 -4.572458104e+003 1.000000000e-099 8.178511261e+006 1.932258620e+012 -1.000000000e-099 -7.196520287e-019 -2.802021438e-016 3.000000000e+002 1.381929736e-003 1.381929736e-003 
d 0.000000000e+000 0.000000000e+000 -2.684059459e-015 2.000000000e-001 2.000000000e-001 2.669300810e-015 3.000000000e+002 0.000000000e+000 0.000000000e+000 -4.961177349e+003 1.000000000e-099 6.170722324e+005 1.021338809e+012 -1.000000000e-099 -6.713274330e-019 -2.547292214e-017 3.000000000e+002 2.663457548e-003 2.663457548e-003 
d 0.000000000e+000 0.000000000e+000 -3.696652525e-015 3.000000000e-001 3.000000000e-001 3.694203712e-015 3.000000000e+002 0.000000000e+000 0.000000000e+000 -5.350409912e+003 1.000000000e-099 5.147515642e+004 5.274796485e+011 -1.000000000e-099 -2.746460676e-020 5.094584431e-017 3.000000000e+002 3.956015109e-003 3.956015109e-003 
d 0.000000000e+000 0.000000000e+000 -4.713465160e-015 4.000000000e-001 4.000000000e-001 4.711691889e-015 3.000000000e+002 0.000000000e+000 0.000000000e+000 -5.724628203e+003 1.000000000e-099 2.302717129e+004 2.739215388e+011 -1.000000000e-099 1.292566769e-018 5.890613251e-017 3.000000000e+002 5.396974763e-003 5.396974763e-003 
d 0.000000000e+000 0.000000000e+000 -5.535546631e-015 5.000000000e-001 5.000000000e-001 5.532533219e-015 3.000000000e+002 0.000000000e+000 0.000000000e+000 -6.089169726e+003 1.000000000e-099 3.044922098e+004 1.420983315e+011 -1.000000000e-099 3.508757626e-018 -3.184115282e-018 3.000000000e+002 6.741945364e-003 6.741945364e-003 
d 0.000000000e+000 0.000000000e+000 -7.676202394e-015 7.500000000e-001 7.500000000e-001 7.674657565e-015 3.000000000e+002 0.000000000e+000 0.000000000e+000 -6.939771360e+003 1.000000000e-099 6.658465380e+004 2.878260312e+010 -1.000000000e-099 1.178926079e-017 -4.437860664e-017 3.000000000e+002 1.065541368e-002 1.065541368e-002 
d 0.000000000e+000 0.000000000e+000 -9.588199410e-015 1.000000000e+000 1.000000000e+000 9.588596376e-015 3.000000000e+002 0.000000000e+000 0.000000000e+000 -7.722544133e+003 1.000000000e-099 1.062374441e+005 6.142641263e+009 -1.000000000e-099 1.376814750e-017 -8.930448307e-017 3.000000000e+002 1.481140449e-002 1.481140449e-002 
d 0.000000000e+000 0.000000000e+000 -1.491002654e-014 2.000000000e+000 2.000000000e+000 1.491811236e-014 3.000000000e+002 0.000000000e+000 0.000000000e+000 -1.039036226e+004 1.000000000e-099 1.994446678e+005 2.606869923e+007 -1.000000000e-099 -3.348309878e-017 -2.136996305e-016 3.000000000e+002 3.098837198e-002 3.098837198e-002 
d 0.000000000e+000 0.000000000e+000 -2.025459063e-014 3.000000000e+000 3.000000000e+000 2.025671400e-014 3.000000000e+002 0.000000000e+000 0.000000000e+000 -1.257965810e+004 1.000000000e-099 2.634540309e+005 6.394009536e+006 -1.000000000e-099 -7.929185104e-017 -3.765570985e-016 3.000000000e+002 5.096503336e-002 5.096503336e-002 
d 0.000000000e+000 0.000000000e+000 -2.380839758e-014 4.000000000e+000 4.000000000e+000 2.380794930e-014 3.000000000e+002 0.000000000e+000 0.000000000e+000 -1.448940289e+004 1.000000000e-099 2.771721377e+005 6.750402660e+006 -1.000000000e-099 -9.764658529e-017 -5.217743707e-016 3.000000000e+002 6.899711534e-002 6.899711534e-002 
d 0.000000000e+000 0.000000000e+000 -2.707120924e-014 5.000000000e+000 5.000000000e+000 2.702928159e-014 3.000000000e+002 0.000000000e+000 0.000000000e+000 -1.619751031e+004 1.000000000e-099 2.965868696e+005 7.189302377e+006 -1.000000000e-099 -8.143044667e-017 -6.684095449e-016 3.000000000e+002 8.770212373e-002 8.770212373e-002 
d 0.000000000e+000 0.000000000e+000 -3.044721946e-014 6.000000000e+000 6.000000000e+000 3.049686627e-014 3.000000000e+002 0.000000000e+000 0.000000000e+000 -1.775327464e+004 1.000000000e-099 3.477911144e+005 7.619622764e+006 -1.000000000e-099 -6.727726175e-017 -7.994137623e-016 3.000000000e+002 1.081149059e-001 1.081149059e-001 
d 0.000000000e+000 0.000000000e+000 -3.354352943e-014 7.000000000e+000 7.000000000e+000 3.346985750e-014 3.000000000e+002 0.000000000e+000 0.000000000e+000 -1.919263365e+004 1.000000000e-099 3.763521492e+005 8.036653101e+006 -1.000000000e-099 -9.077439608e-017 -8.901252884e-016 3.000000000e+002 1.287615019e-001 1.287615019e-001 
d 0.000000000e+000 0.000000000e+000 -3.634417074e-014 8.000000000e+000 8.000000000e+000 3.644180441e-014 3.000000000e+002 0.000000000e+000 0.000000000e+000 -2.054544145e+004 1.000000000e-099 3.798362502e+005 8.438155796e+006 -1.000000000e-099 -9.882700628e-017 -9.478580024e-016 3.000000000e+002 1.493501523e-001 1.493501523e-001 
d 0.000000000e+000 0.000000000e+000 -3.854047936e-014 9.000000000e+000 9.000000000e+000 3.842289348e-014 3.000000000e+002 0.000000000e+000 0.000000000e+000 -2.184731191e+004 1.000000000e-099 3.787906354e+005 8.704755247e+006 -1.000000000e-099 -9.887845251e-017 -9.795118570e-016 3.000000000e+002 1.684061832e-001 1.684061832e-001 
d 0.000000000e+000 0.000000000e+000 -3.953951885e-014 1.000000000e+001 1.000000000e+001 3.941375131e-014 3.000000000e+002 0.000000000e+000 0.000000000e+000 -2.313046802e+004 1.000000000e-099 3.784188244e+005 8.693709890e+006 -1.000000000e-099 -9.470497360e-017 -9.850720095e-016 3.000000000e+002 1.829179826e-001 1.829179826e-001 
d 0.000000000e+000 0.000000000e+000 -4.226559519e-014 1.200000000e+001 1.200000000e+001 4.238695141e-014 3.000000000e+002 0.000000000e+000 0.000000000e+000 -2.568311498e+004 1.000000000e-099 3.916594864e+005 8.851802446e+006 -1.000000000e-099 -5.289207990e-017 -1.005302506e-015 3.000000000e+002 2.171132170e-001 2.171132170e-001 
d 0.000000000e+000 0.000000000e+000 -4.297574436e-014 1.400000000e+001 1.400000000e+001 4.304686189e-014 3.000000000e+002 0.000000000e+000 0.000000000e+000 -2.820033129e+004 1.000000000e-099 4.538967471e+005 8.528208722e+006 -1.000000000e-099 -2.620083377e-018 -9.937949967e-016 3.000000000e+002 2.423914295e-001 2.423914295e-001 
d 0.000000000e+000 0.000000000e+000 -5.934544240e-014 1.600000000e+001 1.600000000e+001 5.923404099e-014 3.000000001e+002 0.000000000e+000 0.000000000e+000 -2.995961412e+004 1.000000000e-099 4.961380970e+005 1.164469467e+007 -1.000000000e-099 -7.623449293e-017 -1.205060676e-015 3.000000001e+002 3.556003105e-001 3.556003105e-001 
d 0.000000000e+000 0.000000000e+000 -5.948306844e-014 1.800000000e+001 1.800000000e+001 5.923362326e-014 3.000000001e+002 7.746683579e-012 0.000000000e+000 -3.152521578e+004 3.790958180e+001 5.101839080e+005 1.140299451e+007 -1.000000000e-099 -1.226720540e-016 -1.196963084e-015 3.000000001e+002 3.750499958e-001 3.750499958e-001 
d 0.000000000e+000 0.000000000e+000 -5.952465552e-014 2.000000000e+001 2.000000000e+001 5.923487646e-014 3.000000001e+002 4.910548578e-011 0.000000000e+000 -3.309025328e+004 2.438359726e+002 5.134754659e+005 1.118283623e+007 -1.000000000e-099 -1.373138172e-016 -1.193395919e-015 3.000000001e+002 3.939442124e-001 3.939442124e-001 
d 0.000000000e+000 0.000000000e+000 -5.954515374e-014 2.500000000e+001 2.500000000e+001 5.923508532e-014 3.000000001e+002 2.499053844e-009 0.000000000e+000 -3.699878255e+004 1.259560142e+004 5.125715312e+005 1.071379838e+007 -1.000000000e-099 -1.367702399e-016 -1.206278234e-015 3.000000001e+002 4.406300436e-001 4.406300436e-001 
d 0.000000000e+000 0.000000000e+000 -5.956372322e-014 3.000000000e+001 3.000000000e+001 5.923738284e-014 3.000000001e+002 5.944510701e-008 0.000000000e+000 -4.089421019e+004 3.026733414e+005 5.108594699e+005 1.033737122e+007 -1.000000000e-099 -1.249453688e-016 -1.261567304e-015 3.000000001e+002 4.871672726e-001 4.871672726e-001 
d 0.000000000e+000 0.000000000e+000 -8.785839668e-014 3.500000000e+001 3.500000000e+001 8.830383405e-014 3.000000003e+002 6.590447301e-007 0.000000000e+000 -4.444651499e+004 3.381849702e+006 5.095553221e+005 1.513068881e+007 -1.000000000e-099 -1.054769582e-016 -1.783054120e-015 3.000000003e+002 7.810115248e-001 7.810115248e-001 
d 0.000000000e+000 0.000000000e+000 -8.791943765e-014 4.000000000e+001 4.000000000e+001 8.830999559e-014 3.000000003e+002 3.474744939e-006 0.000000000e+000 -4.728495221e+004 1.793376579e+007 5.088380685e+005 1.484132830e+007 -1.000000000e-099 -8.938773466e-017 -1.905251394e-015 3.000000003e+002 8.314625546e-001 8.314625546e-001 
d 0.000000000e+000 0.000000000e+000 -8.793919831e-014 4.500000000e+001 4.500000000e+001 8.831365073e-014 3.000000004e+002 1.507416917e-005 0.000000000e+000 -5.010964216e+004 7.834893532e+007 5.091272550e+005 1.457849857e+007 -1.000000000e-099 -7.899531098e-017 -1.914812971e-015 3.000000004e+002 8.813328437e-001 8.813328437e-001 
d 0.000000000e+000 0.000000000e+000 -8.806256604e-014 5.000000000e+001 5.000000000e+001 8.831521722e-014 3.000000004e+002 5.578480874e-005 3.116642046e-011 -5.292902487e+004 2.996339962e+008 5.223704698e+005 1.434398477e+007 -1.000000000e-099 1.102126896e-017 -1.889316048e-015 3.000000004e+002 9.322331138e-001 9.322331138e-001 
d 0.000000000e+000 0.000000000e+000 -8.886629347e-014 5.500000000e+001 5.500000000e+001 8.831897681e-014 3.000000005e+002 1.803542721e-004 2.170461236e-010 -5.574147164e+004 1.158779131e+009 6.164224658e+005 1.413607639e+007 -1.000000000e-099 3.843526020e-016 -1.864116177e-015 3.000000005e+002 9.907196738e-001 9.907196738e-001 
d 0.000000000e+000 0.000000000e+000 -1.161021234e-013 6.000000000e+001 6.000000000e+001 1.173890832e-013 3.000000007e+002 4.861096872e-004 1.118797581e-009 -5.836183913e+004 3.518394737e+009 6.880490468e+005 1.836465318e+007 -1.000000000e-099 3.818663663e-016 -2.249450485e-015 3.000000007e+002 1.355197788e+000 1.355197788e+000 
d 0.000000000e+000 0.000000000e+000 -1.162848872e-013 6.500000000e+001 6.500000000e+001 1.174005708e-013 3.000000008e+002 1.066085105e-003 4.100532762e-009 -6.061886611e+004 7.846830297e+009 6.969205121e+005 1.819541186e+007 -1.000000000e-099 3.630542701e-016 -2.228128485e-015 3.000000008e+002 1.409824037e+000 1.409824037e+000 
d 0.000000000e+000 0.000000000e+000 -1.163099609e-013 7.000000000e+001 7.000000000e+001 1.174047481e-013 3.000000008e+002 2.209459278e-003 1.368681967e-008 -6.287531415e+004 1.633253814e+010 6.976424726e+005 1.802478677e+007 -1.000000000e-099 3.602737202e-016 -2.207297591e-015 3.000000008e+002 1.462628741e+000 1.462628741e+000 
d 0.000000000e+000 0.000000000e+000 -1.163230509e-013 7.500000000e+001 7.500000000e+001 1.174105963e-013 3.000000009e+002 4.352366743e-003 4.200371933e-008 -6.513076626e+004 3.226108332e+010 6.974522697e+005 1.786528547e+007 -1.000000000e-099 3.596986229e-016 -2.188113316e-015 3.000000009e+002 1.515258067e+000 1.515258067e+000 
d 0.000000000e+000 0.000000000e+000 -1.163362486e-013 8.000000000e+001 8.000000000e+001 1.167530878e-013 3.000000010e+002 8.188789882e-003 1.194771150e-007 -6.738421859e+004 6.084645902e+010 6.971883326e+005 1.771700124e+007 -1.000000000e-099 3.594533560e-016 -2.170525374e-015 3.000000010e+002 1.567867365e+000 1.567867365e+000 
d 0.000000000e+000 0.000000000e+000 -1.163723692e-013 8.500000000e+001 8.500000000e+001 1.167589361e-013 3.000000011e+002 1.476582550e-002 3.167788624e-007 -6.963139969e+004 1.099713911e+011 6.969396263e+005 1.758229024e+007 -1.000000000e-099 3.593108905e-016 -2.154694535e-015 3.000000011e+002 1.620649131e+000 1.620649131e+000 
d 0.000000000e+000 0.000000000e+000 -1.415254285e-013 9.000000000e+001 9.000000000e+001 1.405449547e-013 3.000000014e+002 2.469157097e-002 7.414230269e-007 -7.171718443e+004 1.842735492e+011 6.966219261e+005 2.140991511e+007 -1.000000000e-099 3.592758298e-016 -2.494514496e-015 3.000000014e+002 2.029975684e+000 2.029975684e+000 
d 0.000000000e+000 0.000000000e+000 -1.416072613e-013 9.500000000e+001 9.500000000e+001 1.405633349e-013 3.000000015e+002 3.843771969e-002 1.541586948e-006 -7.361535264e+004 2.874038967e+011 6.964459147e+005 2.129351204e+007 -1.000000000e-099 3.592865126e-016 -2.480685633e-015 3.000000015e+002 2.084913068e+000 2.084913068e+000 
d 0.000000000e+000 0.000000000e+000 -1.416284873e-013 1.000000000e+002 1.000000000e+002 1.405718984e-013 3.000000016e+002 5.851495070e-002 3.089066921e-006 -7.551312876e+004 4.383439140e+011 6.962832389e+005 2.117401200e+007 -1.000000000e-099 3.593476577e-016 -2.467000778e-015 3.000000016e+002 2.138980053e+000 2.138980053e+000 
d 0.000000000e+000 0.000000000e+000 -1.416429610e-013 1.050000000e+002 1.050000000e+002 1.405777466e-013 3.000000017e+002 8.725146699e-002 5.981300690e-006 -7.741029065e+004 6.548374158e+011 6.961325456e+005 2.105947045e+007 -1.000000000e-099 3.594560829e-016 -2.454069974e-015 3.000000017e+002 2.192939098e+000 2.192939098e+000 
d 0.000000000e+000 0.000000000e+000 -1.416565732e-013 1.100000000e+002 1.100000000e+002 1.421925901e-013 3.000000018e+002 1.276102138e-001 1.121713931e-005 -7.930636758e+004 9.595456662e+011 6.959928330e+005 2.095058180e+007 -1.000000000e-099 3.596210072e-016 -2.441967460e-015 3.000000018e+002 2.246881185e+000 2.246881185e+000 
d 0.000000000e+000 0.000000000e+000 -1.416788174e-013 1.150000000e+002 1.150000000e+002 1.421999003e-013 3.000000019e+002 1.832684087e-001 2.041197638e-005 -8.119997952e+004 1.380706467e+012 6.958632892e+005 2.084812062e+007 -1.000000000e-099 3.598498218e-016 -2.430518035e-015 3.000000019e+002 2.300884180e+000 2.300884180e+000 
d 0.000000000e+000 0.000000000e+000 -1.418154742e-013 1.200000000e+002 1.200000000e+002 1.422063752e-013 3.000000020e+002 2.583238368e-001 3.601216610e-005 -8.308118879e+004 1.949980104e+012 6.957433345e+005 2.076860701e+007 -1.000000000e-099 3.601187257e-016 -2.421654538e-015 3.000000020e+002 2.356466377e+000 2.356466377e+000 
d 0.000000000e+000 0.000000000e+000 -1.655026633e-013 1.250000000e+002 1.250000000e+002 1.633524387e-013 3.000000025e+002 3.470511624e-001 5.868570642e-005 -8.477046863e+004 2.625999527e+012 6.955509350e+005 2.426805350e+007 -1.000000000e-099 3.604184208e-016 -2.727648715e-015 3.000000025e+002 2.805981720e+000 2.805981720e+000 
d 0.000000000e+000 0.000000000e+000 -1.655513550e-013 1.300000000e+002 1.300000000e+002 1.677141764e-013 3.000000026e+002 4.579677838e-001 9.284001741e-005 -8.642093707e+004 3.472156528e+012 6.954601652e+005 2.418005168e+007 -1.000000000e-099 3.607395666e-016 -2.718351736e-015 3.000000026e+002 2.861440570e+000 2.861440570e+000 
d 0.000000000e+000 0.000000000e+000 -1.655736808e-013 1.350000000e+002 1.350000000e+002 1.677235754e-013 3.000000027e+002 5.980529311e-001 1.443559241e-004 -8.807107749e+004 4.543716188e+012 6.953754521e+005 2.409178784e+007 -1.000000000e-099 3.611168107e-016 -2.709108687e-015 3.000000027e+002 2.916475343e+000 2.916475343e+000 
d 0.000000000e+000 0.000000000e+000 -1.655917085e-013 1.400000000e+002 1.400000000e+002 1.677322433e-013 3.000000029e+002 7.732994289e-001 2.208145281e-004 -8.972071694e+004 5.888128338e+012 6.952965216e+005 2.400622180e+007 -1.000000000e-099 3.615376544e-016 -2.700437201e-015 3.000000029e+002 2.971427591e+000 2.971427591e+000 
d 0.000000000e+000 0.000000000e+000 -1.656113125e-013 1.450000000e+002 1.450000000e+002 1.677423733e-013 3.000000030e+002 9.905368345e-001 3.325554915e-004 -9.136949548e+004 7.559893835e+012 6.952232210e+005 2.392401413e+007 -1.000000000e-099 3.620141956e-016 -2.692157996e-015 3.000000030e+002 3.026381341e+000 3.026381341e+000 
d 0.000000000e+000 0.000000000e+000 -1.656376067e-013 1.500000000e+002 1.500000000e+002 1.677512501e-013 3.000000031e+002 1.257382940e+000 4.934091788e-004 -9.301642429e+004 9.620374760e+012 6.951554753e+005 2.384598152e+007 -1.000000000e-099 3.625456812e-016 -2.684658495e-015 3.000000031e+002 3.081422869e+000 3.081422869e+000 
d 0.000000000e+000 0.000000000e+000 -1.657243055e-013 1.550000000e+002 1.550000000e+002 1.677591869e-013 3.000000033e+002 1.581343207e+000 7.208935175e-004 -9.465608402e+004 1.213105199e+013 6.950932420e+005 2.378007681e+007 -1.000000000e-099 3.631390408e-016 -2.678514439e-015 3.000000033e+002 3.137386103e+000 3.137386103e+000 
d 0.000000000e+000 0.000000000e+000 -1.881340407e-013 1.600000000e+002 1.600000000e+002 1.856868423e-013 3.000000039e+002 1.942577865e+000 1.013104981e-003 -9.617766558e+004 1.496943436e+013 6.949571861e+005 2.701919056e+007 -1.000000000e-099 3.637575011e-016 -2.960666329e-015 3.000000039e+002 3.618897219e+000 3.618897219e+000 
d 0.000000000e+000 0.000000000e+000 -1.882097153e-013 1.650000000e+002 1.650000000e+002 1.857248558e-013 3.000000040e+002 2.355242920e+000 1.393216304e-003 -9.764728437e+004 1.820305865e+013 6.949111402e+005 2.695482096e+007 -1.000000000e-099 3.644096130e-016 -2.955079552e-015 3.000000040e+002 3.675667973e+000 3.675667973e+000 
d 0.000000000e+000 0.000000000e+000 -1.882437506e-013 1.700000000e+002 1.700000000e+002 1.903178076e-013 3.000000042e+002 2.839219895e+000 1.897832173e-003 -9.911666095e+004 2.201261397e+013 6.948698294e+005 2.688643517e+007 -1.000000000e-099 3.651210057e-016 -2.949337300e-015 3.000000042e+002 3.731636655e+000 3.731636655e+000 
d 0.000000000e+000 0.000000000e+000 -1.882695194e-013 1.750000000e+002 1.750000000e+002 1.903301307e-013 3.000000043e+002 3.403866128e+000 2.561794812e-003 -1.005856853e+005 2.647876609e+013 6.948332885e+005 2.681916571e+007 -1.000000000e-099 3.659216929e-016 -2.943885883e-015 3.000000043e+002 3.787472515e+000 3.787472515e+000 
d 0.000000000e+000 0.000000000e+000 -1.882953763e-013 1.800000000e+002 1.800000000e+002 1.903409917e-013 3.000000045e+002 4.059284488e+000 3.427936214e-003 -1.020541517e+005 3.168995601e+013 6.948016969e+005 2.675396774e+007 -1.000000000e-099 3.667914691e-016 -2.938974351e-015 3.000000045e+002 3.843305713e+000 3.843305713e+000 
d 0.000000000e+000 0.000000000e+000 -1.883273621e-013 1.850000000e+002 1.850000000e+002 1.903532103e-013 3.000000047e+002 4.816211206e+000 4.548285832e-003 -1.035215886e+005 3.774189716e+013 6.947752913e+005 2.669146188e+007 -1.000000000e-099 3.677541960e-016 -2.934727374e-015 3.000000047e+002 3.899216388e+000 3.899216388e+000 
d 0.000000000e+000 0.000000000e+000 -1.883759788e-013 1.900000000e+002 1.900000000e+002 1.903635492e-013 3.000000048e+002 5.685385439e+000 5.984410519e-003 -1.049864297e+005 4.473294251e+013 6.947543349e+005 2.663345748e+007 -1.000000000e-099 3.688185096e-016 -2.931254174e-015 3.000000048e+002 3.955414294e+000 3.955414294e+000 
d 0.000000000e+000 0.000000000e+000 -1.895534024e-013 1.950000000e+002 1.950000000e+002 1.888880190e-013 3.000000050e+002 6.664447549e+000 7.783057605e-003 -1.064286559e+005 5.266907979e+013 6.947353389e+005 2.674190868e+007 -1.000000000e-099 3.699894629e-016 -2.942488461e-015 3.000000050e+002 4.034816249e+000 4.034816249e+000 
d 0.000000000e+000 0.000000000e+000 -2.096889222e-013 2.000000000e+002 2.000000000e+002 2.100417061e-013 3.000000057e+002 7.690032065e+000 9.862017250e-003 -1.077622694e+005 6.128473509e+013 6.946555391e+005 2.959997379e+007 -1.000000000e-099 3.711649530e-016 -3.194161932e-015 3.000000057e+002 4.519356897e+000 4.519356897e+000 
d 0.000000000e+000 0.000000000e+000 -2.097536509e-013 2.050000000e+002 2.050000000e+002 2.114076863e-013 3.000000059e+002 8.840752309e+000 1.242024409e-002 -1.090940323e+005 7.079193432e+013 6.946530583e+005 2.954809440e+007 -1.000000000e-099 3.724797323e-016 -3.192344145e-015 3.000000059e+002 4.576601575e+000 4.576601575e+000 
d 0.000000000e+000 0.000000000e+000 -2.097975616e-013 2.100000000e+002 2.100000000e+002 2.114213670e-013 3.000000061e+002 1.012929047e+001 1.555468110e-002 -1.104255553e+005 8.151817610e+013 6.946565717e+005 2.949474378e+007 -1.000000000e-099 3.739310134e-016 -3.191133195e-015 3.000000061e+002 4.633423826e+000 4.633423826e+000 
d 0.000000000e+000 0.000000000e+000 -2.098372363e-013 2.150000000e+002 2.150000000e+002 2.114357787e-013 3.000000063e+002 1.156767105e+001 1.937486591e-002 -1.117567310e+005 9.358740131e+013 6.946664652e+005 2.944238976e+007 -1.000000000e-099 3.755385827e-016 -3.190685915e-015 3.000000063e+002 4.690191150e+000 4.690191150e+000 
d 0.000000000e+000 0.000000000e+000 -2.098811176e-013 2.200000000e+002 2.200000000e+002 2.114498771e-013 3.000000064e+002 1.316837406e+001 2.400671505e-002 -1.130873546e+005 1.071317514e+014 6.946832046e+005 2.939182211e+007 -1.000000000e-099 3.773560729e-016 -3.190393236e-015 3.000000064e+002 4.747023338e+000 4.747023338e+000 
d 0.000000000e+000 0.000000000e+000 -2.099332524e-013 2.250000000e+002 2.250000000e+002 2.144760246e-013 3.000000066e+002 1.494400729e+001 2.959319026e-002 -1.144169458e+005 1.222894656e+014 6.947072989e+005 2.934378929e+007 -1.000000000e-099 3.793689993e-016 -3.191878308e-015 3.000000066e+002 4.804027118e+000 4.804027118e+000 
d 0.000000000e+000 0.000000000e+000 -2.100119197e-013 2.300000000e+002 2.300000000e+002 2.144891831e-013 3.000000068e+002 1.690563044e+001 3.628974522e-002 -1.157438170e+005 1.391914365e+014 6.947392287e+005 2.930076880e+007 -1.000000000e-099 3.816458801e-016 -3.194606302e-015 3.000000068e+002 4.861537014e+000 4.861537014e+000 
d 0.000000000e+000 0.000000000e+000 -2.133256945e-013 2.350000000e+002 2.350000000e+002 2.145046392e-013 3.000000071e+002 1.902477980e+001 4.411757480e-002 -1.170434722e+005 1.578153993e+014 6.947682774e+005 2.972220332e+007 -1.000000000e-099 3.841689813e-016 -3.238881519e-015 3.000000071e+002 4.993708831e+000 4.993708831e+000 
d 0.000000000e+000 0.000000000e+000 -2.302250297e-013 2.400000000e+002 2.400000000e+002 2.344654955e-013 3.000000078e+002 2.121158749e+001 5.281607638e-002 -1.182669893e+005 1.782375282e+014 6.947600350e+005 3.208307487e+007 -1.000000000e-099 3.868592054e-016 -3.455878179e-015 3.000000078e+002 5.445646878e+000 5.445646878e+000 
d 0.000000000e+000 0.000000000e+000 -2.303121234e-013 2.450000000e+002 2.450000000e+002 2.258891657e-013 3.000000081e+002 2.359683279e+001 6.299576732e-002 -1.194903649e+005 1.996665549e+014 6.948154525e+005 3.204405488e+007 -1.000000000e-099 3.899198352e-016 -3.462458536e-015 3.000000081e+002 5.504061000e+000 5.504061000e+000 
d 0.000000000e+000 0.000000000e+000 -2.303822597e-013 2.500000000e+002 2.500000000e+002 2.259050394e-013 3.000000083e+002 2.619311496e+001 7.486695068e-002 -1.207134937e+005 2.232455153e+014 6.948803361e+005 3.200354932e+007 -1.000000000e-099 3.934196073e-016 -3.470490052e-015 3.000000083e+002 5.562083462e+000 5.562083462e+000 
d 0.000000000e+000 0.000000000e+000 -2.304514236e-013 2.550000000e+002 2.550000000e+002 2.259236285e-013 3.000000085e+002 2.901339929e+001 8.866333025e-002 -1.219362746e+005 2.491496402e+014 6.949553849e+005 3.196393657e+007 -1.000000000e-099 3.974496019e-016 -3.480782360e-015 3.000000085e+002 5.620108224e+000 5.620108224e+000 
d 0.000000000e+000 0.000000000e+000 -2.305262268e-013 2.600000000e+002 2.600000000e+002 2.357642210e-013 3.000000087e+002 3.207077122e+001 1.046425390e-001 -1.231585218e+005 2.775625696e+014 6.950413843e+005 3.192608359e+007 -1.000000000e-099 4.021164524e-016 -3.493489672e-015 3.000000087e+002 5.678280958e+000 5.678280958e+000 
d 0.000000000e+000 0.000000000e+000 -2.306124165e-013 2.650000000e+002 2.650000000e+002 2.357814524e-013 3.000000089e+002 3.537792206e+001 1.230846830e-001 -1.243798215e+005 3.086728911e+014 6.951391708e+005 3.189082369e+007 -1.000000000e-099 4.075926080e-016 -3.509576705e-015 3.000000089e+002 5.736736310e+000 5.736736310e+000 
d 0.000000000e+000 0.000000000e+000 -2.307268944e-013 2.700000000e+002 2.700000000e+002 2.357963863e-013 3.000000091e+002 3.894476048e+001 1.442782787e-001 -1.255988398e+005 3.426536987e+014 6.952495373e+005 3.186046257e+007 -1.000000000e-099 4.140540887e-016 -3.529766512e-015 3.000000091e+002 5.795828836e+000 5.795828836e+000 
d 0.000000000e+000 0.000000000e+000 -2.315884057e-013 2.750000000e+002 2.750000000e+002 2.351092189e-013 3.000000094e+002 4.273944128e+001 1.682622607e-001 -1.268017679e+005 3.794410291e+014 6.953702815e+005 3.193710082e+007 -1.000000000e-099 4.216114271e-016 -3.564331967e-015 3.000000094e+002 5.873212298e+000 5.873212298e+000 
d 0.000000000e+000 0.000000000e+000 -2.499585814e-013 2.800000000e+002 2.800000000e+002 2.456985945e-013 3.000000103e+002 4.659318658e+001 1.940880673e-001 -1.279395297e+005 4.218765424e+014 6.954590448e+005 3.448311162e+007 -1.000000000e-099 4.301419504e-016 -3.832053116e-015 3.000000103e+002 6.395946991e+000 6.395946991e+000 
d 0.000000000e+000 0.000000000e+000 -2.500977577e-013 2.850000000e+002 2.850000000e+002 2.484098773e-013 3.000000106e+002 5.070868656e+001 2.232531422e-001 -1.290750274e+005 4.633768316e+014 6.956062650e+005 3.445819787e+007 -1.000000000e-099 4.402652539e-016 -3.869317703e-015 3.000000106e+002 6.456309668e+000 6.456309668e+000 
d 0.000000000e+000 0.000000000e+000 -2.502149149e-013 2.900000000e+002 2.900000000e+002 2.484286752e-013 3.000000108e+002 5.510443656e+001 2.561602649e-001 -1.302100615e+005 5.083178240e+014 6.957697265e+005 3.443086065e+007 -1.000000000e-099 4.522203192e-016 -3.913961979e-015 3.000000108e+002 6.516128534e+000 6.516128534e+000 
d 0.000000000e+000 0.000000000e+000 -2.503320721e-013 2.950000000e+002 2.950000000e+002 2.484488307e-013 3.000000111e+002 5.979243950e+001 2.931973137e-001 -1.313444338e+005 5.569357370e+014 6.959514996e+005 3.440435524e+007 -1.000000000e-099 4.660398807e-016 -3.966195446e-015 3.000000111e+002 6.575988154e+000 6.575988154e+000 
d 0.000000000e+000 0.000000000e+000 -2.504588502e-013 3.000000000e+002 3.000000000e+002 2.530901349e-013 3.000000113e+002 6.478416030e+001 3.347760723e-001 -1.324778249e+005 6.094705418e+014 6.961552918e+005 3.437976858e+007 -1.000000000e-099 4.811510095e-016 -4.023839712e-015 3.000000113e+002 6.636080769e+000 6.636080769e+000 
d 0.000000000e+000 0.000000000e+000 -2.506002946e-013 3.050000000e+002 3.050000000e+002 2.531103949e-013 3.000000115e+002 7.008988646e+001 3.813263907e-001 -1.336097046e+005 6.661660419e+014 6.963895688e+005 3.435800786e+007 -1.000000000e-099 4.959116895e-016 -4.079252144e-015 3.000000115e+002 6.696561449e+000 6.696561449e+000 
d 0.000000000e+000 0.000000000e+000 -2.507698803e-013 3.100000000e+002 3.100000000e+002 2.531290883e-013 3.000000118e+002 7.571685976e+001 4.332768025e-001 -1.347390398e+005 7.272644957e+014 6.966778221e+005 3.434094647e+007 -1.000000000e-099 5.078371973e-016 -4.122375202e-015 3.000000118e+002 6.757752912e+000 6.757752912e+000 
d 0.000000000e+000 0.000000000e+000 -2.510967973e-013 3.150000000e+002 3.150000000e+002 2.472026348e-013 3.000000120e+002 8.164785169e+001 4.908350354e-001 -1.358605179e+005 7.928747012e+014 6.970884620e+005 3.434636741e+007 -1.000000000e-099 5.161530398e-016 -4.148386263e-015 3.000000120e+002 6.822852809e+000 6.822852809e+000 
d 0.000000000e+000 0.000000000e+000 -2.690671294e-013 3.200000000e+002 3.200000000e+002 2.683608125e-013 3.000000131e+002 8.764404478e+001 5.518740046e-001 -1.369315346e+005 8.736916838e+014 6.977898368e+005 3.681581081e+007 -1.000000000e-099 5.236960783e-016 -4.413069640e-015 3.000000131e+002 7.368799858e+000 7.368799858e+000 
d 0.000000000e+000 0.000000000e+000 -2.693913245e-013 3.250000000e+002 3.250000000e+002 2.690608251e-013 3.000000134e+002 9.390900871e+001 6.186329775e-001 -1.379913275e+005 9.479958186e+014 6.992924210e+005 3.682033134e+007 -1.000000000e-099 5.378125792e-016 -4.417893917e-015 3.000000134e+002 7.434783829e+000 7.434783829e+000 
d 0.000000000e+000 0.000000000e+000 -2.696162955e-013 3.300000000e+002 3.300000000e+002 2.690847402e-013 3.000000136e+002 1.005144846e+002 6.922447616e-001 -1.390508894e+005 1.030108425e+015 7.029697319e+005 3.680891304e+007 -1.000000000e-099 5.736811304e-016 -4.418088848e-015 3.000000136e+002 7.498107465e+000 7.498107465e+000 
d 0.000000000e+000 0.000000000e+000 -2.698919066e-013 3.350000000e+002 3.350000000e+002 2.691058356e-013 3.000000139e+002 1.074724552e+002 7.732808644e-001 -1.401102172e+005 1.125348312e+015 7.123518648e+005 3.679858477e+007 -1.000000000e-099 6.663891291e-016 -4.417291561e-015 3.000000139e+002 7.562949729e+000 7.562949729e+000 
d 0.000000000e+000 0.000000000e+000 -2.702984893e-013 3.400000000e+002 3.400000000e+002 2.691258867e-013 3.000000142e+002 1.147944648e+002 8.623414664e-001 -1.411692285e+005 1.245729603e+015 7.351247749e+005 3.679158099e+007 -1.000000000e-099 8.801010162e-016 -4.416989850e-015 3.000000142e+002 7.631593882e+000 7.631593882e+000 
d 0.000000000e+000 0.000000000e+000 -2.709350526e-013 3.450000000e+002 3.450000000e+002 2.691499063e-013 3.000000145e+002 1.224911572e+002 9.600493640e-001 -1.422277202e+005 1.409622525e+015 7.814172057e+005 3.679003463e+007 -1.000000000e-099 1.249236773e-015 -4.418211014e-015 3.000000145e+002 7.706940032e+000 7.706940032e+000 
d 0.000000000e+000 0.000000000e+000 -2.717856768e-013 3.500000000e+002 3.500000000e+002 2.668192809e-013 3.000000148e+002 1.305703842e+002 1.067022961e+000 -1.432851578e+005 1.618866189e+015 8.476488987e+005 3.679567876e+007 -1.000000000e-099 1.618407235e-015 -4.420381254e-015 3.000000148e+002 7.788613466e+000 7.788613466e+000 
d 0.000000000e+000 0.000000000e+000 -2.726551186e-013 3.550000000e+002 3.550000000e+002 2.774127290e-013 3.000000151e+002 1.390246467e+002 1.183692403e+000 -1.443392287e+005 1.836329658e+015 9.065555078e+005 3.681293852e+007 -1.000000000e-099 1.788615083e-015 -4.422899174e-015 3.000000151e+002 7.871009679e+000 7.871009679e+000 
d 0.000000000e+000 0.000000000e+000 -2.845080484e-013 3.600000000e+002 3.600000000e+002 2.877581497e-013 3.000000160e+002 1.476384356e+002 1.307432626e+000 -1.453638704e+005 2.046595431e+015 9.402801027e+005 3.838081130e+007 -1.000000000e-099 1.819610212e-015 -4.584633255e-015 3.000000160e+002 8.271489286e+000 8.271489286e+000 
d 0.000000000e+000 0.000000000e+000 -2.908095949e-013 3.650000000e+002 3.650000000e+002 2.901822425e-013 3.000000166e+002 1.564367656e+002 1.438793158e+000 -1.463643545e+005 2.228937294e+015 9.557070215e+005 3.920029496e+007 -1.000000000e-099 1.818665291e-015 -4.669129315e-015 3.000000166e+002 8.512876168e+000 8.512876168e+000 
d 0.000000000e+000 0.000000000e+000 -2.911981892e-013 3.700000000e+002 3.700000000e+002 2.899431960e-013 3.000000169e+002 1.656291147e+002 1.581293629e+000 -1.473648308e+005 2.396227739e+015 9.624505682e+005 3.921171750e+007 -1.000000000e-099 1.816239657e-015 -4.670390610e-015 3.000000169e+002 8.582515282e+000 8.582515282e+000 
d 0.000000000e+000 0.000000000e+000 -2.915526926e-013 3.750000000e+002 3.750000000e+002 2.899705574e-013 3.000000172e+002 1.752249957e+002 1.735668816e+000 -1.483651408e+005 2.566728005e+015 9.655626843e+005 3.922294072e+007 -1.000000000e-099 1.815538818e-015 -4.672180130e-015 3.000000172e+002 8.651277692e+000 8.651277692e+000 
d 0.000000000e+000 0.000000000e+000 -2.919098265e-013 3.800000000e+002 3.800000000e+002 2.911903318e-013 3.000000175e+002 1.852345131e+002 1.902696707e+000 -1.493652039e+005 2.744531488e+015 9.672779649e+005 3.923669586e+007 -1.000000000e-099 1.815940146e-015 -4.674183622e-015 3.000000175e+002 8.720283592e+000 8.720283592e+000 
d 0.000000000e+000 0.000000000e+000 -2.922893514e-013 3.850000000e+002 3.850000000e+002 2.912171710e-013 3.000000178e+002 1.956668918e+002 2.083175173e+000 -1.503648654e+005 2.931671086e+015 9.684916575e+005 3.925441985e+007 -1.000000000e-099 1.816853035e-015 -4.676339285e-015 3.000000178e+002 8.790064639e+000 8.790064639e+000 
d 0.000000000e+000 0.000000000e+000 -2.927058488e-013 3.900000000e+002 3.900000000e+002 2.921086088e-013 3.000000181e+002 2.065288115e+002 2.277889632e+000 -1.513637625e+005 3.129264792e+015 9.695498481e+005 3.927775003e+007 -1.000000000e-099 1.818012265e-015 -4.679384457e-015 3.000000181e+002 8.861060374e+000 8.861060374e+000 
d 0.000000000e+000 0.000000000e+000 -2.931902959e-013 3.950000000e+002 3.950000000e+002 2.921360747e-013 3.000000184e+002 2.178161810e+002 2.487450177e+000 -1.523606555e+005 3.337953298e+015 9.705849353e+005 3.931087585e+007 -1.000000000e-099 1.819269555e-015 -4.684133045e-015 3.000000184e+002 8.934176808e+000 8.934176808e+000 
d 0.000000000e+000 0.000000000e+000 -2.946068738e-013 4.000000000e+002 4.000000000e+002 2.939779549e-013 3.000000188e+002 2.294020219e+002 2.710065482e+000 -1.533442662e+005 3.559052186e+015 9.716485768e+005 3.947287096e+007 -1.000000000e-099 1.820588501e-015 -4.701804470e-015 3.000000188e+002 9.035295363e+000 9.035295363e+000 
d 0.000000000e+000 0.000000000e+000 -3.104452148e-013 4.050000000e+002 4.050000000e+002 3.151484556e-013 3.000000201e+002 2.410426666e+002 2.941263978e+000 -1.542956505e+005 3.843385074e+015 9.729474756e+005 4.161680315e+007 -1.000000000e-099 1.821803246e-015 -4.921585594e-015 3.000000201e+002 9.580103297e+000 9.580103297e+000 
d 0.000000000e+000 0.000000000e+000 -3.109959376e-013 4.100000000e+002 4.100000000e+002 3.152091310e-013 3.000000204e+002 2.531090961e+002 3.188749497e+000 -1.552461609e+005 4.083307206e+015 9.740998936e+005 4.165973537e+007 -1.000000000e-099 1.823231280e-015 -4.927061610e-015 3.000000204e+002 9.656248163e+000 9.656248163e+000 
d 0.000000000e+000 0.000000000e+000 -3.115186659e-013 4.150000000e+002 4.150000000e+002 3.152383722e-013 3.000000208e+002 2.656196613e+002 3.453619769e+000 -1.561965262e+005 4.336071524e+015 9.753163236e+005 4.169890763e+007 -1.000000000e-099 1.824742396e-015 -4.931846154e-015 3.000000208e+002 9.731687723e+000 9.731687723e+000 
d 0.000000000e+000 0.000000000e+000 -3.120643694e-013 4.200000000e+002 4.200000000e+002 3.108085443e-013 3.000000211e+002 2.785830450e+002 3.736817763e+000 -1.571466800e+005 4.602494587e+015 9.766019608e+005 4.174137678e+007 -1.000000000e-099 1.826307540e-015 -4.937608245e-015 3.000000211e+002 9.808019317e+000 9.808019317e+000 
d 0.000000000e+000 0.000000000e+000 -3.126448881e-013 4.250000000e+002 4.250000000e+002 3.108383076e-013 3.000000214e+002 2.920069993e+002 4.039299929e+000 -1.580965001e+005 4.883266299e+015 9.779609933e+005 4.178900074e+007 -1.000000000e-099 1.827944508e-015 -4.943831123e-015 3.000000214e+002 9.885679764e+000 9.885679764e+000 
d 0.000000000e+000 0.000000000e+000 -3.132766834e-013 4.300000000e+002 4.300000000e+002 3.066993249e-013 3.000000218e+002 3.058968395e+002 4.361998056e+000 -1.590457175e+005 5.179071689e+015 9.793973901e+005 4.184357755e+007 -1.000000000e-099 1.829636985e-015 -4.951378255e-015 3.000000218e+002 9.965093172e+000 9.965093172e+000 
d 0.000000000e+000 0.000000000e+000 -3.139823811e-013 4.350000000e+002 4.350000000e+002 3.067295060e-013 3.000000221e+002 3.202491122e+002 4.705657141e+000 -1.599935312e+005 5.490540390e+015 9.809147483e+005 4.190867303e+007 -1.000000000e-099 1.831418800e-015 -4.959424849e-015 3.000000221e+002 1.004707092e+001 1.004707092e+001 
d 0.000000000e+000 0.000000000e+000 -3.149461353e-013 4.400000000e+002 4.400000000e+002 3.247597139e-013 3.000000225e+002 3.349926460e+002 5.069328138e+000 -1.609349950e+005 5.817974761e+015 9.825145798e+005 4.200927493e+007 -1.000000000e-099 1.833266838e-015 -4.971228483e-015 3.000000225e+002 1.013719953e+001 1.013719953e+001 
d 0.000000000e+000 0.000000000e+000 -3.303933366e-013 4.450000000e+002 4.450000000e+002 3.247920884e-013 3.000000239e+002 3.497603012e+002 5.444241307e+000 -1.618478033e+005 6.261021478e+015 9.846461765e+005 4.408858065e+007 -1.000000000e-099 1.834956093e-015 -5.185398352e-015 3.000000239e+002 1.069474680e+001 1.069474680e+001 
d 0.000000000e+000 0.000000000e+000 -3.318513123e-013 4.500000000e+002 4.500000000e+002 3.331208082e-013 3.000000244e+002 3.649160193e+002 5.839920463e+000 -1.627555237e+005 6.622109238e+015 9.864253496e+005 4.425649392e+007 -1.000000000e-099 1.836850509e-015 -5.204706348e-015 3.000000244e+002 1.080217286e+001 1.080217286e+001 
d 0.000000000e+000 0.000000000e+000 -3.326559502e-013 4.550000000e+002 4.550000000e+002 3.331597616e-013 3.000000248e+002 3.805472301e+002 6.259425862e+000 -1.636631224e+005 6.996026709e+015 9.882758011e+005 4.433529004e+007 -1.000000000e-099 1.838882908e-015 -5.214468605e-015 3.000000248e+002 1.088873166e+001 1.088873166e+001 
d 0.000000000e+000 0.000000000e+000 -3.334903645e-013 4.600000000e+002 4.600000000e+002 3.372806775e-013 3.000000251e+002 3.966610265e+002 6.703838687e+000 -1.645705309e+005 7.388708829e+015 9.902253390e+005 4.441833142e+007 -1.000000000e-099 1.840956984e-015 -5.225108323e-015 3.000000251e+002 1.097657248e+001 1.097657248e+001 
d 0.000000000e+000 0.000000000e+000 -3.343753635e-013 4.650000000e+002 4.650000000e+002 3.373163935e-013 3.000000255e+002 4.132636501e+002 7.174247925e+000 -1.654776443e+005 7.801155607e+015 9.922794736e+005 4.450830217e+007 -1.000000000e-099 1.843144265e-015 -5.236388985e-015 3.000000255e+002 1.106636011e+001 1.106636011e+001 
d 0.000000000e+000 0.000000000e+000 -3.353268404e-013 4.700000000e+002 4.700000000e+002 3.399523803e-013 3.000000259e+002 4.303588244e+002 7.671698387e+000 -1.663842397e+005 8.234358135e+015 9.944437268e+005 4.460743826e+007 -1.000000000e-099 1.845410414e-015 -5.248490747e-015 3.000000259e+002 1.115865693e+001 1.115865693e+001 
d 0.000000000e+000 0.000000000e+000 -3.363721827e-013 4.750000000e+002 4.750000000e+002 3.399882007e-013 3.000000263e+002 4.479419534e+002 8.197005629e+000 -1.672897001e+005 8.689306799e+015 9.967236403e+005 4.471949502e+007 -1.000000000e-099 1.847725612e-015 -5.262475888e-015 3.000000263e+002 1.125438260e+001 1.125438260e+001 
d 0.000000000e+000 0.000000000e+000 -3.376288121e-013 4.800000000e+002 4.800000000e+002 3.441529784e-013 3.000000268e+002 4.659570887e+002 8.749386539e+000 -1.681909485e+005 9.166848115e+015 9.991239217e+005 4.486027545e+007 -1.000000000e-099 1.850166502e-015 -5.278987294e-015 3.000000268e+002 1.135727446e+001 1.135727446e+001 
d 0.000000000e+000 0.000000000e+000 -3.495924504e-013 4.850000000e+002 4.850000000e+002 3.441919320e-013 3.000000281e+002 4.840287154e+002 9.317712320e+000 -1.690699278e+005 9.794784883e+015 1.002273752e+006 4.645603116e+007 -1.000000000e-099 1.852471823e-015 -5.445229865e-015 3.000000281e+002 1.182118954e+001 1.182118954e+001 
d 0.000000000e+000 0.000000000e+000 -3.547558400e-013 4.900000000e+002 4.900000000e+002 3.514389376e-013 3.000000288e+002 5.024258317e+002 9.910703906e+000 -1.699406180e+005 1.036500913e+016 1.005156191e+006 4.712702647e+007 -1.000000000e-099 1.854991513e-015 -5.515479830e-015 3.000000288e+002 1.205753115e+001 1.205753115e+001 
d 0.000000000e+000 0.000000000e+000 -3.559794034e-013 4.950000000e+002 4.950000000e+002 3.508441932e-013 3.000000293e+002 5.213222940e+002 1.053475237e+001 -1.708112355e+005 1.090825764e+016 1.007917194e+006 4.726299795e+007 -1.000000000e-099 1.857613097e-015 -5.532365933e-015 3.000000293e+002 1.216109245e+001 1.216109245e+001 
d 0.000000000e+000 0.000000000e+000 -3.572455655e-013 5.000000000e+002 5.000000000e+002 3.508862796e-013 3.000000297e+002 5.407228501e+002 1.119102208e+001 -1.716816716e+005 1.147739699e+016 1.010818017e+006 4.740486208e+007 -1.000000000e-099 1.860345155e-015 -5.549796393e-015 3.000000297e+002 1.226656795e+001 1.226656795e+001 
d 0.000000000e+000 0.000000000e+000 -3.585858226e-013 5.050000000e+002 5.050000000e+002 3.616598743e-013 3.000000302e+002 5.606321692e+002 1.188070063e+001 -1.725518271e+005 1.207400822e+016 1.013867377e+006 4.755663817e+007 -1.000000000e-099 1.863175528e-015 -5.568060392e-015 3.000000302e+002 1.237500070e+001 1.237500070e+001 
d 0.000000000e+000 0.000000000e+000 -3.600222819e-013 5.100000000e+002 5.100000000e+002 3.617053025e-013 3.000000306e+002 5.810520350e+002 1.260489805e+001 -1.734214934e+005 1.269962092e+016 1.017073803e+006 4.772130720e+007 -1.000000000e-099 1.866092106e-015 -5.589046943e-015 3.000000306e+002 1.248718206e+001 1.248718206e+001 
d 0.000000000e+000 0.000000000e+000 -3.615883977e-013 5.150000000e+002 5.150000000e+002 3.531176940e-013 3.000000311e+002 6.019749051e+002 1.336439834e+001 -1.742901028e+005 1.335586155e+016 1.020446382e+006 4.790352321e+007 -1.000000000e-099 1.869152244e-015 -5.610992772e-015 3.000000311e+002 1.260432219e+001 1.260432219e+001 
d 0.000000000e+000 0.000000000e+000 -3.634053707e-013 5.200000000e+002 5.200000000e+002 3.531631223e-013 3.000000316e+002 6.233395068e+002 1.415795166e+001 -1.751549979e+005 1.404460493e+016 1.023995512e+006 4.811958852e+007 -1.000000000e-099 1.872298320e-015 -5.636723239e-015 3.000000316e+002 1.273050420e+001 1.273050420e+001 
d 0.000000000e+000 0.000000000e+000 -3.729124508e-013 5.250000000e+002 5.250000000e+002 3.692274885e-013 3.000000328e+002 6.447688628e+002 1.497198129e+001 -1.760014644e+005 1.491315210e+016 1.028481649e+006 4.937550494e+007 -1.000000000e-099 1.875405684e-015 -5.768309613e-015 3.000000328e+002 1.312667127e+001 1.312667127e+001 
d 0.000000000e+000 0.000000000e+000 -3.811571512e-013 5.300000000e+002 5.300000000e+002 3.913339153e-013 3.000000339e+002 6.665080734e+002 1.581605827e+001 -1.768398862e+005 1.579751471e+016 1.033066302e+006 5.045992228e+007 -1.000000000e-099 1.878652186e-015 -5.882425331e-015 3.000000339e+002 1.348082314e+001 1.348082314e+001 
d 0.000000000e+000 0.000000000e+000 -3.830172941e-013 5.350000000e+002 5.350000000e+002 3.884165868e-013 3.000000344e+002 6.887630931e+002 1.669901306e+001 -1.776782493e+005 1.658030134e+016 1.037138259e+006 5.068114675e+007 -1.000000000e-099 1.882050294e-015 -5.909187959e-015 3.000000344e+002 1.361082821e+001 1.361082821e+001 
d 0.000000000e+000 0.000000000e+000 -3.849463462e-013 5.400000000e+002 5.400000000e+002 3.785147967e-013 3.000000350e+002 7.115365853e+002 1.762205779e+001 -1.785164272e+005 1.739955598e+016 1.041410350e+006 5.091148441e+007 -1.000000000e-099 1.885602822e-015 -5.936651972e-015 3.000000350e+002 1.374390300e+001 1.374390300e+001 
d 0.000000000e+000 0.000000000e+000 -3.869903626e-013 5.450000000e+002 5.450000000e+002 3.900859442e-013 3.000000355e+002 7.348314579e+002 1.858643405e+001 -1.793543150e+005 1.825803769e+016 1.045897791e+006 5.115709119e+007 -1.000000000e-099 1.889266892e-015 -5.965940285e-015 3.000000355e+002 1.388171647e+001 1.388171647e+001 
d 0.000000000e+000 0.000000000e+000 -3.891799940e-013 5.500000000e+002 5.500000000e+002 3.815097188e-013 3.000000361e+002 7.586468340e+002 1.959324192e+001 -1.801916876e+005 1.915830782e+016 1.050614871e+006 5.142218116e+007 -1.000000000e-099 1.893064163e-015 -5.998009649e-015 3.000000361e+002 1.402544204e+001 1.402544204e+001 
d 0.000000000e+000 0.000000000e+000 -3.915658056e-013 5.550000000e+002 5.550000000e+002 3.949410223e-013 3.000000367e+002 7.829690636e+002 2.064303121e+001 -1.810279070e+005 2.010328237e+016 1.055577849e+006 5.171347940e+007 -1.000000000e-099 1.896967463e-015 -6.033035749e-015 3.000000367e+002 1.417691491e+001 1.417691491e+001 
d 0.000000000e+000 0.000000000e+000 -3.943248370e-013 5.600000000e+002 5.600000000e+002 3.885147538e-013 3.000000374e+002 8.077064206e+002 2.173283743e+001 -1.818597966e+005 2.109729376e+016 1.060810666e+006 5.205486990e+007 -1.000000000e-099 1.901032338e-015 -6.072569832e-015 3.000000374e+002 1.434241722e+001 1.434241722e+001 
d 0.000000000e+000 0.000000000e+000 -4.055869191e-013 5.650000000e+002 5.650000000e+002 4.052537555e-013 3.000000388e+002 8.324727927e+002 2.284600965e+001 -1.826748693e+005 2.239478022e+016 1.067665359e+006 5.354061603e+007 -1.000000000e-099 1.905169173e-015 -6.228575036e-015 3.000000388e+002 1.481817258e+001 1.481817258e+001 
d 0.000000000e+000 0.000000000e+000 -4.134033049e-013 5.700000000e+002 5.700000000e+002 4.225959607e-013 3.000000400e+002 8.576125038e+002 2.399832913e+001 -1.834849713e+005 2.364154315e+016 1.074268746e+006 5.456148613e+007 -1.000000000e-099 1.909427082e-015 -6.338278024e-015 3.000000400e+002 1.517071119e+001 1.517071119e+001 
d 0.000000000e+000 0.000000000e+000 -4.162567794e-013 5.750000000e+002 5.750000000e+002 4.246799161e-013 3.000000407e+002 8.832775230e+002 2.519773376e+001 -1.842949850e+005 2.477327680e+016 1.080273526e+006 5.491429086e+007 -1.000000000e-099 1.913872281e-015 -6.379896832e-015 3.000000407e+002 1.534286258e+001 1.534286258e+001 
d 0.000000000e+000 0.000000000e+000 -4.192434252e-013 5.800000000e+002 5.800000000e+002 4.235470298e-013 3.000000414e+002 9.094691430e+002 2.644546976e+001 -1.851047932e+005 2.595914989e+016 1.086578597e+006 5.528459234e+007 -1.000000000e-099 1.918432231e-015 -6.423951926e-015 3.000000414e+002 1.552084818e+001 1.552084818e+001 
d 0.000000000e+000 0.000000000e+000 -4.224232389e-013 5.850000000e+002 5.850000000e+002 4.233646903e-013 3.000000421e+002 9.361879789e+002 2.774276426e+001 -1.859142690e+005 2.720403966e+016 1.093210996e+006 5.568039049e+007 -1.000000000e-099 1.923218473e-015 -6.469913529e-015 3.000000421e+002 1.570694609e+001 1.570694609e+001 
d 0.000000000e+000 0.000000000e+000 -4.258439072e-013 5.900000000e+002 5.900000000e+002 4.246703085e-013 3.000000429e+002 9.634286745e+002 2.909055765e+001 -1.867231217e+005 2.851270545e+016 1.100197285e+006 5.610821228e+007 -1.000000000e-099 1.928197907e-015 -6.519313645e-015 3.000000429e+002 1.590305195e+001 1.590305195e+001 
d 0.000000000e+000 0.000000000e+000 -4.295952780e-013 5.950000000e+002 5.950000000e+002 4.277151495e-013 3.000000437e+002 9.911629823e+002 3.048861470e+001 -1.875304253e+005 2.989113966e+016 1.107570845e+006 5.657978875e+007 -1.000000000e-099 1.933318366e-015 -6.574842177e-015 3.000000437e+002 1.611248981e+001 1.611248981e+001 
d 0.000000000e+000 0.000000000e+000 -4.340788464e-013 6.000000000e+002 6.000000000e+002 4.327424372e-013 3.000000446e+002 1.019205218e+003 3.192844454e+001 -1.883308768e+005 3.135364850e+016 1.115410447e+006 5.714934074e+007 -1.000000000e-099 1.938604239e-015 -6.639966203e-015 3.000000446e+002 1.635015508e+001 1.635015508e+001 
d 0.000000000e+000 0.000000000e+000 -4.495420976e-013 6.050000000e+002 6.050000000e+002 4.425271585e-013 3.000000466e+002 1.047288377e+003 3.339657539e+001 -1.891173212e+005 3.339189489e+016 1.126379152e+006 5.918970154e+007 -1.000000000e-099 1.944147287e-015 -6.855367910e-015 3.000000466e+002 1.700330007e+001 1.700330007e+001 
d 0.000000000e+000 0.000000000e+000 -4.555718710e-013 6.100000000e+002 6.100000000e+002 4.499698711e-013 3.000000477e+002 1.075852377e+003 3.491648664e+001 -1.899023845e+005 3.506493287e+016 1.135390713e+006 5.996478112e+007 -1.000000000e-099 1.949789476e-015 -6.941206578e-015 3.000000477e+002 1.730289729e+001 1.730289729e+001 
d 0.000000000e+000 0.000000000e+000 -4.600861719e-013 6.150000000e+002 6.150000000e+002 4.498614700e-013 3.000000486e+002 1.104945032e+003 3.649189164e+001 -1.906872993e+005 3.673427604e+016 1.144395930e+006 6.053614943e+007 -1.000000000e-099 1.955664476e-015 -7.007369380e-015 3.000000486e+002 1.754657355e+001 1.754657355e+001 
d 0.000000000e+000 0.000000000e+000 -4.648776211e-013 6.200000000e+002 6.200000000e+002 4.631201462e-013 3.000000496e+002 1.134566490e+003 3.812404321e+001 -1.914719600e+005 3.849155310e+016 1.153891978e+006 6.114400335e+007 -1.000000000e-099 1.961750379e-015 -7.078313606e-015 3.000000496e+002 1.780228097e+001 1.780228097e+001 
d 0.000000000e+000 0.000000000e+000 -4.700232147e-013 6.250000000e+002 6.250000000e+002 4.784445020e-013 3.000000506e+002 1.164713522e+003 3.981401243e+001 -1.922561830e+005 4.034575986e+016 1.163929043e+006 6.179842762e+007 -1.000000000e-099 1.968078136e-015 -7.153091448e-015 3.000000506e+002 1.807305043e+001 1.807305043e+001 
d 0.000000000e+000 0.000000000e+000 -4.756131206e-013 6.300000000e+002 6.300000000e+002 4.754842517e-013 3.000000517e+002 1.195370558e+003 4.156215659e+001 -1.930394864e+005 4.230719728e+016 1.174564671e+006 6.251152730e+007 -1.000000000e-099 1.974706985e-015 -7.234894795e-015 3.000000517e+002 1.836251730e+001 1.836251730e+001 
d 0.000000000e+000 0.000000000e+000 -4.818521119e-013 6.350000000e+002 6.350000000e+002 4.757473178e-013 3.000000528e+002 1.226460880e+003 4.336520447e+001 -1.938199024e+005 4.439114451e+016 1.185884023e+006 6.331035460e+007 -1.000000000e-099 1.981573899e-015 -7.325076857e-015 3.000000528e+002 1.867855475e+001 1.867855475e+001 
d 0.000000000e+000 0.000000000e+000 -4.911379252e-013 6.400000000e+002 6.400000000e+002 5.015763541e-013 3.000000543e+002 1.257639198e+003 4.520362399e+001 -1.945890320e+005 4.674654797e+016 1.198705690e+006 6.451562041e+007 -1.000000000e-099 1.988707662e-015 -7.458212036e-015 3.000000543e+002 1.911407004e+001 1.911407004e+001 
d 0.000000000e+000 0.000000000e+000 -5.081863414e-013 6.450000000e+002 6.450000000e+002 5.046432306e-013 3.000000567e+002 1.289095490e+003 4.708888584e+001 -1.953519158e+005 4.974121520e+016 1.215052601e+006 6.675549394e+007 -1.000000000e-099 1.996389242e-015 -7.697605051e-015 3.000000567e+002 1.985512120e+001 1.985512120e+001 
d 0.000000000e+000 0.000000000e+000 -5.155076377e-013 6.500000000e+002 6.500000000e+002 5.133613803e-013 3.000000580e+002 1.321078584e+003 4.903681206e+001 -1.961146564e+005 5.219235452e+016 1.228437910e+006 6.769567825e+007 -1.000000000e-099 2.004104569e-015 -7.804381304e-015 3.000000580e+002 2.021978520e+001 2.021978520e+001 
d 0.000000000e+000 0.000000000e+000 -5.230994213e-013 6.550000000e+002 6.550000000e+002 5.293392762e-013 3.000000594e+002 1.353588720e+003 5.104869547e+001 -1.968771781e+005 5.477368919e+016 1.242554358e+006 6.867088068e+007 -1.000000000e-099 2.012133270e-015 -7.914672062e-015 3.000000594e+002 2.059733801e+001 2.059733801e+001 
d 0.000000000e+000 0.000000000e+000 -5.312848823e-013 6.600000000e+002 6.600000000e+002 5.263281672e-013 3.000000609e+002 1.386622777e+003 5.312562477e+001 -1.976393343e+005 5.751726848e+016 1.257579698e+006 6.972402570e+007 -1.000000000e-099 2.020534779e-015 -8.033677558e-015 3.000000609e+002 2.100064355e+001 2.100064355e+001 
d 0.000000000e+000 0.000000000e+000 -5.402023939e-013 6.650000000e+002 6.650000000e+002 5.494609589e-013 3.000000624e+002 1.420168166e+003 5.526807447e+001 -1.984007758e+005 6.044386643e+016 1.273630233e+006 7.087327618e+007 -1.000000000e-099 2.029330972e-015 -8.163053983e-015 3.000000624e+002 2.143538338e+001 2.143538338e+001 
d 0.000000000e+000 0.000000000e+000 -5.500829580e-013 6.700000000e+002 6.700000000e+002 5.570775521e-013 3.000000641e+002 1.454172811e+003 5.747389480e+001 -1.991603018e+005 6.358207354e+016 1.290865901e+006 7.214943263e+007 -1.000000000e-099 2.038604533e-015 -8.305545850e-015 3.000000641e+002 2.191100708e+001 2.191100708e+001 
d 0.000000000e+000 0.000000000e+000 -5.617009991e-013 6.750000000e+002 6.750000000e+002 5.720957112e-013 3.000000660e+002 1.488371775e+003 5.972660400e+001 -1.999121458e+005 6.699744792e+016 1.309652154e+006 7.365556087e+007 -1.000000000e-099 2.048239782e-015 -8.475772418e-015 3.000000660e+002 2.245825104e+001 2.245825104e+001 
d 0.000000000e+000 0.000000000e+000 -5.840011941e-013 6.800000000e+002 6.800000000e+002 5.786298593e-013 3.000000692e+002 1.522717059e+003 6.202327673e+001 -2.006555569e+005 7.154320071e+016 1.334715694e+006 7.658036788e+007 -1.000000000e-099 2.059094988e-015 -8.788012265e-015 3.000000692e+002 2.343671142e+001 2.343671142e+001 
d 0.000000000e+000 0.000000000e+000 -5.976037118e-013 6.850000000e+002 6.850000000e+002 5.932010463e-013 3.000000714e+002 1.557567574e+003 6.438861825e+001 -2.013984400e+005 7.549034207e+016 1.356491568e+006 7.834618012e+007 -1.000000000e-099 2.069828609e-015 -8.983791273e-015 3.000000714e+002 2.407135522e+001 2.407135522e+001 
d 0.000000000e+000 0.000000000e+000 -6.105760333e-013 6.900000000e+002 6.900000000e+002 6.174343504e-013 3.000000735e+002 1.592940975e+003 6.682510154e+001 -2.021411195e+005 7.956324022e+016 1.378985235e+006 8.002636842e+007 -1.000000000e-099 2.081029366e-015 -9.171978475e-015 3.000000735e+002 2.468458471e+001 2.468458471e+001 
d 0.000000000e+000 0.000000000e+000 -6.247198976e-013 6.950000000e+002 6.950000000e+002 6.183771694e-013 3.000000759e+002 1.628832774e+003 6.933371939e+001 -2.028834472e+005 8.395030791e+016 1.403242687e+006 8.185994020e+007 -1.000000000e-099 2.092864901e-015 -9.376269730e-015 3.000000759e+002 2.534913382e+001 2.534913382e+001 
d 0.000000000e+000 0.000000000e+000 -6.403132525e-013 7.000000000e+002 7.000000000e+002 6.498851537e-013 3.000000784e+002 1.665229256e+003 7.191479400e+001 -2.036250980e+005 8.870288633e+016 1.429551878e+006 8.388371025e+007 -1.000000000e-099 2.105491493e-015 -9.601494855e-015 3.000000784e+002 2.607685856e+001 2.607685856e+001 
d 0.000000000e+000 0.000000000e+000 -6.577690216e-013 7.050000000e+002 7.050000000e+002 6.510672282e-013 3.000000812e+002 1.702078377e+003 7.456582085e+001 -2.043650026e+005 9.388968548e+016 1.458298168e+006 8.615194479e+007 -1.000000000e-099 2.118888013e-015 -9.854151515e-015 3.000000812e+002 2.688506744e+001 2.688506744e+001 
d 0.000000000e+000 0.000000000e+000 -6.779326207e-013 7.100000000e+002 7.100000000e+002 6.881091034e-013 3.000000843e+002 1.739137831e+003 7.727010407e+001 -2.050984161e+005 9.962106261e+016 1.490100210e+006 8.877684411e+007 -1.000000000e-099 2.133273552e-015 -1.014255721e-014 3.000000843e+002 2.780868794e+001 2.780868794e+001 
d 0.000000000e+000 0.000000000e+000 -7.090131321e-013 7.150000000e+002 7.150000000e+002 7.045851440e-013 3.000000889e+002 1.776334045e+003 8.002252634e+001 -2.058241312e+005 1.069384271e+017 1.530765959e+006 9.284491624e+007 -1.000000000e-099 2.149670086e-015 -1.058143032e-014 3.000000889e+002 2.918649963e+001 2.918649963e+001 
d 0.000000000e+000 0.000000000e+000 -7.349804632e-013 7.200000000e+002 7.200000000e+002 7.369548031e-013 3.000000929e+002 1.814019258e+003 8.284983488e+001 -2.065491439e+005 1.139986732e+017 1.570033418e+006 9.623150164e+007 -1.000000000e-099 2.166378101e-015 -1.095250260e-014 3.000000929e+002 3.036200776e+001 3.036200776e+001 
d 0.000000000e+000 0.000000000e+000 -7.601216432e-013 7.250000000e+002 7.250000000e+002 7.593668004e-013 3.000000968e+002 1.852220378e+003 8.575531915e+001 -2.072739390e+005 1.213126081e+017 1.610746159e+006 9.950480659e+007 -1.000000000e-099 2.183959641e-015 -1.131447069e-014 3.000000968e+002 3.151077189e+001 3.151077189e+001 
d 0.000000000e+000 0.000000000e+000 -7.882025820e-013 7.300000000e+002 7.300000000e+002 7.792977893e-013 3.000001011e+002 1.890930317e+003 8.873974764e+001 -2.079983439e+005 1.293973844e+017 1.655791702e+006 1.031630732e+008 -1.000000000e-099 2.203029553e-015 -1.171659709e-014 3.000001011e+002 3.278909839e+001 3.278909839e+001 
d 0.000000000e+000 0.000000000e+000 -8.200114040e-013 7.350000000e+002 7.350000000e+002 8.240393861e-013 3.000001060e+002 1.930129879e+003 9.180291296e+001 -2.087219743e+005 1.384219108e+017 1.706118955e+006 1.073095439e+008 -1.000000000e-099 2.223853221e-015 -1.216949487e-014 3.000001060e+002 3.423100952e+001 3.423100952e+001 
d 0.000000000e+000 0.000000000e+000 -8.566857539e-013 7.400000000e+002 7.400000000e+002 8.576834381e-013 3.000001116e+002 1.969746546e+003 9.494028233e+001 -2.094435024e+005 1.486195337e+017 1.763038909e+006 1.120938691e+008 -1.000000000e-099 2.246796390e-015 -1.269425219e-014 3.000001116e+002 3.588557164e+001 3.588557164e+001 
d 0.000000000e+000 0.000000000e+000 -8.999681799e-013 7.450000000e+002 7.450000000e+002 9.103813479e-013 3.000001181e+002 2.009510307e+003 9.813107019e+001 -2.101581454e+005 1.603157680e+017 1.828380881e+006 1.177455348e+008 -1.000000000e-099 2.272233819e-015 -1.331180216e-014 3.000001181e+002 3.782725405e+001 3.782725405e+001 
d 0.000000000e+000 0.000000000e+000 -9.589752360e-013 7.500000000e+002 7.500000000e+002 9.543714475e-013 3.000001268e+002 2.049493562e+003 1.013813743e+002 -2.108674040e+005 1.750853889e+017 1.910970531e+006 1.254659525e+008 -1.000000000e-099 2.302445947e-015 -1.414717385e-014 3.000001268e+002 4.044347601e+001 4.044347601e+001 
d 0.000000000e+000 0.000000000e+000 -1.015539770e-012 7.550000000e+002 7.550000000e+002 1.017091768e-012 3.000001352e+002 2.089971324e+003 1.047143874e+002 -2.115762283e+005 1.902783816e+017 1.995984735e+006 1.328551183e+008 -1.000000000e-099 2.334272556e-015 -1.495176008e-014 3.000001352e+002 4.297295232e+001 4.297295232e+001 
d 0.000000000e+000 0.000000000e+000 -1.077965024e-012 7.600000000e+002 7.600000000e+002 1.070219001e-012 3.000001446e+002 2.130953635e+003 1.081322261e+002 -2.122847682e+005 2.072959765e+017 2.091273105e+006 1.410080543e+008 -1.000000000e-099 2.369816274e-015 -1.583873929e-014 3.000001446e+002 4.576725350e+001 4.576725350e+001 
d 0.000000000e+000 0.000000000e+000 -1.151852923e-012 7.650000000e+002 7.650000000e+002 1.154807328e-012 3.000001556e+002 2.172428500e+003 1.116351823e+002 -2.129927928e+005 2.272591065e+017 2.203128264e+006 1.506614128e+008 -1.000000000e-099 2.410569964e-015 -1.689039207e-014 3.000001556e+002 4.906746182e+001 4.906746182e+001 
d 0.000000000e+000 0.000000000e+000 -1.241317057e-012 7.700000000e+002 7.700000000e+002 1.231289169e-012 3.000001689e+002 2.214361112e+003 1.152215391e+002 -2.136997015e+005 2.511580622e+017 2.337119519e+006 1.623538998e+008 -1.000000000e-099 2.458451047e-015 -1.816107001e-014 3.000001689e+002 5.305399038e+001 5.305399038e+001 
d 0.000000000e+000 0.000000000e+000 -1.352885339e-012 7.750000000e+002 7.750000000e+002 1.354673424e-012 3.000001854e+002 2.256613761e+003 1.188804689e+002 -2.144032208e+005 2.805314454e+017 2.501899842e+006 1.769416077e+008 -1.000000000e-099 2.515877578e-015 -1.974151386e-014 3.000001854e+002 5.801281810e+001 5.801281810e+001 
d 0.000000000e+000 0.000000000e+000 -1.495469009e-012 7.800000000e+002 7.800000000e+002 1.495939071e-012 3.000002064e+002 2.298956025e+003 1.225923806e+002 -2.150996728e+005 3.175326993e+017 2.709583528e+006 1.955916493e+008 -1.000000000e-099 2.586457005e-015 -2.175769842e-014 3.000002064e+002 6.433518435e+001 6.433518435e+001 
d 0.000000000e+000 0.000000000e+000 -1.685043671e-012 7.850000000e+002 7.850000000e+002 1.688437333e-012 3.000002341e+002 2.341673245e+003 1.263827401e+002 -2.157938871e+005 3.661086330e+017 2.982368803e+006 2.203964563e+008 -1.000000000e-099 2.677207475e-015 -2.443322017e-014 3.000002341e+002 7.272465258e+001 7.272465258e+001 
d 0.000000000e+000 0.000000000e+000 -1.913900578e-012 7.900000000e+002 7.900000000e+002 1.918097359e-012 3.000002678e+002 2.384882720e+003 1.302630550e+002 -2.164877843e+005 4.257265558e+017 3.317310861e+006 2.503322157e+008 -1.000000000e-099 2.788232688e-015 -2.767224935e-014 3.000002678e+002 8.286751844e+001 8.286751844e+001 
d 0.000000000e+000 0.000000000e+000 -2.228564357e-012 7.950000000e+002 7.950000000e+002 2.218395484e-012 3.000003140e+002 2.428574687e+003 1.342337243e+002 -2.171811916e+005 5.073275852e+017 3.775931359e+006 2.914975710e+008 -1.000000000e-099 2.938554865e-015 -3.211485593e-014 3.000003140e+002 9.680080310e+001 9.680080310e+001 
d 0.000000000e+000 0.000000000e+000 -2.697745453e-012 8.000000000e+002 8.000000000e+002 2.700224343e-012 3.000003826e+002 2.472721043e+003 1.382934140e+002 -2.178736591e+005 6.281606606e+017 4.455270456e+006 3.528881600e+008 -1.000000000e-099 3.157537632e-015 -3.873720859e-014 3.000003826e+002 1.175539237e+002 1.175539237e+002 
d 0.000000000e+000 0.000000000e+000 -3.487458674e-012 8.050000000e+002 8.050000000e+002 3.482071239e-012 3.000004980e+002 2.517229643e+003 1.424346780e+002 -2.185637707e+005 8.299024633e+017 5.589804493e+006 4.562388412e+008 -1.000000000e-099 3.518433122e-015 -4.987188173e-014 3.000004980e+002 1.524469235e+002 1.524469235e+002 
d 0.000000000e+000 0.000000000e+000 -5.130065933e-012 8.100000000e+002 8.100000000e+002 5.127074590e-012 3.000007375e+002 2.561847708e+003 1.466344645e+002 -2.192477280e+005 1.246097783e+018 7.930901683e+006 6.712471157e+008 -1.000000000e-099 4.253375205e-015 -7.300876645e-014 3.000007375e+002 2.249517829e+002 2.249517829e+002 
d 0.000000000e+000 0.000000000e+000 -1.120906633e-011 8.150000000e+002 8.150000000e+002 1.120093405e-011 3.000016220e+002 2.606623879e+003 1.508974750e+002 -2.199264540e+005 2.773806273e+018 1.652624324e+007 1.467087437e+009 -1.000000000e-099 6.922717828e-015 -1.585606686e-013 3.000016220e+002 4.930355726e+002 4.930355726e+002 
d 0.000000000e+000 0.000000000e+000 -1.889484556e-011 8.162500000e+002 8.162500000e+002 1.889627820e-011 3.000027387e+002 2.617807217e+003 1.519697065e+002 -2.200948180e+005 4.691635806e+018 2.731858534e+007 2.473418072e+009 -1.000000000e-099 1.025433711e-014 -2.665772637e-013 3.000027387e+002 8.317340480e+002 8.317340480e+002 
d 0.000000000e+000 0.000000000e+000 -2.650059209e-011 8.165625000e+002 8.165625000e+002 2.651008597e-011 3.000038427e+002 2.620555847e+003 1.522336709e+002 -2.201361428e+005 6.580637785e+018 3.795044757e+007 3.469356695e+009 -1.000000000e-099 1.352600595e-014 -3.735027627e-013 3.000038427e+002 1.166751139e+003 1.166751139e+003 
d 0.000000000e+000 0.000000000e+000 -2.930516656e-011 8.166015625e+002 8.166015625e+002 2.930885287e-011 3.000042497e+002 2.620885114e+003 1.522652952e+002 -2.201410964e+005 7.275558454e+018 4.186205103e+007 3.836620010e+009 -1.000000000e-099 1.472785470e-014 -4.129091898e-013 3.000042497e+002 1.290258423e+003 1.290258423e+003 
d 0.000000000e+000 0.000000000e+000 -3.318224888e-011 8.166210937e+002 8.166210937e+002 3.318763699e-011 3.000048120e+002 2.621031499e+003 1.522793431e+002 -2.201433056e+005 8.234985141e+018 4.726288022e+007 4.344340995e+009 -1.000000000e-099 1.638722939e-014 -4.673238103e-013 3.000048120e+002 1.460974627e+003 1.460974627e+003 
d 0.000000000e+000 0.000000000e+000 -3.334542028e-011 8.166213989e+002 8.166213989e+002 3.335546427e-011 3.000048357e+002 2.621033057e+003 1.522794919e+002 -2.201433294e+005 8.275342094e+018 4.749005090e+007 4.365709738e+009 -1.000000000e-099 1.645678164e-014 -4.696590503e-013 3.000048357e+002 1.468159195e+003 1.468159195e+003 
d 0.000000000e+000 0.000000000e+000 -3.355546622e-011 8.166215515e+002 8.166215515e+002 3.355286690e-011 3.000048662e+002 2.621032891e+003 1.522794750e+002 -2.201433275e+005 8.327279630e+018 4.778243056e+007 4.393216696e+009 -1.000000000e-099 1.654519050e-014 -4.725477051e-013 3.000048662e+002 1.477407293e+003 1.477407293e+003 
d 0.000000000e+000 0.000000000e+000 -3.373669587e-011 8.166216278e+002 8.166216278e+002 3.374485971e-011 3.000048925e+002 2.621032253e+003 1.522794129e+002 -2.201433184e+005 8.372088612e+018 4.803468098e+007 4.416949811e+009 -1.000000000e-099 1.662356929e-014 -4.751636574e-013 3.000048925e+002 1.485386529e+003 1.485386529e+003 
d 0.000000000e+000 0.000000000e+000 -3.372576182e-011 8.166216660e+002 8.166216660e+002 3.371595607e-011 3.000048909e+002 2.621032675e+003 1.522794534e+002 -2.201433247e+005 8.369387562e+018 4.801947438e+007 4.415518009e+009 -1.000000000e-099 1.661701356e-014 -4.750095261e-013 3.000048909e+002 1.484905193e+003 1.484905193e+003 
d 0.000000000e+000 0.000000000e+000 -3.385625554e-011 8.166216850e+002 8.166216850e+002 3.386053318e-011 3.000049098e+002 2.621031895e+003 1.522793779e+002 -2.201433133e+005 8.401650349e+018 4.820109765e+007 4.432607026e+009 -1.000000000e-099 1.667634679e-014 -4.768458918e-013 3.000049098e+002 1.490650599e+003 1.490650599e+003 
