v ATLAS
# This file was created by ATLAS version 5.18.3.R on Mon Feb 25 23:50:01 2013.
#SSF 2.0 generic
##############################################################################
#                    Copyright © 1984 - 2012                                 #
#                    Silvaco Inc. All rights reserved                        #
#                                                                            #
# This file format and the following Key are copyright Silvaco Inc.          #
# You may not use, this format or key without reproducing this message in    #
# full and obtaining express written permission from Silvaco Inc.            #
#                                                                            #
# To obtain such permission please contact: Silvaco Inc.                     #
#                                           support@silvaco.com              #
#                                                                            #
# KEY=SVC86hn7562asdx                       PROD=345                         #
##############################################################################
y 1 15
z 300
f 3 "emitter" "base" "collector" 
p 9 2 601 20 3 602 21 4 603 22 
d 0.000000000e+000 0.000000000e+000 2.339293353e-017 0.000000000e+000 0.000000000e+000 -5.347037823e-017 0.000000000e+000 0.000000000e+000 6.527046185e-020 
d 0.000000000e+000 0.000000000e+000 -6.707480792e-015 1.000000000e-001 1.000000000e-001 6.481870127e-015 1.000000000e-001 1.000000000e-001 1.216902491e-016 
d 0.000000000e+000 0.000000000e+000 -4.602653733e-014 2.000000000e-001 2.000000000e-001 4.092285151e-014 2.000000000e-001 2.000000000e-001 5.046951979e-015 
d 0.000000000e+000 0.000000000e+000 -4.635001849e-013 3.000000000e-001 3.000000000e-001 2.562148360e-013 3.000000000e-001 3.000000000e-001 2.072016457e-013 
d 0.000000000e+000 0.000000000e+000 -1.046260568e-011 4.000000000e-001 4.000000000e-001 1.904893686e-012 4.000000000e-001 4.000000000e-001 8.557852490e-012 
d 0.000000000e+000 0.000000000e+000 -3.722661397e-010 5.000000000e-001 5.000000000e-001 1.763590561e-011 5.000000000e-001 5.000000000e-001 3.546303054e-010 
d 0.000000000e+000 0.000000000e+000 -1.490992272e-008 6.000000000e-001 6.000000000e-001 2.162365043e-010 6.000000000e-001 6.000000000e-001 1.469368623e-008 
d 0.000000000e+000 0.000000000e+000 -6.076514528e-007 7.000000000e-001 7.000000000e-001 4.160926713e-009 7.000000000e-001 7.000000000e-001 6.034905260e-007 
d 0.000000000e+000 0.000000000e+000 -2.328657825e-005 8.000000000e-001 8.000000000e-001 1.291782892e-007 8.000000000e-001 8.000000000e-001 2.315739997e-005 
d 0.000000000e+000 0.000000000e+000 -1.207006209e-004 8.500000000e-001 8.500000000e-001 7.281785475e-007 8.500000000e-001 8.500000000e-001 1.199724423e-004 
d 0.000000000e+000 0.000000000e+000 -4.091086783e-004 9.000000000e-001 9.000000000e-001 3.477144656e-006 9.000000000e-001 9.000000000e-001 4.056315336e-004 
d 0.000000000e+000 0.000000000e+000 -6.327257544e-004 9.250000000e-001 9.250000000e-001 6.910936007e-006 9.250000000e-001 9.250000000e-001 6.258148184e-004 
d 0.000000000e+000 0.000000000e+000 -9.097784204e-004 9.500000000e-001 9.500000000e-001 1.292326072e-005 9.500000000e-001 9.500000000e-001 8.968551597e-004 
d 0.000000000e+000 0.000000000e+000 -1.665041669e-003 1.000000000e+000 1.000000000e+000 3.989568302e-005 1.000000000e+000 1.000000000e+000 1.625145986e-003 
d 0.000000000e+000 0.000000000e+000 -2.182336419e-003 1.025000000e+000 1.025000000e+000 6.723000565e-005 1.025000000e+000 1.025000000e+000 2.115106413e-003 
d 0.000000000e+000 0.000000000e+000 -2.819323888e-003 1.050000000e+000 1.050000000e+000 1.102184448e-004 1.050000000e+000 1.050000000e+000 2.709105443e-003 
d 0.000000000e+000 0.000000000e+000 -3.586379797e-003 1.075000000e+000 1.075000000e+000 1.768769128e-004 1.075000000e+000 1.075000000e+000 3.409502884e-003 
d 0.000000000e+000 0.000000000e+000 -4.526942460e-003 1.100000000e+000 1.100000000e+000 2.769919935e-004 1.100000000e+000 1.100000000e+000 4.249950467e-003 
d 0.000000000e+000 0.000000000e+000 -5.671790525e-003 1.125000000e+000 1.125000000e+000 4.223243455e-004 1.125000000e+000 1.125000000e+000 5.249466179e-003 
d 0.000000000e+000 0.000000000e+000 -7.034683227e-003 1.150000000e+000 1.150000000e+000 6.261621788e-004 1.150000000e+000 1.150000000e+000 6.408521048e-003 
d 0.000000000e+000 0.000000000e+000 -8.616786214e-003 1.175000000e+000 1.175000000e+000 9.047131304e-004 1.175000000e+000 1.175000000e+000 7.712073080e-003 
d 0.000000000e+000 0.000000000e+000 -1.045774122e-002 1.200000000e+000 1.200000000e+000 1.298126639e-003 1.200000000e+000 1.200000000e+000 9.159614580e-003 
d 0.000000000e+000 0.000000000e+000 -1.302471894e-002 1.225000000e+000 1.225000000e+000 1.956405019e-003 1.225000000e+000 1.225000000e+000 1.106831393e-002 
d 0.000000000e+000 0.000000000e+000 -1.444803588e-002 1.237500000e+000 1.237500000e+000 2.362920061e-003 1.237500000e+000 1.237500000e+000 1.208511578e-002 
d 0.000000000e+000 0.000000000e+000 -1.582605034e-002 1.250000000e+000 1.250000000e+000 2.776666932e-003 1.250000000e+000 1.250000000e+000 1.304938340e-002 
d 0.000000000e+000 0.000000000e+000 -2.180439657e-002 1.300000000e+000 1.300000000e+000 4.827534248e-003 1.300000000e+000 1.300000000e+000 1.697686210e-002 
d 0.000000000e+000 0.000000000e+000 -4.115982762e-002 1.400000000e+000 1.400000000e+000 1.482695514e-002 1.400000000e+000 1.400000000e+000 2.633287247e-002 
d 0.000000000e+000 0.000000000e+000 -6.303548637e-002 1.500000000e+000 1.500000000e+000 2.842783281e-002 1.500000000e+000 1.500000000e+000 3.460765356e-002 
d 0.000000000e+000 0.000000000e+000 -8.799811732e-002 1.600000000e+000 1.600000000e+000 4.547652369e-002 1.600000000e+000 1.600000000e+000 4.252159358e-002 
d 0.000000000e+000 0.000000000e+000 -1.154472452e-001 1.700000000e+000 1.700000000e+000 6.552258611e-002 1.700000000e+000 1.700000000e+000 4.992465911e-002 
d 0.000000000e+000 0.000000000e+000 -1.446036364e-001 1.800000000e+000 1.800000000e+000 8.789126306e-002 1.800000000e+000 1.800000000e+000 5.671237336e-002 
d 0.000000000e+000 0.000000000e+000 -1.747810341e-001 1.900000000e+000 1.900000000e+000 1.119317067e-001 1.900000000e+000 1.900000000e+000 6.284932618e-002 
d 0.000000000e+000 0.000000000e+000 -2.054072299e-001 2.000000000e+000 2.000000000e+000 1.370660482e-001 2.000000000e+000 2.000000000e+000 6.834118127e-002 
