v ATLAS
# This file was created by ATLAS version 5.18.3.R on Sun Aug 18 14:05:30 2013.
#SSF 2.0 generic
##############################################################################
#                    Copyright © 1984 - 2012                                 #
#                    Silvaco Inc. All rights reserved                        #
#                                                                            #
# This file format and the following Key are copyright Silvaco Inc.          #
# You may not use, this format or key without reproducing this message in    #
# full and obtaining express written permission from Silvaco Inc.            #
#                                                                            #
# To obtain such permission please contact: Silvaco Inc.                     #
#                                           support@silvaco.com              #
#                                                                            #
# KEY=SVC86hn7562asdx                       PROD=345                         #
##############################################################################
y 1 15
z 300
f 2 "anode" "cathode" 
Q 4000 13 "Wavelength Beam 1 "
Q 4010 13 "Source Photocurrent Beam 1 "
Q 4020 13 "Available Photocurrent Beam 1"
p 17 91 4000 4010 4020 85 86 87 308 354 355 356 2 601 20 3 602 21 
d 1.000000000e+000 6.000000000e-001 4.839286887e-009 3.289364257e-009 3.289364257e-009 4.839286887e-009 6.000000000e-001 9.000000000e+001 3.202538044e-001 6.797451166e-001 1.078970638e-006 0.000000000e+000 0.000000000e+000 -4.661875274e-010 3.100000000e+000 3.100000000e+000 4.661660130e-010 
d 1.000000000e+000 6.250000000e-001 5.040923841e-009 3.444407276e-009 3.444407276e-009 5.040923841e-009 6.250000000e-001 9.000000000e+001 3.166633426e-001 6.833325364e-001 4.121019893e-006 0.000000000e+000 0.000000000e+000 -5.441050871e-010 3.100000000e+000 3.100000000e+000 5.440876059e-010 
d 1.000000000e+000 6.500000000e-001 5.242560794e-009 3.597619786e-009 3.597619786e-009 5.242560794e-009 6.500000000e-001 9.000000000e+001 3.136840874e-001 6.863045646e-001 1.134801261e-005 0.000000000e+000 0.000000000e+000 -6.225050840e-010 3.100000000e+000 3.100000000e+000 6.224743900e-010 
d 1.000000000e+000 6.750000000e-001 5.444197748e-009 3.748735145e-009 3.748735145e-009 5.444197748e-009 6.750000000e-001 9.000000000e+001 3.112887495e-001 6.886834299e-001 2.782053698e-005 0.000000000e+000 0.000000000e+000 -7.076917610e-010 3.100000000e+000 3.100000000e+000 7.076735829e-010 
d 1.000000000e+000 7.000000000e-001 5.645834702e-009 3.897032772e-009 3.897032772e-009 5.645834702e-009 7.000000000e-001 9.000000000e+001 3.095617192e-001 6.903788155e-001 5.946531693e-005 0.000000000e+000 0.000000000e+000 -7.957076541e-010 3.100000000e+000 3.100000000e+000 7.956956008e-010 
d 1.000000000e+000 7.250000000e-001 5.847471655e-009 4.043398941e-009 4.043398941e-009 5.847471655e-009 7.250000000e-001 9.000000000e+001 3.082181167e-001 6.916496870e-001 1.321963071e-004 0.000000000e+000 0.000000000e+000 -9.006625349e-010 3.100000000e+000 3.100000000e+000 9.006505360e-010 
d 1.000000000e+000 7.500000000e-001 6.049108609e-009 4.187772859e-009 4.187772859e-009 6.049108609e-009 7.500000000e-001 9.000000000e+001 3.072150376e-001 6.925149262e-001 2.700362270e-004 0.000000000e+000 0.000000000e+000 -1.012100012e-009 3.100000000e+000 3.100000000e+000 1.012088496e-009 
d 1.000000000e+000 7.750000000e-001 6.250745563e-009 4.329494631e-009 4.329494631e-009 6.250745563e-009 7.750000000e-001 9.000000000e+001 3.066529005e-001 6.928968873e-001 4.502122240e-004 0.000000000e+000 0.000000000e+000 -1.111637289e-009 3.100000000e+000 3.100000000e+000 1.111628126e-009 
d 1.000000000e+000 8.000000000e-001 6.452382516e-009 4.472891062e-009 4.472891062e-009 6.452382516e-009 8.000000000e-001 9.000000000e+001 3.058149905e-001 6.935204983e-001 6.645112264e-004 0.000000000e+000 0.000000000e+000 -1.203832980e-009 3.100000000e+000 3.100000000e+000 1.203817625e-009 
d 1.000000000e+000 8.100000000e-001 6.533037298e-009 4.529879342e-009 4.529879342e-009 6.533037298e-009 8.100000000e-001 9.000000000e+001 3.055493406e-001 6.936811433e-001 7.695160503e-004 0.000000000e+000 0.000000000e+000 -1.240974959e-009 3.100000000e+000 3.100000000e+000 1.240966697e-009 
d 1.000000000e+000 8.250000000e-001 6.654019470e-009 4.614532517e-009 4.614532517e-009 6.654019470e-009 8.250000000e-001 9.000000000e+001 3.052593732e-001 6.937918953e-001 9.487315671e-004 0.000000000e+000 0.000000000e+000 -1.296931958e-009 3.100000000e+000 3.100000000e+000 1.296923139e-009 
d 1.000000000e+000 8.500000000e-001 6.855656423e-009 4.755012065e-009 4.755012065e-009 6.855656423e-009 8.500000000e-001 9.000000000e+001 3.031988751e-001 6.939994870e-001 2.801637881e-003 0.000000000e+000 0.000000000e+000 -1.534757505e-009 3.100000000e+000 3.100000000e+000 1.534757198e-009 
d 1.000000000e+000 8.750000000e-001 7.057293377e-009 4.872226594e-009 4.872226594e-009 7.057293377e-009 8.750000000e-001 9.000000000e+001 3.014288394e-001 6.903861413e-001 8.185019313e-003 0.000000000e+000 0.000000000e+000 -1.821983104e-009 3.100000000e+000 3.100000000e+000 1.821982853e-009 
d 1.000000000e+000 9.000000000e-001 7.258930331e-009 4.915251610e-009 4.915251610e-009 7.258930331e-009 9.000000000e-001 9.000000000e+001 3.002642581e-001 6.771399078e-001 2.259583406e-002 0.000000000e+000 0.000000000e+000 -2.151759429e-009 3.100000000e+000 3.100000000e+000 2.151759469e-009 
d 1.000000000e+000 9.250000000e-001 7.460567284e-009 4.515523265e-009 4.515523265e-009 7.460567284e-009 9.250000000e-001 9.000000000e+001 3.088914028e-001 6.052699177e-001 8.583867943e-002 0.000000000e+000 0.000000000e+000 -2.662604787e-009 3.100000000e+000 3.100000000e+000 2.662604587e-009 
d 1.000000000e+000 9.300000000e-001 7.500894675e-009 3.815269214e-009 3.815269214e-009 7.500894675e-009 9.300000000e-001 9.000000000e+001 3.331740996e-001 5.087034925e-001 1.581224079e-001 0.000000000e+000 0.000000000e+000 -2.912802118e-009 3.100000000e+000 3.100000000e+000 2.912801930e-009 
d 1.000000000e+000 9.400000000e-001 7.581549456e-009 3.462736693e-009 3.462736693e-009 7.581549456e-009 9.400000000e-001 9.000000000e+001 3.485344545e-001 4.568725529e-001 1.945929926e-001 0.000000000e+000 0.000000000e+000 -3.025398481e-009 3.100000000e+000 3.100000000e+000 3.025398519e-009 
d 1.000000000e+000 9.500000000e-001 7.662204238e-009 3.336472458e-009 3.336472458e-009 7.662204238e-009 9.500000000e-001 9.000000000e+001 3.546951348e-001 4.356353979e-001 2.096694673e-001 0.000000000e+000 0.000000000e+000 -3.088542816e-009 3.100000000e+000 3.100000000e+000 3.088542885e-009 
d 1.000000000e+000 9.750000000e-001 7.863841192e-009 3.387363906e-009 3.387363906e-009 7.863841192e-009 9.750000000e-001 9.000000000e+001 3.534688375e-001 4.309552238e-001 2.155759387e-001 0.000000000e+000 0.000000000e+000 -3.173577504e-009 3.100000000e+000 3.100000000e+000 3.173577075e-009 
d 1.000000000e+000 1.000000000e+000 8.065478145e-009 3.470079014e-009 3.470079014e-009 8.065478145e-009 1.000000000e+000 9.000000000e+001 3.510923203e-001 4.304459589e-001 2.184617207e-001 0.000000000e+000 0.000000000e+000 -3.251081216e-009 3.100000000e+000 3.100000000e+000 3.251081381e-009 
d 1.000000000e+000 1.050000000e+000 8.468752052e-009 3.486696037e-009 3.486696037e-009 8.468752052e-009 1.050000000e+000 9.000000000e+001 3.468088269e-001 4.119965635e-001 2.411946096e-001 0.000000000e+000 0.000000000e+000 -3.266607385e-009 3.100000000e+000 3.100000000e+000 3.266607679e-009 
d 1.000000000e+000 1.075000000e+000 8.670389006e-009 3.508292466e-009 3.508292466e-009 8.670389006e-009 1.075000000e+000 9.000000000e+001 3.456486392e-001 4.049448083e-001 2.494065525e-001 0.000000000e+000 0.000000000e+000 -3.286828583e-009 3.100000000e+000 3.100000000e+000 3.286828410e-009 
d 1.000000000e+000 1.100000000e+000 8.872025960e-009 3.509006122e-009 3.509006122e-009 8.872025960e-009 1.100000000e+000 9.000000000e+001 3.454189194e-001 3.958660790e-001 2.587150017e-001 0.000000000e+000 0.000000000e+000 -3.287478544e-009 3.100000000e+000 3.100000000e+000 3.287478691e-009 
d 1.000000000e+000 1.125000000e+000 9.073662913e-009 3.491834661e-009 3.491834661e-009 9.073662913e-009 1.125000000e+000 9.000000000e+001 3.462514598e-001 3.852196665e-001 2.685288738e-001 0.000000000e+000 0.000000000e+000 -3.271366985e-009 3.100000000e+000 3.100000000e+000 3.271366756e-009 
d 1.000000000e+000 1.150000000e+000 9.275299867e-009 3.460441495e-009 3.460441495e-009 9.275299867e-009 1.150000000e+000 9.000000000e+001 3.473480046e-001 3.735049355e-001 2.791470598e-001 0.000000000e+000 0.000000000e+000 -3.241926426e-009 3.100000000e+000 3.100000000e+000 3.241926585e-009 
d 1.000000000e+000 1.175000000e+000 9.476936821e-009 3.469219820e-009 3.469219820e-009 9.476936821e-009 1.175000000e+000 9.000000000e+001 3.480811166e-001 3.665107263e-001 2.854081571e-001 0.000000000e+000 0.000000000e+000 -3.250138395e-009 3.100000000e+000 3.100000000e+000 3.250138718e-009 
d 1.000000000e+000 1.200000000e+000 9.678573774e-009 3.472561547e-009 3.472561547e-009 9.678573774e-009 1.200000000e+000 9.000000000e+001 3.489048164e-001 3.592451832e-001 2.918500004e-001 0.000000000e+000 0.000000000e+000 -3.253255289e-009 3.100000000e+000 3.100000000e+000 3.253255329e-009 
d 1.000000000e+000 1.225000000e+000 9.880210728e-009 3.513656346e-009 3.513656346e-009 9.880210728e-009 1.225000000e+000 9.000000000e+001 3.492887872e-001 3.560913445e-001 2.946198683e-001 0.000000000e+000 0.000000000e+000 -3.291757751e-009 3.100000000e+000 3.100000000e+000 3.291757730e-009 
d 1.000000000e+000 1.250000000e+000 1.008184768e-008 3.514770115e-009 3.514770115e-009 1.008184768e-008 1.250000000e+000 9.000000000e+001 3.501938769e-001 3.491162397e-001 3.006898834e-001 0.000000000e+000 0.000000000e+000 -3.292787406e-009 3.100000000e+000 3.100000000e+000 3.292787665e-009 
d 1.000000000e+000 1.275000000e+000 1.028348464e-008 3.539712864e-009 3.539712864e-009 1.028348464e-008 1.275000000e+000 9.000000000e+001 3.507963715e-001 3.447254642e-001 3.044781643e-001 0.000000000e+000 0.000000000e+000 -3.316151790e-009 3.100000000e+000 3.100000000e+000 3.316151963e-009 
d 1.000000000e+000 1.300000000e+000 1.048512159e-008 3.550349622e-009 3.550349622e-009 1.048512159e-008 1.300000000e+000 9.000000000e+001 3.515892733e-001 3.391439615e-001 3.092667652e-001 0.000000000e+000 0.000000000e+000 -3.326107873e-009 3.100000000e+000 3.100000000e+000 3.326107657e-009 
d 1.000000000e+000 1.330000000e+000 1.072708593e-008 3.535167550e-009 3.535167550e-009 1.072708593e-008 1.330000000e+000 9.000000000e+001 3.528616575e-001 3.300794103e-001 3.170589322e-001 0.000000000e+000 0.000000000e+000 -3.311862338e-009 3.100000000e+000 3.100000000e+000 3.311862210e-009 
d 1.000000000e+000 1.350000000e+000 1.088839550e-008 3.518278400e-009 3.518278400e-009 1.088839550e-008 1.350000000e+000 9.000000000e+001 3.538576646e-001 3.236604771e-001 3.224818582e-001 0.000000000e+000 0.000000000e+000 -3.296022490e-009 3.100000000e+000 3.100000000e+000 3.296022974e-009 
d 1.000000000e+000 1.375000000e+000 1.109003245e-008 3.517856067e-009 3.517856067e-009 1.109003245e-008 1.375000000e+000 9.000000000e+001 3.548102860e-001 3.177606796e-001 3.274290344e-001 0.000000000e+000 0.000000000e+000 -3.295614375e-009 3.100000000e+000 3.100000000e+000 3.295614085e-009 
d 1.000000000e+000 1.400000000e+000 1.129166940e-008 3.527917324e-009 3.527917324e-009 1.129166940e-008 1.400000000e+000 9.000000000e+001 3.556084967e-001 3.130009825e-001 3.313905209e-001 0.000000000e+000 0.000000000e+000 -3.305032570e-009 3.100000000e+000 3.100000000e+000 3.305032586e-009 
d 1.000000000e+000 1.425000000e+000 1.149330636e-008 3.525170811e-009 3.525170811e-009 1.149330636e-008 1.425000000e+000 9.000000000e+001 3.565937322e-001 3.072973463e-001 3.361089215e-001 0.000000000e+000 0.000000000e+000 -3.302446797e-009 3.100000000e+000 3.100000000e+000 3.302446359e-009 
d 1.000000000e+000 1.450000000e+000 1.169494331e-008 3.512540762e-009 3.512540762e-009 1.169494331e-008 1.450000000e+000 9.000000000e+001 3.577258199e-001 3.009474866e-001 3.413266935e-001 0.000000000e+000 0.000000000e+000 -3.290597830e-009 3.100000000e+000 3.100000000e+000 3.290597938e-009 
d 1.000000000e+000 1.475000000e+000 1.189658026e-008 3.427785213e-009 3.427785213e-009 1.189658026e-008 1.475000000e+000 9.000000000e+001 3.599822339e-001 2.887510890e-001 3.512666772e-001 0.000000000e+000 0.000000000e+000 -3.211148402e-009 3.100000000e+000 3.100000000e+000 3.211148753e-009 
d 1.000000000e+000 1.500000000e+000 1.209821722e-008 3.400591459e-009 3.400591459e-009 1.209821722e-008 1.500000000e+000 9.000000000e+001 3.613410002e-001 2.817077434e-001 3.569512564e-001 0.000000000e+000 0.000000000e+000 -3.185650149e-009 3.100000000e+000 3.100000000e+000 3.185650350e-009 
d 1.000000000e+000 1.510000000e+000 1.217887200e-008 3.342729472e-009 3.342729472e-009 1.217887200e-008 1.510000000e+000 9.000000000e+001 3.626619107e-001 2.751102971e-001 3.622277922e-001 0.000000000e+000 0.000000000e+000 -3.131413994e-009 3.100000000e+000 3.100000000e+000 3.131414093e-009 
d 1.000000000e+000 1.525000000e+000 1.229985417e-008 3.305391992e-009 3.305391992e-009 1.229985417e-008 1.525000000e+000 9.000000000e+001 3.640613934e-001 2.688759464e-001 3.670626602e-001 0.000000000e+000 0.000000000e+000 -3.096412067e-009 3.100000000e+000 3.100000000e+000 3.096412418e-009 
d 1.000000000e+000 1.540000000e+000 1.242083634e-008 3.263894782e-009 3.263894782e-009 1.242083634e-008 1.540000000e+000 9.000000000e+001 3.653225252e-001 2.629180395e-001 3.717594354e-001 0.000000000e+000 0.000000000e+000 -3.057512349e-009 3.100000000e+000 3.100000000e+000 3.057512246e-009 
d 1.000000000e+000 1.550000000e+000 1.250149113e-008 3.257562302e-009 3.257562302e-009 1.250149113e-008 1.550000000e+000 9.000000000e+001 3.657988772e-001 2.607164072e-001 3.734847155e-001 0.000000000e+000 0.000000000e+000 -3.051573346e-009 3.100000000e+000 3.100000000e+000 3.051573570e-009 
d 1.000000000e+000 1.575000000e+000 1.270312808e-008 3.063989392e-009 3.063989392e-009 1.270312808e-008 1.575000000e+000 9.000000000e+001 3.701145548e-001 2.413446272e-001 3.885408180e-001 0.000000000e+000 0.000000000e+000 -2.870134960e-009 3.100000000e+000 3.100000000e+000 2.870135138e-009 
d 1.000000000e+000 1.600000000e+000 1.290476503e-008 2.911501785e-009 2.911501785e-009 1.290476503e-008 1.600000000e+000 9.000000000e+001 3.737776797e-001 2.257623080e-001 4.004600123e-001 0.000000000e+000 0.000000000e+000 -2.727205059e-009 3.100000000e+000 3.100000000e+000 2.727205354e-009 
d 1.000000000e+000 1.610000000e+000 1.298541981e-008 2.751837379e-009 2.751837379e-009 1.298541981e-008 1.610000000e+000 9.000000000e+001 3.771330781e-001 2.120684753e-001 4.107984466e-001 0.000000000e+000 0.000000000e+000 -2.577553807e-009 3.100000000e+000 3.100000000e+000 2.577553619e-009 
d 1.000000000e+000 1.625000000e+000 1.310640199e-008 2.487573276e-009 2.487573276e-009 1.310640199e-008 1.625000000e+000 9.000000000e+001 3.828000215e-001 1.899561233e-001 4.272438552e-001 0.000000000e+000 0.000000000e+000 -2.329863546e-009 3.100000000e+000 3.100000000e+000 2.329863590e-009 
d 1.000000000e+000 1.640000000e+000 1.322738416e-008 2.190610341e-009 2.190610341e-009 1.322738416e-008 1.640000000e+000 9.000000000e+001 3.893222749e-001 1.657798505e-001 4.448978746e-001 0.000000000e+000 0.000000000e+000 -2.051526366e-009 3.100000000e+000 3.100000000e+000 2.051526398e-009 
d 1.000000000e+000 1.650000000e+000 1.330803894e-008 1.972616117e-009 1.972616117e-009 1.330803894e-008 1.650000000e+000 9.000000000e+001 3.942044898e-001 1.484051444e-001 4.573903658e-001 0.000000000e+000 0.000000000e+000 -1.847205669e-009 3.100000000e+000 3.100000000e+000 1.847205873e-009 
d 1.000000000e+000 1.660000000e+000 1.338869372e-008 1.737150192e-009 1.737150192e-009 1.338869372e-008 1.660000000e+000 9.000000000e+001 3.995601401e-001 1.299379325e-001 4.705019274e-001 0.000000000e+000 0.000000000e+000 -1.626509831e-009 3.100000000e+000 3.100000000e+000 1.626509712e-009 
d 1.000000000e+000 1.670000000e+000 1.346934850e-008 1.482822534e-009 1.482822534e-009 1.346934850e-008 1.670000000e+000 9.000000000e+001 4.054332133e-001 1.102955821e-001 4.842712046e-001 0.000000000e+000 0.000000000e+000 -1.388136248e-009 3.100000000e+000 3.100000000e+000 1.388136193e-009 
d 1.000000000e+000 1.680000000e+000 1.355000328e-008 1.208099629e-009 1.208099629e-009 1.355000328e-008 1.680000000e+000 9.000000000e+001 4.118721143e-001 8.938710718e-002 4.987407785e-001 0.000000000e+000 0.000000000e+000 -1.130647675e-009 3.100000000e+000 3.100000000e+000 1.130647405e-009 
d 1.000000000e+000 1.690000000e+000 1.363065807e-008 9.112858460e-010 9.112858460e-010 1.363065807e-008 1.690000000e+000 9.000000000e+001 4.189302105e-001 6.711211990e-002 5.139576696e-001 0.000000000e+000 0.000000000e+000 -8.524550316e-010 3.100000000e+000 3.100000000e+000 8.524547480e-010 
d 1.000000000e+000 1.700000000e+000 1.371131285e-008 5.905020249e-010 5.905020249e-010 1.371131285e-008 1.700000000e+000 9.000000000e+001 4.266664584e-001 4.335963474e-002 5.299739068e-001 0.000000000e+000 0.000000000e+000 -5.517973230e-010 3.100000000e+000 3.100000000e+000 5.517973018e-010 
d 1.000000000e+000 1.710000000e+000 1.379196763e-008 5.379804439e-010 5.379804439e-010 1.379196763e-008 1.710000000e+000 9.000000000e+001 4.280071039e-001 3.930657389e-002 5.326863222e-001 0.000000000e+000 0.000000000e+000 -5.025707136e-010 3.100000000e+000 3.100000000e+000 5.025708089e-010 
d 1.000000000e+000 1.720000000e+000 1.387262241e-008 4.847494099e-010 4.847494099e-010 1.387262241e-008 1.720000000e+000 9.000000000e+001 4.293547759e-001 3.524980753e-002 5.353954165e-001 0.000000000e+000 0.000000000e+000 -4.526791384e-010 3.100000000e+000 3.100000000e+000 4.526789024e-010 
d 1.000000000e+000 1.730000000e+000 1.395327719e-008 4.308094972e-010 4.308094972e-010 1.395327719e-008 1.730000000e+000 9.000000000e+001 4.307093818e-001 3.118944919e-002 5.381011690e-001 0.000000000e+000 0.000000000e+000 -4.021233735e-010 3.100000000e+000 3.100000000e+000 4.021233255e-010 
d 1.000000000e+000 1.740000000e+000 1.403393197e-008 3.761612884e-010 3.761612884e-010 1.403393197e-008 1.740000000e+000 9.000000000e+001 4.320708299e-001 2.712561044e-002 5.408035597e-001 0.000000000e+000 0.000000000e+000 -3.509038601e-010 3.100000000e+000 3.100000000e+000 3.509034112e-010 
d 1.000000000e+000 1.750000000e+000 1.411458675e-008 3.208053736e-010 3.208053736e-010 1.411458675e-008 1.750000000e+000 9.000000000e+001 4.334390292e-001 2.305840093e-002 5.435025699e-001 0.000000000e+000 0.000000000e+000 -2.990212047e-010 3.100000000e+000 3.100000000e+000 2.990210972e-010 
d 1.000000000e+000 1.760000000e+000 1.419524154e-008 2.647423507e-010 2.647423507e-010 1.419524154e-008 1.760000000e+000 9.000000000e+001 4.348138896e-001 1.898792847e-002 5.461981819e-001 0.000000000e+000 0.000000000e+000 -2.464759059e-010 3.100000000e+000 3.100000000e+000 2.464757500e-010 
d 1.000000000e+000 1.770000000e+000 1.427589632e-008 2.079728252e-010 2.079728252e-010 1.427589632e-008 1.770000000e+000 9.000000000e+001 4.361953221e-001 1.491429901e-002 5.488903789e-001 0.000000000e+000 0.000000000e+000 -1.932685689e-010 3.100000000e+000 3.100000000e+000 1.932686463e-010 
d 1.000000000e+000 1.780000000e+000 1.435655110e-008 1.504974101e-010 1.504974101e-010 1.435655110e-008 1.780000000e+000 9.000000000e+001 4.375832383e-001 1.083761674e-002 5.515791450e-001 0.000000000e+000 0.000000000e+000 -1.393997379e-010 3.100000000e+000 3.100000000e+000 1.393990550e-010 
d 1.000000000e+000 1.790000000e+000 1.443720588e-008 9.231672590e-011 9.231672590e-011 1.443720588e-008 1.790000000e+000 9.000000000e+001 4.389775508e-001 6.757984108e-003 5.542644651e-001 0.000000000e+000 0.000000000e+000 -8.487002986e-011 3.100000000e+000 3.100000000e+000 8.486973060e-011 
d 1.000000000e+000 1.800000000e+000 1.451786066e-008 3.343140043e-011 3.343140043e-011 1.451786066e-008 1.800000000e+000 9.000000000e+001 4.403781729e-001 2.675501876e-003 5.569463252e-001 0.000000000e+000 0.000000000e+000 -2.968006691e-011 3.100000000e+000 3.100000000e+000 2.967964556e-011 
d 1.000000000e+000 1.825000000e+000 1.471949761e-008 2.564732036e-011 2.564732036e-011 1.471949761e-008 1.825000000e+000 9.000000000e+001 4.405704024e-001 2.116395649e-003 5.573132020e-001 0.000000000e+000 0.000000000e+000 -2.238441294e-011 3.100000000e+000 3.100000000e+000 2.238496974e-011 
d 1.000000000e+000 1.850000000e+000 1.492113457e-008 1.785024714e-011 1.785024714e-011 1.492113457e-008 1.850000000e+000 9.000000000e+001 4.407578283e-001 1.571536202e-003 5.576706355e-001 0.000000000e+000 0.000000000e+000 -1.507665586e-011 3.100000000e+000 3.100000000e+000 1.507704009e-011 
d 1.000000000e+000 1.875000000e+000 1.512277152e-008 1.004067430e-011 1.004067430e-011 1.512277152e-008 1.875000000e+000 9.000000000e+001 4.409406284e-001 1.040386070e-003 5.580189855e-001 0.000000000e+000 0.000000000e+000 -7.757128226e-012 3.100000000e+000 3.100000000e+000 7.757573952e-012 
d 1.000000000e+000 1.900000000e+000 1.532440848e-008 2.219070706e-012 2.219070706e-012 1.532440848e-008 1.900000000e+000 9.000000000e+001 4.411189714e-001 5.224344796e-004 5.583585941e-001 0.000000000e+000 0.000000000e+000 -4.276370257e-013 3.100000000e+000 3.100000000e+000 4.283485310e-013 
d 1.000000000e+000 1.925000000e+000 1.552604543e-008 2.219074464e-012 2.219074464e-012 1.552604543e-008 1.925000000e+000 9.000000000e+001 4.411196160e-001 5.205583623e-004 5.583598257e-001 0.000000000e+000 0.000000000e+000 -4.258353091e-013 3.100000000e+000 3.100000000e+000 4.256373088e-013 
d 1.000000000e+000 1.950000000e+000 1.572768238e-008 2.219078126e-012 2.219078126e-012 1.572768238e-008 1.950000000e+000 9.000000000e+001 4.411202440e-001 5.187303444e-004 5.583610257e-001 0.000000000e+000 0.000000000e+000 -4.264113705e-013 3.100000000e+000 3.100000000e+000 4.256498036e-013 
d 1.000000000e+000 1.975000000e+000 1.592931934e-008 2.219081695e-012 2.219081695e-012 1.592931934e-008 1.975000000e+000 9.000000000e+001 4.411208561e-001 5.169485998e-004 5.583621953e-001 0.000000000e+000 0.000000000e+000 -4.262026164e-013 3.100000000e+000 3.100000000e+000 4.256457347e-013 
d 1.000000000e+000 2.000000000e+000 1.613095629e-008 2.219085175e-012 2.219085175e-012 1.613095629e-008 2.000000000e+000 9.000000000e+001 4.411214529e-001 5.152113932e-004 5.583633357e-001 0.000000000e+000 0.000000000e+000 -4.269813200e-013 3.100000000e+000 3.100000000e+000 4.256706379e-013 
