v ATLAS
# This file was created by ATLAS version 5.28.1.R on Fri Feb 12 22:52:55 2021.
#SSF 2.0 generic
##############################################################################
#                    Copyright (c) 1984 - 2019                               #
#                    Silvaco Inc. All rights reserved                        #
#                                                                            #
# This file format and the following Key are copyright Silvaco Inc.          #
# You may not use, this format or key without reproducing this message in    #
# full and obtaining express written permission from Silvaco Inc.            #
#                                                                            #
# To obtain such permission please contact: Silvaco Inc.                     #
#                                           support@silvaco.com              #
#                                                                            #
# KEY=SVC86hn7562asdx                       PROD=345                         #
##############################################################################
y 1 15
z 300
f 2 "anode" "cathode" 
p 17 91 4000 4010 4020 85 86 87 308 354 355 356 2 601 20 3 602 21 
d 1.000000000e+000 1.000000000e-001 9.678573774e-009 0.000000000e+000 0.000000000e+000 9.678573774e-009 1.000000000e-001 9.000000000e+001 0.000000000e+000 0.000000000e+000 1.000000000e+000 0.000000000e+000 0.000000000e+000 -4.435315669e-014 2.000000000e+000 2.000000000e+000 4.439958319e-014 
d 1.000000000e+000 1.250000000e-001 1.209821722e-008 0.000000000e+000 0.000000000e+000 1.209821722e-008 1.250000000e-001 9.000000000e+001 0.000000000e+000 0.000000000e+000 1.000000000e+000 0.000000000e+000 0.000000000e+000 -4.435315669e-014 2.000000000e+000 2.000000000e+000 4.439958319e-014 
d 1.000000000e+000 1.500000000e-001 1.451786066e-008 0.000000000e+000 0.000000000e+000 1.451786066e-008 1.500000000e-001 9.000000000e+001 0.000000000e+000 0.000000000e+000 1.000000000e+000 0.000000000e+000 0.000000000e+000 -4.435315669e-014 2.000000000e+000 2.000000000e+000 4.439958319e-014 
d 1.000000000e+000 1.750000000e-001 1.693750410e-008 0.000000000e+000 0.000000000e+000 1.693750410e-008 1.750000000e-001 9.000000000e+001 0.000000000e+000 0.000000000e+000 1.000000000e+000 0.000000000e+000 0.000000000e+000 -4.435315669e-014 2.000000000e+000 2.000000000e+000 4.439958319e-014 
d 1.000000000e+000 2.000000000e-001 1.935714755e-008 0.000000000e+000 0.000000000e+000 1.935714755e-008 2.000000000e-001 9.000000000e+001 0.000000000e+000 0.000000000e+000 1.000000000e+000 0.000000000e+000 0.000000000e+000 -4.435315669e-014 2.000000000e+000 2.000000000e+000 4.439958319e-014 
d 1.000000000e+000 2.500000000e-001 2.419643444e-008 0.000000000e+000 0.000000000e+000 2.419643444e-008 2.500000000e-001 9.000000000e+001 0.000000000e+000 0.000000000e+000 1.000000000e+000 0.000000000e+000 0.000000000e+000 -4.435315669e-014 2.000000000e+000 2.000000000e+000 4.439958319e-014 
d 1.000000000e+000 2.750000000e-001 2.661607788e-008 0.000000000e+000 0.000000000e+000 2.661607788e-008 2.750000000e-001 9.000000000e+001 0.000000000e+000 0.000000000e+000 1.000000000e+000 0.000000000e+000 0.000000000e+000 -4.435315669e-014 2.000000000e+000 2.000000000e+000 4.439958319e-014 
d 1.000000000e+000 3.000000000e-001 2.903572132e-008 0.000000000e+000 0.000000000e+000 2.903572132e-008 3.000000000e-001 9.000000000e+001 0.000000000e+000 0.000000000e+000 1.000000000e+000 0.000000000e+000 0.000000000e+000 -4.435315669e-014 2.000000000e+000 2.000000000e+000 4.439958319e-014 
d 1.000000000e+000 3.250000000e-001 3.145536477e-008 0.000000000e+000 0.000000000e+000 3.145536477e-008 3.250000000e-001 9.000000000e+001 0.000000000e+000 0.000000000e+000 1.000000000e+000 0.000000000e+000 0.000000000e+000 -4.435315669e-014 2.000000000e+000 2.000000000e+000 4.439958319e-014 
d 1.000000000e+000 3.500000000e-001 3.387500821e-008 0.000000000e+000 0.000000000e+000 3.387500821e-008 3.500000000e-001 9.000000000e+001 0.000000000e+000 0.000000000e+000 1.000000000e+000 0.000000000e+000 0.000000000e+000 -4.435315669e-014 2.000000000e+000 2.000000000e+000 4.439958319e-014 
d 1.000000000e+000 3.750000000e-001 3.629465165e-008 0.000000000e+000 0.000000000e+000 3.629465165e-008 3.750000000e-001 9.000000000e+001 0.000000000e+000 0.000000000e+000 1.000000000e+000 0.000000000e+000 0.000000000e+000 -4.435315669e-014 2.000000000e+000 2.000000000e+000 4.439958319e-014 
d 1.000000000e+000 4.000000000e-001 3.871429510e-008 0.000000000e+000 0.000000000e+000 3.871429510e-008 4.000000000e-001 9.000000000e+001 0.000000000e+000 0.000000000e+000 1.000000000e+000 0.000000000e+000 0.000000000e+000 -4.435315669e-014 2.000000000e+000 2.000000000e+000 4.439958319e-014 
d 1.000000000e+000 4.250000000e-001 4.113393854e-008 0.000000000e+000 0.000000000e+000 4.113393854e-008 4.250000000e-001 9.000000000e+001 0.000000000e+000 0.000000000e+000 1.000000000e+000 0.000000000e+000 0.000000000e+000 -4.435315669e-014 2.000000000e+000 2.000000000e+000 4.439958319e-014 
d 1.000000000e+000 4.500000000e-001 4.355358198e-008 0.000000000e+000 0.000000000e+000 4.355358198e-008 4.500000000e-001 9.000000000e+001 0.000000000e+000 0.000000000e+000 1.000000000e+000 0.000000000e+000 0.000000000e+000 -4.435315669e-014 2.000000000e+000 2.000000000e+000 4.439958319e-014 
d 1.000000000e+000 4.750000000e-001 4.597322543e-008 0.000000000e+000 0.000000000e+000 4.597322543e-008 4.750000000e-001 9.000000000e+001 0.000000000e+000 0.000000000e+000 1.000000000e+000 0.000000000e+000 0.000000000e+000 -4.435315669e-014 2.000000000e+000 2.000000000e+000 4.439958319e-014 
d 1.000000000e+000 5.000000000e-001 4.839286887e-008 0.000000000e+000 0.000000000e+000 4.839286887e-008 5.000000000e-001 9.000000000e+001 0.000000000e+000 0.000000000e+000 1.000000000e+000 0.000000000e+000 0.000000000e+000 -4.435315669e-014 2.000000000e+000 2.000000000e+000 4.439958319e-014 
d 1.000000000e+000 5.250000000e-001 5.081251231e-008 0.000000000e+000 0.000000000e+000 5.081251231e-008 5.250000000e-001 9.000000000e+001 0.000000000e+000 0.000000000e+000 1.000000000e+000 0.000000000e+000 0.000000000e+000 -4.435315669e-014 2.000000000e+000 2.000000000e+000 4.439958319e-014 
d 1.000000000e+000 5.500000000e-001 5.323215576e-008 0.000000000e+000 0.000000000e+000 5.323215576e-008 5.500000000e-001 9.000000000e+001 0.000000000e+000 0.000000000e+000 1.000000000e+000 0.000000000e+000 0.000000000e+000 -4.435315669e-014 2.000000000e+000 2.000000000e+000 4.439958319e-014 
d 1.000000000e+000 5.750000000e-001 5.565179920e-008 0.000000000e+000 0.000000000e+000 5.565179920e-008 5.750000000e-001 9.000000000e+001 0.000000000e+000 0.000000000e+000 1.000000000e+000 0.000000000e+000 0.000000000e+000 -4.435315669e-014 2.000000000e+000 2.000000000e+000 4.439958319e-014 
d 1.000000000e+000 6.000000000e-001 5.807144265e-008 0.000000000e+000 0.000000000e+000 5.807144265e-008 6.000000000e-001 9.000000000e+001 0.000000000e+000 0.000000000e+000 1.000000000e+000 0.000000000e+000 0.000000000e+000 -4.435315669e-014 2.000000000e+000 2.000000000e+000 4.439958319e-014 
d 1.000000000e+000 6.250000000e-001 6.049108609e-008 0.000000000e+000 0.000000000e+000 6.049108609e-008 6.250000000e-001 9.000000000e+001 0.000000000e+000 0.000000000e+000 1.000000000e+000 0.000000000e+000 0.000000000e+000 -4.435315669e-014 2.000000000e+000 2.000000000e+000 4.439958319e-014 
d 1.000000000e+000 6.500000000e-001 6.291072953e-008 0.000000000e+000 0.000000000e+000 6.291072953e-008 6.500000000e-001 9.000000000e+001 0.000000000e+000 0.000000000e+000 1.000000000e+000 0.000000000e+000 0.000000000e+000 -4.435315669e-014 2.000000000e+000 2.000000000e+000 4.439958319e-014 
d 1.000000000e+000 6.750000000e-001 6.533037298e-008 0.000000000e+000 0.000000000e+000 6.533037298e-008 6.750000000e-001 9.000000000e+001 0.000000000e+000 0.000000000e+000 1.000000000e+000 0.000000000e+000 0.000000000e+000 -4.435315669e-014 2.000000000e+000 2.000000000e+000 4.439958319e-014 
d 1.000000000e+000 7.000000000e-001 6.775001642e-008 0.000000000e+000 0.000000000e+000 6.775001642e-008 7.000000000e-001 9.000000000e+001 0.000000000e+000 0.000000000e+000 1.000000000e+000 0.000000000e+000 0.000000000e+000 -4.435315669e-014 2.000000000e+000 2.000000000e+000 4.439958319e-014 
d 1.000000000e+000 7.250000000e-001 7.016965986e-008 0.000000000e+000 0.000000000e+000 7.016965986e-008 7.250000000e-001 9.000000000e+001 0.000000000e+000 0.000000000e+000 1.000000000e+000 0.000000000e+000 0.000000000e+000 -4.435315669e-014 2.000000000e+000 2.000000000e+000 4.439958319e-014 
d 1.000000000e+000 7.500000000e-001 7.258930331e-008 0.000000000e+000 0.000000000e+000 7.258930331e-008 7.500000000e-001 9.000000000e+001 0.000000000e+000 0.000000000e+000 1.000000000e+000 0.000000000e+000 0.000000000e+000 -4.435315669e-014 2.000000000e+000 2.000000000e+000 4.439958319e-014 
d 1.000000000e+000 7.750000000e-001 7.500894675e-008 0.000000000e+000 0.000000000e+000 7.500894675e-008 7.750000000e-001 9.000000000e+001 0.000000000e+000 0.000000000e+000 1.000000000e+000 0.000000000e+000 0.000000000e+000 -4.435315669e-014 2.000000000e+000 2.000000000e+000 4.439958319e-014 
d 1.000000000e+000 8.000000000e-001 7.742859019e-008 0.000000000e+000 0.000000000e+000 7.742859019e-008 8.000000000e-001 9.000000000e+001 0.000000000e+000 0.000000000e+000 1.000000000e+000 0.000000000e+000 0.000000000e+000 -4.435315669e-014 2.000000000e+000 2.000000000e+000 4.439958319e-014 
d 1.000000000e+000 8.100000000e-001 7.839644757e-008 0.000000000e+000 0.000000000e+000 7.839644757e-008 8.100000000e-001 9.000000000e+001 0.000000000e+000 0.000000000e+000 1.000000000e+000 0.000000000e+000 0.000000000e+000 -4.435315669e-014 2.000000000e+000 2.000000000e+000 4.439958319e-014 
d 1.000000000e+000 8.250000000e-001 7.984823364e-008 0.000000000e+000 0.000000000e+000 7.984823364e-008 8.250000000e-001 9.000000000e+001 0.000000000e+000 0.000000000e+000 1.000000000e+000 0.000000000e+000 0.000000000e+000 -4.435315669e-014 2.000000000e+000 2.000000000e+000 4.439958319e-014 
d 1.000000000e+000 8.500000000e-001 8.226787708e-008 0.000000000e+000 0.000000000e+000 8.226787708e-008 8.500000000e-001 9.000000000e+001 0.000000000e+000 0.000000000e+000 1.000000000e+000 0.000000000e+000 0.000000000e+000 -4.435315669e-014 2.000000000e+000 2.000000000e+000 4.439958319e-014 
d 1.000000000e+000 8.750000000e-001 8.468752052e-008 0.000000000e+000 0.000000000e+000 8.468752052e-008 8.750000000e-001 9.000000000e+001 0.000000000e+000 0.000000000e+000 1.000000000e+000 0.000000000e+000 0.000000000e+000 -4.435315669e-014 2.000000000e+000 2.000000000e+000 4.439958319e-014 
d 1.000000000e+000 9.000000000e-001 8.710716397e-008 0.000000000e+000 0.000000000e+000 8.710716397e-008 9.000000000e-001 9.000000000e+001 0.000000000e+000 0.000000000e+000 1.000000000e+000 0.000000000e+000 0.000000000e+000 -4.435315669e-014 2.000000000e+000 2.000000000e+000 4.439958319e-014 
d 1.000000000e+000 1.050000000e+000 1.016250246e-007 0.000000000e+000 0.000000000e+000 1.016250246e-007 1.050000000e+000 9.000000000e+001 0.000000000e+000 0.000000000e+000 1.000000000e+000 0.000000000e+000 0.000000000e+000 -4.435315669e-014 2.000000000e+000 2.000000000e+000 4.439958319e-014 
d 1.000000000e+000 1.075000000e+000 1.040446681e-007 0.000000000e+000 0.000000000e+000 1.040446681e-007 1.075000000e+000 9.000000000e+001 0.000000000e+000 0.000000000e+000 1.000000000e+000 0.000000000e+000 0.000000000e+000 -4.435315669e-014 2.000000000e+000 2.000000000e+000 4.439958319e-014 
d 1.000000000e+000 1.100000000e+000 1.064643115e-007 0.000000000e+000 0.000000000e+000 1.064643115e-007 1.100000000e+000 9.000000000e+001 0.000000000e+000 0.000000000e+000 1.000000000e+000 0.000000000e+000 0.000000000e+000 -4.435315669e-014 2.000000000e+000 2.000000000e+000 4.439958319e-014 
d 1.000000000e+000 1.125000000e+000 1.088839550e-007 0.000000000e+000 0.000000000e+000 1.088839550e-007 1.125000000e+000 9.000000000e+001 0.000000000e+000 0.000000000e+000 1.000000000e+000 0.000000000e+000 0.000000000e+000 -4.435315669e-014 2.000000000e+000 2.000000000e+000 4.439958319e-014 
d 1.000000000e+000 1.150000000e+000 1.113035984e-007 0.000000000e+000 0.000000000e+000 1.113035984e-007 1.150000000e+000 9.000000000e+001 0.000000000e+000 0.000000000e+000 1.000000000e+000 0.000000000e+000 0.000000000e+000 -4.435315669e-014 2.000000000e+000 2.000000000e+000 4.439958319e-014 
d 1.000000000e+000 1.175000000e+000 1.137232418e-007 0.000000000e+000 0.000000000e+000 1.137232418e-007 1.175000000e+000 9.000000000e+001 0.000000000e+000 0.000000000e+000 1.000000000e+000 0.000000000e+000 0.000000000e+000 -4.435315669e-014 2.000000000e+000 2.000000000e+000 4.439958319e-014 
d 1.000000000e+000 1.200000000e+000 1.161428853e-007 0.000000000e+000 0.000000000e+000 1.161428853e-007 1.200000000e+000 9.000000000e+001 0.000000000e+000 0.000000000e+000 1.000000000e+000 0.000000000e+000 0.000000000e+000 -4.435315669e-014 2.000000000e+000 2.000000000e+000 4.439958319e-014 
d 1.000000000e+000 1.225000000e+000 1.185625287e-007 0.000000000e+000 0.000000000e+000 1.185625287e-007 1.225000000e+000 9.000000000e+001 0.000000000e+000 0.000000000e+000 1.000000000e+000 0.000000000e+000 0.000000000e+000 -4.435315669e-014 2.000000000e+000 2.000000000e+000 4.439958319e-014 
d 1.000000000e+000 1.250000000e+000 1.209821722e-007 0.000000000e+000 0.000000000e+000 1.209821722e-007 1.250000000e+000 9.000000000e+001 0.000000000e+000 0.000000000e+000 1.000000000e+000 0.000000000e+000 0.000000000e+000 -4.435315669e-014 2.000000000e+000 2.000000000e+000 4.439958319e-014 
d 1.000000000e+000 1.275000000e+000 1.234018156e-007 0.000000000e+000 0.000000000e+000 1.234018156e-007 1.275000000e+000 9.000000000e+001 0.000000000e+000 0.000000000e+000 1.000000000e+000 0.000000000e+000 0.000000000e+000 -4.435315669e-014 2.000000000e+000 2.000000000e+000 4.439958319e-014 
d 1.000000000e+000 1.300000000e+000 1.258214591e-007 0.000000000e+000 0.000000000e+000 1.258214591e-007 1.300000000e+000 9.000000000e+001 0.000000000e+000 0.000000000e+000 1.000000000e+000 0.000000000e+000 0.000000000e+000 -4.435315669e-014 2.000000000e+000 2.000000000e+000 4.439958319e-014 
d 1.000000000e+000 1.330000000e+000 1.287250312e-007 0.000000000e+000 0.000000000e+000 1.287250312e-007 1.330000000e+000 9.000000000e+001 0.000000000e+000 0.000000000e+000 1.000000000e+000 0.000000000e+000 0.000000000e+000 -4.435315669e-014 2.000000000e+000 2.000000000e+000 4.439958319e-014 
d 1.000000000e+000 1.350000000e+000 1.306607460e-007 0.000000000e+000 0.000000000e+000 1.306607460e-007 1.350000000e+000 9.000000000e+001 0.000000000e+000 0.000000000e+000 1.000000000e+000 0.000000000e+000 0.000000000e+000 -4.435315669e-014 2.000000000e+000 2.000000000e+000 4.439958319e-014 
d 1.000000000e+000 1.375000000e+000 1.330803894e-007 0.000000000e+000 0.000000000e+000 1.330803894e-007 1.375000000e+000 9.000000000e+001 0.000000000e+000 0.000000000e+000 1.000000000e+000 0.000000000e+000 0.000000000e+000 -4.435315669e-014 2.000000000e+000 2.000000000e+000 4.439958319e-014 
d 1.000000000e+000 1.400000000e+000 1.355000328e-007 0.000000000e+000 0.000000000e+000 1.355000328e-007 1.400000000e+000 9.000000000e+001 0.000000000e+000 0.000000000e+000 1.000000000e+000 0.000000000e+000 0.000000000e+000 -4.435315669e-014 2.000000000e+000 2.000000000e+000 4.439958319e-014 
d 1.000000000e+000 1.425000000e+000 1.379196763e-007 0.000000000e+000 0.000000000e+000 1.379196763e-007 1.425000000e+000 9.000000000e+001 0.000000000e+000 0.000000000e+000 1.000000000e+000 0.000000000e+000 0.000000000e+000 -4.435315669e-014 2.000000000e+000 2.000000000e+000 4.439958319e-014 
d 1.000000000e+000 1.450000000e+000 1.403393197e-007 0.000000000e+000 0.000000000e+000 1.403393197e-007 1.450000000e+000 9.000000000e+001 0.000000000e+000 0.000000000e+000 1.000000000e+000 0.000000000e+000 0.000000000e+000 -4.435315669e-014 2.000000000e+000 2.000000000e+000 4.439958319e-014 
d 1.000000000e+000 1.475000000e+000 1.427589632e-007 0.000000000e+000 0.000000000e+000 1.427589632e-007 1.475000000e+000 9.000000000e+001 0.000000000e+000 0.000000000e+000 1.000000000e+000 0.000000000e+000 0.000000000e+000 -4.435315669e-014 2.000000000e+000 2.000000000e+000 4.439958319e-014 
d 1.000000000e+000 1.500000000e+000 1.451786066e-007 0.000000000e+000 0.000000000e+000 1.451786066e-007 1.500000000e+000 9.000000000e+001 0.000000000e+000 0.000000000e+000 1.000000000e+000 0.000000000e+000 0.000000000e+000 -4.435315669e-014 2.000000000e+000 2.000000000e+000 4.439958319e-014 
d 1.000000000e+000 1.510000000e+000 1.461464640e-007 0.000000000e+000 0.000000000e+000 1.461464640e-007 1.510000000e+000 9.000000000e+001 0.000000000e+000 0.000000000e+000 1.000000000e+000 0.000000000e+000 0.000000000e+000 -4.435315669e-014 2.000000000e+000 2.000000000e+000 4.439958319e-014 
d 1.000000000e+000 1.525000000e+000 1.475982501e-007 0.000000000e+000 0.000000000e+000 1.475982501e-007 1.525000000e+000 9.000000000e+001 0.000000000e+000 0.000000000e+000 1.000000000e+000 0.000000000e+000 0.000000000e+000 -4.435315669e-014 2.000000000e+000 2.000000000e+000 4.439958319e-014 
d 1.000000000e+000 1.540000000e+000 1.490500361e-007 0.000000000e+000 0.000000000e+000 1.490500361e-007 1.540000000e+000 9.000000000e+001 0.000000000e+000 0.000000000e+000 1.000000000e+000 0.000000000e+000 0.000000000e+000 -4.435315669e-014 2.000000000e+000 2.000000000e+000 4.439958319e-014 
d 1.000000000e+000 1.550000000e+000 1.500178935e-007 0.000000000e+000 0.000000000e+000 1.500178935e-007 1.550000000e+000 9.000000000e+001 0.000000000e+000 0.000000000e+000 1.000000000e+000 0.000000000e+000 0.000000000e+000 -4.435315669e-014 2.000000000e+000 2.000000000e+000 4.439958319e-014 
d 1.000000000e+000 1.575000000e+000 1.524375369e-007 0.000000000e+000 0.000000000e+000 1.524375369e-007 1.575000000e+000 9.000000000e+001 0.000000000e+000 0.000000000e+000 1.000000000e+000 0.000000000e+000 0.000000000e+000 -4.435315669e-014 2.000000000e+000 2.000000000e+000 4.439958319e-014 
d 1.000000000e+000 1.600000000e+000 1.548571804e-007 0.000000000e+000 0.000000000e+000 1.548571804e-007 1.600000000e+000 9.000000000e+001 0.000000000e+000 0.000000000e+000 1.000000000e+000 0.000000000e+000 0.000000000e+000 -4.435315669e-014 2.000000000e+000 2.000000000e+000 4.439958319e-014 
