v ATLAS
# This file was created by ATLAS version 5.28.1.R on Fri Feb 12 22:42:06 2021.
#SSF 2.0 generic
##############################################################################
#                    Copyright (c) 1984 - 2019                               #
#                    Silvaco Inc. All rights reserved                        #
#                                                                            #
# This file format and the following Key are copyright Silvaco Inc.          #
# You may not use, this format or key without reproducing this message in    #
# full and obtaining express written permission from Silvaco Inc.            #
#                                                                            #
# To obtain such permission please contact: Silvaco Inc.                     #
#                                           support@silvaco.com              #
#                                                                            #
# KEY=SVC86hn7562asdx                       PROD=345                         #
##############################################################################
y 1 15
z 300
f 2 "anode" "cathode" 
p 6 2 601 20 3 602 21 
d 1.000000000e-002 1.000000000e-002 1.918297482e-014 0.000000000e+000 0.000000000e+000 -1.918763599e-014 
d 5.000000000e-002 5.000000000e-002 2.395130489e-013 0.000000000e+000 0.000000000e+000 -2.395140849e-013 
d 1.000000000e-001 1.000000000e-001 1.885965909e-012 0.000000000e+000 0.000000000e+000 -1.885971093e-012 
d 1.500000000e-001 1.500000000e-001 1.318973991e-011 0.000000000e+000 0.000000000e+000 -1.318974005e-011 
d 2.000000000e-001 2.000000000e-001 9.060845973e-011 0.000000000e+000 0.000000000e+000 -9.060845974e-011 
d 2.500000000e-001 2.500000000e-001 6.188636300e-010 0.000000000e+000 0.000000000e+000 -6.188636336e-010 
d 3.000000000e-001 3.000000000e-001 4.202022576e-009 0.000000000e+000 0.000000000e+000 -4.202022579e-009 
d 3.500000000e-001 3.500000000e-001 2.825863203e-008 0.000000000e+000 0.000000000e+000 -2.825863202e-008 
d 4.000000000e-001 4.000000000e-001 1.863878861e-007 0.000000000e+000 0.000000000e+000 -1.863878861e-007 
d 4.500000000e-001 4.500000000e-001 1.167221461e-006 0.000000000e+000 0.000000000e+000 -1.167221461e-006 
d 5.000000000e-001 5.000000000e-001 6.203418762e-006 0.000000000e+000 0.000000000e+000 -6.203418762e-006 
d 5.500000000e-001 5.500000000e-001 2.263016368e-005 0.000000000e+000 0.000000000e+000 -2.263016366e-005 
d 6.000000000e-001 6.000000000e-001 5.366169640e-005 0.000000000e+000 0.000000000e+000 -5.366169549e-005 
d 6.500000000e-001 6.500000000e-001 9.536291634e-005 0.000000000e+000 0.000000000e+000 -9.536291624e-005 
d 7.000000000e-001 7.000000000e-001 1.436679417e-004 0.000000000e+000 0.000000000e+000 -1.436679417e-004 
d 7.500000000e-001 7.500000000e-001 1.961245173e-004 0.000000000e+000 0.000000000e+000 -1.961245173e-004 
d 8.000000000e-001 8.000000000e-001 2.512345494e-004 0.000000000e+000 0.000000000e+000 -2.512345494e-004 
d 8.500000000e-001 8.500000000e-001 3.080398188e-004 0.000000000e+000 0.000000000e+000 -3.080398164e-004 
d 9.000000000e-001 9.000000000e-001 3.658898202e-004 0.000000000e+000 0.000000000e+000 -3.658898198e-004 
d 9.500000000e-001 9.500000000e-001 4.243265411e-004 0.000000000e+000 0.000000000e+000 -4.243265410e-004 
d 1.000000000e+000 1.000000000e+000 4.829797724e-004 0.000000000e+000 0.000000000e+000 -4.829797724e-004 
