v ATLAS
# This file was created by ATLAS version 5.18.3.R on Sat Mar 02 22:02:31 2013.
#SSF 2.0 generic
##############################################################################
#                    Copyright © 1984 - 2012                                 #
#                    Silvaco Inc. All rights reserved                        #
#                                                                            #
# This file format and the following Key are copyright Silvaco Inc.          #
# You may not use, this format or key without reproducing this message in    #
# full and obtaining express written permission from Silvaco Inc.            #
#                                                                            #
# To obtain such permission please contact: Silvaco Inc.                     #
#                                           support@silvaco.com              #
#                                                                            #
# KEY=SVC86hn7562asdx                       PROD=345                         #
##############################################################################
y 1 15
z 300
f 2 "anode" "cathode" 
Q 4000 13 "Wavelength Beam 1 "
Q 4010 13 "Source Photocurrent Beam 1 "
Q 4020 13 "Available Photocurrent Beam 1"
p 18 61 91 4000 4010 4020 85 86 87 308 354 355 356 2 601 20 3 602 21 
d 1.000000000e-012 9.990000000e+000 6.230000000e-001 5.019768092e-007 3.239025329e-007 3.239025329e-007 5.019768092e-007 6.230000000e-001 9.000000000e+001 3.502471590e-001 6.452539779e-001 4.498863100e-003 0.000000000e+000 0.000000000e+000 -3.140325274e-007 1.000000000e+000 1.000000000e+000 3.140325273e-007 
d 3.000000000e-012 9.970000000e+000 6.230000000e-001 5.009718506e-007 3.232540794e-007 3.232540794e-007 5.009718506e-007 6.230000000e-001 9.000000000e+001 3.502471590e-001 6.452539779e-001 4.498863100e-003 0.000000000e+000 0.000000000e+000 -3.140227178e-007 1.000000000e+000 1.000000000e+000 3.140227178e-007 
d 7.000000000e-012 9.930000000e+000 6.230000000e-001 4.989619334e-007 3.219571724e-007 3.219571724e-007 4.989619334e-007 6.230000000e-001 9.000000000e+001 3.502471590e-001 6.452539779e-001 4.498863100e-003 0.000000000e+000 0.000000000e+000 -3.139752354e-007 1.000000000e+000 1.000000000e+000 3.139752354e-007 
d 1.500000000e-011 9.850000000e+000 6.230000000e-001 4.949420991e-007 3.193633583e-007 3.193633583e-007 4.949420991e-007 6.230000000e-001 9.000000000e+001 3.502471590e-001 6.452539779e-001 4.498863100e-003 0.000000000e+000 0.000000000e+000 -3.137734845e-007 1.000000000e+000 1.000000000e+000 3.137734846e-007 
d 3.100000000e-011 9.690000000e+000 6.230000000e-001 4.869024305e-007 3.141757302e-007 3.141757302e-007 4.869024305e-007 6.230000000e-001 9.000000000e+001 3.502471590e-001 6.452539779e-001 4.498863100e-003 0.000000000e+000 0.000000000e+000 -3.129847594e-007 1.000000000e+000 1.000000000e+000 3.129847592e-007 
d 6.300000000e-011 9.370000000e+000 6.230000000e-001 4.708230933e-007 3.038004738e-007 3.038004738e-007 4.708230933e-007 6.230000000e-001 9.000000000e+001 3.502471590e-001 6.452539779e-001 4.498863100e-003 0.000000000e+000 0.000000000e+000 -3.101240863e-007 1.000000000e+000 1.000000000e+000 3.101240862e-007 
d 1.270000000e-010 8.730000000e+000 6.230000000e-001 4.386644188e-007 2.830499612e-007 2.830499612e-007 4.386644188e-007 6.230000000e-001 9.000000000e+001 3.502471590e-001 6.452539779e-001 4.498863100e-003 0.000000000e+000 0.000000000e+000 -3.005460235e-007 1.000000000e+000 1.000000000e+000 3.005460236e-007 
d 2.550000000e-010 7.450000000e+000 6.230000000e-001 3.743470699e-007 2.415489360e-007 2.415489360e-007 3.743470699e-007 6.230000000e-001 9.000000000e+001 3.502471590e-001 6.452539779e-001 4.498863100e-003 0.000000000e+000 0.000000000e+000 -2.719524432e-007 1.000000000e+000 1.000000000e+000 2.719524432e-007 
d 5.110000000e-010 4.890000000e+000 6.230000000e-001 2.457123721e-007 1.585468855e-007 1.585468855e-007 2.457123721e-007 6.230000000e-001 9.000000000e+001 3.502471590e-001 6.452539779e-001 4.498863100e-003 0.000000000e+000 0.000000000e+000 -1.993278643e-007 1.000000000e+000 1.000000000e+000 1.993278643e-007 
d 1.023000000e-009 0.000000000e+000 0.000000000e+000 0.000000000e+000 0.000000000e+000 0.000000000e+000 0.000000000e+000 0.000000000e+000 9.000000000e+001 3.502471590e-001 6.452539779e-001 4.498863100e-003 0.000000000e+000 0.000000000e+000 -4.574452046e-008 1.000000000e+000 1.000000000e+000 4.575506451e-008 
d 2.047000000e-009 0.000000000e+000 0.000000000e+000 0.000000000e+000 0.000000000e+000 0.000000000e+000 0.000000000e+000 0.000000000e+000 9.000000000e+001 3.502471590e-001 6.452539779e-001 4.498863100e-003 0.000000000e+000 0.000000000e+000 -6.474663758e-009 1.000000000e+000 1.000000000e+000 6.679028647e-009 
d 3.916665546e-009 0.000000000e+000 0.000000000e+000 0.000000000e+000 0.000000000e+000 0.000000000e+000 0.000000000e+000 0.000000000e+000 9.000000000e+001 3.502471590e-001 6.452539779e-001 4.498863100e-003 0.000000000e+000 0.000000000e+000 -5.650499952e-009 1.000000000e+000 1.000000000e+000 5.650328015e-009 
d 7.655996638e-009 0.000000000e+000 0.000000000e+000 0.000000000e+000 0.000000000e+000 0.000000000e+000 0.000000000e+000 0.000000000e+000 9.000000000e+001 3.502471590e-001 6.452539779e-001 4.498863100e-003 0.000000000e+000 0.000000000e+000 -2.410787711e-009 1.000000000e+000 1.000000000e+000 2.410787766e-009 
d 1.000000000e-008 0.000000000e+000 0.000000000e+000 0.000000000e+000 0.000000000e+000 0.000000000e+000 0.000000000e+000 0.000000000e+000 9.000000000e+001 3.502471590e-001 6.452539779e-001 4.498863100e-003 0.000000000e+000 0.000000000e+000 -1.694869519e-009 1.000000000e+000 1.000000000e+000 1.694869479e-009 
