v ATLAS
# This file was created by ATLAS version 5.18.3.R on Fri Aug 02 00:44:46 2013.
#SSF 2.0 generic
##############################################################################
#                    Copyright © 1984 - 2012                                 #
#                    Silvaco Inc. All rights reserved                        #
#                                                                            #
# This file format and the following Key are copyright Silvaco Inc.          #
# You may not use, this format or key without reproducing this message in    #
# full and obtaining express written permission from Silvaco Inc.            #
#                                                                            #
# To obtain such permission please contact: Silvaco Inc.                     #
#                                           support@silvaco.com              #
#                                                                            #
# KEY=SVC86hn7562asdx                       PROD=345                         #
##############################################################################
o 1 adiode_n_junc
o 2 adiode_p_junc
o 3 adiode_Field_junc
o 4 adiode_lat.temp
Q 10000 1 "V[1]" 5 1201 7 1
X 1 i1
X 2 adiode_cathode
X 3 adiode_anode
p 10 61 10000 82 1301 1302 1303 3000 3001 3002 3003
d  2.0000000000e-010 1.4241962753e-010 3.0000000000e+002 0.0000000000e+000 -1.9624518886e-009 2.0878549070e-012 1.6306482629e+009 1.2871117748e+011 8.8526027008e+002 3.0000000000e+002
d  3.0000000000e-010 4.4473916968e-010 3.0000000000e+002 0.0000000000e+000 -1.9560591480e-009 2.8305478202e-013 1.6306482630e+009 1.2871117748e+011 8.8526027006e+002 3.0000000000e+002
d  4.2000000000e-010 3.4694705888e-010 3.0000000000e+002 0.0000000000e+000 -4.9796351536e-010 -1.1085808583e-012 1.6306482631e+009 1.2871117749e+011 8.8526027006e+002 3.0000000000e+002
d  5.6400000000e-010 2.0238436179e-009 3.0000000000e+002 0.0000000000e+000 1.9365327410e-009 2.9644987046e-012 1.6306482637e+009 1.2871117751e+011 8.8526026996e+002 3.0000000000e+002
d  7.3680000000e-010 1.6051560376e-009 3.0000000000e+002 0.0000000000e+000 -3.4765706977e-010 -5.9202354670e-012 1.6306482645e+009 1.2871117754e+011 8.8526026993e+002 3.0000000000e+002
d  9.4416000000e-010 2.2714968854e-009 3.0000000000e+002 0.0000000000e+000 1.3940577057e-009 1.0406025977e-012 1.6306482659e+009 1.2871117760e+011 8.8526026983e+002 3.0000000000e+002
d  1.1929920000e-009 1.3223120470e-009 3.0000000000e+002 0.0000000000e+000 -2.3337843336e-010 -1.4024916464e-012 1.6306482674e+009 1.2871117767e+011 8.8526026979e+002 3.0000000000e+002
d  1.4915904000e-009 1.8368889259e-009 3.0000000000e+002 0.0000000000e+000 9.3212891399e-010 2.9450857853e-013 1.6306482692e+009 1.2871117776e+011 8.8526026968e+002 3.0000000000e+002
d  1.8499084800e-009 9.5949753155e-010 3.0000000000e+002 0.0000000000e+000 -1.6614623436e-010 -7.9932391274e-013 1.6306482708e+009 1.2871117787e+011 8.8526026964e+002 3.0000000000e+002
d  2.2798901760e-009 -7.8695403441e-010 3.0000000000e+002 0.0000000000e+000 -4.4889344182e-010 4.3252110980e-013 1.6306482708e+009 1.2871117791e+011 8.8526026973e+002 3.0000000000e+002
d  2.7958682112e-009 -3.9498150150e-010 3.0000000000e+002 0.0000000000e+000 9.1227133669e-011 5.6552951994e-013 1.6306482700e+009 1.2871117791e+011 8.8526026976e+002 3.0000000000e+002
d  3.4150418534e-009 -2.1397614649e-010 3.0000000000e+002 0.0000000000e+000 1.9420306336e-010 -6.7341555084e-013 1.6306482690e+009 1.2871117787e+011 8.8526026981e+002 3.0000000000e+002
d  4.1580502241e-009 -1.6389528681e-010 3.0000000000e+002 0.0000000000e+000 1.6190306818e-010 -2.3919142460e-013 1.6306482679e+009 1.2871117781e+011 8.8526026985e+002 3.0000000000e+002
d  5.0496602690e-009 -8.3884143331e-010 3.0000000000e+002 0.0000000000e+000 -2.8547986563e-010 7.2401081385e-014 1.6306482656e+009 1.2871117769e+011 8.8526026999e+002 3.0000000000e+002
d  6.1195923227e-009 -8.2721747269e-010 3.0000000000e+002 0.0000000000e+000 -1.7941582589e-010 1.7671426451e-013 1.6306482624e+009 1.2871117750e+011 8.8526027015e+002 3.0000000000e+002
d  7.4035107873e-009 -3.5793330174e-010 3.0000000000e+002 0.0000000000e+000 9.3816957020e-011 1.7360408404e-013 1.6306482600e+009 1.2871117734e+011 8.8526027024e+002 3.0000000000e+002
d  8.9442129448e-009 3.1901188943e-010 3.0000000000e+002 0.0000000000e+000 1.8087572049e-010 -2.4211890962e-013 1.6306482603e+009 1.2871117732e+011 8.8526027019e+002 3.0000000000e+002
d  1.0793055534e-008 -9.6445793787e-011 3.0000000000e+002 0.0000000000e+000 6.5681783373e-011 3.4004948450e-013 1.6306482605e+009 1.2871117732e+011 8.8526027020e+002 3.0000000000e+002
d  1.3011666640e-008 -5.4382752890e-010 3.0000000000e+002 0.0000000000e+000 -1.1516969640e-010 1.9100824123e-013 1.6306482583e+009 1.2871117722e+011 8.8526027032e+002 3.0000000000e+002
d  1.5673999969e-008 -3.1006374541e-010 3.0000000000e+002 0.0000000000e+000 4.5503665613e-011 2.2311626446e-013 1.6306482565e+009 1.2871117710e+011 8.8526027040e+002 3.0000000000e+002
d  1.8868799962e-008 -2.8546836590e-010 3.0000000000e+002 0.0000000000e+000 3.7439671130e-011 -2.5635954493e-014 1.6306482551e+009 1.2871117701e+011 8.8526027046e+002 3.0000000000e+002
d  2.2702559955e-008 -4.7785464079e-010 3.0000000000e+002 0.0000000000e+000 -5.0355269577e-011 -1.1325892083e-014 1.6306482527e+009 1.2871117687e+011 8.8526027059e+002 3.0000000000e+002
d  2.7303071946e-008 -1.3823397606e-010 3.0000000000e+002 0.0000000000e+000 6.0561746840e-011 1.3410395795e-014 1.6306482532e+009 1.2871117688e+011 8.8526027055e+002 3.0000000000e+002
d  3.2823686335e-008 -3.0387540995e-010 3.0000000000e+002 0.0000000000e+000 2.1848857073e-011 3.5246138957e-014 1.6306482531e+009 1.2871117688e+011 8.8526027056e+002 3.0000000000e+002
d  3.9448423602e-008 -4.4792161127e-010 3.0000000000e+002 0.0000000000e+000 -2.9130818842e-011 -9.3219532771e-015 1.6306482511e+009 1.2871117677e+011 8.8526027066e+002 3.0000000000e+002
d  4.7398108322e-008 -2.3924955416e-010 3.0000000000e+002 0.0000000000e+000 3.6355692703e-011 2.3942402835e-014 1.6306482517e+009 1.2871117679e+011 8.8526027062e+002 3.0000000000e+002
d  5.6937729986e-008 -4.3154216400e-010 3.0000000000e+002 0.0000000000e+000 -2.0205703834e-011 -1.7230197979e-014 1.6306482502e+009 1.2871117671e+011 8.8526027070e+002 3.0000000000e+002
d  6.8385275984e-008 -4.1550165056e-010 3.0000000000e+002 0.0000000000e+000 1.0497845738e-011 4.5405598412e-015 1.6306482489e+009 1.2871117663e+011 8.8526027077e+002 3.0000000000e+002
d  8.2122331180e-008 -4.1076866547e-010 3.0000000000e+002 0.0000000000e+000 -4.3668561582e-012 -8.9146207109e-016 1.6306482483e+009 1.2871117659e+011 8.8526027079e+002 3.0000000000e+002
d  9.8606797417e-008 -5.1631398008e-010 3.0000000000e+002 0.0000000000e+000 -1.1703485841e-011 -4.8033047591e-015 1.6306482462e+009 1.2871117646e+011 8.8526027090e+002 3.0000000000e+002
d  1.1838815690e-007 -4.9997546632e-010 3.0000000000e+002 0.0000000000e+000 -3.0353513081e-012 -3.5986197403e-015 1.6306482451e+009 1.2871117640e+011 8.8526027095e+002 3.0000000000e+002
d  1.4212578828e-007 -5.3514833627e-010 3.0000000000e+002 0.0000000000e+000 5.0545234470e-012 9.7654141399e-015 1.6306482442e+009 1.2871117634e+011 8.8526027100e+002 3.0000000000e+002
d  1.7061094594e-007 -5.3942520405e-010 3.0000000000e+002 0.0000000000e+000 -2.1015873211e-012 -4.5092526857e-015 1.6306482437e+009 1.2871117631e+011 8.8526027102e+002 3.0000000000e+002
d  2.0479313512e-007 -5.4572154845e-010 3.0000000000e+002 0.0000000000e+000 1.3447229821e-012 7.0084460446e-015 1.6306482435e+009 1.2871117630e+011 8.8526027103e+002 3.0000000000e+002
d  2.4581176215e-007 -4.8060385148e-010 3.0000000000e+002 0.0000000000e+000 6.7972550098e-012 -5.3944241778e-015 1.6306482452e+009 1.2871117640e+011 8.8526027095e+002 3.0000000000e+002
d  2.9503411458e-007 -5.6519952630e-010 3.0000000000e+002 0.0000000000e+000 -5.1853169441e-012 9.2494005648e-016 1.6306482435e+009 1.2871117630e+011 8.8526027103e+002 3.0000000000e+002
d  3.5410093749e-007 -5.6819424490e-010 3.0000000000e+002 0.0000000000e+000 -1.0141032827e-012 -1.4319987467e-015 1.6306482427e+009 1.2871117625e+011 8.8526027107e+002 3.0000000000e+002
d  4.2498112499e-007 -6.4239744285e-010 3.0000000000e+002 0.0000000000e+000 -2.7183337075e-012 2.5919997016e-016 1.6306482404e+009 1.2871117611e+011 8.8526027118e+002 3.0000000000e+002
d  5.1003734999e-007 -6.7764301602e-010 3.0000000000e+002 0.0000000000e+000 1.4157386160e-012 -2.4812499069e-015 1.6306482389e+009 1.2871117602e+011 8.8526027126e+002 3.0000000000e+002
d  6.1210481999e-007 -7.5547841070e-010 3.0000000000e+002 0.0000000000e+000 -1.8912832383e-012 -2.9503740024e-016 1.6306482363e+009 1.2871117586e+011 8.8526027139e+002 3.0000000000e+002
d  7.3458578398e-007 -7.8025603978e-010 3.0000000000e+002 0.0000000000e+000 -4.9074136395e-013 1.9307930931e-015 1.6306482351e+009 1.2871117579e+011 8.8526027144e+002 3.0000000000e+002
d  8.8156294078e-007 -7.4284248079e-010 3.0000000000e+002 0.0000000000e+000 1.9681355913e-012 -2.5220911132e-016 1.6306482363e+009 1.2871117586e+011 8.8526027138e+002 3.0000000000e+002
d  1.0000000000e-006 -8.0737148291e-010 3.0000000000e+002 0.0000000000e+000 -1.2258070211e-012 5.5100421936e-016 1.6306482344e+009 1.2871117575e+011 8.8526027148e+002 3.0000000000e+002
d  1.0088827794e-006 2.0101017976e+000 3.0000000009e+002 1.7765558883e+000 -1.7765573404e+000 1.7765573405e+000 2.4486007755e+013 3.1158900312e+013 2.8342421889e+002 3.0000000009e+002
d  1.0116695828e-006 2.5434081799e+000 3.0000000014e+002 2.3339165528e+000 -2.3339165704e+000 2.3339165704e+000 3.7729099602e+013 4.4158147320e+013 2.4005653244e+002 3.0000000014e+002
d  1.0139663477e-006 2.9708109325e+000 3.0000000020e+002 2.7932695482e+000 -2.7932695482e+000 2.7932695483e+000 4.9332417845e+013 5.5396109325e+013 2.1672287832e+002 3.0000000020e+002
d  1.0154410622e-006 3.2426027636e+000 3.0000000025e+002 3.0882124317e+000 -3.0882129540e+000 3.0882129540e+000 5.7006078175e+013 6.2836628345e+013 2.0357687825e+002 3.0000000025e+002
d  1.0172107195e-006 3.5662883508e+000 3.0000000032e+002 3.4421438920e+000 -3.4421446248e+000 3.4421446249e+000 6.6469236000e+013 7.2027932003e+013 1.8928936963e+002 3.0000000032e+002
d  1.0193068352e-006 3.9462048874e+000 3.0000000042e+002 3.8613670338e+000 -3.8613679504e+000 3.8613679506e+000 7.8049172806e+013 8.3299059219e+013 1.7420312623e+002 3.0000000042e+002
d  1.0215236098e-006 4.3439697994e+000 3.0000000056e+002 4.3047219620e+000 -4.3047226747e+000 4.3047226744e+000 9.0718583398e+013 9.5660637182e+013 1.6003164969e+002 3.0000000056e+002
d  1.0239125899e-006 4.7680576231e+000 3.0000000074e+002 4.7825179874e+000 -4.7825185892e+000 4.7825185889e+000 1.0483389237e+014 1.0946695079e+014 1.4644630718e+002 3.0000000074e+002
d  1.0264669126e-006 5.2162334475e+000 3.0000000098e+002 5.2933825258e+000 -5.2933830169e+000 5.2933830168e+000 1.2042959472e+014 1.2475785562e+014 1.3352988606e+002 3.0000000098e+002
d  1.0291973216e-006 5.6892095181e+000 3.0000000129e+002 5.8394643150e+000 -5.8394647130e+000 5.8394647129e+000 1.3765160170e+014 1.4168163086e+014 1.2126398219e+002 3.0000000129e+002
d  1.0321128896e-006 6.1871454300e+000 3.0000000170e+002 6.4225779156e+000 -6.4225782327e+000 6.4225782328e+000 1.5664983329e+014 1.6039038115e+014 1.0964900567e+002 3.0000000170e+002
d  1.0352079841e-006 6.7074503498e+000 3.0000000222e+002 7.0415968128e+000 -7.0415970557e+000 7.0415970556e+000 1.7748939433e+014 1.8095229750e+014 9.8739187077e+001 3.0000000222e+002
d  1.0384746932e-006 7.2469902742e+000 3.0000000288e+002 7.6949386366e+000 -7.6949388136e+000 7.6949388138e+000 2.0022334094e+014 2.0342285564e+014 8.8574116176e+001 3.0000000288e+002
d  1.0418927840e-006 7.8005039595e+000 3.0000000370e+002 8.3785567938e+000 -8.3785569142e+000 8.3785569144e+000 2.2481637846e+014 2.2776920632e+014 7.9203519450e+001 3.0000000370e+002
d  1.0454529580e-006 8.3644653122e+000 3.0000000471e+002 9.0905915907e+000 -9.0905916663e+000 9.0905916664e+000 2.5130423078e+014 2.5402779207e+014 7.0618894529e+001 3.0000000471e+002
d  1.0491483925e-006 8.9356133695e+000 3.0000000593e+002 9.8296784973e+000 -9.8296785386e+000 9.8296785385e+000 2.7973862414e+014 2.8225035979e+014 6.2792847115e+001 3.0000000593e+002
d  1.0529765344e-006 9.5111744521e+000 3.0000000742e+002 1.0595306883e+001 -1.0595306898e+001 1.0595306898e+001 3.1020274054e+014 3.1251952356e+014 5.5682042172e+001 3.0000000742e+002
d  1.0569379674e-006 1.0088603646e+001 3.0000000920e+002 1.1387593483e+001 -1.1387593479e+001 1.1387593479e+001 3.4280537595e+014 3.4494318110e+014 4.9235699593e+001 3.0000000920e+002
d  1.0610359400e-006 1.0665429224e+001 3.0000001132e+002 1.2207188000e+001 -1.2207187981e+001 1.2207187981e+001 3.7767951038e+014 3.7965323615e+014 4.3400193807e+001 3.0000001132e+002
d  1.0652755719e-006 1.1239049344e+001 3.0000001383e+002 1.3055114386e+001 -1.3055114356e+001 1.3055114356e+001 4.1497773831e+014 4.1680114731e+014 3.8122537886e+001 3.0000001383e+002
d  1.0696760293e-006 1.1808170643e+001 3.0000001681e+002 1.3935205853e+001 -1.3935205813e+001 1.3935205813e+001 4.5498659473e+014 4.5667194740e+014 3.3339302313e+001 3.0000001681e+002
d  1.0742497973e-006 1.2369801451e+001 3.0000002034e+002 1.4849959468e+001 -1.4849959418e+001 1.4849959418e+001 4.9794951506e+014 4.9950798930e+014 2.9003766179e+001 3.0000002034e+002
d  1.0790037758e-006 1.2919469233e+001 3.0000002450e+002 1.5800755159e+001 -1.5800755099e+001 1.5800755099e+001 5.4406772121e+014 5.4550965553e+014 2.5078832262e+001 3.0000002450e+002
d  1.0839437702e-006 1.3451776758e+001 3.0000002938e+002 1.6788754036e+001 -1.6788753965e+001 1.6788753965e+001 5.9353718379e+014 5.9487213720e+014 2.1530301962e+001 3.0000002938e+002
d  1.0890701741e-006 1.3959930682e+001 3.0000003510e+002 1.7814034813e+001 -1.7814034730e+001 1.7814034730e+001 6.4650150912e+014 6.4773838935e+014 1.8328912055e+001 3.0000003510e+002
d  1.0943723396e-006 1.4435439527e+001 3.0000004175e+002 1.8874467911e+001 -1.8874467815e+001 1.8874467815e+001 7.0298239651e+014 7.0412962711e+014 1.5451243780e+001 3.0000004175e+002
d  1.0998279085e-006 1.4868670010e+001 3.0000004941e+002 1.9965581707e+001 -1.9965581599e+001 1.9965581599e+001 7.6285438644e+014 7.6391999992e+014 1.2876992984e+001 3.0000004941e+002
d  1.1054073957e-006 1.5250067641e+001 3.0000005816e+002 2.1081479140e+001 -2.1081479026e+001 2.1081479026e+001 8.2587867150e+014 8.2687029030e+014 1.0585313830e+001 3.0000005816e+002
d  1.1110638529e-006 1.5570705658e+001 3.0000006801e+002 2.2212770584e+001 -2.2212770477e+001 2.2212770477e+001 8.9157083153e+014 8.9249576684e+014 8.5584977986e+000 3.0000006801e+002
d  1.1166601875e-006 1.5821566282e+001 3.0000007874e+002 2.3332037505e+001 -2.3332037434e+001 2.3332037434e+001 9.5829770123e+014 9.5916372279e+014 6.8016024954e+000 3.0000007874e+002
d  1.1218916216e-006 1.5997452314e+001 3.0000008967e+002 2.4378324325e+001 -2.4378324305e+001 2.4378324305e+001 1.0221921027e+015 1.0230085290e+015 5.3497625835e+000 3.0000008967e+002
d  1.1265633307e-006 1.6109251608e+001 3.0000010013e+002 2.5312666131e+001 -2.5312666134e+001 2.5312666134e+001 1.0804610766e+015 1.0812371232e+015 4.1877820945e+000 3.0000010013e+002
d  1.1307685909e-006 1.6176615721e+001 3.0000011009e+002 2.6153718174e+001 -2.6153718178e+001 2.6153718178e+001 1.1338683284e+015 1.1346108276e+015 3.2372477226e+000 3.0000011009e+002
d  1.1346846928e-006 1.6214377870e+001 3.0000011982e+002 2.6936938553e+001 -2.6936938548e+001 2.6936938548e+001 1.1844023701e+015 1.1851157773e+015 2.4246277580e+000 3.0000011982e+002
d  1.1384806640e-006 1.6231321170e+001 3.0000012963e+002 2.7696132797e+001 -2.7696132775e+001 2.7696132775e+001 1.2341091663e+015 1.2347961724e+015 1.6971504599e+000 3.0000012963e+002
d  1.1423172507e-006 1.6232063314e+001 3.0000013991e+002 2.8463450132e+001 -2.8463450080e+001 2.8463450080e+001 1.2850593656e+015 1.2857213323e+015 1.0164921496e+000 3.0000013991e+002
d  1.1463411861e-006 1.6218463682e+001 3.0000015107e+002 2.9268237225e+001 -2.9268237139e+001 2.9268237139e+001 1.3392535887e+015 1.3398909138e+015 3.5596224251e-001 3.0000015107e+002
d  1.1506431665e-006 1.6191002562e+001 3.0000016342e+002 3.0128633290e+001 -3.0128633287e+001 3.0128633287e+001 1.3980344031e+015 1.3986470560e+015 -2.9564438015e-001 3.0000016342e+002
d  1.1551289156e-006 1.6151298380e+001 3.0000017670e+002 3.1025783126e+001 -3.1025783665e+001 3.1025783665e+001 1.4602382844e+015 1.4608268891e+015 -9.2081973579e-001 3.0000017670e+002
d  1.1595833822e-006 1.6103289819e+001 3.0000019029e+002 3.1916676443e+001 -3.1916677935e+001 3.1916677935e+001 1.5229165585e+015 1.5234828301e+015 -1.4920298555e+000 3.0000019029e+002
d  1.1640609350e-006 1.6048508432e+001 3.0000020434e+002 3.2812187006e+001 -3.2812189581e+001 3.2812189581e+001 1.5868191190e+015 1.5873643632e+015 -2.0210244507e+000 3.0000020434e+002
d  1.1687544520e-006 1.5985827332e+001 3.0000021946e+002 3.3750890408e+001 -3.3750890408e+001 3.3750890408e+001 1.6547577823e+015 1.6552823813e+015 -2.5315613998e+000 3.0000021946e+002
d  1.1738540889e-006 1.5913184009e+001 3.0000023638e+002 3.4770817774e+001 -3.4770817774e+001 3.4770817774e+001 1.7296649665e+015 1.7301686089e+015 -3.0402720771e+000 3.0000023638e+002
d  1.1793824178e-006 1.5830422438e+001 3.0000025527e+002 3.5876483559e+001 -3.5876483559e+001 3.5876483559e+001 1.8121313711e+015 1.8126138684e+015 -3.5431919052e+000 3.0000025527e+002
d  1.1848811129e-006 1.5744900736e+001 3.0000027458e+002 3.6976222589e+001 -3.6976222589e+001 3.6976222589e+001 1.8954384800e+015 1.8959014139e+015 -3.9985969492e+000 3.0000027458e+002
d  1.1901613011e-006 1.5660387621e+001 3.0000029362e+002 3.8032260220e+001 -3.8032269957e+001 3.8032269957e+001 1.9766213223e+015 1.9770667184e+015 -4.3982266157e+000 3.0000029362e+002
d  1.1953734319e-006 1.5575138951e+001 3.0000031286e+002 3.9074686381e+001 -3.9074697400e+001 3.9074697400e+001 2.0578810301e+015 2.0583102057e+015 -4.7601178032e+000 3.0000031286e+002
d  1.2007296117e-006 1.5486086170e+001 3.0000033308e+002 4.0145922333e+001 -4.0145922333e+001 4.0145922333e+001 2.1425326407e+015 2.1429461788e+015 -5.1015507242e+000 3.0000033308e+002
d  1.2065225659e-006 1.5388569906e+001 3.0000035543e+002 4.1304513176e+001 -4.1304513176e+001 4.1304513176e+001 2.2353761546e+015 2.2357738540e+015 -5.4394781173e+000 3.0000035543e+002
d  1.2127436985e-006 1.5282876300e+001 3.0000037997e+002 4.2548739703e+001 -4.2548739703e+001 4.2548739703e+001 2.3365518517e+015 2.3369336723e+015 -5.7697718837e+000 3.0000037997e+002
d  1.2190532097e-006 1.5174967252e+001 3.0000040537e+002 4.3810641936e+001 -4.3810641936e+001 4.3810641936e+001 2.4406968678e+015 2.4410636690e+015 -6.0738502297e+000 3.0000040537e+002
d  1.2252377525e-006 1.5068696727e+001 3.0000043115e+002 4.5047550495e+001 -4.5047570967e+001 4.5047570967e+001 2.5442546804e+015 2.5446077224e+015 -6.3448400350e+000 3.0000043115e+002
d  1.2315079999e-006 1.4960597527e+001 3.0000045784e+002 4.6301599984e+001 -4.6301599984e+001 4.6301599984e+001 2.6507168286e+015 2.6510568065e+015 -6.5949959732e+000 3.0000045784e+002
d  1.2380619475e-006 1.4847385188e+001 3.0000048630e+002 4.7612389504e+001 -4.7612389503e+001 4.7612389503e+001 2.7635535697e+015 2.7638807611e+015 -6.8326890337e+000 3.0000048630e+002
d  1.2449703226e-006 1.4727991238e+001 3.0000051685e+002 4.8994064518e+001 -4.8994064518e+001 4.8994064518e+001 2.8841897114e+015 2.8845043000e+015 -7.0596040944e+000 3.0000051685e+002
d  1.2522061098e-006 1.4603051064e+001 3.0000054941e+002 5.0441221957e+001 -5.0441221957e+001 5.0441221957e+001 3.0123818232e+015 3.0126840870e+015 -7.2739867605e+000 3.0000054941e+002
d  1.2597481191e-006 1.4473087451e+001 3.0000058441e+002 5.1949623824e+001 -5.1949623823e+001 5.1949623823e+001 3.1479688885e+015 3.1482591708e+015 -7.4747935087e+000 3.0000058441e+002
d  1.2674732841e-006 1.4340363507e+001 3.0000062118e+002 5.3494656817e+001 -5.3494656817e+001 5.3494656817e+001 3.2888984211e+015 3.2891772602e+015 -7.6591061047e+000 3.0000062118e+002
d  1.2754344443e-006 1.4204108327e+001 3.0000065974e+002 5.5086888850e+001 -5.5086888850e+001 5.5086888850e+001 3.4362662711e+015 3.4365341132e+015 -7.8288932670e+000 3.0000065974e+002
d  1.2837788084e-006 1.4061966768e+001 3.0000070078e+002 5.6755761673e+001 -5.6755761673e+001 5.6755761673e+001 3.5930100210e+015 3.5932671220e+015 -7.9873183720e+000 3.0000070078e+002
d  1.2925702069e-006 1.3913057026e+001 3.0000074507e+002 5.8514041382e+001 -5.8514041382e+001 5.8514041382e+001 3.7606312032e+015 3.7608777740e+015 -8.1350391191e+000 3.0000074507e+002
d  1.3018045350e-006 1.3757676355e+001 3.0000079308e+002 6.0360907006e+001 -6.0360907005e+001 6.0360907005e+001 3.9393846877e+015 3.9396209821e+015 -8.2714489319e+000 3.0000079308e+002
d  1.3114267077e-006 1.3596980796e+001 3.0000084391e+002 6.2285341532e+001 -6.2285341531e+001 6.2285341531e+001 4.1285156349e+015 4.1287419915e+015 -8.3955672734e+000 3.0000084391e+002
d  1.3214647974e-006 1.3430734727e+001 3.0000089763e+002 6.4292959473e+001 -6.4292959473e+001 6.4292959473e+001 4.3288770592e+015 4.3290938022e+015 -8.5078208004e+000 3.0000089763e+002
d  1.3320219800e-006 1.3257500465e+001 3.0000095594e+002 6.6404395999e+001 -6.6404395999e+001 6.6404395999e+001 4.5428910337e+015 4.5430984120e+015 -8.6092447908e+000 3.0000095594e+002
d  1.3431748385e-006 1.3076350426e+001 3.0000101904e+002 6.8634967704e+001 -6.8634967703e+001 6.8634967703e+001 4.7725603782e+015 4.7727586084e+015 -8.7002215150e+000 3.0000101904e+002
d  1.3549350246e-006 1.2887468826e+001 3.0000108640e+002 7.0987004925e+001 -7.0987004924e+001 7.0987004924e+001 5.0186229045e+015 5.0188122302e+015 -8.7805147258e+000 3.0000108640e+002
d  1.3673081475e-006 1.2691166551e+001 3.0000115876e+002 7.3461629497e+001 -7.3461629497e+001 7.3461629497e+001 5.2817063999e+015 5.2818870907e+015 -8.8500055560e+000 3.0000115876e+002
d  1.3803568392e-006 1.2486892142e+001 3.0000123763e+002 7.6071367840e+001 -7.6071367840e+001 7.6071367840e+001 5.5636899083e+015 5.5638622186e+015 -8.9089621879e+000 3.0000123763e+002
d  1.3941652663e-006 1.2273840700e+001 3.0000132199e+002 7.8833053256e+001 -7.8833053256e+001 7.8833053256e+001 5.8670179811e+015 5.8671821442e+015 -8.9576411204e+000 3.0000132199e+002
d  1.4087844778e-006 1.2051813946e+001 3.0000141291e+002 8.1756895560e+001 -8.1756895559e+001 8.1756895559e+001 6.1935120955e+015 6.1936683493e+015 -8.9961089816e+000 3.0000141291e+002
d  1.4242533343e-006 1.1820878658e+001 3.0000151241e+002 8.4850666856e+001 -8.4850666855e+001 8.4850666855e+001 6.5447903558e+015 6.5449389496e+015 -9.0244464353e+000 3.0000151241e+002
d  1.4406466765e-006 1.1580654891e+001 3.0000161871e+002 8.8129335306e+001 -8.8129335305e+001 8.8129335305e+001 6.9233647809e+015 6.9235059588e+015 -9.0428398401e+000 3.0000161871e+002
d  1.4580536342e-006 1.1330682348e+001 3.0000173409e+002 9.1610726832e+001 -9.1610726831e+001 9.1610726831e+001 7.3321965675e+015 7.3323305657e+015 -9.0514698335e+000 3.0000173409e+002
d  1.4765492027e-006 1.1070849618e+001 3.0000186002e+002 9.5309840537e+001 -9.5309840536e+001 9.5309840536e+001 7.7740400877e+015 7.7741671450e+015 -9.0505067859e+000 3.0000186002e+002
d  1.4962166437e-006 1.0801079250e+001 3.0000199450e+002 9.9243328739e+001 -9.9243328738e+001 9.9243328738e+001 8.2519617427e+015 8.2520820987e+015 -9.0401533632e+000 3.0000199450e+002
d  1.5171550690e-006 1.0521251546e+001 3.0000214235e+002 1.0343101380e+002 -1.0343101380e+002 1.0343101380e+002 8.7695425859e+015 8.7696564784e+015 -9.0206328496e+000 3.0000214235e+002
d  1.5394737448e-006 1.0231317745e+001 3.0000230197e+002 1.0789474896e+002 -1.0789474896e+002 1.0789474896e+002 9.3307624767e+015 9.3308701413e+015 -8.9921849223e+000 3.0000230197e+002
d  1.5632844166e-006 9.9314276198e+000 3.0000247340e+002 1.1265688333e+002 -1.1265688333e+002 1.1265688333e+002 9.9398170500e+015 9.9399187224e+015 -8.9550817926e+000 3.0000247340e+002
d  1.5887090219e-006 9.6218535201e+000 3.0000266274e+002 1.1774180439e+002 -1.1774180438e+002 1.1774180438e+002 1.0601315200e+016 1.0601411115e+016 -8.9096267686e+000 3.0000266274e+002
d  1.6158850014e-006 9.3029597649e+000 3.0000286487e+002 1.2317700027e+002 -1.2317700027e+002 1.2317700027e+002 1.1320428677e+016 1.1320519068e+016 -8.8561461031e+000 3.0000286487e+002
d  1.6449625463e-006 8.9752745478e+000 3.0000308606e+002 1.2899250926e+002 -1.2899250925e+002 1.2899250925e+002 1.2102832222e+016 1.2102917321e+016 -8.7949954923e+000 3.0000308606e+002
d  1.6760966760e-006 8.6396062639e+000 3.0000332579e+002 1.3521933520e+002 -1.3521933520e+002 1.3521933520e+002 1.2954487447e+016 1.2954567485e+016 -8.7265826004e+000 3.0000332579e+002
d  1.7094639881e-006 8.2968820348e+000 3.0000358193e+002 1.4189279762e+002 -1.4189279762e+002 1.4189279762e+002 1.3882088397e+016 1.3882163602e+016 -8.6513360825e+000 3.0000358193e+002
d  1.7452601273e-006 7.9482128315e+000 3.0000386562e+002 1.4905202545e+002 -1.4905202545e+002 1.4905202545e+002 1.4892992766e+016 1.4893063364e+016 -8.5697136581e+000 3.0000386562e+002
d  1.7836851730e-006 7.5950496927e+000 3.0000416763e+002 1.5673703460e+002 -1.5673703460e+002 1.5673703460e+002 1.5994784670e+016 1.5994850883e+016 -8.4822404102e+000 3.0000416763e+002
d  1.8249484064e-006 7.2391150279e+000 3.0000449519e+002 1.6498968129e+002 -1.6498968128e+002 1.6498968128e+002 1.7195352764e+016 1.7195414815e+016 -8.3895011335e+000 3.0000449519e+002
d  1.8692806520e-006 6.8822734176e+000 3.0000485101e+002 1.7385613041e+002 -1.7385613040e+002 1.7385613040e+002 1.8503189299e+016 1.8503247406e+016 -8.2921132780e+000 3.0000485101e+002
d  1.9169125008e-006 6.5266737292e+000 3.0000522798e+002 1.8338250016e+002 -1.8338250016e+002 1.8338250016e+002 1.9926674093e+016 1.9926728473e+016 -8.1907738432e+000 3.0000522798e+002
d  1.9680753683e-006 6.1746480693e+000 3.0000563982e+002 1.9361507366e+002 -1.9361507365e+002 1.9361507365e+002 2.1473985018e+016 2.1474035884e+016 -8.0862487398e+000 3.0000563982e+002
d  2.0230170808e-006 5.8285140393e+000 3.0000608005e+002 2.0460341616e+002 -2.0460341616e+002 2.0460341616e+002 2.3153442458e+016 2.3153490020e+016 -7.9793309650e+000 3.0000608005e+002
d  2.0819559358e-006 5.4907605356e+000 3.0000654344e+002 2.1639118716e+002 -2.1639118715e+002 2.1639118715e+002 2.4971962229e+016 2.4972006695e+016 -7.8709157586e+000 3.0000654344e+002
d  2.1451170265e-006 5.1636784351e+000 3.0000704534e+002 2.2902340530e+002 -2.2902340529e+002 2.2902340529e+002 2.6935996544e+016 2.6936038115e+016 -7.7619064694e+000 3.0000704534e+002
d  2.2126796007e-006 4.8495178611e+000 3.0000757809e+002 2.4253592013e+002 -2.4253592013e+002 2.4253592013e+002 2.9049743291e+016 2.9049782167e+016 -7.6532813006e+000 3.0000757809e+002
d  2.2848039182e-006 4.5501995724e+000 3.0000813414e+002 2.5696078364e+002 -2.5696078364e+002 2.5696078364e+002 3.1315825845e+016 3.1315862218e+016 -7.5460097849e+000 3.0000813414e+002
d  2.3616065745e-006 4.2673265388e+000 3.0000871430e+002 2.7232131490e+002 -2.7232234724e+002 2.7232234724e+002 3.3734432635e+016 3.3734466692e+016 -7.4410806794e+000 3.0000871430e+002
d  2.4432009736e-006 4.0019737445e+000 3.0000933855e+002 2.8864019473e+002 -2.8864125078e+002 2.8864125078e+002 3.6304487376e+016 3.6304519295e+016 -7.3393218270e+000 3.0000933855e+002
d  2.5296292744e-006 3.7549120982e+000 3.0000998360e+002 3.0592585488e+002 -3.0592692400e+002 3.0592692400e+002 3.9021559266e+016 3.9021589218e+016 -7.2416095113e+000 3.0000998360e+002
d  2.6210294726e-006 3.5261589971e+000 3.0001064783e+002 3.2420589452e+002 -3.2420697154e+002 3.2420697154e+002 4.1883180565e+016 4.1883208709e+016 -7.1485701493e+000 3.0001064783e+002
d  2.7175515207e-006 3.3153936799e+000 3.0001132981e+002 3.4351030415e+002 -3.4351138289e+002 3.4351138289e+002 4.4886253263e+016 4.4886279747e+016 -7.0607269519e+000 3.0001132981e+002
d  2.8193898679e-006 3.1219806871e+000 3.0001203395e+002 3.6387797357e+002 -3.6387904784e+002 3.6387904784e+002 4.8028119823e+016 4.8028144784e+016 -6.9784851776e+000 3.0001203395e+002
d  2.9268136460e-006 2.9450339432e+000 3.0001277823e+002 3.8536272919e+002 -3.8536379371e+002 3.8536379371e+002 5.1307511922e+016 5.1307535482e+016 -6.9021359793e+000 3.0001277823e+002
d  3.0401623556e-006 2.7835393869e+000 3.0001354142e+002 4.0803247113e+002 -4.0803352073e+002 4.0803352073e+002 5.4724376404e+016 5.4724398676e+016 -6.8318923842e+000 3.0001354142e+002
d  3.1598636102e-006 2.6364139961e+000 3.0001432393e+002 4.3197272205e+002 -4.3197375198e+002 4.3197375198e+002 5.8280322859e+016 5.8280343945e+016 -6.7679064028e+000 3.0001432393e+002
d  3.2864510406e-006 2.5025559988e+000 3.0001512679e+002 4.5729020812e+002 -4.5729121433e+002 4.5729121433e+002 6.1978998946e+016 6.1979018936e+016 -6.7102894597e+000 3.0001512679e+002
d  3.4204973833e-006 2.3809560493e+000 3.0001595112e+002 4.8409947666e+002 -4.8410045282e+002 4.8410045282e+002 6.5823964909e+016 6.5823983886e+016 -6.6591623873e+000 3.0001595112e+002
d  3.5626383695e-006 2.2706706978e+000 3.0001679835e+002 5.1252767390e+002 -5.1252861270e+002 5.1252861270e+002 6.9819300098e+016 6.9819318137e+016 -6.6146467005e+000 3.0001679835e+002
d  3.7135350963e-006 2.1708478849e+000 3.0001767002e+002 5.4270701925e+002 -5.4270791163e+002 5.4270791163e+002 7.3968464126e+016 7.3968481294e+016 -6.5768768645e+000 3.0001767002e+002
d  3.8738932938e-006 2.0806973906e+000 3.0001856791e+002 5.7477865877e+002 -5.7477949543e+002 5.7477949543e+002 7.8274823383e+016 7.8274839742e+016 -6.5459881079e+000 3.0001856791e+002
d  4.0444388243e-006 1.9994940890e+000 3.0001949399e+002 6.0888776485e+002 -6.0888853654e+002 6.0888853654e+002 8.2740993376e+016 8.2741008984e+016 -6.5221157328e+000 3.0001949399e+002
d  4.2258731502e-006 1.9265792897e+000 3.0002047267e+002 6.4517463005e+002 -6.4517532789e+002 6.4517532789e+002 8.7367795955e+016 8.7367810864e+016 -6.5053887407e+000 3.0002047267e+002
d  4.4189327933e-006 1.8613190740e+000 3.0002148575e+002 6.8378655867e+002 -6.8378717667e+002 6.8378717667e+002 9.2155966601e+016 9.2155980860e+016 -6.4959111309e+000 3.0002148575e+002
d  4.6244319000e-006 1.8030948088e+000 3.0002253480e+002 7.2488637999e+002 -7.2488691604e+002 7.2488691604e+002 9.7107222896e+016 9.7107236551e+016 -6.4937607466e+000 3.0002253480e+002
d  4.8432486046e-006 1.7513172057e+000 3.0002362358e+002 7.6864972093e+002 -7.6865017624e+002 7.6865017624e+002 1.0222385621e+017 1.0222386930e+017 -6.4989949095e+000 3.0002362358e+002
d  5.0000000000e-006 1.7194988790e+000 3.0002438798e+002 8.0000000000e+002 -8.0000006177e+002 8.0000006177e+002 1.0579580006e+017 1.0579581279e+017 -6.5068111397e+000 3.0002438798e+002
d  5.1881016744e-006 1.6469957555e+000 3.0002523553e+002 8.0000000000e+002 -8.0000041707e+002 8.0000041707e+002 1.0913133081e+017 1.0913134308e+017 -6.2781785092e+000 3.0002523553e+002
d  5.2497670550e-006 1.6256659497e+000 3.0002549569e+002 8.0000000000e+002 -8.0000000114e+002 8.0000000114e+002 1.1000114849e+017 1.1000116059e+017 -6.2127438728e+000 3.0002549569e+002
d  5.3116816570e-006 1.6053609743e+000 3.0002574789e+002 8.0000000000e+002 -8.0000000072e+002 8.0000000072e+002 1.1078582160e+017 1.1078583354e+017 -6.1536885528e+000 3.0002574789e+002
d  5.3852586612e-006 1.5826010432e+000 3.0002603620e+002 8.0000000000e+002 -8.0000000150e+002 8.0000000150e+002 1.1162903694e+017 1.1162904870e+017 -6.0908008435e+000 3.0002603620e+002
d  5.4609739731e-006 1.5606310038e+000 3.0002632063e+002 8.0000000000e+002 -8.0000000147e+002 8.0000000147e+002 1.1241486582e+017 1.1241487742e+017 -6.0326752403e+000 3.0002632063e+002
d  5.5518323474e-006 1.5360654196e+000 3.0002664653e+002 8.0000000000e+002 -8.0000000309e+002 8.0000000309e+002 1.1326866759e+017 1.1326867900e+017 -5.9699837911e+000 3.0002664653e+002
d  5.6608623966e-006 1.5089565635e+000 3.0002701707e+002 8.0000000000e+002 -8.0000000638e+002 8.0000000638e+002 1.1418818065e+017 1.1418819187e+017 -5.9029977955e+000 3.0002701707e+002
d  5.7916984556e-006 1.4794937361e+000 3.0002743461e+002 8.0000000000e+002 -8.0000001236e+002 8.0000001236e+002 1.1516885050e+017 1.1516886151e+017 -5.8321907147e+000 3.0002743461e+002
d  5.9395187995e-006 1.4497594745e+000 3.0002787421e+002 8.0000000000e+002 -8.0000001669e+002 8.0000001669e+002 1.1614668468e+017 1.1614669548e+017 -5.7622724101e+000 3.0002787421e+002
d  6.1019119651e-006 1.4208650404e+000 3.0002832199e+002 8.0000000000e+002 -8.0000001855e+002 8.0000001855e+002 1.1709278035e+017 1.1709279095e+017 -5.6952991960e+000 3.0002832199e+002
d  6.2800054073e-006 1.3930624207e+000 3.0002877566e+002 8.0000000000e+002 -8.0000001953e+002 8.0000001953e+002 1.1800625088e+017 1.1800626129e+017 -5.6312844090e+000 3.0002877566e+002
d  6.4746969231e-006 1.3665982911e+000 3.0002923248e+002 8.0000000000e+002 -8.0000001938e+002 8.0000001938e+002 1.1888509464e+017 1.1888510487e+017 -5.5703092649e+000 3.0002923248e+002
d  6.6874206169e-006 1.3415988038e+000 3.0002969116e+002 8.0000000000e+002 -8.0000001835e+002 8.0000001835e+002 1.1972974047e+017 1.1972975053e+017 -5.5122791928e+000 3.0002969116e+002
d  6.9202108715e-006 1.3181044809e+000 3.0003015165e+002 8.0000000000e+002 -8.0000001672e+002 8.0000001672e+002 1.2054203934e+017 1.2054204922e+017 -5.4570029161e+000 3.0003015165e+002
d  7.1756477423e-006 1.2961109361e+000 3.0003061466e+002 8.0000000000e+002 -8.0000001473e+002 8.0000001473e+002 1.2132416353e+017 1.2132417326e+017 -5.4042726449e+000 3.0003061466e+002
d  7.4569226073e-006 1.2755871381e+000 3.0003108158e+002 8.0000000000e+002 -8.0000001258e+002 8.0000001258e+002 1.2207823960e+017 1.2207824918e+017 -5.3538904388e+000 3.0003108158e+002
d  7.7676221963e-006 1.2565059917e+000 3.0003155394e+002 8.0000000000e+002 -8.0000001037e+002 8.0000001037e+002 1.2280541258e+017 1.2280542202e+017 -5.3057301763e+000 3.0003155394e+002
d  8.1112408242e-006 1.2388678547e+000 3.0003203276e+002 8.0000000000e+002 -8.0000000816e+002 8.0000000816e+002 1.2350491744e+017 1.2350492675e+017 -5.2597955530e+000 3.0003203276e+002
d  8.4903714225e-006 1.2227111808e+000 3.0003251793e+002 8.0000000000e+002 -8.0000000601e+002 8.0000000601e+002 1.2417339564e+017 1.2417340481e+017 -5.2162592158e+000 3.0003251793e+002
d  8.9057434165e-006 1.2081023101e+000 3.0003300767e+002 8.0000000000e+002 -8.0000000404e+002 8.0000000404e+002 1.2480494112e+017 1.2480495018e+017 -5.1754532656e+000 3.0003300767e+002
d  9.3558953929e-006 1.1950944157e+000 3.0003349906e+002 8.0000000000e+002 -8.0000000244e+002 8.0000000244e+002 1.2539267518e+017 1.2539268413e+017 -5.1377631634e+000 3.0003349906e+002
d  9.8380858909e-006 1.1836782621e+000 3.0003398948e+002 8.0000000000e+002 -8.0000000131e+002 8.0000000131e+002 1.2593129849e+017 1.2593130734e+017 -5.1034651268e+000 3.0003398948e+002
d  1.0000000000e-005 1.1803334217e+000 3.0003414668e+002 8.0000000000e+002 -8.0000000000e+002 8.0000000000e+002 1.2609299662e+017 1.2609300543e+017 -5.0932129085e+000 3.0003414668e+002
