v ATLAS
# This file was created by ATLAS version 5.18.3.R on Sat Jul 20 17:22:14 2013.
#SSF 2.0 generic
##############################################################################
#                    Copyright © 1984 - 2012                                 #
#                    Silvaco Inc. All rights reserved                        #
#                                                                            #
# This file format and the following Key are copyright Silvaco Inc.          #
# You may not use, this format or key without reproducing this message in    #
# full and obtaining express written permission from Silvaco Inc.            #
#                                                                            #
# To obtain such permission please contact: Silvaco Inc.                     #
#                                           support@silvaco.com              #
#                                                                            #
# KEY=SVC86hn7562asdx                       PROD=345                         #
##############################################################################
y 1 15
z 300
f 2 "cathode" "anode" 
Q 4000 13 "Wavelength Beam 1 "
Q 4010 13 "Source Photocurrent Beam 1 "
Q 4020 13 "Available Photocurrent Beam 1"
p 17 91 4000 4010 4020 85 86 87 308 354 355 356 2 601 20 3 602 21 
d 1.316044996e-001 3.000000000e-001 2.631381819e-009 1.098542421e-009 1.098542421e-009 2.631381819e-009 3.000000000e-001 9.000000000e+001 0.000000000e+000 1.000000000e+000 0.000000000e+000 -3.511395675e-001 -3.511395675e-001 2.408089047e-016 0.000000000e+000 0.000000000e+000 -1.294842681e-020 
d 1.316044996e-001 3.250000000e-001 4.626269103e-009 2.172193579e-009 2.172193579e-009 4.626269103e-009 3.250000000e-001 9.000000000e+001 0.000000000e+000 1.000000000e+000 0.000000000e+000 -3.704761484e-001 -3.704761484e-001 1.842240895e-016 0.000000000e+000 0.000000000e+000 -3.491219173e-021 
d 1.316044996e-001 3.500000000e-001 6.150026351e-009 2.890004678e-009 2.890004678e-009 6.150026351e-009 3.500000000e-001 9.000000000e+001 0.000000000e+000 1.000000000e+000 0.000000000e+000 -3.787100238e-001 -3.787100238e-001 -2.722955160e-016 0.000000000e+000 0.000000000e+000 1.261450434e-023 
d 1.316044996e-001 3.750000000e-001 7.041817751e-009 3.351342687e-009 3.351342687e-009 7.041817751e-009 3.750000000e-001 9.000000000e+001 0.000000000e+000 1.000000000e+000 0.000000000e+000 -3.890765135e-001 -3.890765135e-001 -2.416334937e-016 0.000000000e+000 0.000000000e+000 -3.722312756e-024 
d 1.316044996e-001 4.000000000e-001 8.978714552e-009 4.892595370e-009 4.892595370e-009 8.978714552e-009 4.000000000e-001 9.000000000e+001 0.000000000e+000 1.000000000e+000 0.000000000e+000 -4.053242436e-001 -4.053242436e-001 -9.687320029e-017 0.000000000e+000 0.000000000e+000 6.286572655e-022 
d 1.316044996e-001 4.250000000e-001 1.173449838e-008 6.785407356e-009 6.785407356e-009 1.173449838e-008 4.250000000e-001 9.000000000e+001 1.281515721e-006 9.999987185e-001 0.000000000e+000 -4.143126906e-001 -4.143126906e-001 2.340666318e-016 0.000000000e+000 0.000000000e+000 -1.985233470e-023 
d 1.316044996e-001 4.500000000e-001 1.480943887e-008 8.865267377e-009 8.865267377e-009 1.480943887e-008 4.500000000e-001 9.000000000e+001 0.000000000e+000 1.000000000e+000 0.000000000e+000 -4.208472410e-001 -4.208472410e-001 -1.867092859e-016 0.000000000e+000 0.000000000e+000 1.654361225e-023 
d 1.316044996e-001 4.750000000e-001 1.546549969e-008 9.477027138e-009 9.477027138e-009 1.546549969e-008 4.750000000e-001 9.000000000e+001 0.000000000e+000 1.000000000e+000 0.000000000e+000 -4.225030130e-001 -4.225030130e-001 2.870710642e-016 0.000000000e+000 0.000000000e+000 -1.240770919e-023 
d 1.316044996e-001 5.000000000e-001 1.575833309e-008 9.817896541e-009 9.817896541e-009 1.575833309e-008 5.000000000e-001 9.000000000e+001 0.000000000e+000 1.000000000e+000 0.000000000e+000 -4.235263733e-001 -4.235263733e-001 2.920292084e-016 0.000000000e+000 0.000000000e+000 6.617444900e-024 
d 1.316044996e-001 5.250000000e-001 1.571545617e-008 9.916236721e-009 9.916236721e-009 1.571545617e-008 5.250000000e-001 9.000000000e+001 0.000000000e+000 1.000000000e+000 0.000000000e+000 -4.237928575e-001 -4.237928575e-001 -5.731217520e-017 0.000000000e+000 0.000000000e+000 1.075334796e-023 
d 1.316044996e-001 5.500000000e-001 1.547945025e-008 9.866348161e-009 9.866348161e-009 1.547945025e-008 5.500000000e-001 9.000000000e+001 0.000000000e+000 1.000000000e+000 0.000000000e+000 -4.236710025e-001 -4.236710025e-001 -3.894252280e-016 0.000000000e+000 0.000000000e+000 -9.884808320e-022 
d 1.316044996e-001 5.750000000e-001 1.583945979e-008 1.017716275e-008 1.017716275e-008 1.583945979e-008 5.750000000e-001 9.000000000e+001 0.000000000e+000 1.000000000e+000 4.280040062e-015 -4.241949025e-001 -4.241949025e-001 2.194637943e-016 0.000000000e+000 0.000000000e+000 4.135903063e-024 
d 1.316044996e-001 6.000000000e-001 1.601584887e-008 1.035807045e-008 1.035807045e-008 1.601584887e-008 6.000000000e-001 9.000000000e+001 0.000000000e+000 1.000000000e+000 1.162050489e-012 -4.244515021e-001 -4.244515021e-001 8.536675417e-018 0.000000000e+000 0.000000000e+000 -3.970466940e-023 
d 1.316044996e-001 6.250000000e-001 1.597138174e-008 1.038686224e-008 1.038686224e-008 1.597138174e-008 6.250000000e-001 9.000000000e+001 0.000000000e+000 9.999999999e-001 1.328706127e-010 -4.243482006e-001 -4.243482006e-001 -3.070138117e-016 0.000000000e+000 0.000000000e+000 3.077111879e-022 
d 1.316044996e-001 6.500000000e-001 1.587083068e-008 1.036999996e-008 1.036999996e-008 1.587083068e-008 6.500000000e-001 9.000000000e+001 0.000000000e+000 9.999999136e-001 8.640632757e-008 -4.238957761e-001 -4.238957761e-001 -2.418222414e-017 0.000000000e+000 0.000000000e+000 1.654361225e-024 
d 1.316044996e-001 6.750000000e-001 1.567536353e-008 1.028302328e-008 1.028302328e-008 1.567536353e-008 6.750000000e-001 9.000000000e+001 0.000000000e+000 9.999983473e-001 1.652665209e-006 -4.233659697e-001 -4.233659697e-001 3.937886306e-017 0.000000000e+000 0.000000000e+000 1.819797348e-023 
d 1.316044996e-001 7.000000000e-001 1.535846322e-008 1.010789627e-008 1.010789627e-008 1.535846322e-008 7.000000000e-001 9.000000000e+001 0.000000000e+000 9.999916800e-001 8.319987041e-006 -4.227215987e-001 -4.227215987e-001 -7.241382220e-017 0.000000000e+000 0.000000000e+000 6.617444900e-024 
d 1.316044996e-001 7.250000000e-001 1.520586671e-008 1.003408683e-008 1.003408683e-008 1.520586671e-008 7.250000000e-001 9.000000000e+001 0.000000000e+000 9.999090469e-001 9.095311100e-005 -4.219544452e-001 -4.219544452e-001 3.245232256e-016 0.000000000e+000 0.000000000e+000 -8.271806126e-024 
d 1.316044996e-001 7.500000000e-001 1.508560896e-008 9.973201299e-009 9.973201299e-009 1.508560896e-008 7.500000000e-001 9.000000000e+001 0.000000000e+000 9.995948017e-001 4.051983050e-004 -4.212351365e-001 -4.212351365e-001 -2.780424491e-016 0.000000000e+000 0.000000000e+000 -1.902515409e-023 
d 1.316044996e-001 7.750000000e-001 1.491309280e-008 9.863337574e-009 9.863337574e-009 1.491309280e-008 7.750000000e-001 9.000000000e+001 0.000000000e+000 9.984807578e-001 1.519242199e-003 -4.202416592e-001 -4.202416592e-001 -3.687218913e-016 0.000000000e+000 0.000000000e+000 0.000000000e+000 
d 1.316044996e-001 8.000000000e-001 1.455320961e-008 9.597057687e-009 9.597057687e-009 1.455320961e-008 8.000000000e-001 9.000000000e+001 0.000000000e+000 9.950959032e-001 4.904096760e-003 -4.186820704e-001 -4.186820704e-001 3.920862428e-018 0.000000000e+000 0.000000000e+000 1.571643164e-023 
d 1.316044996e-001 8.250000000e-001 1.415155537e-008 9.221838354e-009 9.221838354e-009 1.415155537e-008 8.250000000e-001 9.000000000e+001 0.000000000e+000 9.860423207e-001 1.395767928e-002 -4.165863941e-001 -4.165863941e-001 -8.996512747e-017 0.000000000e+000 0.000000000e+000 5.045801737e-023 
d 1.316044996e-001 8.500000000e-001 1.379259258e-008 8.798259723e-009 8.798259723e-009 1.379259258e-008 8.500000000e-001 9.000000000e+001 0.000000000e+000 9.718817088e-001 2.811829122e-002 -4.144594691e-001 -4.144594691e-001 3.499223429e-016 0.000000000e+000 0.000000000e+000 4.218621124e-023 
d 1.316044996e-001 8.750000000e-001 1.347840866e-008 8.261376544e-009 8.261376544e-009 1.347840866e-008 8.750000000e-001 9.000000000e+001 0.000000000e+000 9.465585366e-001 5.344146336e-002 -4.118120439e-001 -4.118120439e-001 -1.167610178e-016 0.000000000e+000 0.000000000e+000 -2.233387654e-023 
d 1.316044996e-001 9.000000000e-001 1.327384292e-008 7.549126392e-009 7.549126392e-009 1.327384292e-008 9.000000000e-001 9.000000000e+001 0.000000000e+000 9.019862465e-001 9.801375350e-002 -4.083414538e-001 -4.083414538e-001 -3.653227785e-016 0.000000000e+000 0.000000000e+000 -3.821574430e-022 
d 1.316044996e-001 9.250000000e-001 1.314222034e-008 6.480795693e-009 6.480795693e-009 1.314222034e-008 9.250000000e-001 9.000000000e+001 0.000000000e+000 8.260316837e-001 1.739683163e-001 -4.031990034e-001 -4.031990034e-001 -8.589500216e-018 0.000000000e+000 0.000000000e+000 5.790264288e-024 
d 1.316044996e-001 9.500000000e-001 1.291079665e-008 4.749246922e-009 4.749246922e-009 1.291079665e-008 9.500000000e-001 9.000000000e+001 0.000000000e+000 7.003937775e-001 2.996062225e-001 -3.940070322e-001 -3.940070322e-001 1.976761901e-016 0.000000000e+000 0.000000000e+000 8.271806126e-024 
d 1.316044996e-001 9.750000000e-001 1.270669118e-008 2.688738385e-009 2.688738385e-009 1.270669118e-008 9.750000000e-001 9.000000000e+001 0.000000000e+000 5.435887624e-001 4.564112376e-001 -3.784094432e-001 -3.784094432e-001 -1.898633528e-016 0.000000000e+000 0.000000000e+000 7.155112299e-023 
d 1.316044996e-001 1.000000000e+000 1.243869265e-008 1.849669875e-009 1.849669875e-009 1.243869265e-008 1.000000000e+000 9.000000000e+001 0.000000000e+000 4.795701998e-001 5.204298002e-001 -3.684480817e-001 -3.684480817e-001 2.557700118e-016 0.000000000e+000 0.000000000e+000 1.447566072e-024 
