v ATLAS
# This file was created by ATLAS version 5.18.3.R on Sun Aug 18 00:38:09 2013.
#SSF 2.0 generic
##############################################################################
#                    Copyright © 1984 - 2012                                 #
#                    Silvaco Inc. All rights reserved                        #
#                                                                            #
# This file format and the following Key are copyright Silvaco Inc.          #
# You may not use, this format or key without reproducing this message in    #
# full and obtaining express written permission from Silvaco Inc.            #
#                                                                            #
# To obtain such permission please contact: Silvaco Inc.                     #
#                                           support@silvaco.com              #
#                                                                            #
# KEY=SVC86hn7562asdx                       PROD=345                         #
##############################################################################
y 3 700 711 15
z 13 0.08 300
f 3 "gate" "emitter" "collector" 
p 9 2 601 20 3 602 21 4 603 22 
d 1.000000000e+001 1.000000000e+001 0.000000000e+000 0.000000000e+000 0.000000000e+000 2.256096355e-009 0.000000000e+000 0.000000000e+000 -3.918093554e-012 
d 1.000000000e+001 1.000000000e+001 0.000000000e+000 0.000000000e+000 0.000000000e+000 -3.150814046e-015 2.500000000e-001 2.500000000e-001 -4.506427237e-014 
d 1.000000000e+001 1.000000000e+001 0.000000000e+000 0.000000000e+000 0.000000000e+000 -1.523506242e-010 5.000000000e-001 5.000000000e-001 1.527125173e-010 
d 1.000000000e+001 1.000000000e+001 0.000000000e+000 0.000000000e+000 0.000000000e+000 -6.248735853e-009 6.000000000e-001 6.000000000e-001 6.248301817e-009 
d 1.000000000e+001 1.000000000e+001 0.000000000e+000 0.000000000e+000 0.000000000e+000 -2.989226540e-008 6.500000000e-001 6.500000000e-001 2.989211907e-008 
d 1.000000000e+001 1.000000000e+001 0.000000000e+000 0.000000000e+000 0.000000000e+000 -1.060586969e-007 7.000000000e-001 7.000000000e-001 1.060586969e-007 
d 1.000000000e+001 1.000000000e+001 0.000000000e+000 0.000000000e+000 0.000000000e+000 -1.813657521e-007 7.250000000e-001 7.250000000e-001 1.813657521e-007 
d 1.000000000e+001 1.000000000e+001 0.000000000e+000 0.000000000e+000 0.000000000e+000 -2.949196763e-007 7.500000000e-001 7.500000000e-001 2.949196763e-007 
d 1.000000000e+001 1.000000000e+001 0.000000000e+000 0.000000000e+000 0.000000000e+000 -6.964895431e-007 8.000000000e-001 8.000000000e-001 6.964895431e-007 
d 1.000000000e+001 1.000000000e+001 0.000000000e+000 0.000000000e+000 0.000000000e+000 -1.456764307e-006 8.500000000e-001 8.500000000e-001 1.456764306e-006 
d 1.000000000e+001 1.000000000e+001 0.000000000e+000 0.000000000e+000 0.000000000e+000 -6.446285469e-006 1.000000000e+000 1.000000000e+000 6.446285469e-006 
d 1.000000000e+001 1.000000000e+001 0.000000000e+000 0.000000000e+000 0.000000000e+000 -1.971231270e-005 1.250000000e+000 1.250000000e+000 1.971231270e-005 
d 1.000000000e+001 1.000000000e+001 0.000000000e+000 0.000000000e+000 0.000000000e+000 -3.498616539e-005 1.500000000e+000 1.500000000e+000 3.498616539e-005 
d 1.000000000e+001 1.000000000e+001 0.000000000e+000 0.000000000e+000 0.000000000e+000 -5.059070106e-005 1.750000000e+000 1.750000000e+000 5.059070106e-005 
d 1.000000000e+001 1.000000000e+001 0.000000000e+000 0.000000000e+000 0.000000000e+000 -6.589863617e-005 2.000000000e+000 2.000000000e+000 6.589863617e-005 
d 1.000000000e+001 1.000000000e+001 0.000000000e+000 0.000000000e+000 0.000000000e+000 -8.064491510e-005 2.250000000e+000 2.250000000e+000 8.064491510e-005 
d 1.000000000e+001 1.000000000e+001 0.000000000e+000 0.000000000e+000 0.000000000e+000 -9.470616889e-005 2.500000000e+000 2.500000000e+000 9.470616889e-005 
d 1.000000000e+001 1.000000000e+001 0.000000000e+000 0.000000000e+000 0.000000000e+000 -1.080172500e-004 2.750000000e+000 2.750000000e+000 1.080172500e-004 
d 1.000000000e+001 1.000000000e+001 0.000000000e+000 0.000000000e+000 0.000000000e+000 -1.205412935e-004 3.000000000e+000 3.000000000e+000 1.205412935e-004 
