v ATLAS
# This file was created by ATLAS version 5.18.3.R on Sun Aug 18 00:46:03 2013.
#SSF 2.0 generic
##############################################################################
#                    Copyright © 1984 - 2012                                 #
#                    Silvaco Inc. All rights reserved                        #
#                                                                            #
# This file format and the following Key are copyright Silvaco Inc.          #
# You may not use, this format or key without reproducing this message in    #
# full and obtaining express written permission from Silvaco Inc.            #
#                                                                            #
# To obtain such permission please contact: Silvaco Inc.                     #
#                                           support@silvaco.com              #
#                                                                            #
# KEY=SVC86hn7562asdx                       PROD=345                         #
##############################################################################
y 3 700 711 15
z 13 0.08 300
f 3 "gate" "emitter" "collector" 
p 9 2 601 20 3 602 21 4 603 22 
d 1.000000000e+001 1.000000000e+001 0.000000000e+000 0.000000000e+000 0.000000000e+000 6.496566115e-008 0.000000000e+000 0.000000000e+000 -3.077263495e-010 
d 1.000000000e+001 1.000000000e+001 0.000000000e+000 0.000000000e+000 0.000000000e+000 -2.400367120e-013 2.500000000e-001 2.500000000e-001 -2.190268641e-012 
d 1.000000000e+001 1.000000000e+001 0.000000000e+000 0.000000000e+000 0.000000000e+000 -1.196628253e-008 5.000000000e-001 5.000000000e-001 1.199575880e-008 
d 1.000000000e+001 1.000000000e+001 0.000000000e+000 0.000000000e+000 0.000000000e+000 -5.036075357e-007 6.000000000e-001 6.000000000e-001 5.035916391e-007 
d 1.000000000e+001 1.000000000e+001 0.000000000e+000 0.000000000e+000 0.000000000e+000 -2.567557743e-006 6.500000000e-001 6.500000000e-001 2.567552746e-006 
d 1.000000000e+001 1.000000000e+001 0.000000000e+000 0.000000000e+000 0.000000000e+000 -1.021020594e-005 7.000000000e-001 7.000000000e-001 1.021020594e-005 
d 1.000000000e+001 1.000000000e+001 0.000000000e+000 0.000000000e+000 0.000000000e+000 -3.254174842e-005 7.500000000e-001 7.500000000e-001 3.254174842e-005 
d 1.000000000e+001 1.000000000e+001 0.000000000e+000 0.000000000e+000 0.000000000e+000 -5.413448323e-005 7.750000000e-001 7.750000000e-001 5.413448323e-005 
d 1.000000000e+001 1.000000000e+001 0.000000000e+000 0.000000000e+000 0.000000000e+000 -8.607633512e-005 8.000000000e-001 8.000000000e-001 8.607633512e-005 
d 1.000000000e+001 1.000000000e+001 0.000000000e+000 0.000000000e+000 0.000000000e+000 -1.881243796e-004 8.500000000e-001 8.500000000e-001 1.881243796e-004 
d 1.000000000e+001 1.000000000e+001 0.000000000e+000 0.000000000e+000 0.000000000e+000 -7.450641352e-004 1.000000000e+000 1.000000000e+000 7.450641352e-004 
d 1.000000000e+001 1.000000000e+001 0.000000000e+000 0.000000000e+000 0.000000000e+000 -2.050016578e-003 1.250000000e+000 1.250000000e+000 2.050016578e-003 
d 1.000000000e+001 1.000000000e+001 0.000000000e+000 0.000000000e+000 0.000000000e+000 -3.532788208e-003 1.500000000e+000 1.500000000e+000 3.532788208e-003 
d 1.000000000e+001 1.000000000e+001 0.000000000e+000 0.000000000e+000 0.000000000e+000 -5.083294228e-003 1.750000000e+000 1.750000000e+000 5.083294228e-003 
d 1.000000000e+001 1.000000000e+001 0.000000000e+000 0.000000000e+000 0.000000000e+000 -6.662265240e-003 2.000000000e+000 2.000000000e+000 6.662265240e-003 
d 1.000000000e+001 1.000000000e+001 0.000000000e+000 0.000000000e+000 0.000000000e+000 -8.252856288e-003 2.250000000e+000 2.250000000e+000 8.252856288e-003 
d 1.000000000e+001 1.000000000e+001 0.000000000e+000 0.000000000e+000 0.000000000e+000 -9.847122523e-003 2.500000000e+000 2.500000000e+000 9.847122523e-003 
d 1.000000000e+001 1.000000000e+001 0.000000000e+000 0.000000000e+000 0.000000000e+000 -1.144480733e-002 2.750000000e+000 2.750000000e+000 1.144480733e-002 
d 1.000000000e+001 1.000000000e+001 0.000000000e+000 0.000000000e+000 0.000000000e+000 -1.309722381e-002 3.000000000e+000 3.000000000e+000 1.309722381e-002 
