v ATLAS
# This file was created by ATLAS version 5.18.3.R on Sun Mar 03 21:20:46 2013.
#SSF 2.0 generic
##############################################################################
#                    Copyright © 1984 - 2012                                 #
#                    Silvaco Inc. All rights reserved                        #
#                                                                            #
# This file format and the following Key are copyright Silvaco Inc.          #
# You may not use, this format or key without reproducing this message in    #
# full and obtaining express written permission from Silvaco Inc.            #
#                                                                            #
# To obtain such permission please contact: Silvaco Inc.                     #
#                                           support@silvaco.com              #
#                                                                            #
# KEY=SVC86hn7562asdx                       PROD=345                         #
##############################################################################
y 1 15
z 300
f 2 "anode" "cathode" 
o 1 hall1
o 2 hall2
o 3 reference
p 9 2 601 20 3 602 21 3000 3001 3002 
d 0.000000000e+000 0.000000000e+000 1.883213328e-018 0.000000000e+000 0.000000000e+000 2.054414540e-018 5.261841469e-001 5.261841469e-001 5.261841469e-001 
d 5.000000000e-002 5.000000000e-002 3.082429067e-003 0.000000000e+000 0.000000000e+000 -3.082429067e-003 5.621402778e-001 5.402295512e-001 5.511843696e-001 
d 1.000000000e-001 1.000000000e-001 6.160680328e-003 0.000000000e+000 0.000000000e+000 -6.160680328e-003 5.980905457e-001 5.542899852e-001 5.761859135e-001 
d 1.500000000e-001 1.500000000e-001 9.230621427e-003 0.000000000e+000 0.000000000e+000 -9.230621427e-003 6.340290362e-001 5.683802650e-001 6.011899989e-001 
d 2.000000000e-001 2.000000000e-001 1.228821398e-002 0.000000000e+000 0.000000000e+000 -1.228821398e-002 6.699496895e-001 5.825147247e-001 6.261975793e-001 
d 2.500000000e-001 2.500000000e-001 1.532956206e-002 0.000000000e+000 0.000000000e+000 -1.532956206e-002 7.058461982e-001 5.967069357e-001 6.512091600e-001 
d 3.000000000e-001 3.000000000e-001 1.835095266e-002 0.000000000e+000 0.000000000e+000 -1.835095266e-002 7.417119714e-001 6.109695060e-001 6.762247071e-001 
d 3.500000000e-001 3.500000000e-001 2.134888400e-002 0.000000000e+000 0.000000000e+000 -2.134888400e-002 7.775401879e-001 6.253139978e-001 7.012436806e-001 
d 4.000000000e-001 4.000000000e-001 2.432008408e-002 0.000000000e+000 0.000000000e+000 -2.432008408e-002 8.133238948e-001 6.397509144e-001 7.262651320e-001 
d 4.500000000e-001 4.500000000e-001 2.726152293e-002 0.000000000e+000 0.000000000e+000 -2.726152293e-002 8.490561009e-001 6.542897016e-001 7.512877949e-001 
d 5.000000000e-001 5.000000000e-001 3.017041980e-002 0.000000000e+000 0.000000000e+000 -3.017041980e-002 8.847298482e-001 6.689387446e-001 7.763101477e-001 
d 5.500000000e-001 5.500000000e-001 3.304424619e-002 0.000000000e+000 0.000000000e+000 -3.304424619e-002 9.203382624e-001 6.837053609e-001 8.013304502e-001 
d 6.000000000e-001 6.000000000e-001 3.588072534e-002 0.000000000e+000 0.000000000e+000 -3.588072534e-002 9.558745911e-001 6.985957987e-001 8.263467670e-001 
d 6.500000000e-001 6.500000000e-001 3.867782867e-002 0.000000000e+000 0.000000000e+000 -3.867782867e-002 9.913322391e-001 7.136152470e-001 8.513569891e-001 
d 7.000000000e-001 7.000000000e-001 4.143376956e-002 0.000000000e+000 0.000000000e+000 -4.143376956e-002 1.026704802e+000 7.287678601e-001 8.763588579e-001 
d 7.500000000e-001 7.500000000e-001 4.414699454e-002 0.000000000e+000 0.000000000e+000 -4.414699454e-002 1.061986097e+000 7.440567957e-001 9.013499913e-001 
d 8.000000000e-001 8.000000000e-001 4.681617290e-002 0.000000000e+000 0.000000000e+000 -4.681617290e-002 1.097170194e+000 7.594842639e-001 9.263279132e-001 
d 8.500000000e-001 8.500000000e-001 4.944018457e-002 0.000000000e+000 0.000000000e+000 -4.944018457e-002 1.132251448e+000 7.750515898e-001 9.512900878e-001 
d 9.000000000e-001 9.000000000e-001 5.201810687e-002 0.000000000e+000 0.000000000e+000 -5.201810687e-002 1.167224522e+000 7.907592816e-001 9.762339530e-001 
d 9.500000000e-001 9.500000000e-001 5.454920087e-002 0.000000000e+000 0.000000000e+000 -5.454920087e-002 1.202084413e+000 8.066071054e-001 1.001156955e+000 
d 1.000000000e+000 1.000000000e+000 5.703289741e-002 0.000000000e+000 0.000000000e+000 -5.703289741e-002 1.236826477e+000 8.225941654e-001 1.026056584e+000 
