v ATLAS
# This file was created by ATLAS version 5.18.3.R on Mon Feb 25 23:45:45 2013.
#SSF 2.0 generic
##############################################################################
#                    Copyright © 1984 - 2012                                 #
#                    Silvaco Inc. All rights reserved                        #
#                                                                            #
# This file format and the following Key are copyright Silvaco Inc.          #
# You may not use, this format or key without reproducing this message in    #
# full and obtaining express written permission from Silvaco Inc.            #
#                                                                            #
# To obtain such permission please contact: Silvaco Inc.                     #
#                                           support@silvaco.com              #
#                                                                            #
# KEY=SVC86hn7562asdx                       PROD=345                         #
##############################################################################
y 1 15
z 300
f 3 "emitter" "base" "collector" 
p 9 2 601 20 3 602 21 4 603 22 
d 0.000000000e+000 0.000000000e+000 -8.321382000e-016 2.500000000e-002 2.500000000e-002 1.757492904e-011 2.000000000e+000 2.000000000e+000 8.820790519e-015 
d 0.000000000e+000 0.000000000e+000 -2.075341679e-015 5.000000000e-002 5.000000000e-002 -6.782306465e-015 2.000000000e+000 2.000000000e+000 8.793026061e-015 
d 0.000000000e+000 0.000000000e+000 -3.966922686e-015 7.500000000e-002 7.500000000e-002 -4.737632538e-015 2.000000000e+000 2.000000000e+000 8.789331719e-015 
d 0.000000000e+000 0.000000000e+000 -6.801060389e-015 1.000000000e-001 1.000000000e-001 -2.074935016e-015 2.000000000e+000 2.000000000e+000 8.838947026e-015 
d 0.000000000e+000 0.000000000e+000 -1.109599561e-014 1.250000000e-001 1.250000000e-001 2.038288448e-015 2.000000000e+000 2.000000000e+000 9.019530779e-015 
d 0.000000000e+000 0.000000000e+000 -1.785829483e-014 1.500000000e-001 1.500000000e-001 8.220175354e-015 2.000000000e+000 2.000000000e+000 9.531262588e-015 
d 0.000000000e+000 0.000000000e+000 -2.876733160e-014 1.750000000e-001 1.750000000e-001 1.779236923e-014 2.000000000e+000 2.000000000e+000 1.087251180e-014 
d 0.000000000e+000 0.000000000e+000 -4.703259052e-014 2.000000000e-001 2.000000000e-001 3.274447366e-014 2.000000000e+000 2.000000000e+000 1.429729859e-014 
d 0.000000000e+000 0.000000000e+000 -7.890890037e-014 2.250000000e-001 2.250000000e-001 5.583180209e-014 2.000000000e+000 2.000000000e+000 2.295125780e-014 
d 0.000000000e+000 0.000000000e+000 -1.376622681e-013 2.500000000e-001 2.500000000e-001 9.292145859e-014 2.000000000e+000 2.000000000e+000 4.475857923e-014 
d 0.000000000e+000 0.000000000e+000 -2.519104485e-013 2.750000000e-001 2.750000000e-001 1.520519767e-013 2.000000000e+000 2.000000000e+000 9.968092659e-014 
d 0.000000000e+000 0.000000000e+000 -4.868296399e-013 3.000000000e-001 3.000000000e-001 2.487899709e-013 2.000000000e+000 2.000000000e+000 2.380297085e-013 
d 0.000000000e+000 0.000000000e+000 -9.947866217e-013 3.250000000e-001 3.250000000e-001 4.080696336e-013 2.000000000e+000 2.000000000e+000 5.867095839e-013 
d 0.000000000e+000 0.000000000e+000 -2.140189801e-012 3.500000000e-001 3.500000000e-001 6.742326299e-013 2.000000000e+000 2.000000000e+000 1.465947197e-012 
d 0.000000000e+000 0.000000000e+000 -4.809378408e-012 3.750000000e-001 3.750000000e-001 1.124960892e-012 2.000000000e+000 2.000000000e+000 3.684302413e-012 
d 0.000000000e+000 0.000000000e+000 -1.118324854e-011 4.000000000e-001 4.000000000e-001 1.899020788e-012 2.000000000e+000 2.000000000e+000 9.284229727e-012 
d 0.000000000e+000 0.000000000e+000 -2.667327017e-011 4.250000000e-001 4.250000000e-001 3.246065754e-012 2.000000000e+000 2.000000000e+000 2.342729677e-011 
d 0.000000000e+000 0.000000000e+000 -6.478579037e-011 4.500000000e-001 4.500000000e-001 5.623359712e-012 2.000000000e+000 2.000000000e+000 5.916241162e-011 
d 0.000000000e+000 0.000000000e+000 -1.593692932e-010 4.750000000e-001 4.750000000e-001 9.881434143e-012 2.000000000e+000 2.000000000e+000 1.494879362e-010 
d 0.000000000e+000 0.000000000e+000 -3.954946437e-010 5.000000000e-001 5.000000000e-001 1.762911818e-011 2.000000000e+000 2.000000000e+000 3.778655116e-010 
d 0.000000000e+000 0.000000000e+000 -9.873784793e-010 5.250000000e-001 5.250000000e-001 3.197869699e-011 2.000000000e+000 2.000000000e+000 9.553997604e-010 
d 0.000000000e+000 0.000000000e+000 -2.475091061e-009 5.500000000e-001 5.500000000e-001 5.910249499e-011 2.000000000e+000 2.000000000e+000 2.415988655e-009 
d 0.000000000e+000 0.000000000e+000 -6.221124508e-009 5.750000000e-001 5.750000000e-001 1.116027311e-010 2.000000000e+000 2.000000000e+000 6.109521665e-009 
d 0.000000000e+000 0.000000000e+000 -1.566350037e-008 6.000000000e-001 6.000000000e-001 2.160498384e-010 2.000000000e+000 2.000000000e+000 1.544745064e-008 
d 0.000000000e+000 0.000000000e+000 -3.947567476e-008 6.250000000e-001 6.250000000e-001 4.303826883e-010 2.000000000e+000 2.000000000e+000 3.904529199e-008 
d 0.000000000e+000 0.000000000e+000 -9.952379385e-008 6.500000000e-001 6.500000000e-001 8.852467250e-010 2.000000000e+000 2.000000000e+000 9.863854714e-008 
d 0.000000000e+000 0.000000000e+000 -2.508543644e-007 6.750000000e-001 6.750000000e-001 1.884526036e-009 2.000000000e+000 2.000000000e+000 2.489698383e-007 
d 0.000000000e+000 0.000000000e+000 -6.316614230e-007 7.000000000e-001 7.000000000e-001 4.154275374e-009 2.000000000e+000 2.000000000e+000 6.275071476e-007 
d 0.000000000e+000 0.000000000e+000 -1.587006054e-006 7.250000000e-001 7.250000000e-001 9.465680484e-009 2.000000000e+000 2.000000000e+000 1.577540373e-006 
d 0.000000000e+000 0.000000000e+000 -3.968971125e-006 7.500000000e-001 7.500000000e-001 2.219538510e-008 2.000000000e+000 2.000000000e+000 3.946775740e-006 
d 0.000000000e+000 0.000000000e+000 -9.832557506e-006 7.750000000e-001 7.750000000e-001 5.317278427e-008 2.000000000e+000 2.000000000e+000 9.779384722e-006 
d 0.000000000e+000 0.000000000e+000 -2.388805880e-005 8.000000000e-001 8.000000000e-001 1.287094857e-007 2.000000000e+000 2.000000000e+000 2.375934931e-005 
d 0.000000000e+000 0.000000000e+000 -5.584389233e-005 8.250000000e-001 8.250000000e-001 3.093860017e-007 2.000000000e+000 2.000000000e+000 5.553450632e-005 
d 0.000000000e+000 0.000000000e+000 -1.220429455e-004 8.500000000e-001 8.500000000e-001 7.202583854e-007 2.000000000e+000 2.000000000e+000 1.213226872e-004 
d 0.000000000e+000 0.000000000e+000 -2.421907410e-004 8.750000000e-001 8.750000000e-001 1.583778499e-006 2.000000000e+000 2.000000000e+000 2.406069625e-004 
d 0.000000000e+000 0.000000000e+000 -4.208821509e-004 9.000000000e-001 9.000000000e-001 3.290958475e-006 2.000000000e+000 2.000000000e+000 4.175911924e-004 
d 0.000000000e+000 0.000000000e+000 -5.277600806e-004 9.125000000e-001 9.125000000e-001 4.635163864e-006 2.000000000e+000 2.000000000e+000 5.231249168e-004 
d 0.000000000e+000 0.000000000e+000 -6.442702701e-004 9.250000000e-001 9.250000000e-001 6.402457476e-006 2.000000000e+000 2.000000000e+000 6.378678127e-004 
d 0.000000000e+000 0.000000000e+000 -9.030409935e-004 9.500000000e-001 9.500000000e-001 1.153417447e-005 2.000000000e+000 2.000000000e+000 8.915068190e-004 
d 0.000000000e+000 0.000000000e+000 -1.205711307e-003 9.750000000e-001 9.750000000e-001 1.973534156e-005 2.000000000e+000 2.000000000e+000 1.185975966e-003 
d 0.000000000e+000 0.000000000e+000 -1.577564673e-003 1.000000000e+000 1.000000000e+000 3.318262029e-005 2.000000000e+000 2.000000000e+000 1.544382053e-003 
