v ATLAS
# This file was created by ATLAS version 5.16.3.R on Sun Sep 01 20:41:30 2013.
#SSF 2.0 generic
##############################################################################
#                    Copyright © 1984 - 2010                                 #
#                    Silvaco Inc. All rights reserved                        #
#                                                                            #
# This file format and the following Key are copyright Silvaco Inc.          #
# You may not use, this format or key without reproducing this message in    #
# full and obtaining express written permission from Silvaco Inc.            #
#                                                                            #
# To obtain such permission please contact: Silvaco Inc.                     #
#                                           support@silvaco.com              #
#                                                                            #
# KEY=SVC86hn7562asdx                       PROD=345                         #
##############################################################################
y 3 700 711 15
z 0.35 0.002 300
f 3 source gate drain 
p 9 2 601 20 3 602 21 4 603 22 
d 0.000000000e+000 0.000000000e+000 -3.004409908e-002 -2.000000000e+000 -2.000000000e+000 0.000000000e+000 1.000000000e-001 1.000000000e-001 3.004409908e-002 
d 0.000000000e+000 0.000000000e+000 -5.801088456e-002 -2.000000000e+000 -2.000000000e+000 0.000000000e+000 2.000000000e-001 2.000000000e-001 5.801088456e-002 
d 0.000000000e+000 0.000000000e+000 -8.378270932e-002 -2.000000000e+000 -2.000000000e+000 0.000000000e+000 3.000000000e-001 3.000000000e-001 8.378270932e-002 
d 0.000000000e+000 0.000000000e+000 -1.074887791e-001 -2.000000000e+000 -2.000000000e+000 0.000000000e+000 4.000000000e-001 4.000000000e-001 1.074887791e-001 
d 0.000000000e+000 0.000000000e+000 -1.292785018e-001 -2.000000000e+000 -2.000000000e+000 0.000000000e+000 5.000000000e-001 5.000000000e-001 1.292785018e-001 
d 0.000000000e+000 0.000000000e+000 -1.493398249e-001 -2.000000000e+000 -2.000000000e+000 0.000000000e+000 6.000000000e-001 6.000000000e-001 1.493398249e-001 
d 0.000000000e+000 0.000000000e+000 -1.677422755e-001 -2.000000000e+000 -2.000000000e+000 0.000000000e+000 7.000000000e-001 7.000000000e-001 1.677422755e-001 
d 0.000000000e+000 0.000000000e+000 -1.844685910e-001 -2.000000000e+000 -2.000000000e+000 0.000000000e+000 8.000000000e-001 8.000000000e-001 1.844685910e-001 
d 0.000000000e+000 0.000000000e+000 -1.995412646e-001 -2.000000000e+000 -2.000000000e+000 0.000000000e+000 9.000000000e-001 9.000000000e-001 1.995412646e-001 
d 0.000000000e+000 0.000000000e+000 -2.129856941e-001 -2.000000000e+000 -2.000000000e+000 0.000000000e+000 1.000000000e+000 1.000000000e+000 2.129856941e-001 
d 0.000000000e+000 0.000000000e+000 -2.248167616e-001 -2.000000000e+000 -2.000000000e+000 0.000000000e+000 1.100000000e+000 1.100000000e+000 2.248167616e-001 
d 0.000000000e+000 0.000000000e+000 -2.350429988e-001 -2.000000000e+000 -2.000000000e+000 0.000000000e+000 1.200000000e+000 1.200000000e+000 2.350429988e-001 
d 0.000000000e+000 0.000000000e+000 -2.436710040e-001 -2.000000000e+000 -2.000000000e+000 0.000000000e+000 1.300000000e+000 1.300000000e+000 2.436710040e-001 
d 0.000000000e+000 0.000000000e+000 -2.507060456e-001 -2.000000000e+000 -2.000000000e+000 0.000000000e+000 1.400000000e+000 1.400000000e+000 2.507060456e-001 
d 0.000000000e+000 0.000000000e+000 -2.561465190e-001 -2.000000000e+000 -2.000000000e+000 0.000000000e+000 1.500000000e+000 1.500000000e+000 2.561465190e-001 
d 0.000000000e+000 0.000000000e+000 -2.599318530e-001 -2.000000000e+000 -2.000000000e+000 0.000000000e+000 1.600000000e+000 1.600000000e+000 2.599318530e-001 
d 0.000000000e+000 0.000000000e+000 -2.618052221e-001 -2.000000000e+000 -2.000000000e+000 0.000000000e+000 1.700000000e+000 1.700000000e+000 2.618052221e-001 
d 0.000000000e+000 0.000000000e+000 -2.614950507e-001 -2.000000000e+000 -2.000000000e+000 0.000000000e+000 1.800000000e+000 1.800000000e+000 2.614950507e-001 
d 0.000000000e+000 0.000000000e+000 -2.608604267e-001 -2.000000000e+000 -2.000000000e+000 0.000000000e+000 1.900000000e+000 1.900000000e+000 2.608604267e-001 
d 0.000000000e+000 0.000000000e+000 -2.610085935e-001 -2.000000000e+000 -2.000000000e+000 0.000000000e+000 2.000000000e+000 2.000000000e+000 2.610085935e-001 
d 0.000000000e+000 0.000000000e+000 -2.615404886e-001 -2.000000000e+000 -2.000000000e+000 0.000000000e+000 2.100000000e+000 2.100000000e+000 2.615404886e-001 
d 0.000000000e+000 0.000000000e+000 -2.621858646e-001 -2.000000000e+000 -2.000000000e+000 0.000000000e+000 2.200000000e+000 2.200000000e+000 2.621858646e-001 
d 0.000000000e+000 0.000000000e+000 -2.628283310e-001 -2.000000000e+000 -2.000000000e+000 0.000000000e+000 2.300000000e+000 2.300000000e+000 2.628283310e-001 
d 0.000000000e+000 0.000000000e+000 -2.634239506e-001 -2.000000000e+000 -2.000000000e+000 0.000000000e+000 2.400000000e+000 2.400000000e+000 2.634239506e-001 
d 0.000000000e+000 0.000000000e+000 -2.639570241e-001 -2.000000000e+000 -2.000000000e+000 0.000000000e+000 2.500000000e+000 2.500000000e+000 2.639570241e-001 
d 0.000000000e+000 0.000000000e+000 -2.644227584e-001 -2.000000000e+000 -2.000000000e+000 0.000000000e+000 2.600000000e+000 2.600000000e+000 2.644227584e-001 
d 0.000000000e+000 0.000000000e+000 -2.648237615e-001 -2.000000000e+000 -2.000000000e+000 0.000000000e+000 2.700000000e+000 2.700000000e+000 2.648237615e-001 
d 0.000000000e+000 0.000000000e+000 -2.651633354e-001 -2.000000000e+000 -2.000000000e+000 0.000000000e+000 2.800000000e+000 2.800000000e+000 2.651633354e-001 
d 0.000000000e+000 0.000000000e+000 -2.654472788e-001 -2.000000000e+000 -2.000000000e+000 0.000000000e+000 2.900000000e+000 2.900000000e+000 2.654472788e-001 
d 0.000000000e+000 0.000000000e+000 -2.656805768e-001 -2.000000000e+000 -2.000000000e+000 0.000000000e+000 3.000000000e+000 3.000000000e+000 2.656805768e-001 
d 0.000000000e+000 0.000000000e+000 -2.658675999e-001 -2.000000000e+000 -2.000000000e+000 0.000000000e+000 3.100000000e+000 3.100000000e+000 2.658675999e-001 
d 0.000000000e+000 0.000000000e+000 -2.660126295e-001 -2.000000000e+000 -2.000000000e+000 0.000000000e+000 3.200000000e+000 3.200000000e+000 2.660126295e-001 
d 0.000000000e+000 0.000000000e+000 -2.661187796e-001 -2.000000000e+000 -2.000000000e+000 0.000000000e+000 3.300000000e+000 3.300000000e+000 2.661187796e-001 
d 0.000000000e+000 0.000000000e+000 -2.661938543e-001 -2.000000000e+000 -2.000000000e+000 0.000000000e+000 3.400000000e+000 3.400000000e+000 2.661938543e-001 
d 0.000000000e+000 0.000000000e+000 -2.662427814e-001 -2.000000000e+000 -2.000000000e+000 0.000000000e+000 3.500000000e+000 3.500000000e+000 2.662427814e-001 
d 0.000000000e+000 0.000000000e+000 -2.662732093e-001 -2.000000000e+000 -2.000000000e+000 0.000000000e+000 3.600000000e+000 3.600000000e+000 2.662732093e-001 
d 0.000000000e+000 0.000000000e+000 -2.662924298e-001 -2.000000000e+000 -2.000000000e+000 0.000000000e+000 3.700000000e+000 3.700000000e+000 2.662924298e-001 
d 0.000000000e+000 0.000000000e+000 -2.663053852e-001 -2.000000000e+000 -2.000000000e+000 0.000000000e+000 3.800000000e+000 3.800000000e+000 2.663053852e-001 
d 0.000000000e+000 0.000000000e+000 -2.663134307e-001 -2.000000000e+000 -2.000000000e+000 0.000000000e+000 3.900000000e+000 3.900000000e+000 2.663134307e-001 
d 0.000000000e+000 0.000000000e+000 -2.663115595e-001 -2.000000000e+000 -2.000000000e+000 0.000000000e+000 4.000000000e+000 4.000000000e+000 2.663115595e-001 
d 0.000000000e+000 0.000000000e+000 -2.663073243e-001 -2.000000000e+000 -2.000000000e+000 0.000000000e+000 4.100000000e+000 4.100000000e+000 2.663073243e-001 
d 0.000000000e+000 0.000000000e+000 -2.663153375e-001 -2.000000000e+000 -2.000000000e+000 0.000000000e+000 4.200000000e+000 4.200000000e+000 2.663153375e-001 
d 0.000000000e+000 0.000000000e+000 -2.663259626e-001 -2.000000000e+000 -2.000000000e+000 0.000000000e+000 4.300000000e+000 4.300000000e+000 2.663259626e-001 
d 0.000000000e+000 0.000000000e+000 -2.663365504e-001 -2.000000000e+000 -2.000000000e+000 0.000000000e+000 4.400000000e+000 4.400000000e+000 2.663365504e-001 
d 0.000000000e+000 0.000000000e+000 -2.663467384e-001 -2.000000000e+000 -2.000000000e+000 0.000000000e+000 4.500000000e+000 4.500000000e+000 2.663467384e-001 
d 0.000000000e+000 0.000000000e+000 -2.663565442e-001 -2.000000000e+000 -2.000000000e+000 0.000000000e+000 4.600000000e+000 4.600000000e+000 2.663565442e-001 
d 0.000000000e+000 0.000000000e+000 -2.663654438e-001 -2.000000000e+000 -2.000000000e+000 0.000000000e+000 4.700000000e+000 4.700000000e+000 2.663654438e-001 
d 0.000000000e+000 0.000000000e+000 -2.663728268e-001 -2.000000000e+000 -2.000000000e+000 0.000000000e+000 4.800000000e+000 4.800000000e+000 2.663728268e-001 
d 0.000000000e+000 0.000000000e+000 -2.663782296e-001 -2.000000000e+000 -2.000000000e+000 0.000000000e+000 4.900000000e+000 4.900000000e+000 2.663782296e-001 
d 0.000000000e+000 0.000000000e+000 -2.663791843e-001 -2.000000000e+000 -2.000000000e+000 0.000000000e+000 5.000000000e+000 5.000000000e+000 2.663791843e-001 
