v ATLAS
# This file was created by ATLAS version 5.16.3.R on Sun Sep 01 20:40:26 2013.
#SSF 2.0 generic
##############################################################################
#                    Copyright © 1984 - 2010                                 #
#                    Silvaco Inc. All rights reserved                        #
#                                                                            #
# This file format and the following Key are copyright Silvaco Inc.          #
# You may not use, this format or key without reproducing this message in    #
# full and obtaining express written permission from Silvaco Inc.            #
#                                                                            #
# To obtain such permission please contact: Silvaco Inc.                     #
#                                           support@silvaco.com              #
#                                                                            #
# KEY=SVC86hn7562asdx                       PROD=345                         #
##############################################################################
y 3 700 711 15
z 0.35 0.002 300
f 3 source gate drain 
p 9 2 601 20 3 602 21 4 603 22 
d 0.000000000e+000 0.000000000e+000 -3.360984148e-002 0.000000000e+000 0.000000000e+000 0.000000000e+000 1.000000000e-001 1.000000000e-001 3.360984148e-002 
d 0.000000000e+000 0.000000000e+000 -6.528270089e-002 0.000000000e+000 0.000000000e+000 0.000000000e+000 2.000000000e-001 2.000000000e-001 6.528270089e-002 
d 0.000000000e+000 0.000000000e+000 -9.481790526e-002 0.000000000e+000 0.000000000e+000 0.000000000e+000 3.000000000e-001 3.000000000e-001 9.481790526e-002 
d 0.000000000e+000 0.000000000e+000 -1.223896355e-001 0.000000000e+000 0.000000000e+000 0.000000000e+000 4.000000000e-001 4.000000000e-001 1.223896355e-001 
d 0.000000000e+000 0.000000000e+000 -1.483621129e-001 0.000000000e+000 0.000000000e+000 0.000000000e+000 5.000000000e-001 5.000000000e-001 1.483621129e-001 
d 0.000000000e+000 0.000000000e+000 -1.729683894e-001 0.000000000e+000 0.000000000e+000 0.000000000e+000 6.000000000e-001 6.000000000e-001 1.729683894e-001 
d 0.000000000e+000 0.000000000e+000 -1.961392349e-001 0.000000000e+000 0.000000000e+000 0.000000000e+000 7.000000000e-001 7.000000000e-001 1.961392349e-001 
d 0.000000000e+000 0.000000000e+000 -2.179180526e-001 0.000000000e+000 0.000000000e+000 0.000000000e+000 8.000000000e-001 8.000000000e-001 2.179180526e-001 
d 0.000000000e+000 0.000000000e+000 -2.383628620e-001 0.000000000e+000 0.000000000e+000 0.000000000e+000 9.000000000e-001 9.000000000e-001 2.383628620e-001 
d 0.000000000e+000 0.000000000e+000 -2.575274876e-001 0.000000000e+000 0.000000000e+000 0.000000000e+000 1.000000000e+000 1.000000000e+000 2.575274876e-001 
d 0.000000000e+000 0.000000000e+000 -2.754616392e-001 0.000000000e+000 0.000000000e+000 0.000000000e+000 1.100000000e+000 1.100000000e+000 2.754616392e-001 
d 0.000000000e+000 0.000000000e+000 -2.922123205e-001 0.000000000e+000 0.000000000e+000 0.000000000e+000 1.200000000e+000 1.200000000e+000 2.922123205e-001 
d 0.000000000e+000 0.000000000e+000 -3.078253129e-001 0.000000000e+000 0.000000000e+000 0.000000000e+000 1.300000000e+000 1.300000000e+000 3.078253129e-001 
d 0.000000000e+000 0.000000000e+000 -3.223415803e-001 0.000000000e+000 0.000000000e+000 0.000000000e+000 1.400000000e+000 1.400000000e+000 3.223415803e-001 
d 0.000000000e+000 0.000000000e+000 -3.357901764e-001 0.000000000e+000 0.000000000e+000 0.000000000e+000 1.500000000e+000 1.500000000e+000 3.357901764e-001 
d 0.000000000e+000 0.000000000e+000 -3.482137141e-001 0.000000000e+000 0.000000000e+000 0.000000000e+000 1.600000000e+000 1.600000000e+000 3.482137141e-001 
d 0.000000000e+000 0.000000000e+000 -3.596637335e-001 0.000000000e+000 0.000000000e+000 0.000000000e+000 1.700000000e+000 1.700000000e+000 3.596637335e-001 
d 0.000000000e+000 0.000000000e+000 -3.701718456e-001 0.000000000e+000 0.000000000e+000 0.000000000e+000 1.800000000e+000 1.800000000e+000 3.701718456e-001 
d 0.000000000e+000 0.000000000e+000 -3.797662916e-001 0.000000000e+000 0.000000000e+000 0.000000000e+000 1.900000000e+000 1.900000000e+000 3.797662916e-001 
d 0.000000000e+000 0.000000000e+000 -3.885052130e-001 0.000000000e+000 0.000000000e+000 0.000000000e+000 2.000000000e+000 2.000000000e+000 3.885052130e-001 
d 0.000000000e+000 0.000000000e+000 -3.964168764e-001 0.000000000e+000 0.000000000e+000 0.000000000e+000 2.100000000e+000 2.100000000e+000 3.964168764e-001 
d 0.000000000e+000 0.000000000e+000 -4.035363155e-001 0.000000000e+000 0.000000000e+000 0.000000000e+000 2.200000000e+000 2.200000000e+000 4.035363155e-001 
d 0.000000000e+000 0.000000000e+000 -4.099018512e-001 0.000000000e+000 0.000000000e+000 0.000000000e+000 2.300000000e+000 2.300000000e+000 4.099018512e-001 
d 0.000000000e+000 0.000000000e+000 -4.155435368e-001 0.000000000e+000 0.000000000e+000 0.000000000e+000 2.400000000e+000 2.400000000e+000 4.155435368e-001 
d 0.000000000e+000 0.000000000e+000 -4.205061155e-001 0.000000000e+000 0.000000000e+000 0.000000000e+000 2.500000000e+000 2.500000000e+000 4.205061155e-001 
d 0.000000000e+000 0.000000000e+000 -4.248376617e-001 0.000000000e+000 0.000000000e+000 0.000000000e+000 2.600000000e+000 2.600000000e+000 4.248376617e-001 
d 0.000000000e+000 0.000000000e+000 -4.285731069e-001 0.000000000e+000 0.000000000e+000 0.000000000e+000 2.700000000e+000 2.700000000e+000 4.285731069e-001 
d 0.000000000e+000 0.000000000e+000 -4.317472070e-001 0.000000000e+000 0.000000000e+000 0.000000000e+000 2.800000000e+000 2.800000000e+000 4.317472070e-001 
d 0.000000000e+000 0.000000000e+000 -4.343929849e-001 0.000000000e+000 0.000000000e+000 0.000000000e+000 2.900000000e+000 2.900000000e+000 4.343929849e-001 
d 0.000000000e+000 0.000000000e+000 -4.365497712e-001 0.000000000e+000 0.000000000e+000 0.000000000e+000 3.000000000e+000 3.000000000e+000 4.365497712e-001 
d 0.000000000e+000 0.000000000e+000 -4.382574637e-001 0.000000000e+000 0.000000000e+000 0.000000000e+000 3.100000000e+000 3.100000000e+000 4.382574637e-001 
d 0.000000000e+000 0.000000000e+000 -4.395635162e-001 0.000000000e+000 0.000000000e+000 0.000000000e+000 3.200000000e+000 3.200000000e+000 4.395635162e-001 
d 0.000000000e+000 0.000000000e+000 -4.405188015e-001 0.000000000e+000 0.000000000e+000 0.000000000e+000 3.300000000e+000 3.300000000e+000 4.405188015e-001 
d 0.000000000e+000 0.000000000e+000 -4.411912009e-001 0.000000000e+000 0.000000000e+000 0.000000000e+000 3.400000000e+000 3.400000000e+000 4.411912009e-001 
d 0.000000000e+000 0.000000000e+000 -4.416531824e-001 0.000000000e+000 0.000000000e+000 0.000000000e+000 3.500000000e+000 3.500000000e+000 4.416531824e-001 
d 0.000000000e+000 0.000000000e+000 -4.419635412e-001 0.000000000e+000 0.000000000e+000 0.000000000e+000 3.600000000e+000 3.600000000e+000 4.419635412e-001 
d 0.000000000e+000 0.000000000e+000 -4.421430067e-001 0.000000000e+000 0.000000000e+000 0.000000000e+000 3.700000000e+000 3.700000000e+000 4.421430067e-001 
d 0.000000000e+000 0.000000000e+000 -4.415259996e-001 0.000000000e+000 0.000000000e+000 0.000000000e+000 3.800000000e+000 3.800000000e+000 4.415259996e-001 
d 0.000000000e+000 0.000000000e+000 -4.412043080e-001 0.000000000e+000 0.000000000e+000 0.000000000e+000 3.900000000e+000 3.900000000e+000 4.412043080e-001 
d 0.000000000e+000 0.000000000e+000 -4.413373607e-001 0.000000000e+000 0.000000000e+000 0.000000000e+000 4.000000000e+000 4.000000000e+000 4.413373607e-001 
d 0.000000000e+000 0.000000000e+000 -4.415404572e-001 0.000000000e+000 0.000000000e+000 0.000000000e+000 4.100000000e+000 4.100000000e+000 4.415404572e-001 
d 0.000000000e+000 0.000000000e+000 -4.417599240e-001 0.000000000e+000 0.000000000e+000 0.000000000e+000 4.200000000e+000 4.200000000e+000 4.417599240e-001 
d 0.000000000e+000 0.000000000e+000 -4.419820988e-001 0.000000000e+000 0.000000000e+000 0.000000000e+000 4.300000000e+000 4.300000000e+000 4.419820988e-001 
d 0.000000000e+000 0.000000000e+000 -4.422076061e-001 0.000000000e+000 0.000000000e+000 0.000000000e+000 4.400000000e+000 4.400000000e+000 4.422076061e-001 
d 0.000000000e+000 0.000000000e+000 -4.424274041e-001 0.000000000e+000 0.000000000e+000 0.000000000e+000 4.500000000e+000 4.500000000e+000 4.424274041e-001 
d 0.000000000e+000 0.000000000e+000 -4.426215862e-001 0.000000000e+000 0.000000000e+000 0.000000000e+000 4.600000000e+000 4.600000000e+000 4.426215862e-001 
d 0.000000000e+000 0.000000000e+000 -4.427770713e-001 0.000000000e+000 0.000000000e+000 0.000000000e+000 4.700000000e+000 4.700000000e+000 4.427770713e-001 
d 0.000000000e+000 0.000000000e+000 -4.428783091e-001 0.000000000e+000 0.000000000e+000 0.000000000e+000 4.800000000e+000 4.800000000e+000 4.428783091e-001 
d 0.000000000e+000 0.000000000e+000 -4.428200480e-001 0.000000000e+000 0.000000000e+000 0.000000000e+000 4.900000000e+000 4.900000000e+000 4.428200480e-001 
d 0.000000000e+000 0.000000000e+000 -4.418088649e-001 0.000000000e+000 0.000000000e+000 0.000000000e+000 5.000000000e+000 5.000000000e+000 4.418088649e-001 
