v ATLAS
# This file was created by ATLAS version 5.16.3.R on Sun Sep 01 20:42:36 2013.
#SSF 2.0 generic
##############################################################################
#                    Copyright © 1984 - 2010                                 #
#                    Silvaco Inc. All rights reserved                        #
#                                                                            #
# This file format and the following Key are copyright Silvaco Inc.          #
# You may not use, this format or key without reproducing this message in    #
# full and obtaining express written permission from Silvaco Inc.            #
#                                                                            #
# To obtain such permission please contact: Silvaco Inc.                     #
#                                           support@silvaco.com              #
#                                                                            #
# KEY=SVC86hn7562asdx                       PROD=345                         #
##############################################################################
y 3 700 711 15
z 0.35 0.002 300
f 3 source gate drain 
p 10 2 601 20 3 602 21 4 603 22 82 
d 0.000000000e+000 0.000000000e+000 -3.360984148e-002 0.000000000e+000 0.000000000e+000 0.000000000e+000 1.000000000e-001 1.000000000e-001 3.360984148e-002 300.248 
d 0.000000000e+000 0.000000000e+000 -6.523801990e-002 0.000000000e+000 0.000000000e+000 0.000000000e+000 2.000000000e-001 2.000000000e-001 6.523801990e-002 300.786 
d 0.000000000e+000 0.000000000e+000 -9.461234463e-002 0.000000000e+000 0.000000000e+000 0.000000000e+000 3.000000000e-001 3.000000000e-001 9.461234463e-002 301.398 
d 0.000000000e+000 0.000000000e+000 -1.218255201e-001 0.000000000e+000 0.000000000e+000 0.000000000e+000 4.000000000e-001 4.000000000e-001 1.218255201e-001 302.106 
d 0.000000000e+000 0.000000000e+000 -1.468570726e-001 0.000000000e+000 0.000000000e+000 0.000000000e+000 5.000000000e-001 5.000000000e-001 1.468570726e-001 303.205 
d 0.000000000e+000 0.000000000e+000 -1.695758721e-001 0.000000000e+000 0.000000000e+000 0.000000000e+000 6.000000000e-001 6.000000000e-001 1.695758721e-001 304.692 
d 0.000000000e+000 0.000000000e+000 -1.890825968e-001 0.000000000e+000 0.000000000e+000 0.000000000e+000 7.000000000e-001 7.000000000e-001 1.890825968e-001 306.855 
d 0.000000000e+000 0.000000000e+000 -2.062540982e-001 0.000000000e+000 0.000000000e+000 0.000000000e+000 8.000000000e-001 8.000000000e-001 2.062540982e-001 309.034 
d 0.000000000e+000 0.000000000e+000 -2.205435711e-001 0.000000000e+000 0.000000000e+000 0.000000000e+000 9.000000000e-001 9.000000000e-001 2.205435711e-001 311.58 
d 0.000000000e+000 0.000000000e+000 -2.328006029e-001 0.000000000e+000 0.000000000e+000 0.000000000e+000 1.000000000e+000 1.000000000e+000 2.328006029e-001 314.128 
d 0.000000000e+000 0.000000000e+000 -2.431850131e-001 0.000000000e+000 0.000000000e+000 0.000000000e+000 1.100000000e+000 1.100000000e+000 2.431850131e-001 316.685 
d 0.000000000e+000 0.000000000e+000 -2.518724172e-001 0.000000000e+000 0.000000000e+000 0.000000000e+000 1.200000000e+000 1.200000000e+000 2.518724172e-001 319.243 
d 0.000000000e+000 0.000000000e+000 -2.583187187e-001 0.000000000e+000 0.000000000e+000 0.000000000e+000 1.300000000e+000 1.300000000e+000 2.583187187e-001 322.08 
d 0.000000000e+000 0.000000000e+000 -2.643437377e-001 0.000000000e+000 0.000000000e+000 0.000000000e+000 1.400000000e+000 1.400000000e+000 2.643437377e-001 324.514 
d 0.000000000e+000 0.000000000e+000 -2.691106672e-001 0.000000000e+000 0.000000000e+000 0.000000000e+000 1.500000000e+000 1.500000000e+000 2.691106672e-001 326.933 
d 0.000000000e+000 0.000000000e+000 -2.727929917e-001 0.000000000e+000 0.000000000e+000 0.000000000e+000 1.600000000e+000 1.600000000e+000 2.727929917e-001 329.321 
d 0.000000000e+000 0.000000000e+000 -2.755279413e-001 0.000000000e+000 0.000000000e+000 0.000000000e+000 1.700000000e+000 1.700000000e+000 2.755279413e-001 331.668 
d 0.000000000e+000 0.000000000e+000 -2.781890445e-001 0.000000000e+000 0.000000000e+000 0.000000000e+000 1.800000000e+000 1.800000000e+000 2.781890445e-001 333.676 
d 0.000000000e+000 0.000000000e+000 -2.791598813e-001 0.000000000e+000 0.000000000e+000 0.000000000e+000 1.900000000e+000 1.900000000e+000 2.791598813e-001 335.986 
d 0.000000000e+000 0.000000000e+000 -2.803405362e-001 0.000000000e+000 0.000000000e+000 0.000000000e+000 2.000000000e+000 2.000000000e+000 2.803405362e-001 338.252 
d 0.000000000e+000 0.000000000e+000 -2.807880129e-001 0.000000000e+000 0.000000000e+000 0.000000000e+000 2.100000000e+000 2.100000000e+000 2.807880129e-001 340.603 
d 0.000000000e+000 0.000000000e+000 -2.806480298e-001 0.000000000e+000 0.000000000e+000 0.000000000e+000 2.200000000e+000 2.200000000e+000 2.806480298e-001 342.944 
d 0.000000000e+000 0.000000000e+000 -2.800385462e-001 0.000000000e+000 0.000000000e+000 0.000000000e+000 2.300000000e+000 2.300000000e+000 2.800385462e-001 345.265 
d 0.000000000e+000 0.000000000e+000 -2.790435031e-001 0.000000000e+000 0.000000000e+000 0.000000000e+000 2.400000000e+000 2.400000000e+000 2.790435031e-001 347.532 
d 0.000000000e+000 0.000000000e+000 -2.783959976e-001 0.000000000e+000 0.000000000e+000 0.000000000e+000 2.500000000e+000 2.500000000e+000 2.783959976e-001 349.527 
d 0.000000000e+000 0.000000000e+000 -2.772320878e-001 0.000000000e+000 0.000000000e+000 0.000000000e+000 2.600000000e+000 2.600000000e+000 2.772320878e-001 351.709 
d 0.000000000e+000 0.000000000e+000 -2.756818756e-001 0.000000000e+000 0.000000000e+000 0.000000000e+000 2.700000000e+000 2.700000000e+000 2.756818756e-001 353.968 
d 0.000000000e+000 0.000000000e+000 -2.738359302e-001 0.000000000e+000 0.000000000e+000 0.000000000e+000 2.800000000e+000 2.800000000e+000 2.738359302e-001 356.267 
d 0.000000000e+000 0.000000000e+000 -2.717623690e-001 0.000000000e+000 0.000000000e+000 0.000000000e+000 2.900000000e+000 2.900000000e+000 2.717623690e-001 358.601 
d 0.000000000e+000 0.000000000e+000 -2.701536918e-001 0.000000000e+000 0.000000000e+000 0.000000000e+000 3.000000000e+000 3.000000000e+000 2.701536918e-001 360.657 
d 0.000000000e+000 0.000000000e+000 -2.681764695e-001 0.000000000e+000 0.000000000e+000 0.000000000e+000 3.100000000e+000 3.100000000e+000 2.681764695e-001 362.881 
d 0.000000000e+000 0.000000000e+000 -2.659535523e-001 0.000000000e+000 0.000000000e+000 0.000000000e+000 3.200000000e+000 3.200000000e+000 2.659535523e-001 365.21 
d 0.000000000e+000 0.000000000e+000 -2.635772075e-001 0.000000000e+000 0.000000000e+000 0.000000000e+000 3.300000000e+000 3.300000000e+000 2.635772075e-001 367.617 
d 0.000000000e+000 0.000000000e+000 -2.611147598e-001 0.000000000e+000 0.000000000e+000 0.000000000e+000 3.400000000e+000 3.400000000e+000 2.611147598e-001 370.106 
d 0.000000000e+000 0.000000000e+000 -2.586261728e-001 0.000000000e+000 0.000000000e+000 0.000000000e+000 3.500000000e+000 3.500000000e+000 2.586261728e-001 372.676 
d 0.000000000e+000 0.000000000e+000 -2.561678353e-001 0.000000000e+000 0.000000000e+000 0.000000000e+000 3.600000000e+000 3.600000000e+000 2.561678353e-001 375.291 
d 0.000000000e+000 0.000000000e+000 -2.543429453e-001 0.000000000e+000 0.000000000e+000 0.000000000e+000 3.700000000e+000 3.700000000e+000 2.543429453e-001 377.643 
d 0.000000000e+000 0.000000000e+000 -2.518154911e-001 0.000000000e+000 0.000000000e+000 0.000000000e+000 3.800000000e+000 3.800000000e+000 2.518154911e-001 380.405 
d 0.000000000e+000 0.000000000e+000 -2.500059335e-001 0.000000000e+000 0.000000000e+000 0.000000000e+000 3.900000000e+000 3.900000000e+000 2.500059335e-001 382.806 
d 0.000000000e+000 0.000000000e+000 -2.481298372e-001 0.000000000e+000 0.000000000e+000 0.000000000e+000 4.000000000e+000 4.000000000e+000 2.481298372e-001 385.27 
d 0.000000000e+000 0.000000000e+000 -2.462425697e-001 0.000000000e+000 0.000000000e+000 0.000000000e+000 4.100000000e+000 4.100000000e+000 2.462425697e-001 387.733 
d 0.000000000e+000 0.000000000e+000 -2.443634362e-001 0.000000000e+000 0.000000000e+000 0.000000000e+000 4.200000000e+000 4.200000000e+000 2.443634362e-001 390.18 
d 0.000000000e+000 0.000000000e+000 -2.425016326e-001 0.000000000e+000 0.000000000e+000 0.000000000e+000 4.300000000e+000 4.300000000e+000 2.425016326e-001 392.604 
d 0.000000000e+000 0.000000000e+000 -2.406609684e-001 0.000000000e+000 0.000000000e+000 0.000000000e+000 4.400000000e+000 4.400000000e+000 2.406609684e-001 395.006 
d 0.000000000e+000 0.000000000e+000 -2.388429725e-001 0.000000000e+000 0.000000000e+000 0.000000000e+000 4.500000000e+000 4.500000000e+000 2.388429725e-001 397.387 
d 0.000000000e+000 0.000000000e+000 -2.370506720e-001 0.000000000e+000 0.000000000e+000 0.000000000e+000 4.600000000e+000 4.600000000e+000 2.370506720e-001 399.748 
d 0.000000000e+000 0.000000000e+000 -2.352891018e-001 0.000000000e+000 0.000000000e+000 0.000000000e+000 4.700000000e+000 4.700000000e+000 2.352891018e-001 402.085 
d 0.000000000e+000 0.000000000e+000 -2.335627659e-001 0.000000000e+000 0.000000000e+000 0.000000000e+000 4.800000000e+000 4.800000000e+000 2.335627659e-001 404.392 
d 0.000000000e+000 0.000000000e+000 -2.318738825e-001 0.000000000e+000 0.000000000e+000 0.000000000e+000 4.900000000e+000 4.900000000e+000 2.318738825e-001 406.663 
d 0.000000000e+000 0.000000000e+000 -2.302218631e-001 0.000000000e+000 0.000000000e+000 0.000000000e+000 5.000000000e+000 5.000000000e+000 2.302218631e-001 408.899 
