v ATLAS
# This file was created by ATLAS version 5.16.3.R on Sun Sep 01 20:47:55 2013.
#SSF 2.0 generic
##############################################################################
#                    Copyright © 1984 - 2010                                 #
#                    Silvaco Inc. All rights reserved                        #
#                                                                            #
# This file format and the following Key are copyright Silvaco Inc.          #
# You may not use, this format or key without reproducing this message in    #
# full and obtaining express written permission from Silvaco Inc.            #
#                                                                            #
# To obtain such permission please contact: Silvaco Inc.                     #
#                                           support@silvaco.com              #
#                                                                            #
# KEY=SVC86hn7562asdx                       PROD=345                         #
##############################################################################
y 3 700 711 15
z 0.35 0.002 300
f 3 source gate drain 
p 10 2 601 20 3 602 21 4 603 22 82 
d 0.000000000e+000 0.000000000e+000 -3.004409908e-002 -2.000000000e+000 -2.000000000e+000 0.000000000e+000 1.000000000e-001 1.000000000e-001 3.004409908e-002 300.221 
d 0.000000000e+000 0.000000000e+000 -5.797557152e-002 -2.000000000e+000 -2.000000000e+000 0.000000000e+000 2.000000000e-001 2.000000000e-001 5.797557152e-002 300.696 
d 0.000000000e+000 0.000000000e+000 -8.361899529e-002 -2.000000000e+000 -2.000000000e+000 0.000000000e+000 3.000000000e-001 3.000000000e-001 8.361899529e-002 301.229 
d 0.000000000e+000 0.000000000e+000 -1.070373079e-001 -2.000000000e+000 -2.000000000e+000 0.000000000e+000 4.000000000e-001 4.000000000e-001 1.070373079e-001 301.84 
d 0.000000000e+000 0.000000000e+000 -1.283120127e-001 -2.000000000e+000 -2.000000000e+000 0.000000000e+000 5.000000000e-001 5.000000000e-001 1.283120127e-001 302.53 
d 0.000000000e+000 0.000000000e+000 -1.472198095e-001 -2.000000000e+000 -2.000000000e+000 0.000000000e+000 6.000000000e-001 6.000000000e-001 1.472198095e-001 303.593 
d 0.000000000e+000 0.000000000e+000 -1.635923731e-001 -2.000000000e+000 -2.000000000e+000 0.000000000e+000 7.000000000e-001 7.000000000e-001 1.635923731e-001 305.019 
d 0.000000000e+000 0.000000000e+000 -1.772494759e-001 -2.000000000e+000 -2.000000000e+000 0.000000000e+000 8.000000000e-001 8.000000000e-001 1.772494759e-001 306.792 
d 0.000000000e+000 0.000000000e+000 -1.882006825e-001 -2.000000000e+000 -2.000000000e+000 0.000000000e+000 9.000000000e-001 9.000000000e-001 1.882006825e-001 308.881 
d 0.000000000e+000 0.000000000e+000 -1.971349137e-001 -2.000000000e+000 -2.000000000e+000 0.000000000e+000 1.000000000e+000 1.000000000e+000 1.971349137e-001 310.938 
d 0.000000000e+000 0.000000000e+000 -2.041888818e-001 -2.000000000e+000 -2.000000000e+000 0.000000000e+000 1.100000000e+000 1.100000000e+000 2.041888818e-001 312.974 
d 0.000000000e+000 0.000000000e+000 -2.095168596e-001 -2.000000000e+000 -2.000000000e+000 0.000000000e+000 1.200000000e+000 1.200000000e+000 2.095168596e-001 314.981 
d 0.000000000e+000 0.000000000e+000 -2.132784803e-001 -2.000000000e+000 -2.000000000e+000 0.000000000e+000 1.300000000e+000 1.300000000e+000 2.132784803e-001 317.06 
d 0.000000000e+000 0.000000000e+000 -2.156351864e-001 -2.000000000e+000 -2.000000000e+000 0.000000000e+000 1.400000000e+000 1.400000000e+000 2.156351864e-001 319.509 
d 0.000000000e+000 0.000000000e+000 -2.172827798e-001 -2.000000000e+000 -2.000000000e+000 0.000000000e+000 1.500000000e+000 1.500000000e+000 2.172827798e-001 321.647 
d 0.000000000e+000 0.000000000e+000 -2.176625715e-001 -2.000000000e+000 -2.000000000e+000 0.000000000e+000 1.600000000e+000 1.600000000e+000 2.176625715e-001 323.824 
d 0.000000000e+000 0.000000000e+000 -2.169547822e-001 -2.000000000e+000 -2.000000000e+000 0.000000000e+000 1.700000000e+000 1.700000000e+000 2.169547822e-001 326.002 
d 0.000000000e+000 0.000000000e+000 -2.153291322e-001 -2.000000000e+000 -2.000000000e+000 0.000000000e+000 1.800000000e+000 1.800000000e+000 2.153291322e-001 328.154 
d 0.000000000e+000 0.000000000e+000 -2.135876193e-001 -2.000000000e+000 -2.000000000e+000 0.000000000e+000 1.900000000e+000 1.900000000e+000 2.135876193e-001 329.977 
d 0.000000000e+000 0.000000000e+000 -2.116695654e-001 -2.000000000e+000 -2.000000000e+000 0.000000000e+000 2.000000000e+000 2.000000000e+000 2.116695654e-001 331.806 
d 0.000000000e+000 0.000000000e+000 -2.098557430e-001 -2.000000000e+000 -2.000000000e+000 0.000000000e+000 2.100000000e+000 2.100000000e+000 2.098557430e-001 333.613 
d 0.000000000e+000 0.000000000e+000 -2.081151319e-001 -2.000000000e+000 -2.000000000e+000 0.000000000e+000 2.200000000e+000 2.200000000e+000 2.081151319e-001 335.392 
d 0.000000000e+000 0.000000000e+000 -2.063995075e-001 -2.000000000e+000 -2.000000000e+000 0.000000000e+000 2.300000000e+000 2.300000000e+000 2.063995075e-001 337.139 
d 0.000000000e+000 0.000000000e+000 -2.046899229e-001 -2.000000000e+000 -2.000000000e+000 0.000000000e+000 2.400000000e+000 2.400000000e+000 2.046899229e-001 338.849 
d 0.000000000e+000 0.000000000e+000 -2.029843397e-001 -2.000000000e+000 -2.000000000e+000 0.000000000e+000 2.500000000e+000 2.500000000e+000 2.029843397e-001 340.516 
d 0.000000000e+000 0.000000000e+000 -2.012889431e-001 -2.000000000e+000 -2.000000000e+000 0.000000000e+000 2.600000000e+000 2.600000000e+000 2.012889431e-001 342.137 
d 0.000000000e+000 0.000000000e+000 -1.996113327e-001 -2.000000000e+000 -2.000000000e+000 0.000000000e+000 2.700000000e+000 2.700000000e+000 1.996113327e-001 343.71 
d 0.000000000e+000 0.000000000e+000 -1.979585386e-001 -2.000000000e+000 -2.000000000e+000 0.000000000e+000 2.800000000e+000 2.800000000e+000 1.979585386e-001 345.23 
d 0.000000000e+000 0.000000000e+000 -1.963364879e-001 -2.000000000e+000 -2.000000000e+000 0.000000000e+000 2.900000000e+000 2.900000000e+000 1.963364879e-001 346.697 
d 0.000000000e+000 0.000000000e+000 -1.947495243e-001 -2.000000000e+000 -2.000000000e+000 0.000000000e+000 3.000000000e+000 3.000000000e+000 1.947495243e-001 348.108 
d 0.000000000e+000 0.000000000e+000 -1.935896893e-001 -2.000000000e+000 -2.000000000e+000 0.000000000e+000 3.100000000e+000 3.100000000e+000 1.935896893e-001 349.204 
d 0.000000000e+000 0.000000000e+000 -1.919726074e-001 -2.000000000e+000 -2.000000000e+000 0.000000000e+000 3.200000000e+000 3.200000000e+000 1.919726074e-001 350.593 
d 0.000000000e+000 0.000000000e+000 -1.908087494e-001 -2.000000000e+000 -2.000000000e+000 0.000000000e+000 3.300000000e+000 3.300000000e+000 1.908087494e-001 351.633 
d 0.000000000e+000 0.000000000e+000 -1.892195886e-001 -2.000000000e+000 -2.000000000e+000 0.000000000e+000 3.400000000e+000 3.400000000e+000 1.892195886e-001 352.955 
d 0.000000000e+000 0.000000000e+000 -1.880845145e-001 -2.000000000e+000 -2.000000000e+000 0.000000000e+000 3.500000000e+000 3.500000000e+000 1.880845145e-001 353.934 
d 0.000000000e+000 0.000000000e+000 -1.869241416e-001 -2.000000000e+000 -2.000000000e+000 0.000000000e+000 3.600000000e+000 3.600000000e+000 1.869241416e-001 354.928 
d 0.000000000e+000 0.000000000e+000 -1.857607004e-001 -2.000000000e+000 -2.000000000e+000 0.000000000e+000 3.700000000e+000 3.700000000e+000 1.857607004e-001 355.915 
d 0.000000000e+000 0.000000000e+000 -1.846116073e-001 -2.000000000e+000 -2.000000000e+000 0.000000000e+000 3.800000000e+000 3.800000000e+000 1.846116073e-001 356.887 
d 0.000000000e+000 0.000000000e+000 -1.834818683e-001 -2.000000000e+000 -2.000000000e+000 0.000000000e+000 3.900000000e+000 3.900000000e+000 1.834818683e-001 357.846 
d 0.000000000e+000 0.000000000e+000 -1.823702471e-001 -2.000000000e+000 -2.000000000e+000 0.000000000e+000 4.000000000e+000 4.000000000e+000 1.823702471e-001 359.249 
d 0.000000000e+000 0.000000000e+000 -1.812755840e-001 -2.000000000e+000 -2.000000000e+000 0.000000000e+000 4.100000000e+000 4.100000000e+000 1.812755840e-001 361.236 
d 0.000000000e+000 0.000000000e+000 -1.801979622e-001 -2.000000000e+000 -2.000000000e+000 0.000000000e+000 4.200000000e+000 4.200000000e+000 1.801979622e-001 363.197 
d 0.000000000e+000 0.000000000e+000 -1.791374868e-001 -2.000000000e+000 -2.000000000e+000 0.000000000e+000 4.300000000e+000 4.300000000e+000 1.791374868e-001 365.132 
d 0.000000000e+000 0.000000000e+000 -1.780941932e-001 -2.000000000e+000 -2.000000000e+000 0.000000000e+000 4.400000000e+000 4.400000000e+000 1.780941932e-001 367.046 
d 0.000000000e+000 0.000000000e+000 -1.770681810e-001 -2.000000000e+000 -2.000000000e+000 0.000000000e+000 4.500000000e+000 4.500000000e+000 1.770681810e-001 368.941 
d 0.000000000e+000 0.000000000e+000 -1.760592968e-001 -2.000000000e+000 -2.000000000e+000 0.000000000e+000 4.600000000e+000 4.600000000e+000 1.760592968e-001 370.817 
d 0.000000000e+000 0.000000000e+000 -1.750673317e-001 -2.000000000e+000 -2.000000000e+000 0.000000000e+000 4.700000000e+000 4.700000000e+000 1.750673317e-001 372.675 
d 0.000000000e+000 0.000000000e+000 -1.740921187e-001 -2.000000000e+000 -2.000000000e+000 0.000000000e+000 4.800000000e+000 4.800000000e+000 1.740921187e-001 374.516 
d 0.000000000e+000 0.000000000e+000 -1.731333826e-001 -2.000000000e+000 -2.000000000e+000 0.000000000e+000 4.900000000e+000 4.900000000e+000 1.731333826e-001 376.338 
d 0.000000000e+000 0.000000000e+000 -1.721908089e-001 -2.000000000e+000 -2.000000000e+000 0.000000000e+000 5.000000000e+000 5.000000000e+000 1.721908089e-001 378.137 
