v ATLAS
# This file was created by ATLAS version 5.16.3.R on Sun Sep 01 20:42:10 2013.
#SSF 2.0 generic
##############################################################################
#                    Copyright © 1984 - 2010                                 #
#                    Silvaco Inc. All rights reserved                        #
#                                                                            #
# This file format and the following Key are copyright Silvaco Inc.          #
# You may not use, this format or key without reproducing this message in    #
# full and obtaining express written permission from Silvaco Inc.            #
#                                                                            #
# To obtain such permission please contact: Silvaco Inc.                     #
#                                           support@silvaco.com              #
#                                                                            #
# KEY=SVC86hn7562asdx                       PROD=345                         #
##############################################################################
y 3 700 711 15
z 0.35 0.002 300
f 3 source gate drain 
p 9 2 601 20 3 602 21 4 603 22 
d 0.000000000e+000 0.000000000e+000 -2.602926744e-002 -3.000000000e+000 -3.000000000e+000 0.000000000e+000 1.000000000e-001 1.000000000e-001 2.602926744e-002 
d 0.000000000e+000 0.000000000e+000 -4.957589643e-002 -3.000000000e+000 -3.000000000e+000 0.000000000e+000 2.000000000e-001 2.000000000e-001 4.957589643e-002 
d 0.000000000e+000 0.000000000e+000 -7.061449355e-002 -3.000000000e+000 -3.000000000e+000 0.000000000e+000 3.000000000e-001 3.000000000e-001 7.061449355e-002 
d 0.000000000e+000 0.000000000e+000 -8.904822987e-002 -3.000000000e+000 -3.000000000e+000 0.000000000e+000 4.000000000e-001 4.000000000e-001 8.904822987e-002 
d 0.000000000e+000 0.000000000e+000 -1.048363521e-001 -3.000000000e+000 -3.000000000e+000 0.000000000e+000 5.000000000e-001 5.000000000e-001 1.048363521e-001 
d 0.000000000e+000 0.000000000e+000 -1.179481352e-001 -3.000000000e+000 -3.000000000e+000 0.000000000e+000 6.000000000e-001 6.000000000e-001 1.179481352e-001 
d 0.000000000e+000 0.000000000e+000 -1.282885231e-001 -3.000000000e+000 -3.000000000e+000 0.000000000e+000 7.000000000e-001 7.000000000e-001 1.282885231e-001 
d 0.000000000e+000 0.000000000e+000 -1.357133983e-001 -3.000000000e+000 -3.000000000e+000 0.000000000e+000 8.000000000e-001 8.000000000e-001 1.357133983e-001 
d 0.000000000e+000 0.000000000e+000 -1.400601861e-001 -3.000000000e+000 -3.000000000e+000 0.000000000e+000 9.000000000e-001 9.000000000e-001 1.400601861e-001 
d 0.000000000e+000 0.000000000e+000 -1.417454636e-001 -3.000000000e+000 -3.000000000e+000 0.000000000e+000 1.000000000e+000 1.000000000e+000 1.417454636e-001 
d 0.000000000e+000 0.000000000e+000 -1.426316778e-001 -3.000000000e+000 -3.000000000e+000 0.000000000e+000 1.100000000e+000 1.100000000e+000 1.426316778e-001 
d 0.000000000e+000 0.000000000e+000 -1.435685317e-001 -3.000000000e+000 -3.000000000e+000 0.000000000e+000 1.200000000e+000 1.200000000e+000 1.435685317e-001 
d 0.000000000e+000 0.000000000e+000 -1.444609227e-001 -3.000000000e+000 -3.000000000e+000 0.000000000e+000 1.300000000e+000 1.300000000e+000 1.444609227e-001 
d 0.000000000e+000 0.000000000e+000 -1.452229598e-001 -3.000000000e+000 -3.000000000e+000 0.000000000e+000 1.400000000e+000 1.400000000e+000 1.452229598e-001 
d 0.000000000e+000 0.000000000e+000 -1.458500451e-001 -3.000000000e+000 -3.000000000e+000 0.000000000e+000 1.500000000e+000 1.500000000e+000 1.458500451e-001 
d 0.000000000e+000 0.000000000e+000 -1.463599449e-001 -3.000000000e+000 -3.000000000e+000 0.000000000e+000 1.600000000e+000 1.600000000e+000 1.463599449e-001 
d 0.000000000e+000 0.000000000e+000 -1.467741476e-001 -3.000000000e+000 -3.000000000e+000 0.000000000e+000 1.700000000e+000 1.700000000e+000 1.467741476e-001 
d 0.000000000e+000 0.000000000e+000 -1.471122686e-001 -3.000000000e+000 -3.000000000e+000 0.000000000e+000 1.800000000e+000 1.800000000e+000 1.471122686e-001 
d 0.000000000e+000 0.000000000e+000 -1.473909549e-001 -3.000000000e+000 -3.000000000e+000 0.000000000e+000 1.900000000e+000 1.900000000e+000 1.473909549e-001 
d 0.000000000e+000 0.000000000e+000 -1.476207527e-001 -3.000000000e+000 -3.000000000e+000 0.000000000e+000 2.000000000e+000 2.000000000e+000 1.476207527e-001 
d 0.000000000e+000 0.000000000e+000 -1.478126294e-001 -3.000000000e+000 -3.000000000e+000 0.000000000e+000 2.100000000e+000 2.100000000e+000 1.478126294e-001 
d 0.000000000e+000 0.000000000e+000 -1.479736376e-001 -3.000000000e+000 -3.000000000e+000 0.000000000e+000 2.200000000e+000 2.200000000e+000 1.479736376e-001 
d 0.000000000e+000 0.000000000e+000 -1.481091934e-001 -3.000000000e+000 -3.000000000e+000 0.000000000e+000 2.300000000e+000 2.300000000e+000 1.481091934e-001 
d 0.000000000e+000 0.000000000e+000 -1.482234168e-001 -3.000000000e+000 -3.000000000e+000 0.000000000e+000 2.400000000e+000 2.400000000e+000 1.482234168e-001 
d 0.000000000e+000 0.000000000e+000 -1.483195051e-001 -3.000000000e+000 -3.000000000e+000 0.000000000e+000 2.500000000e+000 2.500000000e+000 1.483195051e-001 
d 0.000000000e+000 0.000000000e+000 -1.483999724e-001 -3.000000000e+000 -3.000000000e+000 0.000000000e+000 2.600000000e+000 2.600000000e+000 1.483999724e-001 
d 0.000000000e+000 0.000000000e+000 -1.484668582e-001 -3.000000000e+000 -3.000000000e+000 0.000000000e+000 2.700000000e+000 2.700000000e+000 1.484668582e-001 
d 0.000000000e+000 0.000000000e+000 -1.485219568e-001 -3.000000000e+000 -3.000000000e+000 0.000000000e+000 2.800000000e+000 2.800000000e+000 1.485219568e-001 
d 0.000000000e+000 0.000000000e+000 -1.485667264e-001 -3.000000000e+000 -3.000000000e+000 0.000000000e+000 2.900000000e+000 2.900000000e+000 1.485667264e-001 
d 0.000000000e+000 0.000000000e+000 -1.486011570e-001 -3.000000000e+000 -3.000000000e+000 0.000000000e+000 3.000000000e+000 3.000000000e+000 1.486011570e-001 
d 0.000000000e+000 0.000000000e+000 -1.486289611e-001 -3.000000000e+000 -3.000000000e+000 0.000000000e+000 3.100000000e+000 3.100000000e+000 1.486289611e-001 
d 0.000000000e+000 0.000000000e+000 -1.486501144e-001 -3.000000000e+000 -3.000000000e+000 0.000000000e+000 3.200000000e+000 3.200000000e+000 1.486501144e-001 
d 0.000000000e+000 0.000000000e+000 -1.486656403e-001 -3.000000000e+000 -3.000000000e+000 0.000000000e+000 3.300000000e+000 3.300000000e+000 1.486656403e-001 
d 0.000000000e+000 0.000000000e+000 -1.486764256e-001 -3.000000000e+000 -3.000000000e+000 0.000000000e+000 3.400000000e+000 3.400000000e+000 1.486764256e-001 
d 0.000000000e+000 0.000000000e+000 -1.486833909e-001 -3.000000000e+000 -3.000000000e+000 0.000000000e+000 3.500000000e+000 3.500000000e+000 1.486833909e-001 
d 0.000000000e+000 0.000000000e+000 -1.486874548e-001 -3.000000000e+000 -3.000000000e+000 0.000000000e+000 3.600000000e+000 3.600000000e+000 1.486874548e-001 
d 0.000000000e+000 0.000000000e+000 -1.486896774e-001 -3.000000000e+000 -3.000000000e+000 0.000000000e+000 3.700000000e+000 3.700000000e+000 1.486896774e-001 
d 0.000000000e+000 0.000000000e+000 -1.486910262e-001 -3.000000000e+000 -3.000000000e+000 0.000000000e+000 3.800000000e+000 3.800000000e+000 1.486910262e-001 
d 0.000000000e+000 0.000000000e+000 -1.486920082e-001 -3.000000000e+000 -3.000000000e+000 0.000000000e+000 3.900000000e+000 3.900000000e+000 1.486920082e-001 
d 0.000000000e+000 0.000000000e+000 -1.486928855e-001 -3.000000000e+000 -3.000000000e+000 0.000000000e+000 4.000000000e+000 4.000000000e+000 1.486928855e-001 
d 0.000000000e+000 0.000000000e+000 -1.486936071e-001 -3.000000000e+000 -3.000000000e+000 0.000000000e+000 4.100000000e+000 4.100000000e+000 1.486936071e-001 
d 0.000000000e+000 0.000000000e+000 -1.486942588e-001 -3.000000000e+000 -3.000000000e+000 0.000000000e+000 4.200000000e+000 4.200000000e+000 1.486942588e-001 
d 0.000000000e+000 0.000000000e+000 -1.486948532e-001 -3.000000000e+000 -3.000000000e+000 0.000000000e+000 4.300000000e+000 4.300000000e+000 1.486948532e-001 
d 0.000000000e+000 0.000000000e+000 -1.486954856e-001 -3.000000000e+000 -3.000000000e+000 0.000000000e+000 4.400000000e+000 4.400000000e+000 1.486954856e-001 
d 0.000000000e+000 0.000000000e+000 -1.486961362e-001 -3.000000000e+000 -3.000000000e+000 0.000000000e+000 4.500000000e+000 4.500000000e+000 1.486961362e-001 
d 0.000000000e+000 0.000000000e+000 -1.486968426e-001 -3.000000000e+000 -3.000000000e+000 0.000000000e+000 4.600000000e+000 4.600000000e+000 1.486968426e-001 
d 0.000000000e+000 0.000000000e+000 -1.486975411e-001 -3.000000000e+000 -3.000000000e+000 0.000000000e+000 4.700000000e+000 4.700000000e+000 1.486975411e-001 
d 0.000000000e+000 0.000000000e+000 -1.486982829e-001 -3.000000000e+000 -3.000000000e+000 0.000000000e+000 4.800000000e+000 4.800000000e+000 1.486982829e-001 
d 0.000000000e+000 0.000000000e+000 -1.486989465e-001 -3.000000000e+000 -3.000000000e+000 0.000000000e+000 4.900000000e+000 4.900000000e+000 1.486989465e-001 
d 0.000000000e+000 0.000000000e+000 -1.486996766e-001 -3.000000000e+000 -3.000000000e+000 0.000000000e+000 5.000000000e+000 5.000000000e+000 1.486996766e-001 
