v ATLAS
# This file was created by ATLAS version 5.16.3.R on Sun Sep 01 20:50:36 2013.
#SSF 2.0 generic
##############################################################################
#                    Copyright © 1984 - 2010                                 #
#                    Silvaco Inc. All rights reserved                        #
#                                                                            #
# This file format and the following Key are copyright Silvaco Inc.          #
# You may not use, this format or key without reproducing this message in    #
# full and obtaining express written permission from Silvaco Inc.            #
#                                                                            #
# To obtain such permission please contact: Silvaco Inc.                     #
#                                           support@silvaco.com              #
#                                                                            #
# KEY=SVC86hn7562asdx                       PROD=345                         #
##############################################################################
y 3 700 711 15
z 0.35 0.002 300
f 3 source gate drain 
p 10 2 601 20 3 602 21 4 603 22 82 
d 0.000000000e+000 0.000000000e+000 -2.602926744e-002 -3.000000000e+000 -3.000000000e+000 0.000000000e+000 1.000000000e-001 1.000000000e-001 2.602926744e-002 300.191 
d 0.000000000e+000 0.000000000e+000 -4.957027233e-002 -3.000000000e+000 -3.000000000e+000 0.000000000e+000 2.000000000e-001 2.000000000e-001 4.957027233e-002 300.454 
d 0.000000000e+000 0.000000000e+000 -7.051257177e-002 -3.000000000e+000 -3.000000000e+000 0.000000000e+000 3.000000000e-001 3.000000000e-001 7.051257177e-002 300.945 
d 0.000000000e+000 0.000000000e+000 -8.873783665e-002 -3.000000000e+000 -3.000000000e+000 0.000000000e+000 4.000000000e-001 4.000000000e-001 8.873783665e-002 301.451 
d 0.000000000e+000 0.000000000e+000 -1.041672093e-001 -3.000000000e+000 -3.000000000e+000 0.000000000e+000 5.000000000e-001 5.000000000e-001 1.041672093e-001 301.995 
d 0.000000000e+000 0.000000000e+000 -1.167531625e-001 -3.000000000e+000 -3.000000000e+000 0.000000000e+000 6.000000000e-001 6.000000000e-001 1.167531625e-001 302.571 
d 0.000000000e+000 0.000000000e+000 -1.264158185e-001 -3.000000000e+000 -3.000000000e+000 0.000000000e+000 7.000000000e-001 7.000000000e-001 1.264158185e-001 303.174 
d 0.000000000e+000 0.000000000e+000 -1.327413023e-001 -3.000000000e+000 -3.000000000e+000 0.000000000e+000 8.000000000e-001 8.000000000e-001 1.327413023e-001 304.063 
d 0.000000000e+000 0.000000000e+000 -1.360696604e-001 -3.000000000e+000 -3.000000000e+000 0.000000000e+000 9.000000000e-001 9.000000000e-001 1.360696604e-001 305.289 
d 0.000000000e+000 0.000000000e+000 -1.368910205e-001 -3.000000000e+000 -3.000000000e+000 0.000000000e+000 1.000000000e+000 1.000000000e+000 1.368910205e-001 306.607 
d 0.000000000e+000 0.000000000e+000 -1.365151425e-001 -3.000000000e+000 -3.000000000e+000 0.000000000e+000 1.100000000e+000 1.100000000e+000 1.365151425e-001 308.244 
d 0.000000000e+000 0.000000000e+000 -1.364090192e-001 -3.000000000e+000 -3.000000000e+000 0.000000000e+000 1.200000000e+000 1.200000000e+000 1.364090192e-001 309.571 
d 0.000000000e+000 0.000000000e+000 -1.358891246e-001 -3.000000000e+000 -3.000000000e+000 0.000000000e+000 1.300000000e+000 1.300000000e+000 1.358891246e-001 311.211 
d 0.000000000e+000 0.000000000e+000 -1.355609356e-001 -3.000000000e+000 -3.000000000e+000 0.000000000e+000 1.400000000e+000 1.400000000e+000 1.355609356e-001 312.533 
d 0.000000000e+000 0.000000000e+000 -1.347783707e-001 -3.000000000e+000 -3.000000000e+000 0.000000000e+000 1.500000000e+000 1.500000000e+000 1.347783707e-001 314.156 
d 0.000000000e+000 0.000000000e+000 -1.342228770e-001 -3.000000000e+000 -3.000000000e+000 0.000000000e+000 1.600000000e+000 1.600000000e+000 1.342228770e-001 315.455 
d 0.000000000e+000 0.000000000e+000 -1.335654199e-001 -3.000000000e+000 -3.000000000e+000 0.000000000e+000 1.700000000e+000 1.700000000e+000 1.335654199e-001 316.77 
d 0.000000000e+000 0.000000000e+000 -1.328404755e-001 -3.000000000e+000 -3.000000000e+000 0.000000000e+000 1.800000000e+000 1.800000000e+000 1.328404755e-001 318.086 
d 0.000000000e+000 0.000000000e+000 -1.320700222e-001 -3.000000000e+000 -3.000000000e+000 0.000000000e+000 1.900000000e+000 1.900000000e+000 1.320700222e-001 319.398 
d 0.000000000e+000 0.000000000e+000 -1.312698375e-001 -3.000000000e+000 -3.000000000e+000 0.000000000e+000 2.000000000e+000 2.000000000e+000 1.312698375e-001 320.699 
d 0.000000000e+000 0.000000000e+000 -1.304515599e-001 -3.000000000e+000 -3.000000000e+000 0.000000000e+000 2.100000000e+000 2.100000000e+000 1.304515599e-001 321.988 
d 0.000000000e+000 0.000000000e+000 -1.296238627e-001 -3.000000000e+000 -3.000000000e+000 0.000000000e+000 2.200000000e+000 2.200000000e+000 1.296238627e-001 323.26 
d 0.000000000e+000 0.000000000e+000 -1.287932604e-001 -3.000000000e+000 -3.000000000e+000 0.000000000e+000 2.300000000e+000 2.300000000e+000 1.287932604e-001 324.512 
d 0.000000000e+000 0.000000000e+000 -1.279647066e-001 -3.000000000e+000 -3.000000000e+000 0.000000000e+000 2.400000000e+000 2.400000000e+000 1.279647066e-001 325.742 
d 0.000000000e+000 0.000000000e+000 -1.271420234e-001 -3.000000000e+000 -3.000000000e+000 0.000000000e+000 2.500000000e+000 2.500000000e+000 1.271420234e-001 326.948 
d 0.000000000e+000 0.000000000e+000 -1.263281792e-001 -3.000000000e+000 -3.000000000e+000 0.000000000e+000 2.600000000e+000 2.600000000e+000 1.263281792e-001 328.127 
d 0.000000000e+000 0.000000000e+000 -1.255255607e-001 -3.000000000e+000 -3.000000000e+000 0.000000000e+000 2.700000000e+000 2.700000000e+000 1.255255607e-001 329.278 
d 0.000000000e+000 0.000000000e+000 -1.247361426e-001 -3.000000000e+000 -3.000000000e+000 0.000000000e+000 2.800000000e+000 2.800000000e+000 1.247361426e-001 330.397 
d 0.000000000e+000 0.000000000e+000 -1.239616414e-001 -3.000000000e+000 -3.000000000e+000 0.000000000e+000 2.900000000e+000 2.900000000e+000 1.239616414e-001 331.483 
d 0.000000000e+000 0.000000000e+000 -1.232035878e-001 -3.000000000e+000 -3.000000000e+000 0.000000000e+000 3.000000000e+000 3.000000000e+000 1.232035878e-001 332.533 
d 0.000000000e+000 0.000000000e+000 -1.224627865e-001 -3.000000000e+000 -3.000000000e+000 0.000000000e+000 3.100000000e+000 3.100000000e+000 1.224627865e-001 333.548 
d 0.000000000e+000 0.000000000e+000 -1.217398746e-001 -3.000000000e+000 -3.000000000e+000 0.000000000e+000 3.200000000e+000 3.200000000e+000 1.217398746e-001 334.526 
d 0.000000000e+000 0.000000000e+000 -1.210354554e-001 -3.000000000e+000 -3.000000000e+000 0.000000000e+000 3.300000000e+000 3.300000000e+000 1.210354554e-001 335.467 
d 0.000000000e+000 0.000000000e+000 -1.203487476e-001 -3.000000000e+000 -3.000000000e+000 0.000000000e+000 3.400000000e+000 3.400000000e+000 1.203487476e-001 336.373 
d 0.000000000e+000 0.000000000e+000 -1.196791063e-001 -3.000000000e+000 -3.000000000e+000 0.000000000e+000 3.500000000e+000 3.500000000e+000 1.196791063e-001 337.246 
d 0.000000000e+000 0.000000000e+000 -1.192462746e-001 -3.000000000e+000 -3.000000000e+000 0.000000000e+000 3.600000000e+000 3.600000000e+000 1.192462746e-001 337.845 
d 0.000000000e+000 0.000000000e+000 -1.185690483e-001 -3.000000000e+000 -3.000000000e+000 0.000000000e+000 3.700000000e+000 3.700000000e+000 1.185690483e-001 338.712 
d 0.000000000e+000 0.000000000e+000 -1.181441029e-001 -3.000000000e+000 -3.000000000e+000 0.000000000e+000 3.800000000e+000 3.800000000e+000 1.181441029e-001 339.281 
d 0.000000000e+000 0.000000000e+000 -1.174926806e-001 -3.000000000e+000 -3.000000000e+000 0.000000000e+000 3.900000000e+000 3.900000000e+000 1.174926806e-001 340.114 
d 0.000000000e+000 0.000000000e+000 -1.170833941e-001 -3.000000000e+000 -3.000000000e+000 0.000000000e+000 4.000000000e+000 4.000000000e+000 1.170833941e-001 340.668 
d 0.000000000e+000 0.000000000e+000 -1.166611977e-001 -3.000000000e+000 -3.000000000e+000 0.000000000e+000 4.100000000e+000 4.100000000e+000 1.166611977e-001 341.251 
d 0.000000000e+000 0.000000000e+000 -1.160162749e-001 -3.000000000e+000 -3.000000000e+000 0.000000000e+000 4.200000000e+000 4.200000000e+000 1.160162749e-001 342.092 
d 0.000000000e+000 0.000000000e+000 -1.156138282e-001 -3.000000000e+000 -3.000000000e+000 0.000000000e+000 4.300000000e+000 4.300000000e+000 1.156138282e-001 342.645 
d 0.000000000e+000 0.000000000e+000 -1.152011544e-001 -3.000000000e+000 -3.000000000e+000 0.000000000e+000 4.400000000e+000 4.400000000e+000 1.152011544e-001 343.225 
d 0.000000000e+000 0.000000000e+000 -1.147795240e-001 -3.000000000e+000 -3.000000000e+000 0.000000000e+000 4.500000000e+000 4.500000000e+000 1.147795240e-001 343.819 
d 0.000000000e+000 0.000000000e+000 -1.143526872e-001 -3.000000000e+000 -3.000000000e+000 0.000000000e+000 4.600000000e+000 4.600000000e+000 1.143526872e-001 344.422 
d 0.000000000e+000 0.000000000e+000 -1.139230893e-001 -3.000000000e+000 -3.000000000e+000 0.000000000e+000 4.700000000e+000 4.700000000e+000 1.139230893e-001 345.031 
d 0.000000000e+000 0.000000000e+000 -1.134926218e-001 -3.000000000e+000 -3.000000000e+000 0.000000000e+000 4.800000000e+000 4.800000000e+000 1.134926218e-001 345.642 
d 0.000000000e+000 0.000000000e+000 -1.130623380e-001 -3.000000000e+000 -3.000000000e+000 0.000000000e+000 4.900000000e+000 4.900000000e+000 1.130623380e-001 346.583 
d 0.000000000e+000 0.000000000e+000 -1.126330772e-001 -3.000000000e+000 -3.000000000e+000 0.000000000e+000 5.000000000e+000 5.000000000e+000 1.126330772e-001 347.763 
