v ATLAS
# This file was created by ATLAS version 5.16.3.R on Sun Sep 01 20:40:57 2013.
#SSF 2.0 generic
##############################################################################
#                    Copyright © 1984 - 2010                                 #
#                    Silvaco Inc. All rights reserved                        #
#                                                                            #
# This file format and the following Key are copyright Silvaco Inc.          #
# You may not use, this format or key without reproducing this message in    #
# full and obtaining express written permission from Silvaco Inc.            #
#                                                                            #
# To obtain such permission please contact: Silvaco Inc.                     #
#                                           support@silvaco.com              #
#                                                                            #
# KEY=SVC86hn7562asdx                       PROD=345                         #
##############################################################################
y 3 700 711 15
z 0.35 0.002 300
f 3 source gate drain 
p 9 2 601 20 3 602 21 4 603 22 
d 0.000000000e+000 0.000000000e+000 -3.222569285e-002 -1.000000000e+000 -1.000000000e+000 0.000000000e+000 1.000000000e-001 1.000000000e-001 3.222569285e-002 
d 0.000000000e+000 0.000000000e+000 -6.250845041e-002 -1.000000000e+000 -1.000000000e+000 0.000000000e+000 2.000000000e-001 2.000000000e-001 6.250845041e-002 
d 0.000000000e+000 0.000000000e+000 -9.066439248e-002 -1.000000000e+000 -1.000000000e+000 0.000000000e+000 3.000000000e-001 3.000000000e-001 9.066439248e-002 
d 0.000000000e+000 0.000000000e+000 -1.168752087e-001 -1.000000000e+000 -1.000000000e+000 0.000000000e+000 4.000000000e-001 4.000000000e-001 1.168752087e-001 
d 0.000000000e+000 0.000000000e+000 -1.414167632e-001 -1.000000000e+000 -1.000000000e+000 0.000000000e+000 5.000000000e-001 5.000000000e-001 1.414167632e-001 
d 0.000000000e+000 0.000000000e+000 -1.645213373e-001 -1.000000000e+000 -1.000000000e+000 0.000000000e+000 6.000000000e-001 6.000000000e-001 1.645213373e-001 
d 0.000000000e+000 0.000000000e+000 -1.861677425e-001 -1.000000000e+000 -1.000000000e+000 0.000000000e+000 7.000000000e-001 7.000000000e-001 1.861677425e-001 
d 0.000000000e+000 0.000000000e+000 -2.063678650e-001 -1.000000000e+000 -1.000000000e+000 0.000000000e+000 8.000000000e-001 8.000000000e-001 2.063678650e-001 
d 0.000000000e+000 0.000000000e+000 -2.251715331e-001 -1.000000000e+000 -1.000000000e+000 0.000000000e+000 9.000000000e-001 9.000000000e-001 2.251715331e-001 
d 0.000000000e+000 0.000000000e+000 -2.426250668e-001 -1.000000000e+000 -1.000000000e+000 0.000000000e+000 1.000000000e+000 1.000000000e+000 2.426250668e-001 
d 0.000000000e+000 0.000000000e+000 -2.587716540e-001 -1.000000000e+000 -1.000000000e+000 0.000000000e+000 1.100000000e+000 1.100000000e+000 2.587716540e-001 
d 0.000000000e+000 0.000000000e+000 -2.736526129e-001 -1.000000000e+000 -1.000000000e+000 0.000000000e+000 1.200000000e+000 1.200000000e+000 2.736526129e-001 
d 0.000000000e+000 0.000000000e+000 -2.873089810e-001 -1.000000000e+000 -1.000000000e+000 0.000000000e+000 1.300000000e+000 1.300000000e+000 2.873089810e-001 
d 0.000000000e+000 0.000000000e+000 -2.997823092e-001 -1.000000000e+000 -1.000000000e+000 0.000000000e+000 1.400000000e+000 1.400000000e+000 2.997823092e-001 
d 0.000000000e+000 0.000000000e+000 -3.111121758e-001 -1.000000000e+000 -1.000000000e+000 0.000000000e+000 1.500000000e+000 1.500000000e+000 3.111121758e-001 
d 0.000000000e+000 0.000000000e+000 -3.213373004e-001 -1.000000000e+000 -1.000000000e+000 0.000000000e+000 1.600000000e+000 1.600000000e+000 3.213373004e-001 
d 0.000000000e+000 0.000000000e+000 -3.305099083e-001 -1.000000000e+000 -1.000000000e+000 0.000000000e+000 1.700000000e+000 1.700000000e+000 3.305099083e-001 
d 0.000000000e+000 0.000000000e+000 -3.386899701e-001 -1.000000000e+000 -1.000000000e+000 0.000000000e+000 1.800000000e+000 1.800000000e+000 3.386899701e-001 
d 0.000000000e+000 0.000000000e+000 -3.459293013e-001 -1.000000000e+000 -1.000000000e+000 0.000000000e+000 1.900000000e+000 1.900000000e+000 3.459293013e-001 
d 0.000000000e+000 0.000000000e+000 -3.522825539e-001 -1.000000000e+000 -1.000000000e+000 0.000000000e+000 2.000000000e+000 2.000000000e+000 3.522825539e-001 
d 0.000000000e+000 0.000000000e+000 -3.578263720e-001 -1.000000000e+000 -1.000000000e+000 0.000000000e+000 2.100000000e+000 2.100000000e+000 3.578263720e-001 
d 0.000000000e+000 0.000000000e+000 -3.626209239e-001 -1.000000000e+000 -1.000000000e+000 0.000000000e+000 2.200000000e+000 2.200000000e+000 3.626209239e-001 
d 0.000000000e+000 0.000000000e+000 -3.667273905e-001 -1.000000000e+000 -1.000000000e+000 0.000000000e+000 2.300000000e+000 2.300000000e+000 3.667273905e-001 
d 0.000000000e+000 0.000000000e+000 -3.702129878e-001 -1.000000000e+000 -1.000000000e+000 0.000000000e+000 2.400000000e+000 2.400000000e+000 3.702129878e-001 
d 0.000000000e+000 0.000000000e+000 -3.731376433e-001 -1.000000000e+000 -1.000000000e+000 0.000000000e+000 2.500000000e+000 2.500000000e+000 3.731376433e-001 
d 0.000000000e+000 0.000000000e+000 -3.755611450e-001 -1.000000000e+000 -1.000000000e+000 0.000000000e+000 2.600000000e+000 2.600000000e+000 3.755611450e-001 
d 0.000000000e+000 0.000000000e+000 -3.775502228e-001 -1.000000000e+000 -1.000000000e+000 0.000000000e+000 2.700000000e+000 2.700000000e+000 3.775502228e-001 
d 0.000000000e+000 0.000000000e+000 -3.791584784e-001 -1.000000000e+000 -1.000000000e+000 0.000000000e+000 2.800000000e+000 2.800000000e+000 3.791584784e-001 
d 0.000000000e+000 0.000000000e+000 -3.804365250e-001 -1.000000000e+000 -1.000000000e+000 0.000000000e+000 2.900000000e+000 2.900000000e+000 3.804365250e-001 
d 0.000000000e+000 0.000000000e+000 -3.814313442e-001 -1.000000000e+000 -1.000000000e+000 0.000000000e+000 3.000000000e+000 3.000000000e+000 3.814313442e-001 
d 0.000000000e+000 0.000000000e+000 -3.821870742e-001 -1.000000000e+000 -1.000000000e+000 0.000000000e+000 3.100000000e+000 3.100000000e+000 3.821870742e-001 
d 0.000000000e+000 0.000000000e+000 -3.827436884e-001 -1.000000000e+000 -1.000000000e+000 0.000000000e+000 3.200000000e+000 3.200000000e+000 3.827436884e-001 
d 0.000000000e+000 0.000000000e+000 -3.831384557e-001 -1.000000000e+000 -1.000000000e+000 0.000000000e+000 3.300000000e+000 3.300000000e+000 3.831384557e-001 
d 0.000000000e+000 0.000000000e+000 -3.834066898e-001 -1.000000000e+000 -1.000000000e+000 0.000000000e+000 3.400000000e+000 3.400000000e+000 3.834066898e-001 
d 0.000000000e+000 0.000000000e+000 -3.835838030e-001 -1.000000000e+000 -1.000000000e+000 0.000000000e+000 3.500000000e+000 3.500000000e+000 3.835838030e-001 
d 0.000000000e+000 0.000000000e+000 -3.836999080e-001 -1.000000000e+000 -1.000000000e+000 0.000000000e+000 3.600000000e+000 3.600000000e+000 3.836999080e-001 
d 0.000000000e+000 0.000000000e+000 -3.837745930e-001 -1.000000000e+000 -1.000000000e+000 0.000000000e+000 3.700000000e+000 3.700000000e+000 3.837745930e-001 
d 0.000000000e+000 0.000000000e+000 -3.838022378e-001 -1.000000000e+000 -1.000000000e+000 0.000000000e+000 3.800000000e+000 3.800000000e+000 3.838022378e-001 
d 0.000000000e+000 0.000000000e+000 -3.836104001e-001 -1.000000000e+000 -1.000000000e+000 0.000000000e+000 3.900000000e+000 3.900000000e+000 3.836104001e-001 
d 0.000000000e+000 0.000000000e+000 -3.836033167e-001 -1.000000000e+000 -1.000000000e+000 0.000000000e+000 4.000000000e+000 4.000000000e+000 3.836033167e-001 
d 0.000000000e+000 0.000000000e+000 -3.836559619e-001 -1.000000000e+000 -1.000000000e+000 0.000000000e+000 4.100000000e+000 4.100000000e+000 3.836559619e-001 
d 0.000000000e+000 0.000000000e+000 -3.837214069e-001 -1.000000000e+000 -1.000000000e+000 0.000000000e+000 4.200000000e+000 4.200000000e+000 3.837214069e-001 
d 0.000000000e+000 0.000000000e+000 -3.837914971e-001 -1.000000000e+000 -1.000000000e+000 0.000000000e+000 4.300000000e+000 4.300000000e+000 3.837914971e-001 
d 0.000000000e+000 0.000000000e+000 -3.838614703e-001 -1.000000000e+000 -1.000000000e+000 0.000000000e+000 4.400000000e+000 4.400000000e+000 3.838614703e-001 
d 0.000000000e+000 0.000000000e+000 -3.839248935e-001 -1.000000000e+000 -1.000000000e+000 0.000000000e+000 4.500000000e+000 4.500000000e+000 3.839248935e-001 
d 0.000000000e+000 0.000000000e+000 -3.839783976e-001 -1.000000000e+000 -1.000000000e+000 0.000000000e+000 4.600000000e+000 4.600000000e+000 3.839783976e-001 
d 0.000000000e+000 0.000000000e+000 -3.840217424e-001 -1.000000000e+000 -1.000000000e+000 0.000000000e+000 4.700000000e+000 4.700000000e+000 3.840217424e-001 
d 0.000000000e+000 0.000000000e+000 -3.840510749e-001 -1.000000000e+000 -1.000000000e+000 0.000000000e+000 4.800000000e+000 4.800000000e+000 3.840510749e-001 
d 0.000000000e+000 0.000000000e+000 -3.840329306e-001 -1.000000000e+000 -1.000000000e+000 0.000000000e+000 4.900000000e+000 4.900000000e+000 3.840329306e-001 
d 0.000000000e+000 0.000000000e+000 -3.838200187e-001 -1.000000000e+000 -1.000000000e+000 0.000000000e+000 5.000000000e+000 5.000000000e+000 3.838200187e-001 
