v ATLAS
# This file was created by ATLAS version 5.16.3.R on Sun Sep 01 20:45:13 2013.
#SSF 2.0 generic
##############################################################################
#                    Copyright © 1984 - 2010                                 #
#                    Silvaco Inc. All rights reserved                        #
#                                                                            #
# This file format and the following Key are copyright Silvaco Inc.          #
# You may not use, this format or key without reproducing this message in    #
# full and obtaining express written permission from Silvaco Inc.            #
#                                                                            #
# To obtain such permission please contact: Silvaco Inc.                     #
#                                           support@silvaco.com              #
#                                                                            #
# KEY=SVC86hn7562asdx                       PROD=345                         #
##############################################################################
y 3 700 711 15
z 0.35 0.002 300
f 3 source gate drain 
p 10 2 601 20 3 602 21 4 603 22 82 
d 0.000000000e+000 0.000000000e+000 -3.222569285e-002 -1.000000000e+000 -1.000000000e+000 0.000000000e+000 1.000000000e-001 1.000000000e-001 3.222569285e-002 300.238 
d 0.000000000e+000 0.000000000e+000 -6.246779287e-002 -1.000000000e+000 -1.000000000e+000 0.000000000e+000 2.000000000e-001 2.000000000e-001 6.246779287e-002 300.753 
d 0.000000000e+000 0.000000000e+000 -9.047603379e-002 -1.000000000e+000 -1.000000000e+000 0.000000000e+000 3.000000000e-001 3.000000000e-001 9.047603379e-002 301.336 
d 0.000000000e+000 0.000000000e+000 -1.163566179e-001 -1.000000000e+000 -1.000000000e+000 0.000000000e+000 4.000000000e-001 4.000000000e-001 1.163566179e-001 302.01 
d 0.000000000e+000 0.000000000e+000 -1.400300817e-001 -1.000000000e+000 -1.000000000e+000 0.000000000e+000 5.000000000e-001 5.000000000e-001 1.400300817e-001 303.053 
d 0.000000000e+000 0.000000000e+000 -1.614138331e-001 -1.000000000e+000 -1.000000000e+000 0.000000000e+000 6.000000000e-001 6.000000000e-001 1.614138331e-001 304.463 
d 0.000000000e+000 0.000000000e+000 -1.801735614e-001 -1.000000000e+000 -1.000000000e+000 0.000000000e+000 7.000000000e-001 7.000000000e-001 1.801735614e-001 306.242 
d 0.000000000e+000 0.000000000e+000 -1.961397083e-001 -1.000000000e+000 -1.000000000e+000 0.000000000e+000 8.000000000e-001 8.000000000e-001 1.961397083e-001 308.38 
d 0.000000000e+000 0.000000000e+000 -2.099225693e-001 -1.000000000e+000 -1.000000000e+000 0.000000000e+000 9.000000000e-001 9.000000000e-001 2.099225693e-001 310.557 
d 0.000000000e+000 0.000000000e+000 -2.210163084e-001 -1.000000000e+000 -1.000000000e+000 0.000000000e+000 1.000000000e+000 1.000000000e+000 2.210163084e-001 313.082 
d 0.000000000e+000 0.000000000e+000 -2.303383241e-001 -1.000000000e+000 -1.000000000e+000 0.000000000e+000 1.100000000e+000 1.100000000e+000 2.303383241e-001 315.571 
d 0.000000000e+000 0.000000000e+000 -2.380445970e-001 -1.000000000e+000 -1.000000000e+000 0.000000000e+000 1.200000000e+000 1.200000000e+000 2.380445970e-001 318.028 
d 0.000000000e+000 0.000000000e+000 -2.442985738e-001 -1.000000000e+000 -1.000000000e+000 0.000000000e+000 1.300000000e+000 1.300000000e+000 2.442985738e-001 320.447 
d 0.000000000e+000 0.000000000e+000 -2.492555381e-001 -1.000000000e+000 -1.000000000e+000 0.000000000e+000 1.400000000e+000 1.400000000e+000 2.492555381e-001 322.82 
d 0.000000000e+000 0.000000000e+000 -2.537412501e-001 -1.000000000e+000 -1.000000000e+000 0.000000000e+000 1.500000000e+000 1.500000000e+000 2.537412501e-001 324.854 
d 0.000000000e+000 0.000000000e+000 -2.563358502e-001 -1.000000000e+000 -1.000000000e+000 0.000000000e+000 1.600000000e+000 1.600000000e+000 2.563358502e-001 327.194 
d 0.000000000e+000 0.000000000e+000 -2.588104972e-001 -1.000000000e+000 -1.000000000e+000 0.000000000e+000 1.700000000e+000 1.700000000e+000 2.588104972e-001 329.272 
d 0.000000000e+000 0.000000000e+000 -2.603553986e-001 -1.000000000e+000 -1.000000000e+000 0.000000000e+000 1.800000000e+000 1.800000000e+000 2.603553986e-001 331.721 
d 0.000000000e+000 0.000000000e+000 -2.611452446e-001 -1.000000000e+000 -1.000000000e+000 0.000000000e+000 1.900000000e+000 1.900000000e+000 2.611452446e-001 334.165 
d 0.000000000e+000 0.000000000e+000 -2.613058061e-001 -1.000000000e+000 -1.000000000e+000 0.000000000e+000 2.000000000e+000 2.000000000e+000 2.613058061e-001 336.58 
d 0.000000000e+000 0.000000000e+000 -2.609561587e-001 -1.000000000e+000 -1.000000000e+000 0.000000000e+000 2.100000000e+000 2.100000000e+000 2.609561587e-001 338.948 
d 0.000000000e+000 0.000000000e+000 -2.608151833e-001 -1.000000000e+000 -1.000000000e+000 0.000000000e+000 2.200000000e+000 2.200000000e+000 2.608151833e-001 340.973 
d 0.000000000e+000 0.000000000e+000 -2.601144560e-001 -1.000000000e+000 -1.000000000e+000 0.000000000e+000 2.300000000e+000 2.300000000e+000 2.601144560e-001 343.027 
d 0.000000000e+000 0.000000000e+000 -2.589976513e-001 -1.000000000e+000 -1.000000000e+000 0.000000000e+000 2.400000000e+000 2.400000000e+000 2.589976513e-001 345.073 
d 0.000000000e+000 0.000000000e+000 -2.575641706e-001 -1.000000000e+000 -1.000000000e+000 0.000000000e+000 2.500000000e+000 2.500000000e+000 2.575641706e-001 347.087 
d 0.000000000e+000 0.000000000e+000 -2.558922393e-001 -1.000000000e+000 -1.000000000e+000 0.000000000e+000 2.600000000e+000 2.600000000e+000 2.558922393e-001 349.054 
d 0.000000000e+000 0.000000000e+000 -2.540438685e-001 -1.000000000e+000 -1.000000000e+000 0.000000000e+000 2.700000000e+000 2.700000000e+000 2.540438685e-001 350.962 
d 0.000000000e+000 0.000000000e+000 -2.520688192e-001 -1.000000000e+000 -1.000000000e+000 0.000000000e+000 2.800000000e+000 2.800000000e+000 2.520688192e-001 352.803 
d 0.000000000e+000 0.000000000e+000 -2.505615109e-001 -1.000000000e+000 -1.000000000e+000 0.000000000e+000 2.900000000e+000 2.900000000e+000 2.505615109e-001 354.297 
d 0.000000000e+000 0.000000000e+000 -2.488082447e-001 -1.000000000e+000 -1.000000000e+000 0.000000000e+000 3.000000000e+000 3.000000000e+000 2.488082447e-001 355.814 
d 0.000000000e+000 0.000000000e+000 -2.468901259e-001 -1.000000000e+000 -1.000000000e+000 0.000000000e+000 3.100000000e+000 3.100000000e+000 2.468901259e-001 357.321 
d 0.000000000e+000 0.000000000e+000 -2.448657771e-001 -1.000000000e+000 -1.000000000e+000 0.000000000e+000 3.200000000e+000 3.200000000e+000 2.448657771e-001 359.167 
d 0.000000000e+000 0.000000000e+000 -2.427803710e-001 -1.000000000e+000 -1.000000000e+000 0.000000000e+000 3.300000000e+000 3.300000000e+000 2.427803710e-001 361.346 
d 0.000000000e+000 0.000000000e+000 -2.406682244e-001 -1.000000000e+000 -1.000000000e+000 0.000000000e+000 3.400000000e+000 3.400000000e+000 2.406682244e-001 363.622 
d 0.000000000e+000 0.000000000e+000 -2.385591370e-001 -1.000000000e+000 -1.000000000e+000 0.000000000e+000 3.500000000e+000 3.500000000e+000 2.385591370e-001 365.989 
d 0.000000000e+000 0.000000000e+000 -2.369956020e-001 -1.000000000e+000 -1.000000000e+000 0.000000000e+000 3.600000000e+000 3.600000000e+000 2.369956020e-001 368.165 
d 0.000000000e+000 0.000000000e+000 -2.348146726e-001 -1.000000000e+000 -1.000000000e+000 0.000000000e+000 3.700000000e+000 3.700000000e+000 2.348146726e-001 370.747 
d 0.000000000e+000 0.000000000e+000 -2.332568708e-001 -1.000000000e+000 -1.000000000e+000 0.000000000e+000 3.800000000e+000 3.800000000e+000 2.332568708e-001 373.026 
d 0.000000000e+000 0.000000000e+000 -2.316441601e-001 -1.000000000e+000 -1.000000000e+000 0.000000000e+000 3.900000000e+000 3.900000000e+000 2.316441601e-001 375.382 
d 0.000000000e+000 0.000000000e+000 -2.300128433e-001 -1.000000000e+000 -1.000000000e+000 0.000000000e+000 4.000000000e+000 4.000000000e+000 2.300128433e-001 377.759 
d 0.000000000e+000 0.000000000e+000 -2.283862689e-001 -1.000000000e+000 -1.000000000e+000 0.000000000e+000 4.100000000e+000 4.100000000e+000 2.283862689e-001 380.122 
d 0.000000000e+000 0.000000000e+000 -2.267728989e-001 -1.000000000e+000 -1.000000000e+000 0.000000000e+000 4.200000000e+000 4.200000000e+000 2.267728989e-001 382.461 
d 0.000000000e+000 0.000000000e+000 -2.251760319e-001 -1.000000000e+000 -1.000000000e+000 0.000000000e+000 4.300000000e+000 4.300000000e+000 2.251760319e-001 384.775 
d 0.000000000e+000 0.000000000e+000 -2.235971508e-001 -1.000000000e+000 -1.000000000e+000 0.000000000e+000 4.400000000e+000 4.400000000e+000 2.235971508e-001 387.068 
d 0.000000000e+000 0.000000000e+000 -2.220375468e-001 -1.000000000e+000 -1.000000000e+000 0.000000000e+000 4.500000000e+000 4.500000000e+000 2.220375468e-001 389.343 
d 0.000000000e+000 0.000000000e+000 -2.204997450e-001 -1.000000000e+000 -1.000000000e+000 0.000000000e+000 4.600000000e+000 4.600000000e+000 2.204997450e-001 391.601 
d 0.000000000e+000 0.000000000e+000 -2.189871658e-001 -1.000000000e+000 -1.000000000e+000 0.000000000e+000 4.700000000e+000 4.700000000e+000 2.189871658e-001 393.834 
d 0.000000000e+000 0.000000000e+000 -2.175026658e-001 -1.000000000e+000 -1.000000000e+000 0.000000000e+000 4.800000000e+000 4.800000000e+000 2.175026658e-001 396.036 
d 0.000000000e+000 0.000000000e+000 -2.160469969e-001 -1.000000000e+000 -1.000000000e+000 0.000000000e+000 4.900000000e+000 4.900000000e+000 2.160469969e-001 398.204 
d 0.000000000e+000 0.000000000e+000 -2.146188635e-001 -1.000000000e+000 -1.000000000e+000 0.000000000e+000 5.000000000e+000 5.000000000e+000 2.146188635e-001 400.341 
