v ATLAS
# This file was created by ATLAS version 5.18.3.R on Wed Feb 27 22:06:23 2013.
#SSF 2.0 generic
##############################################################################
#                    Copyright © 1984 - 2012                                 #
#                    Silvaco Inc. All rights reserved                        #
#                                                                            #
# This file format and the following Key are copyright Silvaco Inc.          #
# You may not use, this format or key without reproducing this message in    #
# full and obtaining express written permission from Silvaco Inc.            #
#                                                                            #
# To obtain such permission please contact: Silvaco Inc.                     #
#                                           support@silvaco.com              #
#                                                                            #
# KEY=SVC86hn7562asdx                       PROD=345                         #
##############################################################################
y 1 15
z 300
f 3 "emitter" "base" "collector" 
p 9 2 601 20 3 602 21 4 603 22 
d 0.000000000e+000 0.000000000e+000 -2.001916738e-007 7.164288146e-001 7.164288146e-001 1.000000000e-006 0.000000000e+000 0.000000000e+000 -7.998083262e-007 
d 0.000000000e+000 0.000000000e+000 -1.320833084e-005 7.587636918e-001 7.587636918e-001 1.000000000e-006 1.000000000e-001 1.000000000e-001 1.220833084e-005 
d 0.000000000e+000 0.000000000e+000 -1.540927735e-005 7.618977691e-001 7.618977691e-001 9.999999999e-007 2.000000000e-001 2.000000000e-001 1.440927735e-005 
d 0.000000000e+000 0.000000000e+000 -1.563687395e-005 7.620964263e-001 7.620964263e-001 9.999999999e-007 3.000000000e-001 3.000000000e-001 1.463687395e-005 
d 0.000000000e+000 0.000000000e+000 -1.575935258e-005 7.621748075e-001 7.621748075e-001 1.000000000e-006 4.000000000e-001 4.000000000e-001 1.475935258e-005 
d 0.000000000e+000 0.000000000e+000 -1.586384878e-005 7.622354068e-001 7.622354068e-001 9.999999999e-007 5.000000000e-001 5.000000000e-001 1.486384878e-005 
d 0.000000000e+000 0.000000000e+000 -1.595978853e-005 7.622877582e-001 7.622877582e-001 1.000000000e-006 6.000000000e-001 6.000000000e-001 1.495978853e-005 
d 0.000000000e+000 0.000000000e+000 -1.605053530e-005 7.623350663e-001 7.623350663e-001 1.000000000e-006 7.000000000e-001 7.000000000e-001 1.505053530e-005 
d 0.000000000e+000 0.000000000e+000 -1.613787174e-005 7.623789768e-001 7.623789768e-001 9.999999999e-007 8.000000000e-001 8.000000000e-001 1.513787174e-005 
d 0.000000000e+000 0.000000000e+000 -1.622287306e-005 7.624204534e-001 7.624204534e-001 1.000000000e-006 9.000000000e-001 9.000000000e-001 1.522287306e-005 
d 0.000000000e+000 0.000000000e+000 -1.630623435e-005 7.624601130e-001 7.624601130e-001 9.999999999e-007 1.000000000e+000 1.000000000e+000 1.530623435e-005 
d 0.000000000e+000 0.000000000e+000 -1.638842774e-005 7.624983752e-001 7.624983752e-001 1.000000000e-006 1.100000000e+000 1.100000000e+000 1.538842774e-005 
d 0.000000000e+000 0.000000000e+000 -1.646977016e-005 7.625355364e-001 7.625355364e-001 1.000000000e-006 1.200000000e+000 1.200000000e+000 1.546977016e-005 
d 0.000000000e+000 0.000000000e+000 -1.655045304e-005 7.625717916e-001 7.625717916e-001 1.000000000e-006 1.300000000e+000 1.300000000e+000 1.555045304e-005 
d 0.000000000e+000 0.000000000e+000 -1.663058273e-005 7.626072740e-001 7.626072740e-001 1.000000000e-006 1.400000000e+000 1.400000000e+000 1.563058273e-005 
d 0.000000000e+000 0.000000000e+000 -1.671023897e-005 7.626420903e-001 7.626420903e-001 1.000000000e-006 1.500000000e+000 1.500000000e+000 1.571023897e-005 
d 0.000000000e+000 0.000000000e+000 -1.678952481e-005 7.626763455e-001 7.626763455e-001 1.000000000e-006 1.600000000e+000 1.600000000e+000 1.578952481e-005 
d 0.000000000e+000 0.000000000e+000 -1.686858136e-005 7.627101510e-001 7.627101510e-001 1.000000000e-006 1.700000000e+000 1.700000000e+000 1.586858136e-005 
d 0.000000000e+000 0.000000000e+000 -1.694756701e-005 7.627436161e-001 7.627436161e-001 1.000000000e-006 1.800000000e+000 1.800000000e+000 1.594756701e-005 
d 0.000000000e+000 0.000000000e+000 -1.702662544e-005 7.627768377e-001 7.627768377e-001 9.999999999e-007 1.900000000e+000 1.900000000e+000 1.602662544e-005 
d 0.000000000e+000 0.000000000e+000 -1.710586472e-005 7.628098874e-001 7.628098874e-001 9.999999999e-007 2.000000000e+000 2.000000000e+000 1.610586472e-005 
d 0.000000000e+000 0.000000000e+000 -1.718535259e-005 7.628428129e-001 7.628428129e-001 1.000000000e-006 2.100000000e+000 2.100000000e+000 1.618535259e-005 
d 0.000000000e+000 0.000000000e+000 -1.726512113e-005 7.628756436e-001 7.628756436e-001 9.999999999e-007 2.200000000e+000 2.200000000e+000 1.626512113e-005 
d 0.000000000e+000 0.000000000e+000 -1.734517375e-005 7.629083933e-001 7.629083933e-001 1.000000000e-006 2.300000000e+000 2.300000000e+000 1.634517375e-005 
d 0.000000000e+000 0.000000000e+000 -1.742549073e-005 7.629410642e-001 7.629410642e-001 9.999999999e-007 2.400000000e+000 2.400000000e+000 1.642549073e-005 
d 0.000000000e+000 0.000000000e+000 -1.750603248e-005 7.629736484e-001 7.629736484e-001 9.999999999e-007 2.500000000e+000 2.500000000e+000 1.650603248e-005 
d 0.000000000e+000 0.000000000e+000 -1.758674121e-005 7.630061305e-001 7.630061305e-001 1.000000000e-006 2.600000000e+000 2.600000000e+000 1.658674121e-005 
d 0.000000000e+000 0.000000000e+000 -1.766754186e-005 7.630384889e-001 7.630384889e-001 1.000000000e-006 2.700000000e+000 2.700000000e+000 1.666754186e-005 
d 0.000000000e+000 0.000000000e+000 -1.774834432e-005 7.630706945e-001 7.630706945e-001 9.999999999e-007 2.800000000e+000 2.800000000e+000 1.674834432e-005 
d 0.000000000e+000 0.000000000e+000 -1.782904895e-005 7.631027173e-001 7.631027173e-001 1.000000000e-006 2.900000000e+000 2.900000000e+000 1.682904895e-005 
d 0.000000000e+000 0.000000000e+000 -1.790955785e-005 7.631345293e-001 7.631345293e-001 9.999999999e-007 3.000000000e+000 3.000000000e+000 1.690955785e-005 
d 0.000000000e+000 0.000000000e+000 -1.798979335e-005 7.631661138e-001 7.631661138e-001 1.000000000e-006 3.100000000e+000 3.100000000e+000 1.698979335e-005 
d 0.000000000e+000 0.000000000e+000 -1.806972039e-005 7.631974701e-001 7.631974701e-001 1.000000000e-006 3.200000000e+000 3.200000000e+000 1.706972039e-005 
d 0.000000000e+000 0.000000000e+000 -1.814936352e-005 7.632286191e-001 7.632286191e-001 1.000000000e-006 3.300000000e+000 3.300000000e+000 1.714936353e-005 
d 0.000000000e+000 0.000000000e+000 -1.822880649e-005 7.632596056e-001 7.632596056e-001 1.000000000e-006 3.400000000e+000 3.400000000e+000 1.722880649e-005 
d 0.000000000e+000 0.000000000e+000 -1.830817170e-005 7.632904891e-001 7.632904891e-001 1.000000000e-006 3.500000000e+000 3.500000000e+000 1.730817170e-005 
d 0.000000000e+000 0.000000000e+000 -1.838759047e-005 7.633213304e-001 7.633213304e-001 1.000000000e-006 3.600000000e+000 3.600000000e+000 1.738759047e-005 
d 0.000000000e+000 0.000000000e+000 -1.846717933e-005 7.633521835e-001 7.633521835e-001 1.000000000e-006 3.700000000e+000 3.700000000e+000 1.746717933e-005 
d 0.000000000e+000 0.000000000e+000 -1.854702937e-005 7.633830920e-001 7.633830920e-001 9.999999999e-007 3.800000000e+000 3.800000000e+000 1.754702937e-005 
d 0.000000000e+000 0.000000000e+000 -1.862720615e-005 7.634140886e-001 7.634140886e-001 1.000000000e-006 3.900000000e+000 3.900000000e+000 1.762720615e-005 
d 0.000000000e+000 0.000000000e+000 -1.870775474e-005 7.634451984e-001 7.634451984e-001 1.000000000e-006 4.000000000e+000 4.000000000e+000 1.770775474e-005 
d 0.000000000e+000 0.000000000e+000 -1.878870583e-005 7.634764386e-001 7.634764386e-001 9.999999999e-007 4.100000000e+000 4.100000000e+000 1.778870583e-005 
d 0.000000000e+000 0.000000000e+000 -1.887008082e-005 7.635078223e-001 7.635078223e-001 1.000000000e-006 4.200000000e+000 4.200000000e+000 1.787008082e-005 
d 0.000000000e+000 0.000000000e+000 -1.895189566e-005 7.635393605e-001 7.635393605e-001 9.999999999e-007 4.300000000e+000 4.300000000e+000 1.795189566e-005 
d 0.000000000e+000 0.000000000e+000 -1.903416338e-005 7.635710599e-001 7.635710599e-001 9.999999999e-007 4.400000000e+000 4.400000000e+000 1.803416338e-005 
d 0.000000000e+000 0.000000000e+000 -1.911689581e-005 7.636029274e-001 7.636029274e-001 1.000000000e-006 4.500000000e+000 4.500000000e+000 1.811689581e-005 
d 0.000000000e+000 0.000000000e+000 -1.920010452e-005 7.636349690e-001 7.636349690e-001 1.000000000e-006 4.600000000e+000 4.600000000e+000 1.820010452e-005 
d 0.000000000e+000 0.000000000e+000 -1.928380148e-005 7.636671894e-001 7.636671894e-001 1.000000000e-006 4.700000000e+000 4.700000000e+000 1.828380148e-005 
d 0.000000000e+000 0.000000000e+000 -1.936799929e-005 7.636995928e-001 7.636995928e-001 1.000000000e-006 4.800000000e+000 4.800000000e+000 1.836799929e-005 
d 0.000000000e+000 0.000000000e+000 -1.945271137e-005 7.637321829e-001 7.637321829e-001 1.000000000e-006 4.900000000e+000 4.900000000e+000 1.845271137e-005 
d 0.000000000e+000 0.000000000e+000 -1.953795194e-005 7.637649630e-001 7.637649630e-001 1.000000000e-006 5.000000000e+000 5.000000000e+000 1.853795194e-005 
