v ATLAS
# This file was created by ATLAS version 5.18.3.R on Wed Feb 27 22:06:35 2013.
#SSF 2.0 generic
##############################################################################
#                    Copyright © 1984 - 2012                                 #
#                    Silvaco Inc. All rights reserved                        #
#                                                                            #
# This file format and the following Key are copyright Silvaco Inc.          #
# You may not use, this format or key without reproducing this message in    #
# full and obtaining express written permission from Silvaco Inc.            #
#                                                                            #
# To obtain such permission please contact: Silvaco Inc.                     #
#                                           support@silvaco.com              #
#                                                                            #
# KEY=SVC86hn7562asdx                       PROD=345                         #
##############################################################################
y 1 15
z 300
f 3 "emitter" "base" "collector" 
p 9 2 601 20 3 602 21 4 603 22 
d 0.000000000e+000 0.000000000e+000 -5.883374926e-007 7.478760387e-001 7.478760387e-001 3.000000000e-006 0.000000000e+000 0.000000000e+000 -2.411662507e-006 
d 0.000000000e+000 0.000000000e+000 -3.470942950e-005 7.943169054e-001 7.943169054e-001 3.000000000e-006 1.000000000e-001 1.000000000e-001 3.170942950e-005 
d 0.000000000e+000 0.000000000e+000 -4.278860849e-005 8.000459927e-001 8.000459927e-001 3.000000000e-006 2.000000000e-001 2.000000000e-001 3.978860849e-005 
d 0.000000000e+000 0.000000000e+000 -4.409427785e-005 8.008664910e-001 8.008664910e-001 3.000000000e-006 3.000000000e-001 3.000000000e-001 4.109427785e-005 
d 0.000000000e+000 0.000000000e+000 -4.456124089e-005 8.011557414e-001 8.011557414e-001 3.000000000e-006 4.000000000e-001 4.000000000e-001 4.156124089e-005 
d 0.000000000e+000 0.000000000e+000 -4.486755177e-005 8.013365123e-001 8.013365123e-001 3.000000000e-006 5.000000000e-001 5.000000000e-001 4.186755177e-005 
d 0.000000000e+000 0.000000000e+000 -4.512545112e-005 8.014792502e-001 8.014792502e-001 3.000000000e-006 6.000000000e-001 6.000000000e-001 4.212545112e-005 
d 0.000000000e+000 0.000000000e+000 -4.536104930e-005 8.016026296e-001 8.016026296e-001 3.000000000e-006 7.000000000e-001 7.000000000e-001 4.236104930e-005 
d 0.000000000e+000 0.000000000e+000 -4.558418007e-005 8.017142444e-001 8.017142444e-001 3.000000000e-006 8.000000000e-001 8.000000000e-001 4.258418007e-005 
d 0.000000000e+000 0.000000000e+000 -4.579963915e-005 8.018179571e-001 8.018179571e-001 3.000000000e-006 9.000000000e-001 9.000000000e-001 4.279963915e-005 
d 0.000000000e+000 0.000000000e+000 -4.601008764e-005 8.019159973e-001 8.019159973e-001 3.000000000e-006 1.000000000e+000 1.000000000e+000 4.301008764e-005 
d 0.000000000e+000 0.000000000e+000 -4.621709644e-005 8.020097764e-001 8.020097764e-001 3.000000000e-006 1.100000000e+000 1.100000000e+000 4.321709644e-005 
d 0.000000000e+000 0.000000000e+000 -4.642162753e-005 8.021002196e-001 8.021002196e-001 3.000000000e-006 1.200000000e+000 1.200000000e+000 4.342162753e-005 
d 0.000000000e+000 0.000000000e+000 -4.662432251e-005 8.021879111e-001 8.021879111e-001 3.000000000e-006 1.300000000e+000 1.300000000e+000 4.362432250e-005 
d 0.000000000e+000 0.000000000e+000 -4.682568989e-005 8.022733268e-001 8.022733268e-001 3.000000000e-006 1.400000000e+000 1.400000000e+000 4.382568989e-005 
d 0.000000000e+000 0.000000000e+000 -4.702619436e-005 8.023568610e-001 8.023568610e-001 3.000000000e-006 1.500000000e+000 1.500000000e+000 4.402619436e-005 
d 0.000000000e+000 0.000000000e+000 -4.722626221e-005 8.024388680e-001 8.024388680e-001 3.000000000e-006 1.600000000e+000 1.600000000e+000 4.422626221e-005 
d 0.000000000e+000 0.000000000e+000 -4.742624739e-005 8.025196550e-001 8.025196550e-001 3.000000000e-006 1.700000000e+000 1.700000000e+000 4.442624739e-005 
d 0.000000000e+000 0.000000000e+000 -4.762640192e-005 8.025994688e-001 8.025994688e-001 3.000000000e-006 1.800000000e+000 1.800000000e+000 4.462640192e-005 
d 0.000000000e+000 0.000000000e+000 -4.782686950e-005 8.026784913e-001 8.026784913e-001 3.000000000e-006 1.900000000e+000 1.900000000e+000 4.482686950e-005 
d 0.000000000e+000 0.000000000e+000 -4.802769781e-005 8.027568463e-001 8.027568463e-001 3.000000000e-006 2.000000000e+000 2.000000000e+000 4.502769781e-005 
d 0.000000000e+000 0.000000000e+000 -4.822885729e-005 8.028346099e-001 8.028346099e-001 3.000000000e-006 2.100000000e+000 2.100000000e+000 4.522885729e-005 
d 0.000000000e+000 0.000000000e+000 -4.843025811e-005 8.029118215e-001 8.029118215e-001 3.000000000e-006 2.200000000e+000 2.200000000e+000 4.543025811e-005 
d 0.000000000e+000 0.000000000e+000 -4.863176270e-005 8.029884970e-001 8.029884970e-001 3.000000000e-006 2.300000000e+000 2.300000000e+000 4.563176270e-005 
d 0.000000000e+000 0.000000000e+000 -4.883319629e-005 8.030646318e-001 8.030646318e-001 3.000000000e-006 2.400000000e+000 2.400000000e+000 4.583319629e-005 
d 0.000000000e+000 0.000000000e+000 -4.903435548e-005 8.031401937e-001 8.031401937e-001 3.000000000e-006 2.500000000e+000 2.500000000e+000 4.603435548e-005 
d 0.000000000e+000 0.000000000e+000 -4.923502478e-005 8.032151170e-001 8.032151170e-001 3.000000000e-006 2.600000000e+000 2.600000000e+000 4.623502478e-005 
d 0.000000000e+000 0.000000000e+000 -4.943500627e-005 8.032893643e-001 8.032893643e-001 3.000000000e-006 2.700000000e+000 2.700000000e+000 4.643500627e-005 
d 0.000000000e+000 0.000000000e+000 -4.963415754e-005 8.033628933e-001 8.033628933e-001 3.000000000e-006 2.800000000e+000 2.800000000e+000 4.663415754e-005 
d 0.000000000e+000 0.000000000e+000 -4.983243335e-005 8.034356826e-001 8.034356826e-001 3.000000000e-006 2.900000000e+000 2.900000000e+000 4.683243335e-005 
d 0.000000000e+000 0.000000000e+000 -5.002991206e-005 8.035077611e-001 8.035077611e-001 3.000000000e-006 3.000000000e+000 3.000000000e+000 4.702991206e-005 
d 0.000000000e+000 0.000000000e+000 -5.022679016e-005 8.035792043e-001 8.035792043e-001 3.000000000e-006 3.100000000e+000 3.100000000e+000 4.722679016e-005 
d 0.000000000e+000 0.000000000e+000 -5.042334377e-005 8.036501250e-001 8.036501250e-001 3.000000000e-006 3.200000000e+000 3.200000000e+000 4.742334377e-005 
d 0.000000000e+000 0.000000000e+000 -5.061987368e-005 8.037206547e-001 8.037206547e-001 3.000000000e-006 3.300000000e+000 3.300000000e+000 4.761987368e-005 
d 0.000000000e+000 0.000000000e+000 -5.081665681e-005 8.037909223e-001 8.037909223e-001 3.000000000e-006 3.400000000e+000 3.400000000e+000 4.781665681e-005 
d 0.000000000e+000 0.000000000e+000 -5.101391794e-005 8.038610383e-001 8.038610383e-001 3.000000000e-006 3.500000000e+000 3.500000000e+000 4.801391794e-005 
d 0.000000000e+000 0.000000000e+000 -5.121182277e-005 8.039311001e-001 8.039311001e-001 3.000000000e-006 3.600000000e+000 3.600000000e+000 4.821182277e-005 
d 0.000000000e+000 0.000000000e+000 -5.141048455e-005 8.040011765e-001 8.040011765e-001 3.000000000e-006 3.700000000e+000 3.700000000e+000 4.841048455e-005 
d 0.000000000e+000 0.000000000e+000 -5.160997592e-005 8.040713027e-001 8.040713027e-001 3.000000000e-006 3.800000000e+000 3.800000000e+000 4.860997592e-005 
d 0.000000000e+000 0.000000000e+000 -5.181034055e-005 8.041415141e-001 8.041415141e-001 3.000000000e-006 3.900000000e+000 3.900000000e+000 4.881034055e-005 
d 0.000000000e+000 0.000000000e+000 -5.201160266e-005 8.042118378e-001 8.042118378e-001 3.000000000e-006 4.000000000e+000 4.000000000e+000 4.901160266e-005 
d 0.000000000e+000 0.000000000e+000 -5.221377404e-005 8.042822953e-001 8.042822953e-001 3.000000000e-006 4.100000000e+000 4.100000000e+000 4.921377404e-005 
d 0.000000000e+000 0.000000000e+000 -5.241685899e-005 8.043529078e-001 8.043529078e-001 3.000000000e-006 4.200000000e+000 4.200000000e+000 4.941685899e-005 
d 0.000000000e+000 0.000000000e+000 -5.262085779e-005 8.044236935e-001 8.044236935e-001 3.000000000e-006 4.300000000e+000 4.300000000e+000 4.962085779e-005 
d 0.000000000e+000 0.000000000e+000 -5.282576915e-005 8.044946600e-001 8.044946600e-001 3.000000000e-006 4.400000000e+000 4.400000000e+000 4.982576915e-005 
d 0.000000000e+000 0.000000000e+000 -5.303159188e-005 8.045658192e-001 8.045658192e-001 3.000000000e-006 4.500000000e+000 4.500000000e+000 5.003159188e-005 
d 0.000000000e+000 0.000000000e+000 -5.323832610e-005 8.046371823e-001 8.046371823e-001 3.000000000e-006 4.600000000e+000 4.600000000e+000 5.023832610e-005 
d 0.000000000e+000 0.000000000e+000 -5.344597405e-005 8.047087598e-001 8.047087598e-001 3.000000000e-006 4.700000000e+000 4.700000000e+000 5.044597405e-005 
d 0.000000000e+000 0.000000000e+000 -5.365454073e-005 8.047805611e-001 8.047805611e-001 3.000000000e-006 4.800000000e+000 4.800000000e+000 5.065454073e-005 
d 0.000000000e+000 0.000000000e+000 -5.386403416e-005 8.048525949e-001 8.048525949e-001 3.000000000e-006 4.900000000e+000 4.900000000e+000 5.086403416e-005 
d 0.000000000e+000 0.000000000e+000 -5.407446567e-005 8.049248692e-001 8.049248692e-001 3.000000000e-006 5.000000000e+000 5.000000000e+000 5.107446567e-005 
