v ATLAS
# This file was created by ATLAS version 5.18.3.R on Wed Feb 27 22:06:29 2013.
#SSF 2.0 generic
##############################################################################
#                    Copyright © 1984 - 2012                                 #
#                    Silvaco Inc. All rights reserved                        #
#                                                                            #
# This file format and the following Key are copyright Silvaco Inc.          #
# You may not use, this format or key without reproducing this message in    #
# full and obtaining express written permission from Silvaco Inc.            #
#                                                                            #
# To obtain such permission please contact: Silvaco Inc.                     #
#                                           support@silvaco.com              #
#                                                                            #
# KEY=SVC86hn7562asdx                       PROD=345                         #
##############################################################################
y 1 15
z 300
f 3 "emitter" "base" "collector" 
p 9 2 601 20 3 602 21 4 603 22 
d 0.000000000e+000 0.000000000e+000 -3.960107723e-007 7.360455230e-001 7.360455230e-001 2.000000000e-006 0.000000000e+000 0.000000000e+000 -1.603989228e-006 
d 0.000000000e+000 0.000000000e+000 -2.453809684e-005 7.805988444e-001 7.805988444e-001 2.000000000e-006 1.000000000e-001 1.000000000e-001 2.253809684e-005 
d 0.000000000e+000 0.000000000e+000 -2.955403246e-005 7.850012056e-001 7.850012056e-001 2.000000000e-006 2.000000000e-001 2.000000000e-001 2.755403246e-005 
d 0.000000000e+000 0.000000000e+000 -3.019489351e-005 7.854526030e-001 7.854526030e-001 2.000000000e-006 3.000000000e-001 3.000000000e-001 2.819489351e-005 
d 0.000000000e+000 0.000000000e+000 -3.045642866e-005 7.856199325e-001 7.856199325e-001 2.000000000e-006 4.000000000e-001 4.000000000e-001 2.845642866e-005 
d 0.000000000e+000 0.000000000e+000 -3.065735875e-005 7.857379334e-001 7.857379334e-001 2.000000000e-006 5.000000000e-001 5.000000000e-001 2.865735875e-005 
d 0.000000000e+000 0.000000000e+000 -3.083573979e-005 7.858359834e-001 7.858359834e-001 2.000000000e-006 6.000000000e-001 6.000000000e-001 2.883573979e-005 
d 0.000000000e+000 0.000000000e+000 -3.100205286e-005 7.859228192e-001 7.859228192e-001 2.000000000e-006 7.000000000e-001 7.000000000e-001 2.900205286e-005 
d 0.000000000e+000 0.000000000e+000 -3.116100301e-005 7.860024634e-001 7.860024634e-001 2.000000000e-006 8.000000000e-001 8.000000000e-001 2.916100301e-005 
d 0.000000000e+000 0.000000000e+000 -3.131515980e-005 7.860771029e-001 7.860771029e-001 2.000000000e-006 9.000000000e-001 9.000000000e-001 2.931515980e-005 
d 0.000000000e+000 0.000000000e+000 -3.146607230e-005 7.861480733e-001 7.861480733e-001 2.000000000e-006 1.000000000e+000 1.000000000e+000 2.946607230e-005 
d 0.000000000e+000 0.000000000e+000 -3.161471697e-005 7.862162463e-001 7.862162463e-001 2.000000000e-006 1.100000000e+000 1.100000000e+000 2.961471697e-005 
d 0.000000000e+000 0.000000000e+000 -3.176170120e-005 7.862822025e-001 7.862822025e-001 2.000000000e-006 1.200000000e+000 1.200000000e+000 2.976170120e-005 
d 0.000000000e+000 0.000000000e+000 -3.190739630e-005 7.863463348e-001 7.863463348e-001 2.000000000e-006 1.300000000e+000 1.300000000e+000 2.990739630e-005 
d 0.000000000e+000 0.000000000e+000 -3.205206278e-005 7.864089293e-001 7.864089293e-001 2.000000000e-006 1.400000000e+000 1.400000000e+000 3.005206278e-005 
d 0.000000000e+000 0.000000000e+000 -3.219594975e-005 7.864702351e-001 7.864702351e-001 2.000000000e-006 1.500000000e+000 1.500000000e+000 3.019594975e-005 
d 0.000000000e+000 0.000000000e+000 -3.233933368e-005 7.865304798e-001 7.865304798e-001 2.000000000e-006 1.600000000e+000 1.600000000e+000 3.033933368e-005 
d 0.000000000e+000 0.000000000e+000 -3.248249762e-005 7.865898822e-001 7.865898822e-001 2.000000000e-006 1.700000000e+000 1.700000000e+000 3.048249762e-005 
d 0.000000000e+000 0.000000000e+000 -3.262568767e-005 7.866486348e-001 7.866486348e-001 2.000000000e-006 1.800000000e+000 1.800000000e+000 3.062568767e-005 
d 0.000000000e+000 0.000000000e+000 -3.276908304e-005 7.867068874e-001 7.867068874e-001 2.000000000e-006 1.900000000e+000 1.900000000e+000 3.076908304e-005 
d 0.000000000e+000 0.000000000e+000 -3.291278977e-005 7.867647525e-001 7.867647525e-001 2.000000000e-006 2.000000000e+000 2.000000000e+000 3.091278977e-005 
d 0.000000000e+000 0.000000000e+000 -3.305684985e-005 7.868223000e-001 7.868223000e-001 2.000000000e-006 2.100000000e+000 2.100000000e+000 3.105684985e-005 
d 0.000000000e+000 0.000000000e+000 -3.320125408e-005 7.868795611e-001 7.868795611e-001 2.000000000e-006 2.200000000e+000 2.200000000e+000 3.120125408e-005 
d 0.000000000e+000 0.000000000e+000 -3.334595270e-005 7.869365502e-001 7.869365502e-001 2.000000000e-006 2.300000000e+000 2.300000000e+000 3.134595270e-005 
d 0.000000000e+000 0.000000000e+000 -3.349086209e-005 7.869932624e-001 7.869932624e-001 2.000000000e-006 2.400000000e+000 2.400000000e+000 3.149086209e-005 
d 0.000000000e+000 0.000000000e+000 -3.363586871e-005 7.870496766e-001 7.870496766e-001 2.000000000e-006 2.500000000e+000 2.500000000e+000 3.163586871e-005 
d 0.000000000e+000 0.000000000e+000 -3.378083300e-005 7.871057630e-001 7.871057630e-001 2.000000000e-006 2.600000000e+000 2.600000000e+000 3.178083300e-005 
d 0.000000000e+000 0.000000000e+000 -3.392559665e-005 7.871614823e-001 7.871614823e-001 2.000000000e-006 2.700000000e+000 2.700000000e+000 3.192559665e-005 
d 0.000000000e+000 0.000000000e+000 -3.406999779e-005 7.872167782e-001 7.872167782e-001 2.000000000e-006 2.800000000e+000 2.800000000e+000 3.206999779e-005 
d 0.000000000e+000 0.000000000e+000 -3.421389701e-005 7.872716095e-001 7.872716095e-001 2.000000000e-006 2.900000000e+000 2.900000000e+000 3.221389701e-005 
d 0.000000000e+000 0.000000000e+000 -3.435721206e-005 7.873259551e-001 7.873259551e-001 2.000000000e-006 3.000000000e+000 3.000000000e+000 3.235721206e-005 
d 0.000000000e+000 0.000000000e+000 -3.449994979e-005 7.873798310e-001 7.873798310e-001 2.000000000e-006 3.100000000e+000 3.100000000e+000 3.249994979e-005 
d 0.000000000e+000 0.000000000e+000 -3.464221756e-005 7.874332857e-001 7.874332857e-001 2.000000000e-006 3.200000000e+000 3.200000000e+000 3.264221756e-005 
d 0.000000000e+000 0.000000000e+000 -3.478420305e-005 7.874864015e-001 7.874864015e-001 2.000000000e-006 3.300000000e+000 3.300000000e+000 3.278420305e-005 
d 0.000000000e+000 0.000000000e+000 -3.492613062e-005 7.875392801e-001 7.875392801e-001 2.000000000e-006 3.400000000e+000 3.400000000e+000 3.292613062e-005 
d 0.000000000e+000 0.000000000e+000 -3.506821615e-005 7.875920226e-001 7.875920226e-001 2.000000000e-006 3.500000000e+000 3.500000000e+000 3.306821615e-005 
d 0.000000000e+000 0.000000000e+000 -3.521063836e-005 7.876447160e-001 7.876447160e-001 2.000000000e-006 3.600000000e+000 3.600000000e+000 3.321063836e-005 
d 0.000000000e+000 0.000000000e+000 -3.535353005e-005 7.876974286e-001 7.876974286e-001 2.000000000e-006 3.700000000e+000 3.700000000e+000 3.335353005e-005 
d 0.000000000e+000 0.000000000e+000 -3.549698250e-005 7.877502115e-001 7.877502115e-001 2.000000000e-006 3.800000000e+000 3.800000000e+000 3.349698250e-005 
d 0.000000000e+000 0.000000000e+000 -3.564105512e-005 7.878031019e-001 7.878031019e-001 2.000000000e-006 3.900000000e+000 3.900000000e+000 3.364105512e-005 
d 0.000000000e+000 0.000000000e+000 -3.578578512e-005 7.878561273e-001 7.878561273e-001 2.000000000e-006 4.000000000e+000 4.000000000e+000 3.378578512e-005 
d 0.000000000e+000 0.000000000e+000 -3.593119543e-005 7.879093088e-001 7.879093088e-001 2.000000000e-006 4.100000000e+000 4.100000000e+000 3.393119543e-005 
d 0.000000000e+000 0.000000000e+000 -3.607730044e-005 7.879626626e-001 7.879626626e-001 2.000000000e-006 4.200000000e+000 4.200000000e+000 3.407730044e-005 
d 0.000000000e+000 0.000000000e+000 -3.622410998e-005 7.880162022e-001 7.880162022e-001 2.000000000e-006 4.300000000e+000 4.300000000e+000 3.422410998e-005 
d 0.000000000e+000 0.000000000e+000 -3.637163193e-005 7.880699390e-001 7.880699390e-001 2.000000000e-006 4.400000000e+000 4.400000000e+000 3.437163193e-005 
d 0.000000000e+000 0.000000000e+000 -3.651987395e-005 7.881238853e-001 7.881238853e-001 2.000000000e-006 4.500000000e+000 4.500000000e+000 3.451987395e-005 
d 0.000000000e+000 0.000000000e+000 -3.666884463e-005 7.881780530e-001 7.881780530e-001 2.000000000e-006 4.600000000e+000 4.600000000e+000 3.466884463e-005 
d 0.000000000e+000 0.000000000e+000 -3.681855410e-005 7.882324486e-001 7.882324486e-001 2.000000000e-006 4.700000000e+000 4.700000000e+000 3.481855410e-005 
d 0.000000000e+000 0.000000000e+000 -3.696901445e-005 7.882870749e-001 7.882870749e-001 2.000000000e-006 4.800000000e+000 4.800000000e+000 3.496901445e-005 
d 0.000000000e+000 0.000000000e+000 -3.712023992e-005 7.883419381e-001 7.883419381e-001 2.000000000e-006 4.900000000e+000 4.900000000e+000 3.512023992e-005 
d 0.000000000e+000 0.000000000e+000 -3.727224692e-005 7.883970439e-001 7.883970439e-001 2.000000000e-006 5.000000000e+000 5.000000000e+000 3.527224692e-005 
