v ATLAS
# This file was created by ATLAS version 5.18.3.R on Wed Feb 27 22:06:48 2013.
#SSF 2.0 generic
##############################################################################
#                    Copyright © 1984 - 2012                                 #
#                    Silvaco Inc. All rights reserved                        #
#                                                                            #
# This file format and the following Key are copyright Silvaco Inc.          #
# You may not use, this format or key without reproducing this message in    #
# full and obtaining express written permission from Silvaco Inc.            #
#                                                                            #
# To obtain such permission please contact: Silvaco Inc.                     #
#                                           support@silvaco.com              #
#                                                                            #
# KEY=SVC86hn7562asdx                       PROD=345                         #
##############################################################################
y 1 15
z 300
f 3 "emitter" "base" "collector" 
p 9 2 601 20 3 602 21 4 603 22 
d 0.000000000e+000 0.000000000e+000 -9.646703052e-007 7.632564678e-001 7.632564678e-001 5.000000000e-006 0.000000000e+000 0.000000000e+000 -4.035329695e-006 
d 0.000000000e+000 0.000000000e+000 -5.264817030e-005 8.127514318e-001 8.127514318e-001 5.000000000e-006 1.000000000e-001 1.000000000e-001 4.764817030e-005 
d 0.000000000e+000 0.000000000e+000 -6.700435482e-005 8.210252465e-001 8.210252465e-001 5.000000000e-006 2.000000000e-001 2.000000000e-001 6.200435482e-005 
d 0.000000000e+000 0.000000000e+000 -7.004489661e-005 8.227443796e-001 8.227443796e-001 5.000000000e-006 3.000000000e-001 3.000000000e-001 6.504489661e-005 
d 0.000000000e+000 0.000000000e+000 -7.130453467e-005 8.234249053e-001 8.234249053e-001 5.000000000e-006 4.000000000e-001 4.000000000e-001 6.630453467e-005 
d 0.000000000e+000 0.000000000e+000 -7.194838807e-005 8.237854532e-001 8.237854532e-001 5.000000000e-006 5.000000000e-001 5.000000000e-001 6.694838807e-005 
d 0.000000000e+000 0.000000000e+000 -7.239586681e-005 8.240325831e-001 8.240325831e-001 5.000000000e-006 6.000000000e-001 6.000000000e-001 6.739586681e-005 
d 0.000000000e+000 0.000000000e+000 -7.277204283e-005 8.242311998e-001 8.242311998e-001 5.000000000e-006 7.000000000e-001 7.000000000e-001 6.777204283e-005 
d 0.000000000e+000 0.000000000e+000 -7.311544235e-005 8.244040131e-001 8.244040131e-001 5.000000000e-006 8.000000000e-001 8.000000000e-001 6.811544235e-005 
d 0.000000000e+000 0.000000000e+000 -7.344117114e-005 8.245609041e-001 8.245609041e-001 5.000000000e-006 9.000000000e-001 9.000000000e-001 6.844117114e-005 
d 0.000000000e+000 0.000000000e+000 -7.375637302e-005 8.247069843e-001 8.247069843e-001 5.000000000e-006 1.000000000e+000 1.000000000e+000 6.875637302e-005 
d 0.000000000e+000 0.000000000e+000 -7.406490151e-005 8.248452018e-001 8.248452018e-001 5.000000000e-006 1.100000000e+000 1.100000000e+000 6.906490151e-005 
d 0.000000000e+000 0.000000000e+000 -7.436908151e-005 8.249774040e-001 8.249774040e-001 5.000000000e-006 1.200000000e+000 1.200000000e+000 6.936908151e-005 
d 0.000000000e+000 0.000000000e+000 -7.467046478e-005 8.251048623e-001 8.251048623e-001 5.000000000e-006 1.300000000e+000 1.300000000e+000 6.967046478e-005 
d 0.000000000e+000 0.000000000e+000 -7.497016200e-005 8.252285058e-001 8.252285058e-001 5.000000000e-006 1.400000000e+000 1.400000000e+000 6.997016200e-005 
d 0.000000000e+000 0.000000000e+000 -7.526898314e-005 8.253490528e-001 8.253490528e-001 5.000000000e-006 1.500000000e+000 1.500000000e+000 7.026898314e-005 
d 0.000000000e+000 0.000000000e+000 -7.556749558e-005 8.254670708e-001 8.254670708e-001 5.000000000e-006 1.600000000e+000 1.600000000e+000 7.056749558e-005 
d 0.000000000e+000 0.000000000e+000 -7.586605346e-005 8.255829981e-001 8.255829981e-001 5.000000000e-006 1.700000000e+000 1.700000000e+000 7.086605346e-005 
d 0.000000000e+000 0.000000000e+000 -7.616482332e-005 8.256971565e-001 8.256971565e-001 5.000000000e-006 1.800000000e+000 1.800000000e+000 7.116482332e-005 
d 0.000000000e+000 0.000000000e+000 -7.646381401e-005 8.258097848e-001 8.258097848e-001 5.000000000e-006 1.900000000e+000 1.900000000e+000 7.146381401e-005 
d 0.000000000e+000 0.000000000e+000 -7.676290792e-005 8.259210886e-001 8.259210886e-001 5.000000000e-006 2.000000000e+000 2.000000000e+000 7.176290792e-005 
d 0.000000000e+000 0.000000000e+000 -7.706189107e-005 8.260310980e-001 8.260310980e-001 5.000000000e-006 2.100000000e+000 2.100000000e+000 7.206189107e-005 
d 0.000000000e+000 0.000000000e+000 -7.736048283e-005 8.261398312e-001 8.261398312e-001 5.000000000e-006 2.200000000e+000 2.200000000e+000 7.236048283e-005 
d 0.000000000e+000 0.000000000e+000 -7.765837023e-005 8.262472971e-001 8.262472971e-001 5.000000000e-006 2.300000000e+000 2.300000000e+000 7.265837023e-005 
d 0.000000000e+000 0.000000000e+000 -7.795525170e-005 8.263534873e-001 8.263534873e-001 5.000000000e-006 2.400000000e+000 2.400000000e+000 7.295525170e-005 
d 0.000000000e+000 0.000000000e+000 -7.825089066e-005 8.264583923e-001 8.264583923e-001 5.000000000e-006 2.500000000e+000 2.500000000e+000 7.325089066e-005 
d 0.000000000e+000 0.000000000e+000 -7.854516875e-005 8.265620173e-001 8.265620173e-001 5.000000000e-006 2.600000000e+000 2.600000000e+000 7.354516875e-005 
d 0.000000000e+000 0.000000000e+000 -7.883811980e-005 8.266643966e-001 8.266643966e-001 5.000000000e-006 2.700000000e+000 2.700000000e+000 7.383811980e-005 
d 0.000000000e+000 0.000000000e+000 -7.912992846e-005 8.267656018e-001 8.267656018e-001 5.000000000e-006 2.800000000e+000 2.800000000e+000 7.412992846e-005 
d 0.000000000e+000 0.000000000e+000 -7.942089463e-005 8.268657423e-001 8.268657423e-001 5.000000000e-006 2.900000000e+000 2.900000000e+000 7.442089463e-005 
d 0.000000000e+000 0.000000000e+000 -7.971138185e-005 8.269649600e-001 8.269649600e-001 5.000000000e-006 3.000000000e+000 3.000000000e+000 7.471138185e-005 
d 0.000000000e+000 0.000000000e+000 -8.000176712e-005 8.270634178e-001 8.270634178e-001 5.000000000e-006 3.100000000e+000 3.100000000e+000 7.500176712e-005 
d 0.000000000e+000 0.000000000e+000 -8.029240112e-005 8.271612807e-001 8.271612807e-001 5.000000000e-006 3.200000000e+000 3.200000000e+000 7.529240112e-005 
d 0.000000000e+000 0.000000000e+000 -8.058358190e-005 8.272586994e-001 8.272586994e-001 5.000000000e-006 3.300000000e+000 3.300000000e+000 7.558358190e-005 
d 0.000000000e+000 0.000000000e+000 -8.087554388e-005 8.273557986e-001 8.273557986e-001 5.000000000e-006 3.400000000e+000 3.400000000e+000 7.587554388e-005 
d 0.000000000e+000 0.000000000e+000 -8.116846007e-005 8.274526747e-001 8.274526747e-001 5.000000000e-006 3.500000000e+000 3.500000000e+000 7.616846007e-005 
d 0.000000000e+000 0.000000000e+000 -8.146245194e-005 8.275493991e-001 8.275493991e-001 5.000000000e-006 3.600000000e+000 3.600000000e+000 7.646245194e-005 
d 0.000000000e+000 0.000000000e+000 -8.175760120e-005 8.276460244e-001 8.276460244e-001 5.000000000e-006 3.700000000e+000 3.700000000e+000 7.675760120e-005 
d 0.000000000e+000 0.000000000e+000 -8.205396023e-005 8.277425900e-001 8.277425900e-001 5.000000000e-006 3.800000000e+000 3.800000000e+000 7.705396023e-005 
d 0.000000000e+000 0.000000000e+000 -8.235156013e-005 8.278391268e-001 8.278391268e-001 5.000000000e-006 3.900000000e+000 3.900000000e+000 7.735156013e-005 
d 0.000000000e+000 0.000000000e+000 -8.265041649e-005 8.279356910e-001 8.279356910e-001 5.000000000e-006 4.000000000e+000 4.000000000e+000 7.765041649e-005 
d 0.000000000e+000 0.000000000e+000 -8.295053359e-005 8.280322788e-001 8.280322788e-001 5.000000000e-006 4.100000000e+000 4.100000000e+000 7.795053359e-005 
d 0.000000000e+000 0.000000000e+000 -8.325190746e-005 8.281289045e-001 8.281289045e-001 5.000000000e-006 4.200000000e+000 4.200000000e+000 7.825190746e-005 
d 0.000000000e+000 0.000000000e+000 -8.355452825e-005 8.282255847e-001 8.282255847e-001 5.000000000e-006 4.300000000e+000 4.300000000e+000 7.855452825e-005 
d 0.000000000e+000 0.000000000e+000 -8.385838209e-005 8.283223347e-001 8.283223347e-001 5.000000000e-006 4.400000000e+000 4.400000000e+000 7.885838209e-005 
d 0.000000000e+000 0.000000000e+000 -8.416345274e-005 8.284191703e-001 8.284191703e-001 5.000000000e-006 4.500000000e+000 4.500000000e+000 7.916345274e-005 
d 0.000000000e+000 0.000000000e+000 -8.446972300e-005 8.285161066e-001 8.285161066e-001 5.000000000e-006 4.600000000e+000 4.600000000e+000 7.946972300e-005 
d 0.000000000e+000 0.000000000e+000 -8.477717597e-005 8.286131579e-001 8.286131579e-001 5.000000000e-006 4.700000000e+000 4.700000000e+000 7.977717597e-005 
d 0.000000000e+000 0.000000000e+000 -8.508579607e-005 8.287103381e-001 8.287103381e-001 5.000000000e-006 4.800000000e+000 4.800000000e+000 8.008579607e-005 
d 0.000000000e+000 0.000000000e+000 -8.539557009e-005 8.288076603e-001 8.288076603e-001 5.000000000e-006 4.900000000e+000 4.900000000e+000 8.039557009e-005 
d 0.000000000e+000 0.000000000e+000 -8.570648791e-005 8.289051374e-001 8.289051374e-001 5.000000000e-006 5.000000000e+000 5.000000000e+000 8.070648791e-005 
