v ATLAS
# This file was created by ATLAS version 5.18.3.R on Wed Feb 27 22:06:42 2013.
#SSF 2.0 generic
##############################################################################
#                    Copyright © 1984 - 2012                                 #
#                    Silvaco Inc. All rights reserved                        #
#                                                                            #
# This file format and the following Key are copyright Silvaco Inc.          #
# You may not use, this format or key without reproducing this message in    #
# full and obtaining express written permission from Silvaco Inc.            #
#                                                                            #
# To obtain such permission please contact: Silvaco Inc.                     #
#                                           support@silvaco.com              #
#                                                                            #
# KEY=SVC86hn7562asdx                       PROD=345                         #
##############################################################################
y 1 15
z 300
f 3 "emitter" "base" "collector" 
p 9 2 601 20 3 602 21 4 603 22 
d 0.000000000e+000 0.000000000e+000 -7.777457135e-007 7.564666013e-001 7.564666013e-001 4.000000000e-006 0.000000000e+000 0.000000000e+000 -3.222254287e-006 
d 0.000000000e+000 0.000000000e+000 -4.401921625e-005 8.045360647e-001 8.045360647e-001 4.000000000e-006 1.000000000e-001 1.000000000e-001 4.001921625e-005 
d 0.000000000e+000 0.000000000e+000 -5.523382668e-005 8.115633362e-001 8.115633362e-001 4.000000000e-006 2.000000000e-001 2.000000000e-001 5.123382668e-005 
d 0.000000000e+000 0.000000000e+000 -5.737713961e-005 8.128228983e-001 8.128228983e-001 4.000000000e-006 3.000000000e-001 3.000000000e-001 5.337713961e-005 
d 0.000000000e+000 0.000000000e+000 -5.817257021e-005 8.132844159e-001 8.132844159e-001 4.000000000e-006 4.000000000e-001 4.000000000e-001 5.417257021e-005 
d 0.000000000e+000 0.000000000e+000 -5.861557802e-005 8.135426546e-001 8.135426546e-001 4.000000000e-006 5.000000000e-001 5.000000000e-001 5.461557802e-005 
d 0.000000000e+000 0.000000000e+000 -5.895877884e-005 8.137333609e-001 8.137333609e-001 4.000000000e-006 6.000000000e-001 6.000000000e-001 5.495877884e-005 
d 0.000000000e+000 0.000000000e+000 -5.926231636e-005 8.138930778e-001 8.138930778e-001 4.000000000e-006 7.000000000e-001 7.000000000e-001 5.526231636e-005 
d 0.000000000e+000 0.000000000e+000 -5.954576760e-005 8.140351932e-001 8.140351932e-001 4.000000000e-006 8.000000000e-001 8.000000000e-001 5.554576760e-005 
d 0.000000000e+000 0.000000000e+000 -5.981761574e-005 8.141659075e-001 8.141659075e-001 4.000000000e-006 9.000000000e-001 9.000000000e-001 5.581761574e-005 
d 0.000000000e+000 0.000000000e+000 -6.008219007e-005 8.142886279e-001 8.142886279e-001 4.000000000e-006 1.000000000e+000 1.000000000e+000 5.608219007e-005 
d 0.000000000e+000 0.000000000e+000 -6.034192853e-005 8.144054038e-001 8.144054038e-001 4.000000000e-006 1.100000000e+000 1.100000000e+000 5.634192853e-005 
d 0.000000000e+000 0.000000000e+000 -6.059833145e-005 8.145175574e-001 8.145175574e-001 4.000000000e-006 1.200000000e+000 1.200000000e+000 5.659833145e-005 
d 0.000000000e+000 0.000000000e+000 -6.085243496e-005 8.146260032e-001 8.146260032e-001 4.000000000e-006 1.300000000e+000 1.300000000e+000 5.685243496e-005 
d 0.000000000e+000 0.000000000e+000 -6.110504173e-005 8.147314285e-001 8.147314285e-001 4.000000000e-006 1.400000000e+000 1.400000000e+000 5.710504173e-005 
d 0.000000000e+000 0.000000000e+000 -6.135680568e-005 8.148344047e-001 8.148344047e-001 4.000000000e-006 1.500000000e+000 1.500000000e+000 5.735680568e-005 
d 0.000000000e+000 0.000000000e+000 -6.160824179e-005 8.149354434e-001 8.149354434e-001 4.000000000e-006 1.600000000e+000 1.600000000e+000 5.760824179e-005 
d 0.000000000e+000 0.000000000e+000 -6.185971555e-005 8.150348675e-001 8.150348675e-001 4.000000000e-006 1.700000000e+000 1.700000000e+000 5.785971555e-005 
d 0.000000000e+000 0.000000000e+000 -6.211144174e-005 8.151329523e-001 8.151329523e-001 4.000000000e-006 1.800000000e+000 1.800000000e+000 5.811144174e-005 
d 0.000000000e+000 0.000000000e+000 -6.236349920e-005 8.152299008e-001 8.152299008e-001 4.000000000e-006 1.900000000e+000 1.900000000e+000 5.836349920e-005 
d 0.000000000e+000 0.000000000e+000 -6.261585445e-005 8.153258468e-001 8.153258468e-001 4.000000000e-006 2.000000000e+000 2.000000000e+000 5.861585445e-005 
d 0.000000000e+000 0.000000000e+000 -6.286838584e-005 8.154208710e-001 8.154208710e-001 4.000000000e-006 2.100000000e+000 2.100000000e+000 5.886838584e-005 
d 0.000000000e+000 0.000000000e+000 -6.312090424e-005 8.155150102e-001 8.155150102e-001 4.000000000e-006 2.200000000e+000 2.200000000e+000 5.912090424e-005 
d 0.000000000e+000 0.000000000e+000 -6.337317170e-005 8.156082678e-001 8.156082678e-001 4.000000000e-006 2.300000000e+000 2.300000000e+000 5.937317170e-005 
d 0.000000000e+000 0.000000000e+000 -6.362492276e-005 8.157006242e-001 8.157006242e-001 4.000000000e-006 2.400000000e+000 2.400000000e+000 5.962492276e-005 
d 0.000000000e+000 0.000000000e+000 -6.387589380e-005 8.157920452e-001 8.157920452e-001 4.000000000e-006 2.500000000e+000 2.500000000e+000 5.987589380e-005 
d 0.000000000e+000 0.000000000e+000 -6.412586393e-005 8.158824943e-001 8.158824943e-001 4.000000000e-006 2.600000000e+000 2.600000000e+000 6.012586393e-005 
d 0.000000000e+000 0.000000000e+000 -6.437470274e-005 8.159719485e-001 8.159719485e-001 4.000000000e-006 2.700000000e+000 2.700000000e+000 6.037470274e-005 
d 0.000000000e+000 0.000000000e+000 -6.462240999e-005 8.160604146e-001 8.160604146e-001 4.000000000e-006 2.800000000e+000 2.800000000e+000 6.062240999e-005 
d 0.000000000e+000 0.000000000e+000 -6.486912865e-005 8.161479413e-001 8.161479413e-001 4.000000000e-006 2.900000000e+000 2.900000000e+000 6.086912865e-005 
d 0.000000000e+000 0.000000000e+000 -6.511512239e-005 8.162346222e-001 8.162346222e-001 4.000000000e-006 3.000000000e+000 3.000000000e+000 6.111512239e-005 
d 0.000000000e+000 0.000000000e+000 -6.536072714e-005 8.163205892e-001 8.163205892e-001 4.000000000e-006 3.100000000e+000 3.100000000e+000 6.136072714e-005 
d 0.000000000e+000 0.000000000e+000 -6.560629545e-005 8.164059961e-001 8.164059961e-001 4.000000000e-006 3.200000000e+000 3.200000000e+000 6.160629545e-005 
d 0.000000000e+000 0.000000000e+000 -6.585215032e-005 8.164909902e-001 8.164909902e-001 4.000000000e-006 3.300000000e+000 3.300000000e+000 6.185215032e-005 
d 0.000000000e+000 0.000000000e+000 -6.609855763e-005 8.165757271e-001 8.165757271e-001 4.000000000e-006 3.400000000e+000 3.400000000e+000 6.209855763e-005 
d 0.000000000e+000 0.000000000e+000 -6.634571809e-005 8.166602848e-001 8.166602848e-001 4.000000000e-006 3.500000000e+000 3.500000000e+000 6.234571809e-005 
d 0.000000000e+000 0.000000000e+000 -6.659377310e-005 8.167447428e-001 8.167447428e-001 4.000000000e-006 3.600000000e+000 3.600000000e+000 6.259377310e-005 
d 0.000000000e+000 0.000000000e+000 -6.684281652e-005 8.168291595e-001 8.168291595e-001 4.000000000e-006 3.700000000e+000 3.700000000e+000 6.284281652e-005 
d 0.000000000e+000 0.000000000e+000 -6.709290705e-005 8.169135782e-001 8.169135782e-001 4.000000000e-006 3.800000000e+000 3.800000000e+000 6.309290705e-005 
d 0.000000000e+000 0.000000000e+000 -6.734407848e-005 8.169980315e-001 8.169980315e-001 4.000000000e-006 3.900000000e+000 3.900000000e+000 6.334407848e-005 
d 0.000000000e+000 0.000000000e+000 -6.759634744e-005 8.170825455e-001 8.170825455e-001 4.000000000e-006 4.000000000e+000 4.000000000e+000 6.359634744e-005 
d 0.000000000e+000 0.000000000e+000 -6.784971898e-005 8.171671417e-001 8.171671417e-001 4.000000000e-006 4.100000000e+000 4.100000000e+000 6.384971898e-005 
d 0.000000000e+000 0.000000000e+000 -6.810419064e-005 8.172518388e-001 8.172518388e-001 4.000000000e-006 4.200000000e+000 4.200000000e+000 6.410419064e-005 
d 0.000000000e+000 0.000000000e+000 -6.835975535e-005 8.173366535e-001 8.173366535e-001 4.000000000e-006 4.300000000e+000 4.300000000e+000 6.435975535e-005 
d 0.000000000e+000 0.000000000e+000 -6.861640361e-005 8.174216238e-001 8.174216238e-001 4.000000000e-006 4.400000000e+000 4.400000000e+000 6.461640361e-005 
d 0.000000000e+000 0.000000000e+000 -6.887412525e-005 8.175067589e-001 8.175067589e-001 4.000000000e-006 4.500000000e+000 4.500000000e+000 6.487412525e-005 
d 0.000000000e+000 0.000000000e+000 -6.913291071e-005 8.175920559e-001 8.175920559e-001 4.000000000e-006 4.600000000e+000 4.600000000e+000 6.513291071e-005 
d 0.000000000e+000 0.000000000e+000 -6.939275215e-005 8.176775276e-001 8.176775276e-001 4.000000000e-006 4.700000000e+000 4.700000000e+000 6.539275215e-005 
d 0.000000000e+000 0.000000000e+000 -6.965364426e-005 8.177631858e-001 8.177631858e-001 4.000000000e-006 4.800000000e+000 4.800000000e+000 6.565364426e-005 
d 0.000000000e+000 0.000000000e+000 -6.991558490e-005 8.178490414e-001 8.178490414e-001 4.000000000e-006 4.900000000e+000 4.900000000e+000 6.591558490e-005 
d 0.000000000e+000 0.000000000e+000 -7.017857561e-005 8.179351046e-001 8.179351046e-001 4.000000000e-006 5.000000000e+000 5.000000000e+000 6.617857561e-005 
